20:53:42_2020.05.27	Заливаем в таблицы абонента GPA данные из книги D:\Projects\Калининград_цех\CONF_FILE_KLN_PHG_GPA1b.xls
20:57:56_2020.05.27	Не удалось прочитать файл "D:\Projects\Калининград_цех\Design\GPA_Algorithm.int"
20:57:57_2020.05.27	Не удалось прочитать файл "D:\Projects\Калининград_цех\Design\GPA_Algorithm.int"
20:57:57_2020.05.27	Не удалось прочитать файл "D:\Projects\Калининград_цех\Design\GPA_Algorithm.int"
20:57:57_2020.05.27	Не удалось прочитать файл "D:\Projects\Калининград_цех\Design\GPA_Algorithm.int"
20:58:05_2020.05.27	Не удалось прочитать файл "D:\Projects\Калининград_цех\Design\M_DRV.km04_cfg"
20:59:09_2020.05.27	Не удалось прочитать файл "D:\Projects\Калининград_цех\Design\GPA_Algorithm.int"
20:59:09_2020.05.27	Не удалось прочитать файл "D:\Projects\Калининград_цех\Design\GPA_Algorithm.int"
20:59:09_2020.05.27	Не удалось прочитать файл "D:\Projects\Калининград_цех\Design\GPA_Algorithm.int"
20:59:09_2020.05.27	Не удалось прочитать файл "D:\Projects\Калининград_цех\Design\GPA_Algorithm.int"
20:59:09_2020.05.27	Не удалось прочитать файл "D:\Projects\Калининград_цех\Design\GPA_Algorithm.int"
20:59:09_2020.05.27	Не удалось прочитать файл "D:\Projects\Калининград_цех\Design\GPA_Algorithm.int"
19:19:58_2020.05.28	Заливаем в таблицы абонента GPA данные из книги D:\Projects\Калининград_цех\CONF_FILE_KLN_PHG_GPA1b.xls
19:20:46_2020.05.28	Не удалось прочитать файл "D:\Projects\Калининград_цех\Design\GPA_Algorithm.int"
19:20:46_2020.05.28	Не удалось прочитать файл "D:\Projects\Калининград_цех\Design\GPA_Algorithm.int"
19:20:46_2020.05.28	Не удалось прочитать файл "D:\Projects\Калининград_цех\Design\GPA_Algorithm.int"
19:20:46_2020.05.28	Не удалось прочитать файл "D:\Projects\Калининград_цех\Design\GPA_Algorithm.int"
19:20:46_2020.05.28	Не удалось прочитать файл "D:\Projects\Калининград_цех\Design\GPA_Algorithm.int"
20:02:51_2020.05.28	Не удалось прочитать служебный файл "C:\Users\Lev\Google Диск\Проекты\КонфигураторВсего\configurator_ver03\FI_CallAll.txt
20:04:46_2020.05.28	В файле "C:\Users\Lev\Google Диск\Проекты\КонфигураторВсего\configurator_ver03\FI_CallAll.txt не найдена строка "Начало сгенерированного кода FI_init"
