#
# There is insufficient memory for the Java Runtime Environment to continue.
# Native memory allocation (malloc) failed to allocate 900016 bytes for Chunk::new
# Possible reasons:
#   The system is out of physical RAM or swap space
#   In 32 bit mode, the process size limit was hit
# Possible solutions:
#   Reduce memory load on the system
#   Increase physical memory or swap space
#   Check if swap backing store is full
#   Use 64 bit Java on a 64 bit OS
#   Decrease Java heap size (-Xmx/-Xms)
#   Decrease number of Java threads
#   Decrease Java thread stack sizes (-Xss)
#   Set larger code cache with -XX:ReservedCodeCacheSize=
# This output file may be truncated or incomplete.
#
#  Out of Memory Error (allocation.cpp:390), pid=5316, tid=0x0000000000001fac
#
# JRE version: Java(TM) SE Runtime Environment (8.0_191-b12) (build 1.8.0_191-b12)
# Java VM: Java HotSpot(TM) 64-Bit Server VM (25.191-b12 mixed mode windows-amd64 compressed oops)
# Failed to write core dump. Minidumps are not enabled by default on client versions of Windows
#

---------------  T H R E A D  ---------------

Current thread (0x0000000058acc000):  JavaThread "C2 CompilerThread1" daemon [_thread_in_native, id=8108, stack(0x0000000058f70000,0x0000000059070000)]

Stack: [0x0000000058f70000,0x0000000059070000]
[error occurred during error reporting (printing stack bounds), id 0xc0000005]

Native frames: (J=compiled Java code, j=interpreted, Vv=VM code, C=native code)


Current CompileTask:
C2: 594392 4292       4       basepostgresluaxls.ReadWriteExel::getUIID (38 bytes)


---------------  P R O C E S S  ---------------

Java Threads: ( => current thread )
  0x0000000058d3a800 JavaThread "Swing-Shell" daemon [_thread_blocked, id=7552, stack(0x000000005adb0000,0x000000005aeb0000)]
  0x0000000058d1b000 JavaThread "TimerQueue" daemon [_thread_blocked, id=9048, stack(0x000000005a820000,0x000000005a920000)]
  0x00000000023af000 JavaThread "DestroyJavaVM" [_thread_blocked, id=7212, stack(0x0000000002420000,0x0000000002520000)]
  0x0000000059923800 JavaThread "AWT-EventQueue-0" [_thread_in_native, id=3600, stack(0x000000005b860000,0x000000005b960000)]
  0x00000000598fe000 JavaThread "AWT-Windows" daemon [_thread_in_native, id=8988, stack(0x000000005a210000,0x000000005a310000)]
  0x00000000598fd000 JavaThread "AWT-Shutdown" [_thread_blocked, id=8680, stack(0x000000005a310000,0x000000005a410000)]
  0x00000000598fc800 JavaThread "Java2D Disposer" daemon [_thread_blocked, id=6988, stack(0x000000005a0e0000,0x000000005a1e0000)]
  0x0000000058b69000 JavaThread "Service Thread" daemon [_thread_blocked, id=2096, stack(0x0000000059560000,0x0000000059660000)]
  0x0000000058b1c800 JavaThread "C1 CompilerThread2" daemon [_thread_blocked, id=8408, stack(0x0000000059370000,0x0000000059470000)]
=>0x0000000058acc000 JavaThread "C2 CompilerThread1" daemon [_thread_in_native, id=8108, stack(0x0000000058f70000,0x0000000059070000)]
  0x0000000058ac2800 JavaThread "C2 CompilerThread0" daemon [_thread_blocked, id=5284, stack(0x0000000059200000,0x0000000059300000)]
  0x00000000574da000 JavaThread "Attach Listener" daemon [_thread_blocked, id=8912, stack(0x0000000059090000,0x0000000059190000)]
  0x00000000574de800 JavaThread "Signal Dispatcher" daemon [_thread_blocked, id=4540, stack(0x00000000589c0000,0x0000000058ac0000)]
  0x00000000574ba800 JavaThread "Finalizer" daemon [_thread_blocked, id=7712, stack(0x0000000058750000,0x0000000058850000)]
  0x00000000574b3000 JavaThread "Reference Handler" daemon [_thread_blocked, id=8796, stack(0x0000000058850000,0x0000000058950000)]

Other Threads:
  0x000000005746b800 VMThread [stack: 0x0000000058640000,0x0000000058740000] [id=5736]
  0x0000000058b6e000 WatcherThread [stack: 0x0000000059770000,0x0000000059870000] [id=7364]

VM state:not at safepoint (normal execution)

VM Mutex/Monitor currently owned by a thread: None

Heap:
 PSYoungGen      total 667648K, used 13385K [0x00000000d5f00000, 0x0000000100000000, 0x0000000100000000)
  eden space 648704K, 1% used [0x00000000d5f00000,0x00000000d6baa5e8,0x00000000fd880000)
  from space 18944K, 2% used [0x00000000fd880000,0x00000000fd8e8000,0x00000000feb00000)
  to   space 19968K, 0% used [0x00000000fec80000,0x00000000fec80000,0x0000000100000000)
 ParOldGen       total 71680K, used 26505K [0x0000000081c00000, 0x0000000086200000, 0x00000000d5f00000)
  object space 71680K, 36% used [0x0000000081c00000,0x00000000835e24d8,0x0000000086200000)
 Metaspace       used 21581K, capacity 22002K, committed 22064K, reserved 1069056K
  class space    used 2534K, capacity 2655K, committed 2688K, reserved 1048576K

Card table byte_map: [0x0000000011bb0000,0x0000000011fb0000] byte_map_base: 0x00000000117a2000

Marking Bits: (ParMarkBitMap*) 0x0000000071023e30
 Begin Bits: [0x00000000127c0000, 0x0000000014750000)
 End Bits:   [0x0000000014750000, 0x00000000166e0000)

Polling page: 0x00000000001b0000

CodeCache: size=245760Kb used=13377Kb max_used=13392Kb free=232382Kb
 bounds [0x00000000027f0000, 0x0000000003590000, 0x00000000117f0000]
 total_blobs=4236 nmethods=3688 adapters=460
 compilation: enabled

Compilation events (10 events):
Event: 594.112 Thread 0x0000000058ac2800 nmethod 4290 0x0000000002f97650 code [0x0000000002f977c0, 0x0000000002f97b78]
Event: 594.112 Thread 0x0000000058ac2800 4291       4       java.util.GregorianCalendar::getFixedDate (510 bytes)
Event: 594.114 Thread 0x0000000058acc000 4292       4       basepostgresluaxls.ReadWriteExel::getUIID (38 bytes)
Event: 594.117 Thread 0x0000000058ac2800 nmethod 4291 0x0000000003208a50 code [0x0000000003208bc0, 0x00000000032090b8]
Event: 594.117 Thread 0x0000000058ac2800 4293       4       java.util.UUID::randomUUID (64 bytes)
Event: 594.120 Thread 0x0000000058ac2800 nmethod 4293 0x000000000300f550 code [0x000000000300f6a0, 0x000000000300f928]
Event: 594.120 Thread 0x0000000058ac2800 4294       4       java.text.SimpleDateFormat::<init> (70 bytes)
Event: 594.214 Thread 0x0000000058ac2800 nmethod 4294 0x00000000030b4c50 code [0x00000000030b50e0, 0x00000000030b7c40]
Event: 594.214 Thread 0x0000000058ac2800 4295       4       java.text.SimpleDateFormat::initializeCalendar (37 bytes)
Event: 594.232 Thread 0x0000000058ac2800 nmethod 4295 0x0000000002fd1f50 code [0x0000000002fd21e0, 0x0000000002fd3218]

GC Heap History (10 events):
Event: 588.988 GC heap before
{Heap before GC invocations=20 (full 1):
 PSYoungGen      total 667136K, used 660152K [0x00000000d5f00000, 0x0000000100000000, 0x0000000100000000)
  eden space 646144K, 100% used [0x00000000d5f00000,0x00000000fd600000,0x00000000fd600000)
  from space 20992K, 66% used [0x00000000feb80000,0x00000000ff92e2a0,0x0000000100000000)
  to   space 21504K, 0% used [0x00000000fd600000,0x00000000fd600000,0x00000000feb00000)
 ParOldGen       total 71680K, used 26441K [0x0000000081c00000, 0x0000000086200000, 0x00000000d5f00000)
  object space 71680K, 36% used [0x0000000081c00000,0x00000000835d24d8,0x0000000086200000)
 Metaspace       used 21545K, capacity 21938K, committed 22064K, reserved 1069056K
  class space    used 2532K, capacity 2655K, committed 2688K, reserved 1048576K
Event: 589.133 GC heap after
Heap after GC invocations=20 (full 1):
 PSYoungGen      total 657920K, used 11422K [0x00000000d5f00000, 0x00000000ffe80000, 0x0000000100000000)
  eden space 646144K, 0% used [0x00000000d5f00000,0x00000000d5f00000,0x00000000fd600000)
  from space 11776K, 97% used [0x00000000fd600000,0x00000000fe127af8,0x00000000fe180000)
  to   space 20480K, 0% used [0x00000000fea80000,0x00000000fea80000,0x00000000ffe80000)
 ParOldGen       total 71680K, used 26457K [0x0000000081c00000, 0x0000000086200000, 0x00000000d5f00000)
  object space 71680K, 36% used [0x0000000081c00000,0x00000000835d64d8,0x0000000086200000)
 Metaspace       used 21545K, capacity 21938K, committed 22064K, reserved 1069056K
  class space    used 2532K, capacity 2655K, committed 2688K, reserved 1048576K
}
Event: 590.297 GC heap before
{Heap before GC invocations=21 (full 1):
 PSYoungGen      total 657920K, used 657566K [0x00000000d5f00000, 0x00000000ffe80000, 0x0000000100000000)
  eden space 646144K, 100% used [0x00000000d5f00000,0x00000000fd600000,0x00000000fd600000)
  from space 11776K, 97% used [0x00000000fd600000,0x00000000fe127af8,0x00000000fe180000)
  to   space 20480K, 0% used [0x00000000fea80000,0x00000000fea80000,0x00000000ffe80000)
 ParOldGen       total 71680K, used 26457K [0x0000000081c00000, 0x0000000086200000, 0x00000000d5f00000)
  object space 71680K, 36% used [0x0000000081c00000,0x00000000835d64d8,0x0000000086200000)
 Metaspace       used 21550K, capacity 21938K, committed 22064K, reserved 1069056K
  class space    used 2532K, capacity 2655K, committed 2688K, reserved 1048576K
Event: 590.311 GC heap after
Heap after GC invocations=21 (full 1):
 PSYoungGen      total 667648K, used 11422K [0x00000000d5f00000, 0x0000000100000000, 0x0000000100000000)
  eden space 647168K, 0% used [0x00000000d5f00000,0x00000000d5f00000,0x00000000fd700000)
  from space 20480K, 55% used [0x00000000fea80000,0x00000000ff5a7af8,0x00000000ffe80000)
  to   space 19968K, 0% used [0x00000000fd700000,0x00000000fd700000,0x00000000fea80000)
 ParOldGen       total 71680K, used 26465K [0x0000000081c00000, 0x0000000086200000, 0x00000000d5f00000)
  object space 71680K, 36% used [0x0000000081c00000,0x00000000835d84d8,0x0000000086200000)
 Metaspace       used 21550K, capacity 21938K, committed 22064K, reserved 1069056K
  class space    used 2532K, capacity 2655K, committed 2688K, reserved 1048576K
}
Event: 591.419 GC heap before
{Heap before GC invocations=22 (full 1):
 PSYoungGen      total 667648K, used 658590K [0x00000000d5f00000, 0x0000000100000000, 0x0000000100000000)
  eden space 647168K, 100% used [0x00000000d5f00000,0x00000000fd700000,0x00000000fd700000)
  from space 20480K, 55% used [0x00000000fea80000,0x00000000ff5a7af8,0x00000000ffe80000)
  to   space 19968K, 0% used [0x00000000fd700000,0x00000000fd700000,0x00000000fea80000)
 ParOldGen       total 71680K, used 26465K [0x0000000081c00000, 0x0000000086200000, 0x00000000d5f00000)
  object space 71680K, 36% used [0x0000000081c00000,0x00000000835d84d8,0x0000000086200000)
 Metaspace       used 21550K, capacity 21938K, committed 22064K, reserved 1069056K
  class space    used 2532K, capacity 2655K, committed 2688K, reserved 1048576K
Event: 591.427 GC heap after
Heap after GC invocations=22 (full 1):
 PSYoungGen      total 667136K, used 11072K [0x00000000d5f00000, 0x00000000ffd80000, 0x0000000100000000)
  eden space 647168K, 0% used [0x00000000d5f00000,0x00000000d5f00000,0x00000000fd700000)
  from space 19968K, 55% used [0x00000000fd700000,0x00000000fe1d01a8,0x00000000fea80000)
  to   space 18944K, 0% used [0x00000000feb00000,0x00000000feb00000,0x00000000ffd80000)
 ParOldGen       total 71680K, used 26481K [0x0000000081c00000, 0x0000000086200000, 0x00000000d5f00000)
  object space 71680K, 36% used [0x0000000081c00000,0x00000000835dc4d8,0x0000000086200000)
 Metaspace       used 21550K, capacity 21938K, committed 22064K, reserved 1069056K
  class space    used 2532K, capacity 2655K, committed 2688K, reserved 1048576K
}
Event: 593.397 GC heap before
{Heap before GC invocations=23 (full 1):
 PSYoungGen      total 667136K, used 658240K [0x00000000d5f00000, 0x00000000ffd80000, 0x0000000100000000)
  eden space 647168K, 100% used [0x00000000d5f00000,0x00000000fd700000,0x00000000fd700000)
  from space 19968K, 55% used [0x00000000fd700000,0x00000000fe1d01a8,0x00000000fea80000)
  to   space 18944K, 0% used [0x00000000feb00000,0x00000000feb00000,0x00000000ffd80000)
 ParOldGen       total 71680K, used 26481K [0x0000000081c00000, 0x0000000086200000, 0x00000000d5f00000)
  object space 71680K, 36% used [0x0000000081c00000,0x00000000835dc4d8,0x0000000086200000)
 Metaspace       used 21573K, capacity 22002K, committed 22064K, reserved 1069056K
  class space    used 2534K, capacity 2655K, committed 2688K, reserved 1048576K
Event: 593.403 GC heap after
Heap after GC invocations=23 (full 1):
 PSYoungGen      total 667648K, used 6354K [0x00000000d5f00000, 0x00000000fff00000, 0x0000000100000000)
  eden space 648704K, 0% used [0x00000000d5f00000,0x00000000d5f00000,0x00000000fd880000)
  from space 18944K, 33% used [0x00000000feb00000,0x00000000ff134b90,0x00000000ffd80000)
  to   space 18944K, 0% used [0x00000000fd880000,0x00000000fd880000,0x00000000feb00000)
 ParOldGen       total 71680K, used 26497K [0x0000000081c00000, 0x0000000086200000, 0x00000000d5f00000)
  object space 71680K, 36% used [0x0000000081c00000,0x00000000835e04d8,0x0000000086200000)
 Metaspace       used 21573K, capacity 22002K, committed 22064K, reserved 1069056K
  class space    used 2534K, capacity 2655K, committed 2688K, reserved 1048576K
}
Event: 594.339 GC heap before
{Heap before GC invocations=24 (full 1):
 PSYoungGen      total 667648K, used 655058K [0x00000000d5f00000, 0x00000000fff00000, 0x0000000100000000)
  eden space 648704K, 100% used [0x00000000d5f00000,0x00000000fd880000,0x00000000fd880000)
  from space 18944K, 33% used [0x00000000feb00000,0x00000000ff134b90,0x00000000ffd80000)
  to   space 18944K, 0% used [0x00000000fd880000,0x00000000fd880000,0x00000000feb00000)
 ParOldGen       total 71680K, used 26497K [0x0000000081c00000, 0x0000000086200000, 0x00000000d5f00000)
  object space 71680K, 36% used [0x0000000081c00000,0x00000000835e04d8,0x0000000086200000)
 Metaspace       used 21581K, capacity 22002K, committed 22064K, reserved 1069056K
  class space    used 2534K, capacity 2655K, committed 2688K, reserved 1048576K
Event: 594.353 GC heap after
Heap after GC invocations=24 (full 1):
 PSYoungGen      total 667648K, used 416K [0x00000000d5f00000, 0x0000000100000000, 0x0000000100000000)
  eden space 648704K, 0% used [0x00000000d5f00000,0x00000000d5f00000,0x00000000fd880000)
  from space 18944K, 2% used [0x00000000fd880000,0x00000000fd8e8000,0x00000000feb00000)
  to   space 19968K, 0% used [0x00000000fec80000,0x00000000fec80000,0x0000000100000000)
 ParOldGen       total 71680K, used 26505K [0x0000000081c00000, 0x0000000086200000, 0x00000000d5f00000)
  object space 71680K, 36% used [0x0000000081c00000,0x00000000835e24d8,0x0000000086200000)
 Metaspace       used 21581K, capacity 22002K, committed 22064K, reserved 1069056K
  class space    used 2534K, capacity 2655K, committed 2688K, reserved 1048576K
}

Deoptimization events (10 events):
Event: 587.078 Thread 0x0000000059923800 Uncommon trap: reason=unstable_if action=reinterpret pc=0x0000000002c09f78 method=java.util.regex.Pattern$Single.isSatisfiedBy(I)Z @ 5
Event: 587.078 Thread 0x0000000059923800 Uncommon trap: reason=unstable_if action=reinterpret pc=0x0000000002a7d904 method=java.util.regex.Pattern$Single.isSatisfiedBy(I)Z @ 5
Event: 587.923 Thread 0x0000000059923800 Uncommon trap: reason=unstable_if action=reinterpret pc=0x000000000335afe4 method=org.apache.poi.hssf.usermodel.HSSFCell.getRichStringCellValue()Lorg/apache/poi/hssf/usermodel/HSSFRichTextString; @ 91
Event: 587.923 Thread 0x0000000059923800 Uncommon trap: reason=unstable_if action=reinterpret pc=0x0000000002fb8b28 method=java.util.regex.Pattern$Start.match(Ljava/util/regex/Matcher;ILjava/lang/CharSequence;)Z @ 10
Event: 591.920 Thread 0x0000000059923800 Uncommon trap: reason=unstable_if action=reinterpret pc=0x000000000346be78 method=java.lang.String.contains(Ljava/lang/CharSequence;)Z @ 11
Event: 591.925 Thread 0x0000000059923800 Uncommon trap: reason=unstable_if action=reinterpret pc=0x000000000355419c method=basepostgresluaxls.ReadWriteExel.getDataCell(Ljava/lang/String;I)Ljava/util/ArrayList; @ 392
Event: 591.937 Thread 0x0000000059923800 Uncommon trap: reason=unstable_if action=reinterpret pc=0x00000000034eeb6c method=basepostgresluaxls.ReadWriteExel.getDataCell(Ljava/lang/String;I)Ljava/util/ArrayList; @ 392
Event: 592.277 Thread 0x0000000059923800 Uncommon trap: reason=unstable_if action=reinterpret pc=0x000000000338cd8c method=org.postgresql.core.Parser.parseSingleQuotes([CIZ)I @ 26
Event: 592.277 Thread 0x0000000059923800 Uncommon trap: reason=unstable_if action=reinterpret pc=0x0000000002c5f9bc method=org.postgresql.core.Parser.checkParsePosition(III[CLjava/lang/String;)V @ 2
Event: 592.278 Thread 0x0000000059923800 Uncommon trap: reason=unstable_if action=reinterpret pc=0x0000000003262a10 method=java.io.BufferedOutputStream.write([BII)V @ 6

Classes redefined (0 events):
No events

Internal exceptions (10 events):
Event: 326.633 Thread 0x00000000574ba800 Exception <a 'java/net/SocketException': Socket closed> (0x00000000d62293a8) thrown at [C:\re\workspace\8-2-build-windows-amd64-cygwin\jdk8u191\11896\hotspot\src\share\vm\prims\jni.cpp, line 735]
Event: 326.633 Thread 0x00000000574ba800 Exception <a 'java/net/SocketException': Socket closed> (0x00000000d6229800) thrown at [C:\re\workspace\8-2-build-windows-amd64-cygwin\jdk8u191\11896\hotspot\src\share\vm\prims\jni.cpp, line 735]
Event: 340.766 Thread 0x0000000059923800 Implicit null exception at 0x0000000002e645ea to 0x0000000002e659d1
Event: 580.336 Thread 0x00000000574ba800 Exception <a 'java/net/SocketException': Socket closed> (0x00000000d62e2430) thrown at [C:\re\workspace\8-2-build-windows-amd64-cygwin\jdk8u191\11896\hotspot\src\share\vm\prims\jni.cpp, line 735]
Event: 580.344 Thread 0x00000000574ba800 Exception <a 'java/net/SocketException': Socket closed> (0x00000000d62e2888) thrown at [C:\re\workspace\8-2-build-windows-amd64-cygwin\jdk8u191\11896\hotspot\src\share\vm\prims\jni.cpp, line 735]
Event: 580.351 Thread 0x00000000574ba800 Exception <a 'java/net/SocketException': Socket closed> (0x00000000d62e2ce0) thrown at [C:\re\workspace\8-2-build-windows-amd64-cygwin\jdk8u191\11896\hotspot\src\share\vm\prims\jni.cpp, line 735]
Event: 580.620 Thread 0x0000000059923800 Implicit null exception at 0x000000000303ffd0 to 0x000000000304047d
Event: 580.769 Thread 0x0000000059923800 Implicit null exception at 0x000000000301f8af to 0x000000000301fcd1
Event: 580.929 Thread 0x0000000059923800 Implicit null exception at 0x0000000002fe9e39 to 0x0000000002fea2ad
Event: 587.923 Thread 0x0000000059923800 Implicit null exception at 0x000000000335acd1 to 0x000000000335afd1

Events (10 events):
Event: 592.398 Thread 0x0000000059923800 DEOPT PACKING pc=0x0000000002e2d1ba sp=0x000000005b95ce10
Event: 592.398 Thread 0x0000000059923800 DEOPT UNPACKING pc=0x0000000002837890 sp=0x000000005b95cc30 mode 0
Event: 592.418 Thread 0x0000000059923800 DEOPT PACKING pc=0x0000000002e2d1ba sp=0x000000005b95ce10
Event: 592.418 Thread 0x0000000059923800 DEOPT UNPACKING pc=0x0000000002837890 sp=0x000000005b95cc30 mode 0
Event: 592.441 Thread 0x0000000059923800 DEOPT PACKING pc=0x0000000002e2d1ba sp=0x000000005b95ce10
Event: 592.441 Thread 0x0000000059923800 DEOPT UNPACKING pc=0x0000000002837890 sp=0x000000005b95cc30 mode 0
Event: 593.397 Executing VM operation: ParallelGCFailedAllocation
Event: 593.404 Executing VM operation: ParallelGCFailedAllocation done
Event: 594.339 Executing VM operation: ParallelGCFailedAllocation
Event: 594.353 Executing VM operation: ParallelGCFailedAllocation done


Dynamic libraries:
0x000000013ff90000 - 0x000000013ffc7000 	C:\Program Files\Java\jdk1.8.0_191\bin\java.exe
0x0000000077bc0000 - 0x0000000077d6a000 	C:\Windows\SYSTEM32\ntdll.dll
0x0000000077aa0000 - 0x0000000077bbf000 	C:\Windows\system32\kernel32.dll
0x000007fefddf0000 - 0x000007fefde5a000 	C:\Windows\system32\KERNELBASE.dll
0x000007fefeaa0000 - 0x000007fefeb7b000 	C:\Windows\system32\ADVAPI32.dll
0x000007feffa00000 - 0x000007feffa9f000 	C:\Windows\system32\msvcrt.dll
0x000007fefe550000 - 0x000007fefe56f000 	C:\Windows\SYSTEM32\sechost.dll
0x000007fefe6a0000 - 0x000007fefe7cd000 	C:\Windows\system32\RPCRT4.dll
0x00000000779a0000 - 0x0000000077a9a000 	C:\Windows\system32\USER32.dll
0x000007feffd10000 - 0x000007feffd77000 	C:\Windows\system32\GDI32.dll
0x000007feffd00000 - 0x000007feffd0e000 	C:\Windows\system32\LPK.dll
0x000007feffe00000 - 0x000007feffecb000 	C:\Windows\system32\USP10.dll
0x000007fefc580000 - 0x000007fefc774000 	C:\Windows\WinSxS\amd64_microsoft.windows.common-controls_6595b64144ccf1df_6.0.7601.18837_none_fa3b1e3d17594757\COMCTL32.dll
0x000007feffaa0000 - 0x000007feffb11000 	C:\Windows\system32\SHLWAPI.dll
0x000007fefdee0000 - 0x000007fefdf0e000 	C:\Windows\system32\IMM32.DLL
0x000007fefe170000 - 0x000007fefe279000 	C:\Windows\system32\MSCTF.dll
0x000000005a5f0000 - 0x000000005a6c2000 	C:\Program Files\Java\jdk1.8.0_191\jre\bin\msvcr100.dll
0x0000000070800000 - 0x00000000710a4000 	C:\Program Files\Java\jdk1.8.0_191\jre\bin\server\jvm.dll
0x000007fef9330000 - 0x000007fef9339000 	C:\Windows\system32\WSOCK32.dll
0x000007fefe280000 - 0x000007fefe2cd000 	C:\Windows\system32\WS2_32.dll
0x000007fefeb80000 - 0x000007fefeb88000 	C:\Windows\system32\NSI.dll
0x000007fefb9a0000 - 0x000007fefb9db000 	C:\Windows\system32\WINMM.dll
0x000007fefcc10000 - 0x000007fefcc1c000 	C:\Windows\system32\VERSION.dll
0x0000000077d80000 - 0x0000000077d87000 	C:\Windows\system32\PSAPI.DLL
0x000000006f530000 - 0x000000006f53f000 	C:\Program Files\Java\jdk1.8.0_191\jre\bin\verify.dll
0x0000000068a30000 - 0x0000000068a59000 	C:\Program Files\Java\jdk1.8.0_191\jre\bin\java.dll
0x0000000068a10000 - 0x0000000068a26000 	C:\Program Files\Java\jdk1.8.0_191\jre\bin\zip.dll
0x000007fefec70000 - 0x000007feff9fb000 	C:\Windows\system32\SHELL32.dll
0x000007fefdf10000 - 0x000007fefe10c000 	C:\Windows\system32\ole32.dll
0x000007fefdad0000 - 0x000007fefdadf000 	C:\Windows\system32\profapi.dll
0x000000005a450000 - 0x000000005a5e9000 	C:\Program Files\Java\jdk1.8.0_191\jre\bin\awt.dll
0x000007fefeb90000 - 0x000007fefec6a000 	C:\Windows\system32\OLEAUT32.dll
0x000007fefc520000 - 0x000007fefc576000 	C:\Windows\system32\uxtheme.dll
0x000007fefbd80000 - 0x000007fefbd98000 	C:\Windows\system32\dwmapi.dll
0x000007fefda00000 - 0x000007fefda0f000 	C:\Windows\system32\CRYPTBASE.dll
0x0000000067b80000 - 0x0000000067bc7000 	C:\Program Files\Java\jdk1.8.0_191\jre\bin\fontmanager.dll
0x000007feedee0000 - 0x000007feedffd000 	C:\Windows\system32\opengl32.dll
0x000007fef41d0000 - 0x000007fef41fd000 	C:\Windows\system32\GLU32.dll
0x000007feedd00000 - 0x000007feeddf1000 	C:\Windows\system32\DDRAW.dll
0x000007fef41c0000 - 0x000007fef41c8000 	C:\Windows\system32\DCIMAN32.dll
0x000007feffb20000 - 0x000007feffcf7000 	C:\Windows\system32\SETUPAPI.dll
0x000007fefdea0000 - 0x000007fefded6000 	C:\Windows\system32\CFGMGR32.dll
0x000007fefdd30000 - 0x000007fefdd4a000 	C:\Windows\system32\DEVOBJ.dll
0x00000000689f0000 - 0x0000000068a0a000 	C:\Program Files\Java\jdk1.8.0_191\jre\bin\net.dll
0x000007fefd330000 - 0x000007fefd385000 	C:\Windows\system32\mswsock.dll
0x000007fefd320000 - 0x000007fefd327000 	C:\Windows\System32\wship6.dll
0x0000000068330000 - 0x0000000068341000 	C:\Program Files\Java\jdk1.8.0_191\jre\bin\nio.dll
0x0000000067ae0000 - 0x0000000067b22000 	C:\Program Files\Java\jdk1.8.0_191\jre\bin\t2k.dll
0x000007fefe7d0000 - 0x000007fefe869000 	C:\Windows\system32\CLBCatQ.DLL
0x000007fefbc10000 - 0x000007fefbd71000 	C:\Windows\system32\WindowsCodecs.dll
0x000007fefd9a0000 - 0x000007fefd9f7000 	C:\Windows\system32\apphelp.dll
0x000007fef4220000 - 0x000007fef445f000 	C:\Program Files\Microsoft Office 15\root\VFS\ProgramFilesX64\Microsoft Office\Office15\GROOVEEX.DLL
0x000000006b590000 - 0x000000006b628000 	C:\Program Files\Microsoft Office 15\root\VFS\ProgramFilesX64\Microsoft Office\Office15\MSVCP100.dll
0x000000006b560000 - 0x000000006b58b000 	C:\Program Files\Microsoft Office 15\root\VFS\ProgramFilesX64\Microsoft Office\Office15\ATL100.DLL
0x000007fef6ca0000 - 0x000007fef6fbe000 	C:\Windows\system32\msi.dll
0x000007fef4c90000 - 0x000007fef5515000 	C:\Program Files\Microsoft Office 15\root\VFS\ProgramFilesX64\Microsoft Office\Office15\1049\GrooveIntlResource.dll
0x000007fef4c50000 - 0x000007fef4c85000 	C:\Windows\system32\EhStorShell.dll
0x000007fefbf30000 - 0x000007fefc05c000 	C:\Windows\system32\PROPSYS.dll
0x000007fef4bd0000 - 0x000007fef4c4e000 	C:\Windows\System32\cscui.dll
0x000007fef4bc0000 - 0x000007fef4bcc000 	C:\Windows\System32\CSCDLL.dll
0x000007fef7ab0000 - 0x000007fef7abf000 	C:\Windows\system32\CSCAPI.dll
0x000007fef4b40000 - 0x000007fef4bc0000 	C:\Windows\system32\ntshrui.dll
0x000007fefd610000 - 0x000007fefd633000 	C:\Windows\system32\srvcli.dll
0x000007fefb710000 - 0x000007fefb71b000 	C:\Windows\system32\slc.dll
0x000007fef6c00000 - 0x000007fef6ca0000 	C:\Windows\WinSxS\amd64_microsoft.windows.common-controls_6595b64144ccf1df_5.82.7601.18837_none_a4d981ff711297b6\comctl32.dll
0x000007fefae30000 - 0x000007fefae5d000 	C:\Windows\system32\ntmarta.dll
0x000007fefe110000 - 0x000007fefe162000 	C:\Windows\system32\WLDAP32.dll
0x000007fef3fe0000 - 0x000007fef417c000 	C:\Windows\system32\NetworkExplorer.dll
0x000007fef4730000 - 0x000007fef4764000 	C:\Windows\System32\shdocvw.dll
0x000007fef6fc0000 - 0x000007fef6fd8000 	C:\Windows\system32\MPR.dll
0x000007fefb5b0000 - 0x000007fefb5ba000 	C:\Windows\System32\drprov.dll
0x000007fefcec0000 - 0x000007fefcefd000 	C:\Windows\System32\WINSTA.dll
0x000007fefb010000 - 0x000007fefb032000 	C:\Windows\System32\ntlanman.dll
0x000007fefb380000 - 0x000007fefb39e000 	C:\Windows\System32\davclnt.dll
0x000007fefb5a0000 - 0x000007fefb5aa000 	C:\Windows\System32\DAVHLPR.dll
0x000007fefb980000 - 0x000007fefb995000 	C:\Windows\system32\wkscli.dll
0x000007fefcfc0000 - 0x000007fefcfcc000 	C:\Windows\system32\netutils.dll
0x000007fedf8f0000 - 0x000007fedfb61000 	C:\Windows\system32\wpdshext.dll
0x000007fefc300000 - 0x000007fefc517000 	C:\Windows\WinSxS\amd64_microsoft.windows.gdiplus_6595b64144ccf1df_1.1.7601.23807_none_14556b8e8b95d1fc\gdiplus.dll
0x000007fef7600000 - 0x000007fef76bd000 	C:\Windows\system32\PortableDeviceApi.dll
0x000007fefdb80000 - 0x000007fefdbbb000 	C:\Windows\system32\WINTRUST.dll
0x000007fefdbc0000 - 0x000007fefdd2d000 	C:\Windows\system32\CRYPT32.dll
0x000007fefdb70000 - 0x000007fefdb7f000 	C:\Windows\system32\MSASN1.dll
0x000007fef8310000 - 0x000007fef8337000 	C:\Windows\system32\EhStorAPI.dll
0x000007fef4720000 - 0x000007fef472c000 	C:\Windows\system32\LINKINFO.dll
0x000007fefd390000 - 0x000007fefd3a8000 	C:\Windows\system32\CRYPTSP.dll
0x000007fefd090000 - 0x000007fefd0d7000 	C:\Windows\system32\rsaenh.dll
0x000007fefcdf0000 - 0x000007fefce0e000 	C:\Windows\system32\USERENV.dll
0x000007fefb550000 - 0x000007fefb577000 	C:\Windows\system32\IPHLPAPI.DLL
0x000007fefb520000 - 0x000007fefb52b000 	C:\Windows\system32\WINNSI.DLL
0x000007fefb260000 - 0x000007fefb271000 	C:\Windows\system32\dhcpcsvc6.DLL
0x000007fefb230000 - 0x000007fefb248000 	C:\Windows\system32\dhcpcsvc.DLL

VM Arguments:
jvm_args: -Dfile.encoding=UTF-8 -Djava.library.path=C:\Users\admin\Downloads\luajava-1.1-win32-lua51 
java_command: basepostgresluaxls.Main
java_class_path (initial): C:\Users\Nazarov\Desktop\Downloads\poi-bin-4.0.1-20181203\poi-4.0.1\lib\commons-codec-1.11.jar;C:\Users\Nazarov\Desktop\Downloads\poi-bin-4.0.1-20181203\poi-4.0.1\lib\commons-collections4-4.2.jar;C:\Users\Nazarov\Desktop\Downloads\luaj-3.0.1 (1)\luaj-3.0.1\lib\luaj-jse-3.0.1.jar;C:\Users\Nazarov\Desktop\Downloads\postgresql-42.2.5.jar;C:\Users\Nazarov\Desktop\Downloads\luajava-1.1-win32-lua51\luajava-1.1.jar;C:\Users\Nazarov\Desktop\Downloads\poi-bin-4.0.1-20181203\poi-4.0.1\poi-4.0.1.jar;C:\Users\Nazarov\Downloads\junit-4.10.jar;C:\Users\Nazarov\Documents\NetBeansProjects\BasePostgresLuaXLS\build\classes
Launcher Type: SUN_STANDARD

Environment Variables:
PATH=C:\Program Files (x86)\Common Files\Oracle\Java\javapath;C:\Program Files (x86)\Intel\iCLS Client\;C:\Program Files\Intel\iCLS Client\;C:\Windows\system32;C:\Windows;C:\Windows\System32\Wbem;C:\Windows\System32\WindowsPowerShell\v1.0\;C:\Program Files (x86)\Intel\UCRT\;C:\Program Files\Intel\UCRT\;C:\Program Files (x86)\Intel\Intel(R) Management Engine Components\DAL;C:\Program Files\Intel\Intel(R) Management Engine Components\DAL;C:\Program Files (x86)\Intel\Intel(R) Management Engine Components\IPT;C:\Program Files\Intel\Intel(R) Management Engine Components\IPT;C:\Program Files (x86)\Common Files\Oracle\Java\javapath;C:\Program Files (x86)\Intel\iCLS Client\;C:\Program Files\Intel\iCLS Client\;C:\Windows\system32;C:\Windows;C:\Windows\System32\Wbem;C:\Windows\System32\WindowsPowerShell\v1.0\;C:\Program Files (x86)\Intel\UCRT\;C:\Program Files\Intel\UCRT\;C:\Program Files (x86)\Intel\Intel(R) Management Engine Components\DAL;C:\Program Files\Intel\Intel(R) Management Engine Components\DAL;C:\Program Files (x86)\Intel\Intel(R) Management Engine Components\IPT;C:\Program Files\Intel\Intel(R) Management Engine Components\IPT;C:\Users\Nazarov\AppData\Local\Programs\Git\cmd
USERNAME=nazarov
OS=Windows_NT
PROCESSOR_IDENTIFIER=Intel64 Family 6 Model 94 Stepping 3, GenuineIntel



---------------  S Y S T E M  ---------------

OS: Windows 7 , 64 bit Build 7601 (6.1.7601.23864)

CPU:total 4 (initial active 4) (2 cores per cpu, 2 threads per core) family 6 model 94 stepping 3, cmov, cx8, fxsr, mmx, sse, sse2, sse3, ssse3, sse4.1, sse4.2, popcnt, avx, avx2, aes, clmul, erms, 3dnowpref, lzcnt, ht, tsc, tscinvbit, bmi1, bmi2, adx

Memory: 4k page, physical 8273880k(1449808k free), swap 8272020k(5448k free)

vm_info: Java HotSpot(TM) 64-Bit Server VM (25.191-b12) for windows-amd64 JRE (1.8.0_191-b12), built on Oct  6 2018 09:29:03 by "java_re" with MS VC++ 10.0 (VS2010)

time: Mon Jun 10 14:54:00 2019
elapsed time: 594 seconds (0d 0h 9m 54s)

