#
# There is insufficient memory for the Java Runtime Environment to continue.
# Native memory allocation (malloc) failed to allocate 32744 bytes for ChunkPool::allocate
# Possible reasons:
#   The system is out of physical RAM or swap space
#   In 32 bit mode, the process size limit was hit
# Possible solutions:
#   Reduce memory load on the system
#   Increase physical memory or swap space
#   Check if swap backing store is full
#   Use 64 bit Java on a 64 bit OS
#   Decrease Java heap size (-Xmx/-Xms)
#   Decrease number of Java threads
#   Decrease Java thread stack sizes (-Xss)
#   Set larger code cache with -XX:ReservedCodeCacheSize=
# This output file may be truncated or incomplete.
#
#  Out of Memory Error (allocation.cpp:273), pid=3180, tid=0x0000000000001354
#
# JRE version: Java(TM) SE Runtime Environment (8.0_191-b12) (build 1.8.0_191-b12)
# Java VM: Java HotSpot(TM) 64-Bit Server VM (25.191-b12 mixed mode windows-amd64 compressed oops)
# Failed to write core dump. Minidumps are not enabled by default on client versions of Windows
#

---------------  T H R E A D  ---------------

Current thread (0x00000000593f0800):  JavaThread "C1 CompilerThread2" daemon [_thread_in_native, id=4948, stack(0x0000000059960000,0x0000000059a60000)]

Stack: [0x0000000059960000,0x0000000059a60000]
[error occurred during error reporting (printing stack bounds), id 0xc0000005]

Native frames: (J=compiled Java code, j=interpreted, Vv=VM code, C=native code)


Current CompileTask:
C1:   3074 1132   !   3       java.awt.EventDispatchThread::
[error occurred during error reporting (printing current compile task), id 0xe0000001]


---------------  P R O C E S S  ---------------

Java Threads: ( => current thread )
  0x000000005a18b800 JavaThread "TimerQueue" daemon [_thread_blocked, id=9196, stack(0x000000005bc40000,0x000000005bd40000)]
  0x00000000021be800 JavaThread "DestroyJavaVM" [_thread_blocked, id=2600, stack(0x00000000025f0000,0x00000000026f0000)]
  0x0000000059fbc000 JavaThread "AWT-EventQueue-0" [_thread_blocked, id=1136, stack(0x000000005ad50000,0x000000005ae50000)]
  0x0000000059f98000 JavaThread "AWT-Windows" daemon [_thread_in_native, id=4000, stack(0x000000005ab90000,0x000000005ac90000)]
  0x0000000059f97800 JavaThread "AWT-Shutdown" [_thread_blocked, id=416, stack(0x000000005a960000,0x000000005aa60000)]
  0x0000000059f94800 JavaThread "Java2D Disposer" daemon [_thread_blocked, id=8540, stack(0x000000005a7b0000,0x000000005a8b0000)]
  0x0000000059463800 JavaThread "Service Thread" daemon [_thread_blocked, id=1464, stack(0x0000000059c90000,0x0000000059d90000)]
=>0x00000000593f0800 JavaThread "C1 CompilerThread2" daemon [_thread_in_native, id=4948, stack(0x0000000059960000,0x0000000059a60000)]
  0x00000000593ef800 JavaThread "C2 CompilerThread1" daemon [_thread_in_native, id=1776, stack(0x0000000059a80000,0x0000000059b80000)]
  0x00000000593e8800 JavaThread "C2 CompilerThread0" daemon [_thread_in_native, id=3868, stack(0x0000000059060000,0x0000000059160000)]
  0x0000000058028800 JavaThread "Attach Listener" daemon [_thread_blocked, id=10204, stack(0x0000000059850000,0x0000000059950000)]
  0x0000000058026800 JavaThread "Signal Dispatcher" daemon [_thread_blocked, id=9832, stack(0x00000000592e0000,0x00000000593e0000)]
  0x000000005800a000 JavaThread "Finalizer" daemon [_thread_blocked, id=9200, stack(0x00000000591d0000,0x00000000592d0000)]
  0x0000000058003000 JavaThread "Reference Handler" daemon [_thread_blocked, id=9996, stack(0x0000000058f20000,0x0000000059020000)]

Other Threads:
  0x0000000057fbb800 VMThread [stack: 0x0000000058e00000,0x0000000058f00000] [id=5584]
  0x0000000059490800 WatcherThread [stack: 0x0000000059e40000,0x0000000059f40000] [id=3252]

VM state:not at safepoint (normal execution)

VM Mutex/Monitor currently owned by a thread: None

Heap:
 PSYoungGen      total 38400K, used 30085K [0x00000000d5f00000, 0x00000000d8980000, 0x0000000100000000)
  eden space 33280K, 75% used [0x00000000d5f00000,0x00000000d7772480,0x00000000d7f80000)
  from space 5120K, 98% used [0x00000000d7f80000,0x00000000d846f1f0,0x00000000d8480000)
  to   space 5120K, 0% used [0x00000000d8480000,0x00000000d8480000,0x00000000d8980000)
 ParOldGen       total 87552K, used 16K [0x0000000081c00000, 0x0000000087180000, 0x00000000d5f00000)
  object space 87552K, 0% used [0x0000000081c00000,0x0000000081c04000,0x0000000087180000)
 Metaspace       used 17315K, capacity 17544K, committed 17664K, reserved 1064960K
  class space    used 2117K, capacity 2220K, committed 2304K, reserved 1048576K

Card table byte_map: [0x0000000011d80000,0x0000000012180000] byte_map_base: 0x0000000011972000

Marking Bits: (ParMarkBitMap*) 0x00000000575a3e30
 Begin Bits: [0x00000000128f0000, 0x0000000014880000)
 End Bits:   [0x0000000014880000, 0x0000000016810000)

Polling page: 0x0000000000430000

CodeCache: size=245760Kb used=3800Kb max_used=3800Kb free=241959Kb
 bounds [0x00000000029c0000, 0x0000000002d80000, 0x00000000119c0000]
 total_blobs=1651 nmethods=1122 adapters=441
 compilation: enabled

Compilation events (10 events):
Event: 3.065 Thread 0x00000000593f0800 nmethod 1126 0x0000000002d75a90 code [0x0000000002d75c00, 0x0000000002d75e08]
Event: 3.065 Thread 0x00000000593f0800 1098       1       com.sun.org.apache.xml.internal.serializer.SerializerBase::getEncoding (5 bytes)
Event: 3.065 Thread 0x00000000593f0800 nmethod 1098 0x0000000002d4d090 code [0x0000000002d4d1e0, 0x0000000002d4d2f0]
Event: 3.065 Thread 0x00000000593f0800 1097       1       com.sun.org.apache.xml.internal.serializer.SerializerBase::getVersion (5 bytes)
Event: 3.065 Thread 0x00000000593f0800 nmethod 1097 0x0000000002d75e90 code [0x0000000002d75fe0, 0x0000000002d760f0]
Event: 3.072 Thread 0x00000000593f0800 1130       3       java.awt.EventQueue::coalesceEvent (86 bytes)
Event: 3.072 Thread 0x00000000593f0800 nmethod 1130 0x0000000002d76150 code [0x0000000002d76340, 0x0000000002d77018]
Event: 3.072 Thread 0x00000000593f0800 1131       3       java.awt.EventQueue::cacheEQItem (60 bytes)
Event: 3.073 Thread 0x00000000593f0800 nmethod 1131 0x0000000002d77210 code [0x0000000002d773a0, 0x0000000002d77ac8]
Event: 3.073 Thread 0x00000000593f0800 1132   !   3       java.awt.EventDispatchThread::pumpOneEventForFilters (190 bytes)

GC Heap History (2 events):
Event: 2.898 GC heap before
{Heap before GC invocations=1 (full 0):
 PSYoungGen      total 38400K, used 33280K [0x00000000d5f00000, 0x00000000d8980000, 0x0000000100000000)
  eden space 33280K, 100% used [0x00000000d5f00000,0x00000000d7f80000,0x00000000d7f80000)
  from space 5120K, 0% used [0x00000000d8480000,0x00000000d8480000,0x00000000d8980000)
  to   space 5120K, 0% used [0x00000000d7f80000,0x00000000d7f80000,0x00000000d8480000)
 ParOldGen       total 87552K, used 0K [0x0000000081c00000, 0x0000000087180000, 0x00000000d5f00000)
  object space 87552K, 0% used [0x0000000081c00000,0x0000000081c00000,0x0000000087180000)
 Metaspace       used 14361K, capacity 14568K, committed 14720K, reserved 1062912K
  class space    used 1780K, capacity 1868K, committed 1920K, reserved 1048576K
Event: 2.903 GC heap after
Heap after GC invocations=1 (full 0):
 PSYoungGen      total 38400K, used 5052K [0x00000000d5f00000, 0x00000000d8980000, 0x0000000100000000)
  eden space 33280K, 0% used [0x00000000d5f00000,0x00000000d5f00000,0x00000000d7f80000)
  from space 5120K, 98% used [0x00000000d7f80000,0x00000000d846f1f0,0x00000000d8480000)
  to   space 5120K, 0% used [0x00000000d8480000,0x00000000d8480000,0x00000000d8980000)
 ParOldGen       total 87552K, used 16K [0x0000000081c00000, 0x0000000087180000, 0x00000000d5f00000)
  object space 87552K, 0% used [0x0000000081c00000,0x0000000081c04000,0x0000000087180000)
 Metaspace       used 14361K, capacity 14568K, committed 14720K, reserved 1062912K
  class space    used 1780K, capacity 1868K, committed 1920K, reserved 1048576K
}

Deoptimization events (10 events):
Event: 2.814 Thread 0x0000000059fbc000 Uncommon trap: reason=class_check action=maybe_recompile pc=0x0000000002c39578 method=java.util.HashMap.putVal(ILjava/lang/Object;Ljava/lang/Object;ZZ)Ljava/lang/Object; @ 253
Event: 2.814 Thread 0x0000000059fbc000 Uncommon trap: reason=class_check action=maybe_recompile pc=0x0000000002c3bd1c method=java.util.HashMap.putVal(ILjava/lang/Object;Ljava/lang/Object;ZZ)Ljava/lang/Object; @ 253
Event: 2.879 Thread 0x0000000059fbc000 Uncommon trap: reason=unstable_if action=reinterpret pc=0x0000000002bd2fc8 method=sun.nio.cs.UTF_8$Encoder.encode([CII[B)I @ 33
Event: 2.944 Thread 0x0000000059fbc000 Uncommon trap: reason=unstable_if action=reinterpret pc=0x0000000002c96864 method=com.sun.org.apache.xerces.internal.impl.XMLEntityScanner.checkBeforeLoad(Lcom/sun/xml/internal/stream/Entity$ScannedEntity;II)I @ 18
Event: 2.961 Thread 0x0000000059fbc000 Uncommon trap: reason=unstable_if action=reinterpret pc=0x0000000002cb2bec method=com.sun.org.apache.xerces.internal.impl.XMLEntityScanner.skipSpaces()Z @ 85
Event: 3.042 Thread 0x0000000059fbc000 Uncommon trap: reason=class_check action=maybe_recompile pc=0x0000000002d24870 method=com.sun.org.apache.xerces.internal.dom.NamedNodeMapImpl.item(I)Lorg/w3c/dom/Node; @ 33
Event: 3.042 Thread 0x0000000059fbc000 Uncommon trap: reason=class_check action=maybe_recompile pc=0x0000000002d24870 method=com.sun.org.apache.xerces.internal.dom.NamedNodeMapImpl.item(I)Lorg/w3c/dom/Node; @ 33
Event: 3.042 Thread 0x0000000059fbc000 Uncommon trap: reason=class_check action=maybe_recompile pc=0x0000000002d24870 method=com.sun.org.apache.xerces.internal.dom.NamedNodeMapImpl.item(I)Lorg/w3c/dom/Node; @ 33
Event: 3.042 Thread 0x0000000059fbc000 Uncommon trap: reason=class_check action=maybe_recompile pc=0x0000000002d24870 method=com.sun.org.apache.xerces.internal.dom.NamedNodeMapImpl.item(I)Lorg/w3c/dom/Node; @ 33
Event: 3.053 Thread 0x0000000059fbc000 Uncommon trap: reason=unstable_if action=reinterpret pc=0x0000000002d505a0 method=com.sun.org.apache.xml.internal.serializer.WriterToUTF8Buffered.write(I)V @ 7

Classes redefined (0 events):
No events

Internal exceptions (10 events):
Event: 0.021 Thread 0x00000000021be800 Exception <a 'java/lang/NoSuchMethodError': Method sun.misc.Unsafe.prefetchRead(Ljava/lang/Object;J)V name or signature does not match> (0x00000000d5f07f98) thrown at [C:\re\workspace\8-2-build-windows-amd64-cygwin\jdk8u191\11896\hotspot\src\share\vm\prim
Event: 0.047 Thread 0x00000000021be800 Exception <a 'java/io/FileNotFoundException'> (0x00000000d5f5a738) thrown at [C:\re\workspace\8-2-build-windows-amd64-cygwin\jdk8u191\11896\hotspot\src\share\vm\prims\jni.cpp, line 709]
Event: 0.095 Thread 0x00000000021be800 Exception <a 'java/security/PrivilegedActionException'> (0x00000000d60b19b0) thrown at [C:\re\workspace\8-2-build-windows-amd64-cygwin\jdk8u191\11896\hotspot\src\share\vm\prims\jvm.cpp, line 1435]
Event: 0.095 Thread 0x00000000021be800 Exception <a 'java/security/PrivilegedActionException'> (0x00000000d60b1bc0) thrown at [C:\re\workspace\8-2-build-windows-amd64-cygwin\jdk8u191\11896\hotspot\src\share\vm\prims\jvm.cpp, line 1435]
Event: 0.096 Thread 0x00000000021be800 Exception <a 'java/security/PrivilegedActionException'> (0x00000000d60b5ad0) thrown at [C:\re\workspace\8-2-build-windows-amd64-cygwin\jdk8u191\11896\hotspot\src\share\vm\prims\jvm.cpp, line 1435]
Event: 0.096 Thread 0x00000000021be800 Exception <a 'java/security/PrivilegedActionException'> (0x00000000d60b5ce0) thrown at [C:\re\workspace\8-2-build-windows-amd64-cygwin\jdk8u191\11896\hotspot\src\share\vm\prims\jvm.cpp, line 1435]
Event: 0.100 Thread 0x00000000021be800 Exception <a 'java/io/FileNotFoundException'> (0x00000000d60be900) thrown at [C:\re\workspace\8-2-build-windows-amd64-cygwin\jdk8u191\11896\hotspot\src\share\vm\prims\jni.cpp, line 709]
Event: 0.122 Thread 0x00000000021be800 Exception <a 'java/lang/NoSuchFieldError': method resolution failed> (0x00000000d618f0d0) thrown at [C:\re\workspace\8-2-build-windows-amd64-cygwin\jdk8u191\11896\hotspot\src\share\vm\prims\methodHandles.cpp, line 1167]
Event: 0.124 Thread 0x00000000021be800 Exception <a 'java/lang/NoSuchFieldError': method resolution failed> (0x00000000d619c4c0) thrown at [C:\re\workspace\8-2-build-windows-amd64-cygwin\jdk8u191\11896\hotspot\src\share\vm\prims\methodHandles.cpp, line 1167]
Event: 0.183 Thread 0x00000000021be800 Exception <a 'java/io/FileNotFoundException'> (0x00000000d6337420) thrown at [C:\re\workspace\8-2-build-windows-amd64-cygwin\jdk8u191\11896\hotspot\src\share\vm\prims\jni.cpp, line 709]

Events (10 events):
Event: 3.042 Thread 0x0000000059fbc000 DEOPT UNPACKING pc=0x0000000002a0583b sp=0x000000005ae4c598 mode 2
Event: 3.042 loading class com/sun/org/apache/xml/internal/serializer/EncodingInfo$EncodingImpl
Event: 3.042 loading class com/sun/org/apache/xml/internal/serializer/EncodingInfo$InEncoding
Event: 3.042 loading class com/sun/org/apache/xml/internal/serializer/EncodingInfo$InEncoding done
Event: 3.042 loading class com/sun/org/apache/xml/internal/serializer/EncodingInfo$EncodingImpl done
Event: 3.053 Thread 0x0000000059fbc000 Uncommon trap: trap_request=0xffffff65 fr.pc=0x0000000002d505a0
Event: 3.053 Thread 0x0000000059fbc000 DEOPT PACKING pc=0x0000000002d505a0 sp=0x000000005ae4c360
Event: 3.053 Thread 0x0000000059fbc000 DEOPT UNPACKING pc=0x0000000002a0583b sp=0x000000005ae4c310 mode 2
Event: 3.067 loading class com/sun/org/apache/xml/internal/serializer/WriterToASCI
Event: 3.067 loading class com/sun/org/apache/xml/internal/serializer/WriterToASCI done


Dynamic libraries:
0x000000013fbd0000 - 0x000000013fc07000 	C:\Program Files\Java\jdk1.8.0_191\bin\java.exe
0x0000000076cb0000 - 0x0000000076e5a000 	C:\Windows\SYSTEM32\ntdll.dll
0x0000000076a90000 - 0x0000000076baf000 	C:\Windows\system32\kernel32.dll
0x000007fefcd70000 - 0x000007fefcdda000 	C:\Windows\system32\KERNELBASE.dll
0x000007fefd8e0000 - 0x000007fefd9bb000 	C:\Windows\system32\ADVAPI32.dll
0x000007fefd160000 - 0x000007fefd1ff000 	C:\Windows\system32\msvcrt.dll
0x000007fefd460000 - 0x000007fefd47f000 	C:\Windows\SYSTEM32\sechost.dll
0x000007fefec90000 - 0x000007fefedbd000 	C:\Windows\system32\RPCRT4.dll
0x0000000076bb0000 - 0x0000000076caa000 	C:\Windows\system32\USER32.dll
0x000007fefdc20000 - 0x000007fefdc87000 	C:\Windows\system32\GDI32.dll
0x000007fefd100000 - 0x000007fefd10e000 	C:\Windows\system32\LPK.dll
0x000007fefdc90000 - 0x000007fefdd5b000 	C:\Windows\system32\USP10.dll
0x000007fefb640000 - 0x000007fefb834000 	C:\Windows\WinSxS\amd64_microsoft.windows.common-controls_6595b64144ccf1df_6.0.7601.18837_none_fa3b1e3d17594757\COMCTL32.dll
0x000007fefd700000 - 0x000007fefd771000 	C:\Windows\system32\SHLWAPI.dll
0x000007fefdb50000 - 0x000007fefdb7e000 	C:\Windows\system32\IMM32.DLL
0x000007fefd9c0000 - 0x000007fefdac9000 	C:\Windows\system32\MSCTF.dll
0x0000000069e30000 - 0x0000000069f02000 	C:\Program Files\Java\jdk1.8.0_191\jre\bin\msvcr100.dll
0x0000000056d80000 - 0x0000000057624000 	C:\Program Files\Java\jdk1.8.0_191\jre\bin\server\jvm.dll
0x000007fef83a0000 - 0x000007fef83a9000 	C:\Windows\system32\WSOCK32.dll
0x000007fefd110000 - 0x000007fefd15d000 	C:\Windows\system32\WS2_32.dll
0x000007fefdef0000 - 0x000007fefdef8000 	C:\Windows\system32\NSI.dll
0x000007fefaa60000 - 0x000007fefaa9b000 	C:\Windows\system32\WINMM.dll
0x000007fefbd00000 - 0x000007fefbd0c000 	C:\Windows\system32\VERSION.dll
0x0000000076e80000 - 0x0000000076e87000 	C:\Windows\system32\PSAPI.DLL
0x0000000071140000 - 0x000000007114f000 	C:\Program Files\Java\jdk1.8.0_191\jre\bin\verify.dll
0x000000006e980000 - 0x000000006e9a9000 	C:\Program Files\Java\jdk1.8.0_191\jre\bin\java.dll
0x000000006eec0000 - 0x000000006eed6000 	C:\Program Files\Java\jdk1.8.0_191\jre\bin\zip.dll
0x000007fefdf00000 - 0x000007fefec8b000 	C:\Windows\system32\SHELL32.dll
0x000007fefedc0000 - 0x000007fefefbc000 	C:\Windows\system32\ole32.dll
0x000007fefcbc0000 - 0x000007fefcbcf000 	C:\Windows\system32\profapi.dll
0x0000000069c90000 - 0x0000000069e29000 	C:\Program Files\Java\jdk1.8.0_191\jre\bin\awt.dll
0x000007fefd780000 - 0x000007fefd85a000 	C:\Windows\system32\OLEAUT32.dll
0x000007fefb5e0000 - 0x000007fefb636000 	C:\Windows\system32\uxtheme.dll
0x000007fefae70000 - 0x000007fefae88000 	C:\Windows\system32\dwmapi.dll
0x000007fefcaf0000 - 0x000007fefcaff000 	C:\Windows\system32\CRYPTBASE.dll
0x000000006e660000 - 0x000000006e6a7000 	C:\Program Files\Java\jdk1.8.0_191\jre\bin\fontmanager.dll
0x000007feed5b0000 - 0x000007feed6cd000 	C:\Windows\system32\opengl32.dll
0x000007feeda70000 - 0x000007feeda9d000 	C:\Windows\system32\GLU32.dll
0x000007feed220000 - 0x000007feed311000 	C:\Windows\system32\DDRAW.dll
0x000007feeda60000 - 0x000007feeda68000 	C:\Windows\system32\DCIMAN32.dll
0x000007fefd480000 - 0x000007fefd657000 	C:\Windows\system32\SETUPAPI.dll
0x000007fefcc70000 - 0x000007fefcca6000 	C:\Windows\system32\CFGMGR32.dll
0x000007fefcd50000 - 0x000007fefcd6a000 	C:\Windows\system32\DEVOBJ.dll
0x000000006e7d0000 - 0x000000006e7ea000 	C:\Program Files\Java\jdk1.8.0_191\jre\bin\net.dll
0x000007fefc420000 - 0x000007fefc475000 	C:\Windows\system32\mswsock.dll
0x000007fefc410000 - 0x000007fefc417000 	C:\Windows\System32\wship6.dll
0x000000006e6b0000 - 0x000000006e6c1000 	C:\Program Files\Java\jdk1.8.0_191\jre\bin\nio.dll
0x000000006e5c0000 - 0x000000006e602000 	C:\Program Files\Java\jdk1.8.0_191\jre\bin\t2k.dll
0x000007fefdb80000 - 0x000007fefdc19000 	C:\Windows\system32\CLBCatQ.DLL
0x000007fefad00000 - 0x000007fefae61000 	C:\Windows\system32\WindowsCodecs.dll
0x000007fefca90000 - 0x000007fefcae7000 	C:\Windows\system32\apphelp.dll
0x000007fef37a0000 - 0x000007fef39df000 	C:\Program Files\Microsoft Office 15\root\VFS\ProgramFilesX64\Microsoft Office\Office15\GROOVEEX.DLL
0x000000006a8c0000 - 0x000000006a958000 	C:\Program Files\Microsoft Office 15\root\VFS\ProgramFilesX64\Microsoft Office\Office15\MSVCP100.dll
0x000000006af90000 - 0x000000006afbb000 	C:\Program Files\Microsoft Office 15\root\VFS\ProgramFilesX64\Microsoft Office\Office15\ATL100.DLL
0x000007fef2590000 - 0x000007fef28ae000 	C:\Windows\system32\msi.dll
0x000007fef41e0000 - 0x000007fef4a65000 	C:\Program Files\Microsoft Office 15\root\VFS\ProgramFilesX64\Microsoft Office\Office15\1049\GrooveIntlResource.dll
0x000007fef3f20000 - 0x000007fef3f55000 	C:\Windows\system32\EhStorShell.dll
0x000007fefafe0000 - 0x000007fefb10c000 	C:\Windows\system32\PROPSYS.dll
0x000007fef3ea0000 - 0x000007fef3f1e000 	C:\Windows\System32\cscui.dll
0x000007fef3e90000 - 0x000007fef3e9c000 	C:\Windows\System32\CSCDLL.dll
0x000007fef6460000 - 0x000007fef646f000 	C:\Windows\system32\CSCAPI.dll
0x000007fef4160000 - 0x000007fef41e0000 	C:\Windows\system32\ntshrui.dll
0x000007fefc690000 - 0x000007fefc6b3000 	C:\Windows\system32\srvcli.dll
0x000007fefa7c0000 - 0x000007fefa7cb000 	C:\Windows\system32\slc.dll
0x000007fefc670000 - 0x000007fefc688000 	C:\Windows\system32\CRYPTSP.dll
0x000007fefc160000 - 0x000007fefc1a7000 	C:\Windows\system32\rsaenh.dll
0x000007fefbee0000 - 0x000007fefbefe000 	C:\Windows\system32\USERENV.dll
0x000007fefa410000 - 0x000007fefa437000 	C:\Windows\system32\IPHLPAPI.DLL
0x000007fefa400000 - 0x000007fefa40b000 	C:\Windows\system32\WINNSI.DLL
0x000007fefa160000 - 0x000007fefa171000 	C:\Windows\system32\dhcpcsvc6.DLL
0x000007fefa0e0000 - 0x000007fefa0f8000 	C:\Windows\system32\dhcpcsvc.DLL

VM Arguments:
jvm_args: -Dfile.encoding=UTF-8 -Djava.library.path=C:\Users\admin\Downloads\luajava-1.1-win32-lua51 
java_command: basepostgresluaxls.Main
java_class_path (initial): C:\Users\Nazarov\Desktop\Downloads\poi-bin-4.0.1-20181203\poi-4.0.1\lib\commons-codec-1.11.jar;C:\Users\Nazarov\Desktop\Downloads\poi-bin-4.0.1-20181203\poi-4.0.1\lib\commons-collections4-4.2.jar;C:\Users\Nazarov\Desktop\Downloads\luaj-3.0.1 (1)\luaj-3.0.1\lib\luaj-jse-3.0.1.jar;C:\Users\Nazarov\Desktop\Downloads\postgresql-42.2.5.jar;C:\Users\Nazarov\Desktop\Downloads\luajava-1.1-win32-lua51\luajava-1.1.jar;C:\Users\Nazarov\Desktop\Downloads\poi-bin-4.0.1-20181203\poi-4.0.1\poi-4.0.1.jar;C:\Users\Nazarov\Documents\NetBeansProjects\BasePostgresLuaXLS\build\classes
Launcher Type: SUN_STANDARD

Environment Variables:
PATH=C:\Program Files (x86)\Common Files\Oracle\Java\javapath;C:\Program Files (x86)\Intel\iCLS Client\;C:\Program Files\Intel\iCLS Client\;C:\Windows\system32;C:\Windows;C:\Windows\System32\Wbem;C:\Windows\System32\WindowsPowerShell\v1.0\;C:\Program Files (x86)\Intel\UCRT\;C:\Program Files\Intel\UCRT\;C:\Program Files (x86)\Intel\Intel(R) Management Engine Components\DAL;C:\Program Files\Intel\Intel(R) Management Engine Components\DAL;C:\Program Files (x86)\Intel\Intel(R) Management Engine Components\IPT;C:\Program Files\Intel\Intel(R) Management Engine Components\IPT
USERNAME=nazarov
OS=Windows_NT
PROCESSOR_IDENTIFIER=Intel64 Family 6 Model 94 Stepping 3, GenuineIntel



---------------  S Y S T E M  ---------------

OS: Windows 7 , 64 bit Build 7601 (6.1.7601.23864)

CPU:total 4 (initial active 4) (2 cores per cpu, 2 threads per core) family 6 model 94 stepping 3, cmov, cx8, fxsr, mmx, sse, sse2, sse3, ssse3, sse4.1, sse4.2, popcnt, avx, avx2, aes, clmul, erms, 3dnowpref, lzcnt, ht, tsc, tscinvbit, bmi1, bmi2, adx

Memory: 4k page, physical 8273880k(1102184k free), swap 8272020k(5120k free)

vm_info: Java HotSpot(TM) 64-Bit Server VM (25.191-b12) for windows-amd64 JRE (1.8.0_191-b12), built on Oct  6 2018 09:29:03 by "java_re" with MS VC++ 10.0 (VS2010)

time: Thu May 23 16:38:58 2019
elapsed time: 3 seconds (0d 0h 0m 3s)

