#
# There is insufficient memory for the Java Runtime Environment to continue.
# Native memory allocation (malloc) failed to allocate 65552 bytes for Chunk::new
# Possible reasons:
#   The system is out of physical RAM or swap space
#   In 32 bit mode, the process size limit was hit
# Possible solutions:
#   Reduce memory load on the system
#   Increase physical memory or swap space
#   Check if swap backing store is full
#   Use 64 bit Java on a 64 bit OS
#   Decrease Java heap size (-Xmx/-Xms)
#   Decrease number of Java threads
#   Decrease Java thread stack sizes (-Xss)
#   Set larger code cache with -XX:ReservedCodeCacheSize=
# This output file may be truncated or incomplete.
#
#  Out of Memory Error (allocation.cpp:390), pid=5896, tid=0x0000000000001f48
#
# JRE version: Java(TM) SE Runtime Environment (8.0_191-b12) (build 1.8.0_191-b12)
# Java VM: Java HotSpot(TM) 64-Bit Server VM (25.191-b12 mixed mode windows-amd64 compressed oops)
# Failed to write core dump. Minidumps are not enabled by default on client versions of Windows
#

---------------  T H R E A D  ---------------

Current thread (0x00000000189a9000):  JavaThread "C2 CompilerThread0" daemon [_thread_in_native, id=8008, stack(0x00000000195b0000,0x00000000196b0000)]

Stack: [0x00000000195b0000,0x00000000196b0000]
[error occurred during error reporting (printing stack bounds), id 0xc0000005]

Native frames: (J=compiled Java code, j=interpreted, Vv=VM code, C=native code)


Current CompileTask:
C2:  27279 3625       4       com.sun.org.apache.xalan.internal.xsltc.trax.DOM2TO::parse (728 bytes)


---------------  P R O C E S S  ---------------

Java Threads: ( => current thread )
  0x000000001c6b1000 JavaThread "Генерация HMI" [_thread_in_Java, id=3560, stack(0x000000001fcf0000,0x000000001fdf0000)]
  0x000000001d0d3800 JavaThread "TimerQueue" daemon [_thread_blocked, id=5408, stack(0x000000001e6c0000,0x000000001e7c0000)]
  0x0000000019fcf000 JavaThread "org.netbeans.modules.debugger.jpda.visual AWT Access Loop" daemon [_thread_blocked, id=7420, stack(0x000000001a9e0000,0x000000001aae0000)]
  0x0000000002238000 JavaThread "DestroyJavaVM" [_thread_blocked, id=2940, stack(0x00000000025e0000,0x00000000026e0000)]
  0x0000000019fc3000 JavaThread "AWT-EventQueue-0" [_thread_blocked, id=4684, stack(0x000000001a7a0000,0x000000001a8a0000)]
  0x0000000019fbc800 JavaThread "AWT-Windows" daemon [_thread_in_native, id=7972, stack(0x000000001a6a0000,0x000000001a7a0000)]
  0x0000000019fba800 JavaThread "AWT-Shutdown" [_thread_blocked, id=7084, stack(0x00000000194b0000,0x00000000195b0000)]
  0x0000000019fba000 JavaThread "Java2D Disposer" daemon [_thread_blocked, id=4952, stack(0x0000000019870000,0x0000000019970000)]
  0x0000000018a27000 JavaThread "Service Thread" daemon [_thread_blocked, id=7160, stack(0x0000000019b60000,0x0000000019c60000)]
  0x00000000189bd800 JavaThread "C1 CompilerThread2" daemon [_thread_blocked, id=5132, stack(0x00000000199b0000,0x0000000019ab0000)]
  0x00000000189b4000 JavaThread "C2 CompilerThread1" daemon [_thread_in_native, id=3388, stack(0x0000000019740000,0x0000000019840000)]
=>0x00000000189a9000 JavaThread "C2 CompilerThread0" daemon [_thread_in_native, id=8008, stack(0x00000000195b0000,0x00000000196b0000)]
  0x000000001899b000 JavaThread "JDWP Command Reader" daemon [_thread_in_native, id=8020, stack(0x0000000019280000,0x0000000019380000)]
  0x0000000018999800 JavaThread "JDWP Event Helper Thread" daemon [_thread_blocked, id=1156, stack(0x00000000193a0000,0x00000000194a0000)]
  0x00000000176ad800 JavaThread "JDWP Transport Listener: dt_shmem" daemon [_thread_blocked, id=7244, stack(0x0000000019150000,0x0000000019250000)]
  0x000000001898b800 JavaThread "Attach Listener" daemon [_thread_blocked, id=8084, stack(0x0000000018f20000,0x0000000019020000)]
  0x00000000176a4800 JavaThread "Signal Dispatcher" daemon [_thread_blocked, id=5608, stack(0x0000000018db0000,0x0000000018eb0000)]
  0x000000001768b800 JavaThread "Finalizer" daemon [_thread_blocked, id=4972, stack(0x0000000018880000,0x0000000018980000)]
  0x0000000017684800 JavaThread "Reference Handler" daemon [_thread_blocked, id=5800, stack(0x0000000018750000,0x0000000018850000)]

Other Threads:
  0x000000001763d000 VMThread [stack: 0x00000000185e0000,0x00000000186e0000] [id=7344]
  0x0000000018a5c000 WatcherThread [stack: 0x0000000019c90000,0x0000000019d90000] [id=6944]

VM state:not at safepoint (normal execution)

VM Mutex/Monitor currently owned by a thread: None

Heap:
 PSYoungGen      total 552448K, used 279944K [0x00000000d5f00000, 0x00000000fd200000, 0x0000000100000000)
  eden space 476160K, 57% used [0x00000000d5f00000,0x00000000e6a69068,0x00000000f3000000)
  from space 76288K, 8% used [0x00000000f8780000,0x00000000f8d791f0,0x00000000fd200000)
  to   space 82944K, 0% used [0x00000000f3000000,0x00000000f3000000,0x00000000f8100000)
 ParOldGen       total 216064K, used 80132K [0x0000000081c00000, 0x000000008ef00000, 0x00000000d5f00000)
  object space 216064K, 37% used [0x0000000081c00000,0x0000000086a41130,0x000000008ef00000)
 Metaspace       used 23299K, capacity 23742K, committed 23984K, reserved 1071104K
  class space    used 2758K, capacity 2894K, committed 2992K, reserved 1048576K

Card table byte_map: [0x0000000011d70000,0x0000000012170000] byte_map_base: 0x0000000011962000

Marking Bits: (ParMarkBitMap*) 0x0000000055d83e30
 Begin Bits: [0x0000000012990000, 0x0000000014920000)
 End Bits:   [0x0000000014920000, 0x00000000168b0000)

Polling page: 0x0000000000130000

CodeCache: size=245760Kb used=11897Kb max_used=12028Kb free=233862Kb
 bounds [0x00000000029b0000, 0x0000000003580000, 0x00000000119b0000]
 total_blobs=3827 nmethods=3263 adapters=481
 compilation: enabled

Compilation events (10 events):
Event: 27.234 Thread 0x00000000189bd800 3635       3       com.sun.org.apache.xml.internal.serializer.EncodingInfo::isInEncoding (31 bytes)
Event: 27.234 Thread 0x00000000189bd800 nmethod 3635 0x0000000002b52990 code [0x0000000002b52b20, 0x0000000002b52ef8]
Event: 27.235 Thread 0x00000000189bd800 3640   !   3       com.sun.org.apache.xml.internal.serializer.ToStream::closeStartTag (121 bytes)
Event: 27.235 Thread 0x00000000189bd800 nmethod 3640 0x0000000002af3510 code [0x0000000002af3740, 0x0000000002af43e8]
Event: 27.235 Thread 0x00000000189bd800 3636       3       com.sun.org.apache.xerces.internal.util.ParserConfigurationSettings::getFeatureState (46 bytes)
Event: 27.236 Thread 0x00000000189bd800 nmethod 3636 0x0000000003568a50 code [0x0000000003568c20, 0x0000000003569578]
Event: 27.244 Thread 0x00000000189b4000 nmethod 3637 0x0000000002ee93d0 code [0x0000000002ee9660, 0x0000000002eed7c0]
Event: 27.245 Thread 0x00000000189b4000 3626       4       com.sun.org.apache.xml.internal.serializer.CharInfo::get (38 bytes)
Event: 27.245 Thread 0x00000000189b4000 nmethod 3626 0x00000000034da5d0 code [0x00000000034da700, 0x00000000034da798]
Event: 27.245 Thread 0x00000000189b4000 3643   !   4       XMLTools.ReadBedXML::methodRead (131 bytes)

GC Heap History (10 events):
Event: 26.597 GC heap before
{Heap before GC invocations=15 (full 3):
 PSYoungGen      total 421376K, used 332968K [0x00000000d5f00000, 0x00000000f9200000, 0x0000000100000000)
  eden space 326656K, 99% used [0x00000000d5f00000,0x00000000e9de8920,0x00000000e9e00000)
  from space 94720K, 6% used [0x00000000e9e00000,0x00000000ea4419c0,0x00000000efa80000)
  to   space 92160K, 0% used [0x00000000f3800000,0x00000000f3800000,0x00000000f9200000)
 ParOldGen       total 216064K, used 80124K [0x0000000081c00000, 0x000000008ef00000, 0x00000000d5f00000)
  object space 216064K, 37% used [0x0000000081c00000,0x0000000086a3f130,0x000000008ef00000)
 Metaspace       used 23264K, capacity 23742K, committed 23984K, reserved 1071104K
  class space    used 2758K, capacity 2894K, committed 2992K, reserved 1048576K
Event: 26.603 GC heap after
Heap after GC invocations=15 (full 3):
 PSYoungGen      total 483328K, used 6112K [0x00000000d5f00000, 0x00000000f8e80000, 0x0000000100000000)
  eden space 394752K, 0% used [0x00000000d5f00000,0x00000000d5f00000,0x00000000ee080000)
  from space 88576K, 6% used [0x00000000f3800000,0x00000000f3df8068,0x00000000f8e80000)
  to   space 89088K, 0% used [0x00000000ee080000,0x00000000ee080000,0x00000000f3780000)
 ParOldGen       total 216064K, used 80124K [0x0000000081c00000, 0x000000008ef00000, 0x00000000d5f00000)
  object space 216064K, 37% used [0x0000000081c00000,0x0000000086a3f130,0x000000008ef00000)
 Metaspace       used 23264K, capacity 23742K, committed 23984K, reserved 1071104K
  class space    used 2758K, capacity 2894K, committed 2992K, reserved 1048576K
}
Event: 26.755 GC heap before
{Heap before GC invocations=16 (full 3):
 PSYoungGen      total 483328K, used 400846K [0x00000000d5f00000, 0x00000000f8e80000, 0x0000000100000000)
  eden space 394752K, 99% used [0x00000000d5f00000,0x00000000ee07b9e0,0x00000000ee080000)
  from space 88576K, 6% used [0x00000000f3800000,0x00000000f3df8068,0x00000000f8e80000)
  to   space 89088K, 0% used [0x00000000ee080000,0x00000000ee080000,0x00000000f3780000)
 ParOldGen       total 216064K, used 80124K [0x0000000081c00000, 0x000000008ef00000, 0x00000000d5f00000)
  object space 216064K, 37% used [0x0000000081c00000,0x0000000086a3f130,0x000000008ef00000)
 Metaspace       used 23288K, capacity 23742K, committed 23984K, reserved 1071104K
  class space    used 2758K, capacity 2894K, committed 2992K, reserved 1048576K
Event: 26.768 GC heap after
Heap after GC invocations=16 (full 3):
 PSYoungGen      total 483840K, used 5988K [0x00000000d5f00000, 0x00000000fdb80000, 0x0000000100000000)
  eden space 394752K, 0% used [0x00000000d5f00000,0x00000000d5f00000,0x00000000ee080000)
  from space 89088K, 6% used [0x00000000ee080000,0x00000000ee659330,0x00000000f3780000)
  to   space 86016K, 0% used [0x00000000f8780000,0x00000000f8780000,0x00000000fdb80000)
 ParOldGen       total 216064K, used 80124K [0x0000000081c00000, 0x000000008ef00000, 0x00000000d5f00000)
  object space 216064K, 37% used [0x0000000081c00000,0x0000000086a3f130,0x000000008ef00000)
 Metaspace       used 23288K, capacity 23742K, committed 23984K, reserved 1071104K
  class space    used 2758K, capacity 2894K, committed 2992K, reserved 1048576K
}
Event: 26.863 GC heap before
{Heap before GC invocations=17 (full 3):
 PSYoungGen      total 483840K, used 400607K [0x00000000d5f00000, 0x00000000fdb80000, 0x0000000100000000)
  eden space 394752K, 99% used [0x00000000d5f00000,0x00000000ee05ec98,0x00000000ee080000)
  from space 89088K, 6% used [0x00000000ee080000,0x00000000ee659330,0x00000000f3780000)
  to   space 86016K, 0% used [0x00000000f8780000,0x00000000f8780000,0x00000000fdb80000)
 ParOldGen       total 216064K, used 80124K [0x0000000081c00000, 0x000000008ef00000, 0x00000000d5f00000)
  object space 216064K, 37% used [0x0000000081c00000,0x0000000086a3f130,0x000000008ef00000)
 Metaspace       used 23288K, capacity 23742K, committed 23984K, reserved 1071104K
  class space    used 2758K, capacity 2894K, committed 2992K, reserved 1048576K
Event: 26.867 GC heap after
Heap after GC invocations=17 (full 3):
 PSYoungGen      total 552448K, used 6088K [0x00000000d5f00000, 0x00000000fd200000, 0x0000000100000000)
  eden space 476160K, 0% used [0x00000000d5f00000,0x00000000d5f00000,0x00000000f3000000)
  from space 76288K, 7% used [0x00000000f8780000,0x00000000f8d72170,0x00000000fd200000)
  to   space 82944K, 0% used [0x00000000f3000000,0x00000000f3000000,0x00000000f8100000)
 ParOldGen       total 216064K, used 80132K [0x0000000081c00000, 0x000000008ef00000, 0x00000000d5f00000)
  object space 216064K, 37% used [0x0000000081c00000,0x0000000086a41130,0x000000008ef00000)
 Metaspace       used 23288K, capacity 23742K, committed 23984K, reserved 1071104K
  class space    used 2758K, capacity 2894K, committed 2992K, reserved 1048576K
}
Event: 27.034 GC heap before
{Heap before GC invocations=18 (full 3):
 PSYoungGen      total 552448K, used 482248K [0x00000000d5f00000, 0x00000000fd200000, 0x0000000100000000)
  eden space 476160K, 100% used [0x00000000d5f00000,0x00000000f3000000,0x00000000f3000000)
  from space 76288K, 7% used [0x00000000f8780000,0x00000000f8d72170,0x00000000fd200000)
  to   space 82944K, 0% used [0x00000000f3000000,0x00000000f3000000,0x00000000f8100000)
 ParOldGen       total 216064K, used 80132K [0x0000000081c00000, 0x000000008ef00000, 0x00000000d5f00000)
  object space 216064K, 37% used [0x0000000081c00000,0x0000000086a41130,0x000000008ef00000)
 Metaspace       used 23293K, capacity 23742K, committed 23984K, reserved 1071104K
  class space    used 2758K, capacity 2894K, committed 2992K, reserved 1048576K
Event: 27.039 GC heap after
Heap after GC invocations=18 (full 3):
 PSYoungGen      total 559104K, used 6050K [0x00000000d5f00000, 0x00000000fd200000, 0x0000000100000000)
  eden space 476160K, 0% used [0x00000000d5f00000,0x00000000d5f00000,0x00000000f3000000)
  from space 82944K, 7% used [0x00000000f3000000,0x00000000f35e8978,0x00000000f8100000)
  to   space 76288K, 0% used [0x00000000f8780000,0x00000000f8780000,0x00000000fd200000)
 ParOldGen       total 216064K, used 80132K [0x0000000081c00000, 0x000000008ef00000, 0x00000000d5f00000)
  object space 216064K, 37% used [0x0000000081c00000,0x0000000086a41130,0x000000008ef00000)
 Metaspace       used 23293K, capacity 23742K, committed 23984K, reserved 1071104K
  class space    used 2758K, capacity 2894K, committed 2992K, reserved 1048576K
}
Event: 27.136 GC heap before
{Heap before GC invocations=19 (full 3):
 PSYoungGen      total 559104K, used 482210K [0x00000000d5f00000, 0x00000000fd200000, 0x0000000100000000)
  eden space 476160K, 100% used [0x00000000d5f00000,0x00000000f3000000,0x00000000f3000000)
  from space 82944K, 7% used [0x00000000f3000000,0x00000000f35e8978,0x00000000f8100000)
  to   space 76288K, 0% used [0x00000000f8780000,0x00000000f8780000,0x00000000fd200000)
 ParOldGen       total 216064K, used 80132K [0x0000000081c00000, 0x000000008ef00000, 0x00000000d5f00000)
  object space 216064K, 37% used [0x0000000081c00000,0x0000000086a41130,0x000000008ef00000)
 Metaspace       used 23293K, capacity 23742K, committed 23984K, reserved 1071104K
  class space    used 2758K, capacity 2894K, committed 2992K, reserved 1048576K
Event: 27.141 GC heap after
Heap after GC invocations=19 (full 3):
 PSYoungGen      total 552448K, used 6116K [0x00000000d5f00000, 0x00000000fd200000, 0x0000000100000000)
  eden space 476160K, 0% used [0x00000000d5f00000,0x00000000d5f00000,0x00000000f3000000)
  from space 76288K, 8% used [0x00000000f8780000,0x00000000f8d791f0,0x00000000fd200000)
  to   space 82944K, 0% used [0x00000000f3000000,0x00000000f3000000,0x00000000f8100000)
 ParOldGen       total 216064K, used 80132K [0x0000000081c00000, 0x000000008ef00000, 0x00000000d5f00000)
  object space 216064K, 37% used [0x0000000081c00000,0x0000000086a41130,0x000000008ef00000)
 Metaspace       used 23293K, capacity 23742K, committed 23984K, reserved 1071104K
  class space    used 2758K, capacity 2894K, committed 2992K, reserved 1048576K
}

Deoptimization events (10 events):
Event: 26.672 Thread 0x000000001c6b1000 Uncommon trap: reason=class_check action=maybe_recompile pc=0x00000000034dcda4 method=com.sun.org.apache.xerces.internal.dom.NamedNodeMapImpl.item(I)Lorg/w3c/dom/Node; @ 33
Event: 26.672 Thread 0x000000001c6b1000 Uncommon trap: reason=unstable_if action=reinterpret pc=0x00000000034cd5c4 method=com.sun.org.apache.xml.internal.serializer.ToStream.writeAttrString(Ljava/io/Writer;Ljava/lang/String;Ljava/lang/String;)V @ 13
Event: 26.682 Thread 0x000000001c6b1000 Uncommon trap: reason=class_check action=maybe_recompile pc=0x00000000033e5bd0 method=com.sun.org.apache.xerces.internal.impl.XMLDocumentFragmentScannerImpl.scanDocument(Z)Z @ 9
Event: 26.684 Thread 0x000000001c6b1000 Uncommon trap: reason=class_check action=maybe_recompile pc=0x00000000033ddc00 method=com.sun.org.apache.xerces.internal.impl.XMLDocumentFragmentScannerImpl.scanDocument(Z)Z @ 308
Event: 27.154 Thread 0x000000001c6b1000 Uncommon trap: reason=class_check action=maybe_recompile pc=0x0000000003561b24 method=com.sun.org.apache.xerces.internal.dom.NamedNodeMapImpl.getNamedItem(Ljava/lang/String;)Lorg/w3c/dom/Node; @ 28
Event: 27.162 Thread 0x000000001c6b1000 Uncommon trap: reason=class_check action=maybe_recompile pc=0x0000000003561b24 method=com.sun.org.apache.xerces.internal.dom.NamedNodeMapImpl.getNamedItem(Ljava/lang/String;)Lorg/w3c/dom/Node; @ 28
Event: 27.181 Thread 0x000000001c6b1000 Uncommon trap: reason=unstable_if action=reinterpret pc=0x00000000034df1cc method=com.sun.org.apache.xml.internal.serializer.EncodingInfo$EncodingImpl.isInEncoding(C)Z @ 76
Event: 27.186 Thread 0x000000001c6b1000 Uncommon trap: reason=unstable_if action=reinterpret pc=0x00000000034dd7c0 method=sun.nio.cs.UTF_8$Encoder.encodeArrayLoop(Ljava/nio/CharBuffer;Ljava/nio/ByteBuffer;)Ljava/nio/charset/CoderResult; @ 166
Event: 27.186 Thread 0x000000001c6b1000 Uncommon trap: reason=unstable_if action=reinterpret pc=0x00000000034d92e8 method=sun.nio.cs.UTF_8$Encoder.encodeArrayLoop(Ljava/nio/CharBuffer;Ljava/nio/ByteBuffer;)Ljava/nio/charset/CoderResult; @ 166
Event: 27.218 Thread 0x000000001c6b1000 Uncommon trap: reason=unstable_if action=reinterpret pc=0x0000000003543614 method=com.sun.org.apache.xerces.internal.dom.ElementImpl.getAttributes()Lorg/w3c/dom/NamedNodeMap; @ 4

Classes redefined (0 events):
No events

Internal exceptions (10 events):
Event: 1.090 Thread 0x0000000002238000 Exception <a 'java/security/PrivilegedActionException'> (0x00000000d6135580) thrown at [C:\re\workspace\8-2-build-windows-amd64-cygwin\jdk8u191\11896\hotspot\src\share\vm\prims\jvm.cpp, line 1435]
Event: 1.199 Thread 0x0000000002238000 Exception <a 'java/io/FileNotFoundException'> (0x00000000d651eee8) thrown at [C:\re\workspace\8-2-build-windows-amd64-cygwin\jdk8u191\11896\hotspot\src\share\vm\prims\jni.cpp, line 709]
Event: 1.229 Thread 0x0000000002238000 Exception <a 'java/lang/NoSuchFieldError': method resolution failed> (0x00000000d65ef708) thrown at [C:\re\workspace\8-2-build-windows-amd64-cygwin\jdk8u191\11896\hotspot\src\share\vm\prims\methodHandles.cpp, line 1167]
Event: 1.230 Thread 0x0000000002238000 Exception <a 'java/lang/NoSuchFieldError': method resolution failed> (0x00000000d65fca78) thrown at [C:\re\workspace\8-2-build-windows-amd64-cygwin\jdk8u191\11896\hotspot\src\share\vm\prims\methodHandles.cpp, line 1167]
Event: 1.374 Thread 0x0000000019fc3000 Exception <a 'java/io/FileNotFoundException'> (0x00000000d68143e8) thrown at [C:\re\workspace\8-2-build-windows-amd64-cygwin\jdk8u191\11896\hotspot\src\share\vm\prims\jni.cpp, line 709]
Event: 1.405 Thread 0x0000000019fc3000 Implicit null exception at 0x0000000002bd6d16 to 0x0000000002bd71bd
Event: 1.534 Thread 0x0000000019fc3000 Exception <a 'java/lang/NoSuchMethodError': java.lang.Object.lambda$comparing$77a9974f$1(Ljava/util/function/Function;Ljava/lang/Object;Ljava/lang/Object;)I> (0x00000000d6d0c5d0) thrown at [C:\re\workspace\8-2-build-windows-amd64-cygwin\jdk8u191\11896\hot
Event: 1.536 Thread 0x0000000019fc3000 Exception <a 'java/lang/NoSuchMethodError': java.lang.Object.lambda$maxBy$1(Ljava/util/Comparator;Ljava/lang/Object;Ljava/lang/Object;)Ljava/lang/Object;> (0x00000000d6d18630) thrown at [C:\re\workspace\8-2-build-windows-amd64-cygwin\jdk8u191\11896\hotspo
Event: 25.743 Thread 0x000000001768b800 Exception <a 'java/net/SocketException': Socket closed> (0x00000000d8c59ec8) thrown at [C:\re\workspace\8-2-build-windows-amd64-cygwin\jdk8u191\11896\hotspot\src\share\vm\prims\jni.cpp, line 735]
Event: 27.181 Thread 0x000000001c6b1000 Implicit null exception at 0x00000000034de986 to 0x00000000034df1a5

Events (10 events):
Event: 27.236 Thread 0x00000000189bd800 flushing nmethod 0x0000000002efe4d0
Event: 27.236 Thread 0x00000000189bd800 flushing nmethod 0x0000000002f10750
Event: 27.244 Thread 0x00000000189b4000 flushing nmethod 0x0000000002f71410
Event: 27.245 Thread 0x00000000189b4000 flushing nmethod 0x0000000002f843d0
Event: 27.245 Thread 0x00000000189b4000 flushing nmethod 0x0000000002fe6210
Event: 27.245 Thread 0x00000000189b4000 flushing nmethod 0x0000000002ff61d0
Event: 27.245 Thread 0x00000000189b4000 flushing nmethod 0x0000000002ff7450
Event: 27.245 Thread 0x00000000189b4000 flushing nmethod 0x000000000305e6d0
Event: 27.246 Thread 0x000000001c6b1000 DEOPT PACKING pc=0x0000000002e4ada6 sp=0x000000001fdeebf0
Event: 27.246 Thread 0x000000001c6b1000 DEOPT UNPACKING pc=0x00000000029f7890 sp=0x000000001fdee9e8 mode 0


Dynamic libraries:
0x000000013f130000 - 0x000000013f167000 	C:\Program Files\Java\jdk1.8.0_191\jre\bin\java.exe
0x00000000779f0000 - 0x0000000077b8f000 	C:\Windows\SYSTEM32\ntdll.dll
0x00000000778d0000 - 0x00000000779ef000 	C:\Windows\system32\kernel32.dll
0x000007fefda20000 - 0x000007fefda8a000 	C:\Windows\system32\KERNELBASE.dll
0x000007feffbb0000 - 0x000007feffc8b000 	C:\Windows\system32\ADVAPI32.dll
0x000007fefe370000 - 0x000007fefe40f000 	C:\Windows\system32\msvcrt.dll
0x000007feffc90000 - 0x000007feffcaf000 	C:\Windows\SYSTEM32\sechost.dll
0x000007feff780000 - 0x000007feff8ac000 	C:\Windows\system32\RPCRT4.dll
0x00000000777d0000 - 0x00000000778ca000 	C:\Windows\system32\USER32.dll
0x000007fefdcc0000 - 0x000007fefdd27000 	C:\Windows\system32\GDI32.dll
0x000007feff770000 - 0x000007feff77e000 	C:\Windows\system32\LPK.dll
0x000007feffae0000 - 0x000007feffbab000 	C:\Windows\system32\USP10.dll
0x000007fefc330000 - 0x000007fefc524000 	C:\Windows\WinSxS\amd64_microsoft.windows.common-controls_6595b64144ccf1df_6.0.7601.18837_none_fa3b1e3d17594757\COMCTL32.dll
0x000007fefe410000 - 0x000007fefe481000 	C:\Windows\system32\SHLWAPI.dll
0x000007feffab0000 - 0x000007feffade000 	C:\Windows\system32\IMM32.DLL
0x000007fefe4a0000 - 0x000007fefe5a9000 	C:\Windows\system32\MSCTF.dll
0x0000000056810000 - 0x00000000568e2000 	C:\Program Files\Java\jdk1.8.0_191\jre\bin\msvcr100.dll
0x0000000055560000 - 0x0000000055e04000 	C:\Program Files\Java\jdk1.8.0_191\jre\bin\server\jvm.dll
0x000007fef9630000 - 0x000007fef9639000 	C:\Windows\system32\WSOCK32.dll
0x000007feff720000 - 0x000007feff76d000 	C:\Windows\system32\WS2_32.dll
0x000007fefe490000 - 0x000007fefe498000 	C:\Windows\system32\NSI.dll
0x000007fefb700000 - 0x000007fefb73b000 	C:\Windows\system32\WINMM.dll
0x000007fefc9f0000 - 0x000007fefc9fc000 	C:\Windows\system32\VERSION.dll
0x0000000077ba0000 - 0x0000000077ba7000 	C:\Windows\system32\PSAPI.DLL
0x000000005e190000 - 0x000000005e19f000 	C:\Program Files\Java\jdk1.8.0_191\jre\bin\verify.dll
0x00000000567e0000 - 0x0000000056809000 	C:\Program Files\Java\jdk1.8.0_191\jre\bin\java.dll
0x000000005fca0000 - 0x000000005fcd5000 	C:\Program Files\Java\jdk1.8.0_191\jre\bin\jdwp.dll
0x000000006e6b0000 - 0x000000006e6b8000 	C:\Program Files\Java\jdk1.8.0_191\jre\bin\npt.dll
0x0000000056c50000 - 0x0000000056c66000 	C:\Program Files\Java\jdk1.8.0_191\jre\bin\zip.dll
0x000007fefe630000 - 0x000007feff3bb000 	C:\Windows\system32\SHELL32.dll
0x000007feff8b0000 - 0x000007feffaac000 	C:\Windows\system32\ole32.dll
0x000007fefd8b0000 - 0x000007fefd8bf000 	C:\Windows\system32\profapi.dll
0x00000000645f0000 - 0x00000000645fb000 	C:\Program Files\Java\jdk1.8.0_191\jre\bin\dt_shmem.dll
0x0000000056600000 - 0x0000000056799000 	C:\Program Files\Java\jdk1.8.0_191\jre\bin\awt.dll
0x000007feff3c0000 - 0x000007feff49a000 	C:\Windows\system32\OLEAUT32.dll
0x000007fefc2d0000 - 0x000007fefc326000 	C:\Windows\system32\uxtheme.dll
0x000007fefbb30000 - 0x000007fefbb48000 	C:\Windows\system32\dwmapi.dll
0x000007fefd7e0000 - 0x000007fefd7ef000 	C:\Windows\system32\CRYPTBASE.dll
0x000007feecec0000 - 0x000007feecfdd000 	C:\Windows\system32\opengl32.dll
0x000007fef3030000 - 0x000007fef305d000 	C:\Windows\system32\GLU32.dll
0x000007feecc30000 - 0x000007feecd21000 	C:\Windows\system32\DDRAW.dll
0x000007fef3020000 - 0x000007fef3028000 	C:\Windows\system32\DCIMAN32.dll
0x000007feff540000 - 0x000007feff717000 	C:\Windows\system32\SETUPAPI.dll
0x000007fefdb10000 - 0x000007fefdb46000 	C:\Windows\system32\CFGMGR32.dll
0x000007fefd960000 - 0x000007fefd97a000 	C:\Windows\system32\DEVOBJ.dll
0x00000000567c0000 - 0x00000000567da000 	C:\Program Files\Java\jdk1.8.0_191\jre\bin\net.dll
0x000007fefd0c0000 - 0x000007fefd115000 	C:\Windows\system32\mswsock.dll
0x000007fefd0b0000 - 0x000007fefd0b7000 	C:\Windows\System32\wship6.dll
0x000007fefd120000 - 0x000007fefd138000 	C:\Windows\system32\CRYPTSP.dll
0x000007fefce20000 - 0x000007fefce67000 	C:\Windows\system32\rsaenh.dll
0x000007fefcbd0000 - 0x000007fefcbee000 	C:\Windows\system32\USERENV.dll
0x000007fefb080000 - 0x000007fefb0a7000 	C:\Windows\system32\IPHLPAPI.DLL
0x000007fefb060000 - 0x000007fefb06b000 	C:\Windows\system32\WINNSI.DLL
0x000007fefab50000 - 0x000007fefab61000 	C:\Windows\system32\dhcpcsvc6.DLL
0x000007fefaad0000 - 0x000007fefaae8000 	C:\Windows\system32\dhcpcsvc.DLL
0x00000000567a0000 - 0x00000000567b1000 	C:\Program Files\Java\jdk1.8.0_191\jre\bin\nio.dll
0x0000000056530000 - 0x0000000056554000 	C:\Program Files\Java\jdk1.8.0_191\jre\bin\sunec.dll
0x00000000565b0000 - 0x00000000565f7000 	C:\Program Files\Java\jdk1.8.0_191\jre\bin\fontmanager.dll
0x0000000056560000 - 0x00000000565a2000 	C:\Program Files\Java\jdk1.8.0_191\jre\bin\t2k.dll
0x000007feff4a0000 - 0x000007feff539000 	C:\Windows\system32\CLBCatQ.DLL
0x000007fefb9c0000 - 0x000007fefbb21000 	C:\Windows\system32\WindowsCodecs.dll
0x000007fefd780000 - 0x000007fefd7d7000 	C:\Windows\system32\apphelp.dll
0x000007fef2290000 - 0x000007fef24a4000 	C:\PROGRA~1\MICROS~2\Office16\GROOVEEX.DLL
0x000007fef9fb0000 - 0x000007fef9fc9000 	C:\Windows\system32\VCRUNTIME140.dll
0x000007fef9fa0000 - 0x000007fef9fa4000 	C:\Windows\system32\api-ms-win-crt-runtime-l1-1-0.dll
0x000007fee6420000 - 0x000007fee6516000 	C:\Program Files\Java\jdk1.8.0_191\jre\bin\ucrtbase.DLL
0x000007fef4bc0000 - 0x000007fef4bc3000 	C:\Program Files\Java\jdk1.8.0_191\jre\bin\api-ms-win-core-timezone-l1-1-0.dll
0x000007fef4bb0000 - 0x000007fef4bb3000 	C:\Program Files\Java\jdk1.8.0_191\jre\bin\api-ms-win-core-file-l2-1-0.dll
0x000007fef4a40000 - 0x000007fef4a43000 	C:\Program Files\Java\jdk1.8.0_191\jre\bin\api-ms-win-core-localization-l1-2-0.dll
0x000007fef4a30000 - 0x000007fef4a33000 	C:\Program Files\Java\jdk1.8.0_191\jre\bin\api-ms-win-core-synch-l1-2-0.dll
0x000007feece20000 - 0x000007feece23000 	C:\Program Files\Java\jdk1.8.0_191\jre\bin\api-ms-win-core-processthreads-l1-1-1.dll
0x000007feec660000 - 0x000007feec663000 	C:\Program Files\Java\jdk1.8.0_191\jre\bin\api-ms-win-core-file-l1-2-0.dll
0x000007fef9e30000 - 0x000007fef9e33000 	C:\Windows\system32\api-ms-win-crt-heap-l1-1-0.dll
0x000007fef9e20000 - 0x000007fef9e24000 	C:\Windows\system32\api-ms-win-crt-string-l1-1-0.dll
0x000007fef9e10000 - 0x000007fef9e14000 	C:\Windows\system32\api-ms-win-crt-stdio-l1-1-0.dll
0x000007fef9e00000 - 0x000007fef9e04000 	C:\Windows\system32\api-ms-win-crt-convert-l1-1-0.dll
0x000007fef9d00000 - 0x000007fef9d92000 	C:\Windows\system32\MSVCP140.dll
0x000007fef9cf0000 - 0x000007fef9cfc000 	C:\Windows\system32\VCRUNTIME140_1.dll
0x000007fef9ce0000 - 0x000007fef9ce3000 	C:\Windows\system32\api-ms-win-crt-locale-l1-1-0.dll
0x000007fef9db0000 - 0x000007fef9db3000 	C:\Windows\system32\api-ms-win-crt-filesystem-l1-1-0.dll
0x000007fef9de0000 - 0x000007fef9de3000 	C:\Windows\system32\api-ms-win-crt-time-l1-1-0.dll
0x000007fef9df0000 - 0x000007fef9df3000 	C:\Windows\system32\api-ms-win-crt-environment-l1-1-0.dll
0x000007fef9dc0000 - 0x000007fef9dc5000 	C:\Windows\system32\api-ms-win-crt-math-l1-1-0.dll
0x000007fef9dd0000 - 0x000007fef9dd3000 	C:\Windows\system32\api-ms-win-crt-utility-l1-1-0.dll
0x000007fef4f10000 - 0x000007fef522e000 	C:\Windows\system32\msi.dll
0x000007fef3b50000 - 0x000007fef43d6000 	C:\PROGRA~1\MICROS~2\Office16\1049\GrooveIntlResource.dll
0x000007fef3b10000 - 0x000007fef3b45000 	C:\Windows\system32\EhStorShell.dll
0x000007fefbc20000 - 0x000007fefbd4c000 	C:\Windows\system32\PROPSYS.dll
0x000007fef3a90000 - 0x000007fef3b0e000 	C:\Windows\System32\cscui.dll
0x000007fef8650000 - 0x000007fef865c000 	C:\Windows\System32\CSCDLL.dll
0x000007fef70c0000 - 0x000007fef70cf000 	C:\Windows\system32\CSCAPI.dll
0x000007fef3a10000 - 0x000007fef3a90000 	C:\Windows\system32\ntshrui.dll
0x000007fefd3f0000 - 0x000007fefd413000 	C:\Windows\system32\srvcli.dll
0x000007fefb4f0000 - 0x000007fefb4fb000 	C:\Windows\system32\slc.dll
0x0000000056500000 - 0x000000005652a000 	C:\Program Files\Java\jdk1.8.0_191\jre\bin\dcpr.dll

VM Arguments:
jvm_args: -Xdebug -Xrunjdwp:transport=dt_shmem,address=javadebug -Dfile.encoding=UTF-8 
java_command: Main.Main
java_class_path (initial): C:\Users\Nazarov\Documents\NetBeansProjects\ConfiguratorGrigoriy\lib\activation-1.1.1.jar;C:\Users\Nazarov\Documents\NetBeansProjects\ConfiguratorGrigoriy\lib\commons-codec-1.11.jar;C:\Users\Nazarov\Documents\NetBeansProjects\ConfiguratorGrigoriy\lib\commons-collections4-4.2.jar;C:\Users\Nazarov\Documents\NetBeansProjects\ConfiguratorGrigoriy\lib\junit-4.10.jar;C:\Users\Nazarov\Documents\NetBeansProjects\ConfiguratorGrigoriy\lib\junit-4.12.jar;C:\Users\Nazarov\Documents\NetBeansProjects\ConfiguratorGrigoriy\lib\luaj-jse-3.0.1.jar;C:\Users\Nazarov\Documents\NetBeansProjects\ConfiguratorGrigoriy\lib\luajava-1.1.jar;C:\Users\Nazarov\Documents\NetBeansProjects\ConfiguratorGrigoriy\lib\poi-4.0.1.jar;C:\Users\Nazarov\Documents\NetBeansProjects\ConfiguratorGrigoriy\lib\postgresql-42.2.5.jar;C:\Program Files\NetBeans 8.0\java\modules\ext\AbsoluteLayout.jar;C:\Users\Nazarov\Documents\NetBeansProjects\ConfiguratorGrigoriy\lib\commons-compress-1.18.jar;C:\Users\Nazarov\Documents\NetBeansProjects\ConfiguratorGrigoriy\lib\poi-ooxml-4.0.1.jar;C:\Users\Nazarov\Documents\NetBeansProjects\ConfiguratorGrigoriy\lib\poi-ooxml-schemas-4.0.1.jar;C:\Users\Nazarov\Documents\NetBeansProjects\ConfiguratorGrigoriy\lib\xmlbeans-3.0.2.jar;C:\Users\Nazarov\Documents\NetBeansProjects\ConfiguratorGrigoriy\build\classes
Launcher Type: SUN_STANDARD

Environment Variables:
PATH=C:\Program Files (x86)\Common Files\Oracle\Java\javapath;C:\Program Files (x86)\Intel\iCLS Client\;C:\Program Files\Intel\iCLS Client\;C:\Windows\system32;C:\Windows;C:\Windows\System32\Wbem;C:\Windows\System32\WindowsPowerShell\v1.0\;C:\Program Files (x86)\Intel\UCRT\;C:\Program Files\Intel\UCRT\;C:\Program Files (x86)\Intel\Intel(R) Management Engine Components\DAL;C:\Program Files\Intel\Intel(R) Management Engine Components\DAL;C:\Program Files (x86)\Intel\Intel(R) Management Engine Components\IPT;C:\Program Files\Intel\Intel(R) Management Engine Components\IPT;C:\Program Files\Windows Imaging\;C:\Program Files (x86)\STMicroelectronics\STM32 ST-LINK Utility\ST-LINK Utility;C:\adb;C:\Program Files\dotnet\;C:\Program Files (x86)\Common Files\Oracle\Java\javapath;C:\Program Files (x86)\Intel\iCLS Client\;C:\Program Files\Intel\iCLS Client\;C:\Windows\system32;C:\Windows;C:\Windows\System32\Wbem;C:\Windows\System32\WindowsPowerShell\v1.0\;C:\Program Files (x86)\Intel\UCRT\;C:\Program Files\Intel\UCRT\;C:\Program Files (x86)\Intel\Intel(R) Management Engine Components\DAL;C:\Program Files\Intel\Intel(R) Management Engine Components\DAL;C:\Program Files (x86)\Intel\Intel(R) Management Engine Components\IPT;C:\Program Files\Intel\Intel(R) Management Engine Components\IPT;C:\Users\Nazarov\AppData\Local\Programs\Git\cmd
USERNAME=nazarov
OS=Windows_NT
PROCESSOR_IDENTIFIER=Intel64 Family 6 Model 94 Stepping 3, GenuineIntel



---------------  S Y S T E M  ---------------

OS: Windows 7 , 64 bit Build 7601 (6.1.7601.24384)

CPU:total 4 (initial active 4) (2 cores per cpu, 2 threads per core) family 6 model 94 stepping 3, cmov, cx8, fxsr, mmx, sse, sse2, sse3, ssse3, sse4.1, sse4.2, popcnt, avx, avx2, aes, clmul, erms, 3dnowpref, lzcnt, ht, tsc, tscinvbit, bmi1, bmi2, adx

Memory: 4k page, physical 8273880k(2989784k free), swap 8271976k(5160k free)

vm_info: Java HotSpot(TM) 64-Bit Server VM (25.191-b12) for windows-amd64 JRE (1.8.0_191-b12), built on Oct  6 2018 09:29:03 by "java_re" with MS VC++ 10.0 (VS2010)

time: Tue Aug 10 15:05:47 2021
elapsed time: 27 seconds (0d 0h 0m 27s)

