#
# There is insufficient memory for the Java Runtime Environment to continue.
# Native memory allocation (malloc) failed to allocate 32744 bytes for ChunkPool::allocate
# Possible reasons:
#   The system is out of physical RAM or swap space
#   In 32 bit mode, the process size limit was hit
# Possible solutions:
#   Reduce memory load on the system
#   Increase physical memory or swap space
#   Check if swap backing store is full
#   Use 64 bit Java on a 64 bit OS
#   Decrease Java heap size (-Xmx/-Xms)
#   Decrease number of Java threads
#   Decrease Java thread stack sizes (-Xss)
#   Set larger code cache with -XX:ReservedCodeCacheSize=
# This output file may be truncated or incomplete.
#
#  Out of Memory Error (allocation.cpp:273), pid=5588, tid=0x0000000000000f84
#
# JRE version: Java(TM) SE Runtime Environment (8.0_191-b12) (build 1.8.0_191-b12)
# Java VM: Java HotSpot(TM) 64-Bit Server VM (25.191-b12 mixed mode windows-amd64 compressed oops)
# Failed to write core dump. Minidumps are not enabled by default on client versions of Windows
#

---------------  T H R E A D  ---------------

Current thread (0x00000000189bb000):  JavaThread "C2 CompilerThread0" daemon [_thread_in_native, id=3972, stack(0x0000000018dd0000,0x0000000018ed0000)]

Stack: [0x0000000018dd0000,0x0000000018ed0000]
[error occurred during error reporting (printing stack bounds), id 0xc0000005]

Native frames: (J=compiled Java code, j=interpreted, Vv=VM code, C=native code)


Current CompileTask:
C2:  39791 1493       4       java.awt.Container::findComponentAtImpl (161 bytes)


---------------  P R O C E S S  ---------------

Java Threads: ( => current thread )
  0x0000000019c6a800 JavaThread "Swing-Shell" daemon [_thread_blocked, id=6464, stack(0x000000001d320000,0x000000001d420000)]
  0x0000000019c0a000 JavaThread "TimerQueue" daemon [_thread_blocked, id=1632, stack(0x000000001c6f0000,0x000000001c7f0000)]
  0x000000000230e800 JavaThread "DestroyJavaVM" [_thread_blocked, id=4648, stack(0x0000000002310000,0x0000000002410000)]
  0x0000000019a34000 JavaThread "AWT-EventQueue-0" [_thread_blocked, id=9848, stack(0x000000001b5d0000,0x000000001b6d0000)]
  0x00000000199f1000 JavaThread "AWT-Windows" daemon [_thread_in_native, id=9348, stack(0x000000001a4e0000,0x000000001a5e0000)]
  0x00000000199f0800 JavaThread "AWT-Shutdown" [_thread_blocked, id=5952, stack(0x000000001a280000,0x000000001a380000)]
  0x0000000019a1c800 JavaThread "Java2D Disposer" daemon [_thread_blocked, id=4628, stack(0x0000000019440000,0x0000000019540000)]
  0x00000000189cc000 JavaThread "Service Thread" daemon [_thread_blocked, id=9820, stack(0x00000000197a0000,0x00000000198a0000)]
  0x00000000189c2000 JavaThread "C1 CompilerThread2" daemon [_thread_blocked, id=3092, stack(0x0000000019570000,0x0000000019670000)]
  0x00000000189c1800 JavaThread "C2 CompilerThread1" daemon [_thread_blocked, id=8216, stack(0x0000000019340000,0x0000000019440000)]
=>0x00000000189bb000 JavaThread "C2 CompilerThread0" daemon [_thread_in_native, id=3972, stack(0x0000000018dd0000,0x0000000018ed0000)]
  0x00000000189ba000 JavaThread "Attach Listener" daemon [_thread_blocked, id=5788, stack(0x0000000019120000,0x0000000019220000)]
  0x00000000189b8800 JavaThread "Signal Dispatcher" daemon [_thread_blocked, id=6620, stack(0x0000000018f70000,0x0000000019070000)]
  0x000000001773f800 JavaThread "Finalizer" daemon [_thread_blocked, id=5372, stack(0x00000000188b0000,0x00000000189b0000)]
  0x0000000017738800 JavaThread "Reference Handler" daemon [_thread_blocked, id=576, stack(0x00000000186f0000,0x00000000187f0000)]

Other Threads:
  0x00000000176f1800 VMThread [stack: 0x0000000018530000,0x0000000018630000] [id=10068]
  0x00000000189d0800 WatcherThread [stack: 0x00000000198a0000,0x00000000199a0000] [id=4424]

VM state:not at safepoint (normal execution)

VM Mutex/Monitor currently owned by a thread: None

Heap:
 PSYoungGen      total 38400K, used 29710K [0x00000000d5f00000, 0x00000000d8980000, 0x0000000100000000)
  eden space 33280K, 89% used [0x00000000d5f00000,0x00000000d7c03a90,0x00000000d7f80000)
  from space 5120K, 0% used [0x00000000d8480000,0x00000000d8480000,0x00000000d8980000)
  to   space 5120K, 0% used [0x00000000d7f80000,0x00000000d7f80000,0x00000000d8480000)
 ParOldGen       total 87552K, used 0K [0x0000000081c00000, 0x0000000087180000, 0x00000000d5f00000)
  object space 87552K, 0% used [0x0000000081c00000,0x0000000081c00000,0x0000000087180000)
 Metaspace       used 18701K, capacity 18892K, committed 19072K, reserved 1067008K
  class space    used 2287K, capacity 2362K, committed 2432K, reserved 1048576K

Card table byte_map: [0x0000000011bc0000,0x0000000011fc0000] byte_map_base: 0x00000000117b2000

Marking Bits: (ParMarkBitMap*) 0x0000000053843e30
 Begin Bits: [0x0000000012a40000, 0x00000000149d0000)
 End Bits:   [0x00000000149d0000, 0x0000000016960000)

Polling page: 0x0000000000240000

CodeCache: size=245760Kb used=4833Kb max_used=4833Kb free=240926Kb
 bounds [0x0000000002800000, 0x0000000002cc0000, 0x0000000011800000]
 total_blobs=2033 nmethods=1493 adapters=452
 compilation: enabled

Compilation events (10 events):
Event: 10.442 Thread 0x00000000189c2000 1489       3       sun.util.locale.LocaleUtils::caseIgnoreMatch (73 bytes)
Event: 10.442 Thread 0x00000000189c2000 nmethod 1489 0x0000000002cb6f90 code [0x0000000002cb71a0, 0x0000000002cb7dd8]
Event: 10.442 Thread 0x00000000189c2000 1488       3       java.util.Collections::emptyList (4 bytes)
Event: 10.443 Thread 0x00000000189c2000 nmethod 1488 0x0000000002cb4e50 code [0x0000000002cb4fa0, 0x0000000002cb50d0]
Event: 10.444 Thread 0x00000000189c2000 1491       3       sun.java2d.SunGraphics2D::dispose (12 bytes)
Event: 10.444 Thread 0x00000000189c2000 nmethod 1491 0x0000000002cb3b10 code [0x0000000002cb3c80, 0x0000000002cb3ea8]
Event: 10.640 Thread 0x00000000189c2000 1492   !   3       sun.awt.AWTAutoShutdown::notifyThreadFree (74 bytes)
Event: 10.640 Thread 0x00000000189c2000 nmethod 1492 0x0000000002cb8390 code [0x0000000002cb8540, 0x0000000002cb8c28]
Event: 39.783 Thread 0x00000000189bb000 1493       4       java.awt.Container::findComponentAtImpl (161 bytes)
Event: 39.783 Thread 0x00000000189c2000 1494       3       sun.awt.windows.WComponentPeer::handleEvent (173 bytes)

GC Heap History (0 events):
No events

Deoptimization events (9 events):
Event: 0.469 Thread 0x000000000230e800 Uncommon trap: reason=class_check action=maybe_recompile pc=0x000000000297a120 method=java.lang.String.equals(Ljava/lang/Object;)Z @ 8
Event: 0.471 Thread 0x000000000230e800 Uncommon trap: reason=class_check action=maybe_recompile pc=0x000000000297a120 method=java.lang.String.equals(Ljava/lang/Object;)Z @ 8
Event: 0.471 Thread 0x000000000230e800 Uncommon trap: reason=class_check action=maybe_recompile pc=0x000000000297a120 method=java.lang.String.equals(Ljava/lang/Object;)Z @ 8
Event: 0.472 Thread 0x000000000230e800 Uncommon trap: reason=class_check action=maybe_recompile pc=0x000000000297a120 method=java.lang.String.equals(Ljava/lang/Object;)Z @ 8
Event: 3.077 Thread 0x0000000019a34000 Uncommon trap: reason=unstable_if action=reinterpret pc=0x00000000029d8c40 method=java.lang.CharacterData.of(I)Ljava/lang/CharacterData; @ 4
Event: 3.078 Thread 0x0000000019a34000 Uncommon trap: reason=unstable_if action=reinterpret pc=0x0000000002a18198 method=sun.nio.cs.UTF_8$Encoder.encode([CII[B)I @ 33
Event: 7.552 Thread 0x0000000019a34000 Uncommon trap: reason=unstable_if action=reinterpret pc=0x0000000002a69e6c method=java.util.HashMap.putVal(ILjava/lang/Object;Ljava/lang/Object;ZZ)Ljava/lang/Object; @ 162
Event: 7.552 Thread 0x0000000019a34000 Uncommon trap: reason=unstable_if action=reinterpret pc=0x0000000002a6805c method=java.util.HashMap.getNode(ILjava/lang/Object;)Ljava/util/HashMap$Node; @ 84
Event: 7.552 Thread 0x0000000019a34000 Uncommon trap: reason=unstable_if action=reinterpret pc=0x0000000002a3faf8 method=java.util.HashMap.getNode(ILjava/lang/Object;)Ljava/util/HashMap$Node; @ 84

Classes redefined (0 events):
No events

Internal exceptions (10 events):
Event: 0.022 Thread 0x000000000230e800 Exception <a 'java/lang/NoSuchMethodError': Method sun.misc.Unsafe.prefetchRead(Ljava/lang/Object;J)V name or signature does not match> (0x00000000d5f07f98) thrown at [C:\re\workspace\8-2-build-windows-amd64-cygwin\jdk8u191\11896\hotspot\src\share\vm\prim
Event: 0.050 Thread 0x000000000230e800 Exception <a 'java/io/FileNotFoundException'> (0x00000000d5f5a738) thrown at [C:\re\workspace\8-2-build-windows-amd64-cygwin\jdk8u191\11896\hotspot\src\share\vm\prims\jni.cpp, line 709]
Event: 0.088 Thread 0x000000000230e800 Exception <a 'java/security/PrivilegedActionException'> (0x00000000d60b1970) thrown at [C:\re\workspace\8-2-build-windows-amd64-cygwin\jdk8u191\11896\hotspot\src\share\vm\prims\jvm.cpp, line 1435]
Event: 0.088 Thread 0x000000000230e800 Exception <a 'java/security/PrivilegedActionException'> (0x00000000d60b1b80) thrown at [C:\re\workspace\8-2-build-windows-amd64-cygwin\jdk8u191\11896\hotspot\src\share\vm\prims\jvm.cpp, line 1435]
Event: 0.088 Thread 0x000000000230e800 Exception <a 'java/security/PrivilegedActionException'> (0x00000000d60b5a90) thrown at [C:\re\workspace\8-2-build-windows-amd64-cygwin\jdk8u191\11896\hotspot\src\share\vm\prims\jvm.cpp, line 1435]
Event: 0.088 Thread 0x000000000230e800 Exception <a 'java/security/PrivilegedActionException'> (0x00000000d60b5ca0) thrown at [C:\re\workspace\8-2-build-windows-amd64-cygwin\jdk8u191\11896\hotspot\src\share\vm\prims\jvm.cpp, line 1435]
Event: 0.092 Thread 0x000000000230e800 Exception <a 'java/io/FileNotFoundException'> (0x00000000d60be8c0) thrown at [C:\re\workspace\8-2-build-windows-amd64-cygwin\jdk8u191\11896\hotspot\src\share\vm\prims\jni.cpp, line 709]
Event: 0.117 Thread 0x000000000230e800 Exception <a 'java/lang/NoSuchFieldError': method resolution failed> (0x00000000d618f080) thrown at [C:\re\workspace\8-2-build-windows-amd64-cygwin\jdk8u191\11896\hotspot\src\share\vm\prims\methodHandles.cpp, line 1167]
Event: 0.118 Thread 0x000000000230e800 Exception <a 'java/lang/NoSuchFieldError': method resolution failed> (0x00000000d619c460) thrown at [C:\re\workspace\8-2-build-windows-amd64-cygwin\jdk8u191\11896\hotspot\src\share\vm\prims\methodHandles.cpp, line 1167]
Event: 0.175 Thread 0x000000000230e800 Exception <a 'java/io/FileNotFoundException'> (0x00000000d6337f30) thrown at [C:\re\workspace\8-2-build-windows-amd64-cygwin\jdk8u191\11896\hotspot\src\share\vm\prims\jni.cpp, line 709]

Events (10 events):
Event: 7.719 loading class org/apache/poi/hssf/usermodel/HSSFRow$CellIterator
Event: 7.719 loading class org/apache/poi/hssf/usermodel/HSSFRow$CellIterator done
Event: 7.719 loading class org/apache/poi/hssf/usermodel/HSSFRow$1
Event: 7.719 loading class org/apache/poi/hssf/usermodel/HSSFRow$1 done
Event: 7.720 loading class basepostgresluaxls/ReadWriteExel$1
Event: 7.720 loading class basepostgresluaxls/ReadWriteExel$1 done
Event: 8.679 Thread 0x0000000019c29000 Thread exited: 0x0000000019c29000
Event: 8.679 Thread 0x0000000019c3a800 Thread exited: 0x0000000019c3a800
Event: 8.680 Thread 0x0000000019c3b800 Thread exited: 0x0000000019c3b800
Event: 8.680 Thread 0x0000000019c3e000 Thread exited: 0x0000000019c3e000


Dynamic libraries:
0x000000013fd50000 - 0x000000013fd87000 	C:\Program Files\Java\jdk1.8.0_191\bin\java.exe
0x0000000077930000 - 0x0000000077ada000 	C:\Windows\SYSTEM32\ntdll.dll
0x0000000077710000 - 0x000000007782f000 	C:\Windows\system32\kernel32.dll
0x000007fefdba0000 - 0x000007fefdc0a000 	C:\Windows\system32\KERNELBASE.dll
0x000007feffa80000 - 0x000007feffb5b000 	C:\Windows\system32\ADVAPI32.dll
0x000007fefdcf0000 - 0x000007fefdd8f000 	C:\Windows\system32\msvcrt.dll
0x000007fefede0000 - 0x000007fefedff000 	C:\Windows\SYSTEM32\sechost.dll
0x000007fefecb0000 - 0x000007fefeddd000 	C:\Windows\system32\RPCRT4.dll
0x0000000077830000 - 0x000000007792a000 	C:\Windows\system32\USER32.dll
0x000007fefee10000 - 0x000007fefee77000 	C:\Windows\system32\GDI32.dll
0x000007fefee00000 - 0x000007fefee0e000 	C:\Windows\system32\LPK.dll
0x000007feff4f0000 - 0x000007feff5bb000 	C:\Windows\system32\USP10.dll
0x000007fefc2f0000 - 0x000007fefc4e4000 	C:\Windows\WinSxS\amd64_microsoft.windows.common-controls_6595b64144ccf1df_6.0.7601.18837_none_fa3b1e3d17594757\COMCTL32.dll
0x000007feff800000 - 0x000007feff871000 	C:\Windows\system32\SHLWAPI.dll
0x000007feff220000 - 0x000007feff24e000 	C:\Windows\system32\IMM32.DLL
0x000007feff3e0000 - 0x000007feff4e9000 	C:\Windows\system32\MSCTF.dll
0x000000005f180000 - 0x000000005f252000 	C:\Program Files\Java\jdk1.8.0_191\jre\bin\msvcr100.dll
0x0000000053020000 - 0x00000000538c4000 	C:\Program Files\Java\jdk1.8.0_191\jre\bin\server\jvm.dll
0x000007fef90b0000 - 0x000007fef90b9000 	C:\Windows\system32\WSOCK32.dll
0x000007feff310000 - 0x000007feff35d000 	C:\Windows\system32\WS2_32.dll
0x000007feff210000 - 0x000007feff218000 	C:\Windows\system32\NSI.dll
0x000007fefb730000 - 0x000007fefb76b000 	C:\Windows\system32\WINMM.dll
0x000007fefc980000 - 0x000007fefc98c000 	C:\Windows\system32\VERSION.dll
0x0000000077af0000 - 0x0000000077af7000 	C:\Windows\system32\PSAPI.DLL
0x000000006f240000 - 0x000000006f24f000 	C:\Program Files\Java\jdk1.8.0_191\jre\bin\verify.dll
0x000000006edf0000 - 0x000000006ee19000 	C:\Program Files\Java\jdk1.8.0_191\jre\bin\java.dll
0x00000000688f0000 - 0x0000000068906000 	C:\Program Files\Java\jdk1.8.0_191\jre\bin\zip.dll
0x000007fefdf20000 - 0x000007fefecab000 	C:\Windows\system32\SHELL32.dll
0x000007feff880000 - 0x000007feffa7c000 	C:\Windows\system32\ole32.dll
0x000007fefd840000 - 0x000007fefd84f000 	C:\Windows\system32\profapi.dll
0x000000005efe0000 - 0x000000005f179000 	C:\Program Files\Java\jdk1.8.0_191\jre\bin\awt.dll
0x000007feffb60000 - 0x000007feffc3a000 	C:\Windows\system32\OLEAUT32.dll
0x000007fefc290000 - 0x000007fefc2e6000 	C:\Windows\system32\uxtheme.dll
0x000007fefbaf0000 - 0x000007fefbb08000 	C:\Windows\system32\dwmapi.dll
0x000007fefd770000 - 0x000007fefd77f000 	C:\Windows\system32\CRYPTBASE.dll
0x0000000068860000 - 0x00000000688a7000 	C:\Program Files\Java\jdk1.8.0_191\jre\bin\fontmanager.dll
0x000007feee380000 - 0x000007feee49d000 	C:\Windows\system32\opengl32.dll
0x000007feee610000 - 0x000007feee63d000 	C:\Windows\system32\GLU32.dll
0x000007feedf80000 - 0x000007feee071000 	C:\Windows\system32\DDRAW.dll
0x000007feee600000 - 0x000007feee608000 	C:\Windows\system32\DCIMAN32.dll
0x000007feff5c0000 - 0x000007feff797000 	C:\Windows\system32\SETUPAPI.dll
0x000007fefdb60000 - 0x000007fefdb96000 	C:\Windows\system32\CFGMGR32.dll
0x000007fefdb00000 - 0x000007fefdb1a000 	C:\Windows\system32\DEVOBJ.dll
0x00000000688d0000 - 0x00000000688ea000 	C:\Program Files\Java\jdk1.8.0_191\jre\bin\net.dll
0x000007fefd0a0000 - 0x000007fefd0f5000 	C:\Windows\system32\mswsock.dll
0x000007fefd090000 - 0x000007fefd097000 	C:\Windows\System32\wship6.dll
0x00000000688b0000 - 0x00000000688c1000 	C:\Program Files\Java\jdk1.8.0_191\jre\bin\nio.dll
0x0000000060c40000 - 0x0000000060c82000 	C:\Program Files\Java\jdk1.8.0_191\jre\bin\t2k.dll
0x000007feff250000 - 0x000007feff2e9000 	C:\Windows\system32\CLBCatQ.DLL
0x000007fefb980000 - 0x000007fefbae1000 	C:\Windows\system32\WindowsCodecs.dll
0x000007fefd710000 - 0x000007fefd767000 	C:\Windows\system32\apphelp.dll
0x000007fef4450000 - 0x000007fef468f000 	C:\Program Files\Microsoft Office 15\root\VFS\ProgramFilesX64\Microsoft Office\Office15\GROOVEEX.DLL
0x0000000068580000 - 0x0000000068618000 	C:\Program Files\Microsoft Office 15\root\VFS\ProgramFilesX64\Microsoft Office\Office15\MSVCP100.dll
0x0000000068550000 - 0x000000006857b000 	C:\Program Files\Microsoft Office 15\root\VFS\ProgramFilesX64\Microsoft Office\Office15\ATL100.DLL
0x000007fef3250000 - 0x000007fef356e000 	C:\Windows\system32\msi.dll
0x000007fef5050000 - 0x000007fef58d5000 	C:\Program Files\Microsoft Office 15\root\VFS\ProgramFilesX64\Microsoft Office\Office15\1049\GrooveIntlResource.dll
0x000007fef6ba0000 - 0x000007fef6bd5000 	C:\Windows\system32\EhStorShell.dll
0x000007fefbd10000 - 0x000007fefbe3c000 	C:\Windows\system32\PROPSYS.dll
0x000007fef6ae0000 - 0x000007fef6b5e000 	C:\Windows\System32\cscui.dll
0x000007fef7ee0000 - 0x000007fef7eec000 	C:\Windows\System32\CSCDLL.dll
0x000007fef6f20000 - 0x000007fef6f2f000 	C:\Windows\system32\CSCAPI.dll
0x000007fef6a60000 - 0x000007fef6ae0000 	C:\Windows\system32\ntshrui.dll
0x000007fefd380000 - 0x000007fefd3a3000 	C:\Windows\system32\srvcli.dll
0x000007fefb480000 - 0x000007fefb48b000 	C:\Windows\system32\slc.dll
0x000007fef69a0000 - 0x000007fef6a40000 	C:\Windows\WinSxS\amd64_microsoft.windows.common-controls_6595b64144ccf1df_5.82.7601.18837_none_a4d981ff711297b6\comctl32.dll
0x000007fefaba0000 - 0x000007fefabcd000 	C:\Windows\system32\ntmarta.dll
0x000007feff7a0000 - 0x000007feff7f2000 	C:\Windows\system32\WLDAP32.dll
0x000007feee840000 - 0x000007feee9dc000 	C:\Windows\system32\NetworkExplorer.dll
0x000007fef4c50000 - 0x000007fef4c84000 	C:\Windows\System32\shdocvw.dll
0x000007fef8670000 - 0x000007fef8688000 	C:\Windows\system32\MPR.dll
0x000007fefb420000 - 0x000007fefb42a000 	C:\Windows\System32\drprov.dll
0x000007fefcc30000 - 0x000007fefcc6d000 	C:\Windows\System32\WINSTA.dll
0x000007fefb3f0000 - 0x000007fefb412000 	C:\Windows\System32\ntlanman.dll
0x000007fefb3d0000 - 0x000007fefb3ee000 	C:\Windows\System32\davclnt.dll
0x000007fefb3b0000 - 0x000007fefb3ba000 	C:\Windows\System32\DAVHLPR.dll
0x000007fefb6e0000 - 0x000007fefb6f5000 	C:\Windows\system32\wkscli.dll
0x000007fefcd30000 - 0x000007fefcd3c000 	C:\Windows\system32\netutils.dll
0x000007fee9880000 - 0x000007fee9af1000 	C:\Windows\system32\wpdshext.dll
0x000007fefc070000 - 0x000007fefc287000 	C:\Windows\WinSxS\amd64_microsoft.windows.gdiplus_6595b64144ccf1df_1.1.7601.23807_none_14556b8e8b95d1fc\gdiplus.dll
0x000007fef7570000 - 0x000007fef762d000 	C:\Windows\system32\PortableDeviceApi.dll
0x000007fefdc10000 - 0x000007fefdc4b000 	C:\Windows\system32\WINTRUST.dll
0x000007fefd8f0000 - 0x000007fefda5d000 	C:\Windows\system32\CRYPT32.dll
0x000007fefd8e0000 - 0x000007fefd8ef000 	C:\Windows\system32\MSASN1.dll
0x000007fee0ca0000 - 0x000007fee0cc7000 	C:\Windows\system32\EhStorAPI.dll
0x000007fef6b90000 - 0x000007fef6b9c000 	C:\Windows\system32\LINKINFO.dll
0x000007fefd100000 - 0x000007fefd118000 	C:\Windows\system32\CRYPTSP.dll
0x000007fefce00000 - 0x000007fefce47000 	C:\Windows\system32\rsaenh.dll
0x000007fefcb60000 - 0x000007fefcb7e000 	C:\Windows\system32\USERENV.dll
0x000007fefb200000 - 0x000007fefb227000 	C:\Windows\system32\IPHLPAPI.DLL
0x000007fefb180000 - 0x000007fefb18b000 	C:\Windows\system32\WINNSI.DLL
0x000007fefafc0000 - 0x000007fefafd1000 	C:\Windows\system32\dhcpcsvc6.DLL
0x000007fefaf40000 - 0x000007fefaf58000 	C:\Windows\system32\dhcpcsvc.DLL

VM Arguments:
jvm_args: -Dfile.encoding=UTF-8 -Djava.library.path=C:\Users\admin\Downloads\luajava-1.1-win32-lua51 
java_command: basepostgresluaxls.Main
java_class_path (initial): C:\Users\Nazarov\Desktop\Downloads\poi-bin-4.0.1-20181203\poi-4.0.1\lib\commons-codec-1.11.jar;C:\Users\Nazarov\Desktop\Downloads\poi-bin-4.0.1-20181203\poi-4.0.1\lib\commons-collections4-4.2.jar;C:\Users\Nazarov\Desktop\Downloads\luaj-3.0.1 (1)\luaj-3.0.1\lib\luaj-jse-3.0.1.jar;C:\Users\Nazarov\Desktop\Downloads\postgresql-42.2.5.jar;C:\Users\Nazarov\Desktop\Downloads\luajava-1.1-win32-lua51\luajava-1.1.jar;C:\Users\Nazarov\Desktop\Downloads\poi-bin-4.0.1-20181203\poi-4.0.1\poi-4.0.1.jar;C:\Users\Nazarov\Documents\NetBeansProjects\BasePostgresLuaXLS\build\classes
Launcher Type: SUN_STANDARD

Environment Variables:
PATH=C:\Program Files (x86)\Common Files\Oracle\Java\javapath;C:\Program Files (x86)\Intel\iCLS Client\;C:\Program Files\Intel\iCLS Client\;C:\Windows\system32;C:\Windows;C:\Windows\System32\Wbem;C:\Windows\System32\WindowsPowerShell\v1.0\;C:\Program Files (x86)\Intel\UCRT\;C:\Program Files\Intel\UCRT\;C:\Program Files (x86)\Intel\Intel(R) Management Engine Components\DAL;C:\Program Files\Intel\Intel(R) Management Engine Components\DAL;C:\Program Files (x86)\Intel\Intel(R) Management Engine Components\IPT;C:\Program Files\Intel\Intel(R) Management Engine Components\IPT;C:\Program Files (x86)\Common Files\Oracle\Java\javapath;C:\Program Files (x86)\Intel\iCLS Client\;C:\Program Files\Intel\iCLS Client\;C:\Windows\system32;C:\Windows;C:\Windows\System32\Wbem;C:\Windows\System32\WindowsPowerShell\v1.0\;C:\Program Files (x86)\Intel\UCRT\;C:\Program Files\Intel\UCRT\;C:\Program Files (x86)\Intel\Intel(R) Management Engine Components\DAL;C:\Program Files\Intel\Intel(R) Management Engine Components\DAL;C:\Program Files (x86)\Intel\Intel(R) Management Engine Components\IPT;C:\Program Files\Intel\Intel(R) Management Engine Components\IPT;C:\Users\Nazarov\AppData\Local\Programs\Git\cmd
USERNAME=nazarov
OS=Windows_NT
PROCESSOR_IDENTIFIER=Intel64 Family 6 Model 94 Stepping 3, GenuineIntel



---------------  S Y S T E M  ---------------

OS: Windows 7 , 64 bit Build 7601 (6.1.7601.23864)

CPU:total 4 (initial active 4) (2 cores per cpu, 2 threads per core) family 6 model 94 stepping 3, cmov, cx8, fxsr, mmx, sse, sse2, sse3, ssse3, sse4.1, sse4.2, popcnt, avx, avx2, aes, clmul, erms, 3dnowpref, lzcnt, ht, tsc, tscinvbit, bmi1, bmi2, adx

Memory: 4k page, physical 8273880k(1291236k free), swap 8272020k(4076k free)

vm_info: Java HotSpot(TM) 64-Bit Server VM (25.191-b12) for windows-amd64 JRE (1.8.0_191-b12), built on Oct  6 2018 09:29:03 by "java_re" with MS VC++ 10.0 (VS2010)

time: Fri May 24 15:15:21 2019
elapsed time: 39 seconds (0d 0h 0m 39s)

