#
# There is insufficient memory for the Java Runtime Environment to continue.
# Native memory allocation (malloc) failed to allocate 388496 bytes for Chunk::new
# Possible reasons:
#   The system is out of physical RAM or swap space
#   In 32 bit mode, the process size limit was hit
# Possible solutions:
#   Reduce memory load on the system
#   Increase physical memory or swap space
#   Check if swap backing store is full
#   Use 64 bit Java on a 64 bit OS
#   Decrease Java heap size (-Xmx/-Xms)
#   Decrease number of Java threads
#   Decrease Java thread stack sizes (-Xss)
#   Set larger code cache with -XX:ReservedCodeCacheSize=
# This output file may be truncated or incomplete.
#
#  Out of Memory Error (allocation.cpp:390), pid=8028, tid=0x0000000000001dd4
#
# JRE version: Java(TM) SE Runtime Environment (8.0_191-b12) (build 1.8.0_191-b12)
# Java VM: Java HotSpot(TM) 64-Bit Server VM (25.191-b12 mixed mode windows-amd64 compressed oops)
# Failed to write core dump. Minidumps are not enabled by default on client versions of Windows
#

---------------  T H R E A D  ---------------

Current thread (0x00000000588e2800):  JavaThread "C2 CompilerThread0" daemon [_thread_in_native, id=7636, stack(0x0000000059500000,0x0000000059600000)]

Stack: [0x0000000059500000,0x0000000059600000]
[error occurred during error reporting (printing stack bounds), id 0xc0000005]

Native frames: (J=compiled Java code, j=interpreted, Vv=VM code, C=native code)


Current CompileTask:
C2:  20997 2952   !   4       com.sun.org.apache.xerces.internal.impl.XMLDocumentFragmentScannerImpl$FragmentContentDriver::next (2346 bytes)


---------------  P R O C E S S  ---------------

Java Threads: ( => current thread )
  0x0000000059c21800 JavaThread "Генерация ST" [_thread_blocked, id=1472, stack(0x000000005efc0000,0x000000005f0c0000)]
  0x0000000059f68800 JavaThread "Image Fetcher 0" daemon [_thread_blocked, id=10892, stack(0x000000005c8b0000,0x000000005c9b0000)]
  0x0000000058c96800 JavaThread "TimerQueue" daemon [_thread_blocked, id=6440, stack(0x000000005acf0000,0x000000005adf0000)]
  0x0000000059a9f800 JavaThread "org.netbeans.modules.debugger.jpda.visual AWT Access Loop" daemon [_thread_blocked, id=10340, stack(0x000000005a9c0000,0x000000005aac0000)]
  0x0000000002168000 JavaThread "DestroyJavaVM" [_thread_blocked, id=9624, stack(0x0000000002230000,0x0000000002330000)]
  0x0000000059a8f000 JavaThread "AWT-EventQueue-0" [_thread_blocked, id=5104, stack(0x000000005a860000,0x000000005a960000)]
  0x0000000059a87800 JavaThread "AWT-Windows" daemon [_thread_in_native, id=3804, stack(0x000000005a440000,0x000000005a540000)]
  0x0000000059a84800 JavaThread "AWT-Shutdown" [_thread_blocked, id=6220, stack(0x000000005a2d0000,0x000000005a3d0000)]
  0x0000000059a82000 JavaThread "Java2D Disposer" daemon [_thread_blocked, id=6856, stack(0x0000000059400000,0x0000000059500000)]
  0x0000000058951800 JavaThread "Service Thread" daemon [_thread_blocked, id=5272, stack(0x0000000059760000,0x0000000059860000)]
  0x00000000588e8000 JavaThread "C1 CompilerThread2" daemon [_thread_blocked, id=2040, stack(0x0000000059610000,0x0000000059710000)]
  0x00000000588e5800 JavaThread "C2 CompilerThread1" daemon [_thread_blocked, id=7600, stack(0x0000000058fa0000,0x00000000590a0000)]
=>0x00000000588e2800 JavaThread "C2 CompilerThread0" daemon [_thread_in_native, id=7636, stack(0x0000000059500000,0x0000000059600000)]
  0x00000000588c9000 JavaThread "JDWP Command Reader" daemon [_thread_in_native, id=2860, stack(0x0000000058550000,0x0000000058650000)]
  0x00000000588c7800 JavaThread "JDWP Event Helper Thread" daemon [_thread_blocked, id=392, stack(0x00000000592b0000,0x00000000593b0000)]
  0x000000005767f800 JavaThread "JDWP Transport Listener: dt_shmem" daemon [_thread_blocked, id=8828, stack(0x00000000590c0000,0x00000000591c0000)]
  0x00000000588ba000 JavaThread "Attach Listener" daemon [_thread_blocked, id=5088, stack(0x0000000058e70000,0x0000000058f70000)]
  0x00000000588b8800 JavaThread "Signal Dispatcher" daemon [_thread_blocked, id=9588, stack(0x0000000058d20000,0x0000000058e20000)]
  0x000000005765b800 JavaThread "Finalizer" daemon [_thread_blocked, id=11216, stack(0x00000000587b0000,0x00000000588b0000)]
  0x0000000057654800 JavaThread "Reference Handler" daemon [_thread_blocked, id=4252, stack(0x0000000058680000,0x0000000058780000)]

Other Threads:
  0x000000005760d000 VMThread [stack: 0x0000000058450000,0x0000000058550000] [id=10312]
  0x000000005895f000 WatcherThread [stack: 0x0000000059920000,0x0000000059a20000] [id=9404]

VM state:not at safepoint (normal execution)

VM Mutex/Monitor currently owned by a thread: None

Heap:
 PSYoungGen      total 134656K, used 65356K [0x00000000d5f00000, 0x00000000dec00000, 0x0000000100000000)
  eden space 126464K, 46% used [0x00000000d5f00000,0x00000000d98299e0,0x00000000dda80000)
  from space 8192K, 83% used [0x00000000de300000,0x00000000de9a9648,0x00000000deb00000)
  to   space 8704K, 0% used [0x00000000dda80000,0x00000000dda80000,0x00000000de300000)
 ParOldGen       total 44544K, used 18297K [0x0000000081c00000, 0x0000000084780000, 0x00000000d5f00000)
  object space 44544K, 41% used [0x0000000081c00000,0x0000000082dde518,0x0000000084780000)
 Metaspace       used 22341K, capacity 22866K, committed 23088K, reserved 1069056K
  class space    used 2678K, capacity 2833K, committed 2864K, reserved 1048576K

Card table byte_map: [0x0000000011af0000,0x0000000011ef0000] byte_map_base: 0x00000000116e2000

Marking Bits: (ParMarkBitMap*) 0x0000000069363e30
 Begin Bits: [0x0000000012960000, 0x00000000148f0000)
 End Bits:   [0x00000000148f0000, 0x0000000016880000)

Polling page: 0x0000000000230000

CodeCache: size=245760Kb used=9358Kb max_used=9478Kb free=236402Kb
 bounds [0x0000000002730000, 0x0000000003080000, 0x0000000011730000]
 total_blobs=3233 nmethods=2671 adapters=480
 compilation: enabled

Compilation events (10 events):
Event: 20.896 Thread 0x00000000588e8000 nmethod 2961 0x0000000002895190 code [0x00000000028952e0, 0x00000000028953f0]
Event: 20.907 Thread 0x00000000588e2800 nmethod 2951 0x0000000002db5e90 code [0x0000000002db6020, 0x0000000002db6b18]
Event: 20.907 Thread 0x00000000588e2800 2952   !   4       com.sun.org.apache.xerces.internal.impl.XMLDocumentFragmentScannerImpl$FragmentContentDriver::next (2346 bytes)
Event: 20.933 Thread 0x00000000588e5800 nmethod 2954 0x0000000002e81910 code [0x0000000002e81b80, 0x0000000002e83a80]
Event: 20.933 Thread 0x00000000588e5800 2956       4       com.sun.org.apache.xerces.internal.dom.DeferredDocumentImpl::getChunkIndex (16 bytes)
Event: 20.934 Thread 0x00000000588e5800 nmethod 2956 0x0000000002894e10 code [0x0000000002894f60, 0x0000000002895078]
Event: 20.934 Thread 0x00000000588e5800 2946       4       com.sun.org.apache.xerces.internal.utils.XMLLimitAnalyzer::addValue (260 bytes)
Event: 20.955 Thread 0x00000000588e5800 nmethod 2946 0x0000000002e8ca90 code [0x0000000002e8ccc0, 0x0000000002e8e598]
Event: 20.955 Thread 0x00000000588e5800 2948       4       com.sun.org.apache.xerces.internal.dom.DeferredDocumentImpl::ensureCapacity (358 bytes)
Event: 20.962 Thread 0x00000000588e5800 nmethod 2948 0x0000000002e876d0 code [0x0000000002e878c0, 0x0000000002e88788]

GC Heap History (10 events):
Event: 7.296 GC heap before
{Heap before GC invocations=5 (full 0):
 PSYoungGen      total 38400K, used 38395K [0x00000000d5f00000, 0x00000000daa00000, 0x0000000100000000)
  eden space 33280K, 100% used [0x00000000d5f00000,0x00000000d7f80000,0x00000000d7f80000)
  from space 5120K, 99% used [0x00000000d8480000,0x00000000d897efc0,0x00000000d8980000)
  to   space 5120K, 0% used [0x00000000d7f80000,0x00000000d7f80000,0x00000000d8480000)
 ParOldGen       total 87552K, used 1273K [0x0000000081c00000, 0x0000000087180000, 0x00000000d5f00000)
  object space 87552K, 1% used [0x0000000081c00000,0x0000000081d3e6a8,0x0000000087180000)
 Metaspace       used 20210K, capacity 20612K, committed 20992K, reserved 1067008K
  class space    used 2378K, capacity 2506K, committed 2560K, reserved 1048576K
Event: 7.302 GC heap after
Heap after GC invocations=5 (full 0):
 PSYoungGen      total 38400K, used 5115K [0x00000000d5f00000, 0x00000000dac00000, 0x0000000100000000)
  eden space 33280K, 0% used [0x00000000d5f00000,0x00000000d5f00000,0x00000000d7f80000)
  from space 5120K, 99% used [0x00000000d7f80000,0x00000000d847efc0,0x00000000d8480000)
  to   space 6144K, 0% used [0x00000000da600000,0x00000000da600000,0x00000000dac00000)
 ParOldGen       total 87552K, used 1281K [0x0000000081c00000, 0x0000000087180000, 0x00000000d5f00000)
  object space 87552K, 1% used [0x0000000081c00000,0x0000000081d406a8,0x0000000087180000)
 Metaspace       used 20210K, capacity 20612K, committed 20992K, reserved 1067008K
  class space    used 2378K, capacity 2506K, committed 2560K, reserved 1048576K
}
Event: 13.284 GC heap before
{Heap before GC invocations=6 (full 0):
 PSYoungGen      total 38400K, used 15413K [0x00000000d5f00000, 0x00000000dac00000, 0x0000000100000000)
  eden space 33280K, 30% used [0x00000000d5f00000,0x00000000d690e608,0x00000000d7f80000)
  from space 5120K, 99% used [0x00000000d7f80000,0x00000000d847efc0,0x00000000d8480000)
  to   space 6144K, 0% used [0x00000000da600000,0x00000000da600000,0x00000000dac00000)
 ParOldGen       total 87552K, used 1281K [0x0000000081c00000, 0x0000000087180000, 0x00000000d5f00000)
  object space 87552K, 1% used [0x0000000081c00000,0x0000000081d406a8,0x0000000087180000)
 Metaspace       used 20687K, capacity 21060K, committed 21296K, reserved 1069056K
  class space    used 2435K, capacity 2570K, committed 2608K, reserved 1048576K
Event: 13.291 GC heap after
Heap after GC invocations=6 (full 0):
 PSYoungGen      total 71680K, used 6116K [0x00000000d5f00000, 0x00000000dae00000, 0x0000000100000000)
  eden space 65536K, 0% used [0x00000000d5f00000,0x00000000d5f00000,0x00000000d9f00000)
  from space 6144K, 99% used [0x00000000da600000,0x00000000dabf90f8,0x00000000dac00000)
  to   space 7168K, 0% used [0x00000000d9f00000,0x00000000d9f00000,0x00000000da600000)
 ParOldGen       total 87552K, used 2727K [0x0000000081c00000, 0x0000000087180000, 0x00000000d5f00000)
  object space 87552K, 3% used [0x0000000081c00000,0x0000000081ea9f78,0x0000000087180000)
 Metaspace       used 20687K, capacity 21060K, committed 21296K, reserved 1069056K
  class space    used 2435K, capacity 2570K, committed 2608K, reserved 1048576K
}
Event: 13.291 GC heap before
{Heap before GC invocations=7 (full 1):
 PSYoungGen      total 71680K, used 6116K [0x00000000d5f00000, 0x00000000dae00000, 0x0000000100000000)
  eden space 65536K, 0% used [0x00000000d5f00000,0x00000000d5f00000,0x00000000d9f00000)
  from space 6144K, 99% used [0x00000000da600000,0x00000000dabf90f8,0x00000000dac00000)
  to   space 7168K, 0% used [0x00000000d9f00000,0x00000000d9f00000,0x00000000da600000)
 ParOldGen       total 87552K, used 2727K [0x0000000081c00000, 0x0000000087180000, 0x00000000d5f00000)
  object space 87552K, 3% used [0x0000000081c00000,0x0000000081ea9f78,0x0000000087180000)
 Metaspace       used 20687K, capacity 21060K, committed 21296K, reserved 1069056K
  class space    used 2435K, capacity 2570K, committed 2608K, reserved 1048576K
Event: 13.320 GC heap after
Heap after GC invocations=7 (full 1):
 PSYoungGen      total 71680K, used 0K [0x00000000d5f00000, 0x00000000dae00000, 0x0000000100000000)
  eden space 65536K, 0% used [0x00000000d5f00000,0x00000000d5f00000,0x00000000d9f00000)
  from space 6144K, 0% used [0x00000000da600000,0x00000000da600000,0x00000000dac00000)
  to   space 7168K, 0% used [0x00000000d9f00000,0x00000000d9f00000,0x00000000da600000)
 ParOldGen       total 44544K, used 7582K [0x0000000081c00000, 0x0000000084780000, 0x00000000d5f00000)
  object space 44544K, 17% used [0x0000000081c00000,0x0000000082367888,0x0000000084780000)
 Metaspace       used 20687K, capacity 21060K, committed 21296K, reserved 1069056K
  class space    used 2435K, capacity 2570K, committed 2608K, reserved 1048576K
}
Event: 17.320 GC heap before
{Heap before GC invocations=8 (full 1):
 PSYoungGen      total 71680K, used 65536K [0x00000000d5f00000, 0x00000000dae00000, 0x0000000100000000)
  eden space 65536K, 100% used [0x00000000d5f00000,0x00000000d9f00000,0x00000000d9f00000)
  from space 6144K, 0% used [0x00000000da600000,0x00000000da600000,0x00000000dac00000)
  to   space 7168K, 0% used [0x00000000d9f00000,0x00000000d9f00000,0x00000000da600000)
 ParOldGen       total 44544K, used 7582K [0x0000000081c00000, 0x0000000084780000, 0x00000000d5f00000)
  object space 44544K, 17% used [0x0000000081c00000,0x0000000082367888,0x0000000084780000)
 Metaspace       used 21410K, capacity 21792K, committed 22192K, reserved 1069056K
  class space    used 2556K, capacity 2684K, committed 2736K, reserved 1048576K
Event: 17.321 GC heap after
Heap after GC invocations=8 (full 1):
 PSYoungGen      total 72704K, used 1376K [0x00000000d5f00000, 0x00000000deb00000, 0x0000000100000000)
  eden space 65536K, 0% used [0x00000000d5f00000,0x00000000d5f00000,0x00000000d9f00000)
  from space 7168K, 19% used [0x00000000d9f00000,0x00000000da058000,0x00000000da600000)
  to   space 8192K, 0% used [0x00000000de300000,0x00000000de300000,0x00000000deb00000)
 ParOldGen       total 44544K, used 7590K [0x0000000081c00000, 0x0000000084780000, 0x00000000d5f00000)
  object space 44544K, 17% used [0x0000000081c00000,0x0000000082369888,0x0000000084780000)
 Metaspace       used 21410K, capacity 21792K, committed 22192K, reserved 1069056K
  class space    used 2556K, capacity 2684K, committed 2736K, reserved 1048576K
}
Event: 17.497 GC heap before
{Heap before GC invocations=9 (full 1):
 PSYoungGen      total 72704K, used 66912K [0x00000000d5f00000, 0x00000000deb00000, 0x0000000100000000)
  eden space 65536K, 100% used [0x00000000d5f00000,0x00000000d9f00000,0x00000000d9f00000)
  from space 7168K, 19% used [0x00000000d9f00000,0x00000000da058000,0x00000000da600000)
  to   space 8192K, 0% used [0x00000000de300000,0x00000000de300000,0x00000000deb00000)
 ParOldGen       total 44544K, used 7590K [0x0000000081c00000, 0x0000000084780000, 0x00000000d5f00000)
  object space 44544K, 17% used [0x0000000081c00000,0x0000000082369888,0x0000000084780000)
 Metaspace       used 21847K, capacity 22386K, committed 22832K, reserved 1069056K
  class space    used 2599K, capacity 2763K, committed 2864K, reserved 1048576K
Event: 17.503 GC heap after
Heap after GC invocations=9 (full 1):
 PSYoungGen      total 134656K, used 6821K [0x00000000d5f00000, 0x00000000dec00000, 0x0000000100000000)
  eden space 126464K, 0% used [0x00000000d5f00000,0x00000000d5f00000,0x00000000dda80000)
  from space 8192K, 83% used [0x00000000de300000,0x00000000de9a9648,0x00000000deb00000)
  to   space 8704K, 0% used [0x00000000dda80000,0x00000000dda80000,0x00000000de300000)
 ParOldGen       total 44544K, used 18297K [0x0000000081c00000, 0x0000000084780000, 0x00000000d5f00000)
  object space 44544K, 41% used [0x0000000081c00000,0x0000000082dde518,0x0000000084780000)
 Metaspace       used 21847K, capacity 22386K, committed 22832K, reserved 1069056K
  class space    used 2599K, capacity 2763K, committed 2864K, reserved 1048576K
}

Deoptimization events (10 events):
Event: 17.387 Thread 0x0000000059a8f000 Uncommon trap: reason=unstable_if action=reinterpret pc=0x00000000028f4e7c method=com.sun.org.apache.xerces.internal.impl.XMLEntityScanner.scanChar(Lcom/sun/org/apache/xerces/internal/impl/XMLScanner$NameType;)I @ 212
Event: 18.427 Thread 0x0000000059a8f000 Uncommon trap: reason=class_check action=maybe_recompile pc=0x0000000002851540 method=java.lang.String.equals(Ljava/lang/Object;)Z @ 8
Event: 18.427 Thread 0x0000000059a8f000 Uncommon trap: reason=class_check action=maybe_recompile pc=0x0000000002851540 method=java.lang.String.equals(Ljava/lang/Object;)Z @ 8
Event: 18.427 Thread 0x0000000059a8f000 Uncommon trap: reason=class_check action=maybe_recompile pc=0x0000000002851540 method=java.lang.String.equals(Ljava/lang/Object;)Z @ 8
Event: 18.428 Thread 0x0000000059a8f000 Uncommon trap: reason=unstable_if action=reinterpret pc=0x0000000003022f10 method=java.awt.Toolkit$SelectiveAWTEventListener.eventDispatched(Ljava/awt/AWTEvent;)V @ 150
Event: 19.977 Thread 0x0000000059a8f000 Uncommon trap: reason=class_check action=maybe_recompile pc=0x0000000002851540 method=java.lang.String.equals(Ljava/lang/Object;)Z @ 8
Event: 19.987 Thread 0x0000000059c21800 Uncommon trap: reason=unstable_if action=reinterpret pc=0x0000000003066d54 method=java.awt.EventQueue.setCurrentEventAndMostRecentTimeImpl(Ljava/awt/AWTEvent;)V @ 16
Event: 20.016 Thread 0x0000000059a8f000 Uncommon trap: reason=unstable_if action=reinterpret pc=0x0000000002fa1af8 method=sun.font.FileFontStrike.getGlyphImagePtr(I)J @ 30
Event: 20.016 Thread 0x0000000059a8f000 Uncommon trap: reason=unstable_if action=reinterpret pc=0x00000000030319b8 method=java.awt.font.FontRenderContext.equals(Ljava/awt/font/FontRenderContext;)Z @ 35
Event: 20.016 Thread 0x0000000059a8f000 Uncommon trap: reason=unstable_if action=reinterpret pc=0x0000000002957f08 method=sun.font.FileFontStrike.getGlyphImagePtr(I)J @ 30

Classes redefined (0 events):
No events

Internal exceptions (10 events):
Event: 1.387 Thread 0x0000000002168000 Exception <a 'java/security/PrivilegedActionException'> (0x00000000d6133980) thrown at [C:\re\workspace\8-2-build-windows-amd64-cygwin\jdk8u191\11896\hotspot\src\share\vm\prims\jvm.cpp, line 1435]
Event: 1.387 Thread 0x0000000002168000 Exception <a 'java/security/PrivilegedActionException'> (0x00000000d6133b90) thrown at [C:\re\workspace\8-2-build-windows-amd64-cygwin\jdk8u191\11896\hotspot\src\share\vm\prims\jvm.cpp, line 1435]
Event: 2.014 Thread 0x0000000002168000 Exception <a 'java/io/FileNotFoundException'> (0x00000000d65f10f0) thrown at [C:\re\workspace\8-2-build-windows-amd64-cygwin\jdk8u191\11896\hotspot\src\share\vm\prims\jni.cpp, line 709]
Event: 2.070 Thread 0x0000000002168000 Exception <a 'java/lang/NoSuchFieldError': method resolution failed> (0x00000000d66c15b0) thrown at [C:\re\workspace\8-2-build-windows-amd64-cygwin\jdk8u191\11896\hotspot\src\share\vm\prims\methodHandles.cpp, line 1167]
Event: 2.072 Thread 0x0000000002168000 Exception <a 'java/lang/NoSuchFieldError': method resolution failed> (0x00000000d66ce920) thrown at [C:\re\workspace\8-2-build-windows-amd64-cygwin\jdk8u191\11896\hotspot\src\share\vm\prims\methodHandles.cpp, line 1167]
Event: 2.334 Thread 0x0000000059a8f000 Exception <a 'java/io/FileNotFoundException'> (0x00000000d68f49e0) thrown at [C:\re\workspace\8-2-build-windows-amd64-cygwin\jdk8u191\11896\hotspot\src\share\vm\prims\jni.cpp, line 709]
Event: 2.360 Thread 0x0000000059a8f000 Implicit null exception at 0x000000000297c546 to 0x000000000297c9e9
Event: 2.553 Thread 0x0000000059a8f000 Exception <a 'java/lang/NoSuchMethodError': java.lang.Object.lambda$comparing$77a9974f$1(Ljava/util/function/Function;Ljava/lang/Object;Ljava/lang/Object;)I> (0x00000000d6de6810) thrown at [C:\re\workspace\8-2-build-windows-amd64-cygwin\jdk8u191\11896\hot
Event: 2.555 Thread 0x0000000059a8f000 Exception <a 'java/lang/NoSuchMethodError': java.lang.Object.lambda$maxBy$1(Ljava/util/Comparator;Ljava/lang/Object;Ljava/lang/Object;)Ljava/lang/Object;> (0x00000000d6df2870) thrown at [C:\re\workspace\8-2-build-windows-amd64-cygwin\jdk8u191\11896\hotspo
Event: 13.810 Thread 0x0000000059a8f000 Implicit null exception at 0x0000000002da9fad to 0x0000000002daabbc

Events (10 events):
Event: 20.895 Thread 0x00000000588e8000 flushing nmethod 0x0000000002e7c250
Event: 20.895 Thread 0x00000000588e8000 flushing nmethod 0x0000000002e8ca90
Event: 20.901 Executing VM operation: GetCurrentContendedMonitor
Event: 20.901 Executing VM operation: GetCurrentContendedMonitor done
Event: 20.902 Executing VM operation: GetOwnedMonitorInfo
Event: 20.902 Executing VM operation: GetOwnedMonitorInfo done
Event: 20.934 Thread 0x00000000588e5800 flushing nmethod 0x000000000294f3d0
Event: 20.955 Thread 0x00000000588e5800 flushing nmethod 0x000000000299e590
Event: 20.955 Thread 0x00000000588e5800 flushing nmethod 0x00000000029e0790
Event: 20.963 Thread 0x00000000588e5800 flushing nmethod 0x0000000002a2db90


Dynamic libraries:
0x000000013fe20000 - 0x000000013fe57000 	C:\Program Files\Java\jdk1.8.0_191\jre\bin\java.exe
0x0000000076fd0000 - 0x000000007716f000 	C:\Windows\SYSTEM32\ntdll.dll
0x0000000076eb0000 - 0x0000000076fcf000 	C:\Windows\system32\kernel32.dll
0x000007fefcfa0000 - 0x000007fefd00a000 	C:\Windows\system32\KERNELBASE.dll
0x000007fefd310000 - 0x000007fefd3eb000 	C:\Windows\system32\ADVAPI32.dll
0x000007fefe650000 - 0x000007fefe6ef000 	C:\Windows\system32\msvcrt.dll
0x000007fefd510000 - 0x000007fefd52f000 	C:\Windows\SYSTEM32\sechost.dll
0x000007fefd740000 - 0x000007fefd86c000 	C:\Windows\system32\RPCRT4.dll
0x0000000076db0000 - 0x0000000076eaa000 	C:\Windows\system32\USER32.dll
0x000007fefd2a0000 - 0x000007fefd307000 	C:\Windows\system32\GDI32.dll
0x000007feff280000 - 0x000007feff28e000 	C:\Windows\system32\LPK.dll
0x000007fefef50000 - 0x000007feff01b000 	C:\Windows\system32\USP10.dll
0x000007fefb910000 - 0x000007fefbb04000 	C:\Windows\WinSxS\amd64_microsoft.windows.common-controls_6595b64144ccf1df_6.0.7601.18837_none_fa3b1e3d17594757\COMCTL32.dll
0x000007fefd490000 - 0x000007fefd501000 	C:\Windows\system32\SHLWAPI.dll
0x000007fefec90000 - 0x000007fefecbe000 	C:\Windows\system32\IMM32.DLL
0x000007fefe7d0000 - 0x000007fefe8d9000 	C:\Windows\system32\MSCTF.dll
0x000000006a7c0000 - 0x000000006a892000 	C:\Program Files\Java\jdk1.8.0_191\jre\bin\msvcr100.dll
0x0000000068b40000 - 0x00000000693e4000 	C:\Program Files\Java\jdk1.8.0_191\jre\bin\server\jvm.dll
0x000007fef4370000 - 0x000007fef4379000 	C:\Windows\system32\WSOCK32.dll
0x000007fefd870000 - 0x000007fefd8bd000 	C:\Windows\system32\WS2_32.dll
0x000007fefd730000 - 0x000007fefd738000 	C:\Windows\system32\NSI.dll
0x000007fefa830000 - 0x000007fefa86b000 	C:\Windows\system32\WINMM.dll
0x000007fefbfd0000 - 0x000007fefbfdc000 	C:\Windows\system32\VERSION.dll
0x0000000077180000 - 0x0000000077187000 	C:\Windows\system32\PSAPI.DLL
0x000000006fb90000 - 0x000000006fb9f000 	C:\Program Files\Java\jdk1.8.0_191\jre\bin\verify.dll
0x000000006c010000 - 0x000000006c039000 	C:\Program Files\Java\jdk1.8.0_191\jre\bin\java.dll
0x0000000065b10000 - 0x0000000065b45000 	C:\Program Files\Java\jdk1.8.0_191\jre\bin\jdwp.dll
0x000000006a750000 - 0x000000006a758000 	C:\Program Files\Java\jdk1.8.0_191\jre\bin\npt.dll
0x000000006c770000 - 0x000000006c786000 	C:\Program Files\Java\jdk1.8.0_191\jre\bin\zip.dll
0x000007fefd8c0000 - 0x000007fefe64b000 	C:\Windows\system32\SHELL32.dll
0x000007fefd530000 - 0x000007fefd72c000 	C:\Windows\system32\ole32.dll
0x000007fefce90000 - 0x000007fefce9f000 	C:\Windows\system32\profapi.dll
0x000000006ae40000 - 0x000000006ae4b000 	C:\Program Files\Java\jdk1.8.0_191\jre\bin\dt_shmem.dll
0x000000006a130000 - 0x000000006a2c9000 	C:\Program Files\Java\jdk1.8.0_191\jre\bin\awt.dll
0x000007fefe6f0000 - 0x000007fefe7ca000 	C:\Windows\system32\OLEAUT32.dll
0x000007fefb8b0000 - 0x000007fefb906000 	C:\Windows\system32\uxtheme.dll
0x000007fee9090000 - 0x000007fee910f000 	C:\Program Files\Common Files\microsoft shared\ink\tiptsf.dll
0x000007fefb170000 - 0x000007fefb188000 	C:\Windows\system32\dwmapi.dll
0x000007fefcdc0000 - 0x000007fefcdcf000 	C:\Windows\system32\CRYPTBASE.dll
0x000007fee92e0000 - 0x000007fee93fd000 	C:\Windows\system32\opengl32.dll
0x000007feeedc0000 - 0x000007feeeded000 	C:\Windows\system32\GLU32.dll
0x000007fee91e0000 - 0x000007fee92d1000 	C:\Windows\system32\DDRAW.dll
0x000007feeedb0000 - 0x000007feeedb8000 	C:\Windows\system32\DCIMAN32.dll
0x000007fefeab0000 - 0x000007fefec87000 	C:\Windows\system32\SETUPAPI.dll
0x000007fefd1c0000 - 0x000007fefd1f6000 	C:\Windows\system32\CFGMGR32.dll
0x000007fefcf40000 - 0x000007fefcf5a000 	C:\Windows\system32\DEVOBJ.dll
0x000000006bff0000 - 0x000000006c00a000 	C:\Program Files\Java\jdk1.8.0_191\jre\bin\net.dll
0x000007fefc6a0000 - 0x000007fefc6f5000 	C:\Windows\system32\mswsock.dll
0x000007fefc690000 - 0x000007fefc697000 	C:\Windows\System32\wship6.dll
0x000007fefc700000 - 0x000007fefc718000 	C:\Windows\system32\CRYPTSP.dll
0x000007fefc3c0000 - 0x000007fefc407000 	C:\Windows\system32\rsaenh.dll
0x000007fefc1b0000 - 0x000007fefc1ce000 	C:\Windows\system32\USERENV.dll
0x000007fefa110000 - 0x000007fefa137000 	C:\Windows\system32\IPHLPAPI.DLL
0x000007fefa100000 - 0x000007fefa10b000 	C:\Windows\system32\WINNSI.DLL
0x000007fef9f90000 - 0x000007fef9fa1000 	C:\Windows\system32\dhcpcsvc6.DLL
0x000007fef9f10000 - 0x000007fef9f28000 	C:\Windows\system32\dhcpcsvc.DLL
0x000000006bcb0000 - 0x000000006bcc1000 	C:\Program Files\Java\jdk1.8.0_191\jre\bin\nio.dll
0x000000006bbe0000 - 0x000000006bc04000 	C:\Program Files\Java\jdk1.8.0_191\jre\bin\sunec.dll
0x000000006bc60000 - 0x000000006bca7000 	C:\Program Files\Java\jdk1.8.0_191\jre\bin\fontmanager.dll
0x000000006bc10000 - 0x000000006bc52000 	C:\Program Files\Java\jdk1.8.0_191\jre\bin\t2k.dll
0x000007fefecc0000 - 0x000007fefed59000 	C:\Windows\system32\CLBCatQ.DLL
0x000007fefaed0000 - 0x000007fefb031000 	C:\Windows\system32\WindowsCodecs.dll
0x000007fefcd60000 - 0x000007fefcdb7000 	C:\Windows\system32\apphelp.dll
0x000007feeeb80000 - 0x000007feeed94000 	C:\PROGRA~1\MICROS~2\Office16\GROOVEEX.DLL
0x000007fef4cd0000 - 0x000007fef4ce9000 	C:\Windows\system32\VCRUNTIME140.dll
0x000007fef4cc0000 - 0x000007fef4cc4000 	C:\Windows\system32\api-ms-win-crt-runtime-l1-1-0.dll
0x000007feef410000 - 0x000007feef506000 	C:\Program Files\Java\jdk1.8.0_191\jre\bin\ucrtbase.DLL
0x000007feef400000 - 0x000007feef403000 	C:\Program Files\Java\jdk1.8.0_191\jre\bin\api-ms-win-core-timezone-l1-1-0.dll
0x000007feef3f0000 - 0x000007feef3f3000 	C:\Program Files\Java\jdk1.8.0_191\jre\bin\api-ms-win-core-file-l2-1-0.dll
0x000007feef3e0000 - 0x000007feef3e3000 	C:\Program Files\Java\jdk1.8.0_191\jre\bin\api-ms-win-core-localization-l1-2-0.dll
0x000007fee2340000 - 0x000007fee2343000 	C:\Program Files\Java\jdk1.8.0_191\jre\bin\api-ms-win-core-synch-l1-2-0.dll
0x000007fee1d70000 - 0x000007fee1d73000 	C:\Program Files\Java\jdk1.8.0_191\jre\bin\api-ms-win-core-processthreads-l1-1-1.dll
0x000007fed7a50000 - 0x000007fed7a53000 	C:\Program Files\Java\jdk1.8.0_191\jre\bin\api-ms-win-core-file-l1-2-0.dll
0x000007fef4b30000 - 0x000007fef4b33000 	C:\Windows\system32\api-ms-win-crt-heap-l1-1-0.dll
0x000007fef4b20000 - 0x000007fef4b24000 	C:\Windows\system32\api-ms-win-crt-string-l1-1-0.dll
0x000007fef4b10000 - 0x000007fef4b14000 	C:\Windows\system32\api-ms-win-crt-stdio-l1-1-0.dll
0x000007fef4b00000 - 0x000007fef4b04000 	C:\Windows\system32\api-ms-win-crt-convert-l1-1-0.dll
0x000007fef4a00000 - 0x000007fef4a92000 	C:\Windows\system32\MSVCP140.dll
0x000007fef49f0000 - 0x000007fef49fc000 	C:\Windows\system32\VCRUNTIME140_1.dll
0x000007fef49e0000 - 0x000007fef49e3000 	C:\Windows\system32\api-ms-win-crt-locale-l1-1-0.dll
0x000007fef4ab0000 - 0x000007fef4ab3000 	C:\Windows\system32\api-ms-win-crt-filesystem-l1-1-0.dll
0x000007fef4ae0000 - 0x000007fef4ae3000 	C:\Windows\system32\api-ms-win-crt-time-l1-1-0.dll
0x000007fef4af0000 - 0x000007fef4af3000 	C:\Windows\system32\api-ms-win-crt-environment-l1-1-0.dll
0x000007fef4ac0000 - 0x000007fef4ac5000 	C:\Windows\system32\api-ms-win-crt-math-l1-1-0.dll
0x000007fef4ad0000 - 0x000007fef4ad3000 	C:\Windows\system32\api-ms-win-crt-utility-l1-1-0.dll
0x000007feed980000 - 0x000007feedc9e000 	C:\Windows\system32\msi.dll
0x000007feecf30000 - 0x000007feed7b6000 	C:\PROGRA~1\MICROS~2\Office16\1049\GrooveIntlResource.dll
0x000007fef1230000 - 0x000007fef1265000 	C:\Windows\system32\EhStorShell.dll
0x000007fefb330000 - 0x000007fefb45c000 	C:\Windows\system32\PROPSYS.dll
0x000007feeceb0000 - 0x000007feecf2e000 	C:\Windows\System32\cscui.dll
0x000007fef1730000 - 0x000007fef173c000 	C:\Windows\System32\CSCDLL.dll
0x000007fef3390000 - 0x000007fef339f000 	C:\Windows\system32\CSCAPI.dll
0x000007fef02a0000 - 0x000007fef0320000 	C:\Windows\system32\ntshrui.dll
0x000007fefc9d0000 - 0x000007fefc9f3000 	C:\Windows\system32\srvcli.dll
0x000007fefa8b0000 - 0x000007fefa8bb000 	C:\Windows\system32\slc.dll
0x000007fefae70000 - 0x000007fefaec4000 	C:\Windows\system32\oleacc.dll
0x000000006bbb0000 - 0x000000006bbda000 	C:\Program Files\Java\jdk1.8.0_191\jre\bin\dcpr.dll

VM Arguments:
jvm_args: -Xdebug -Xrunjdwp:transport=dt_shmem,address=javadebug -Dfile.encoding=UTF-8 
java_command: Main.Main
java_class_path (initial): E:\tmp\NetBeansProjects\ConfiguratorGrigoriy\lib\activation-1.1.1.jar;E:\tmp\NetBeansProjects\ConfiguratorGrigoriy\lib\commons-codec-1.11.jar;E:\tmp\NetBeansProjects\ConfiguratorGrigoriy\lib\commons-collections4-4.2.jar;E:\tmp\NetBeansProjects\ConfiguratorGrigoriy\lib\junit-4.10.jar;E:\tmp\NetBeansProjects\ConfiguratorGrigoriy\lib\junit-4.12.jar;E:\tmp\NetBeansProjects\ConfiguratorGrigoriy\lib\luaj-jse-3.0.1.jar;E:\tmp\NetBeansProjects\ConfiguratorGrigoriy\lib\luajava-1.1.jar;E:\tmp\NetBeansProjects\ConfiguratorGrigoriy\lib\poi-4.0.1.jar;E:\tmp\NetBeansProjects\ConfiguratorGrigoriy\lib\postgresql-42.2.5.jar;C:\Program Files\NetBeans 8.0\java\modules\ext\AbsoluteLayout.jar;E:\tmp\NetBeansProjects\ConfiguratorGrigoriy\lib\commons-compress-1.18.jar;E:\tmp\NetBeansProjects\ConfiguratorGrigoriy\lib\poi-ooxml-4.0.1.jar;E:\tmp\NetBeansProjects\ConfiguratorGrigoriy\lib\poi-ooxml-schemas-4.0.1.jar;E:\tmp\NetBeansProjects\ConfiguratorGrigoriy\lib\xmlbeans-3.0.2.jar;E:\tmp\NetBeansProjects\ConfiguratorGrigoriy\build\classes
Launcher Type: SUN_STANDARD

Environment Variables:
PATH=C:\Program Files (x86)\Common Files\Oracle\Java\javapath;C:\Program Files (x86)\Intel\iCLS Client\;C:\Program Files\Intel\iCLS Client\;C:\Windows\system32;C:\Windows;C:\Windows\System32\Wbem;C:\Windows\System32\WindowsPowerShell\v1.0\;C:\Program Files (x86)\Intel\UCRT\;C:\Program Files\Intel\UCRT\;C:\Program Files (x86)\Intel\Intel(R) Management Engine Components\DAL;C:\Program Files\Intel\Intel(R) Management Engine Components\DAL;C:\Program Files (x86)\Intel\Intel(R) Management Engine Components\IPT;C:\Program Files\Intel\Intel(R) Management Engine Components\IPT;C:\Program Files\Windows Imaging\;C:\Program Files (x86)\STMicroelectronics\STM32 ST-LINK Utility\ST-LINK Utility;C:\adb;C:\Program Files\dotnet\;E:\tmp\8266_WebServ_sender_Server\nginx-1.18.0\php-8.0.9-nts-Win32-vs16-x64\;C:\Program Files\OpenSSH\;C:\Program Files\Microsoft SQL Server\130\Tools\Binn\;C:\Program Files\Microsoft SQL Server\Client SDK\ODBC\170\Tools\Binn\;C:\Program Files\Microsoft Network Monitor 3\;C:\Program Files (x86)\Common Files\Oracle\Java\javapath;C:\Program Files (x86)\Intel\iCLS Client\;C:\Program Files\Intel\iCLS Client\;C:\Windows\system32;C:\Windows;C:\Windows\System32\Wbem;C:\Windows\System32\WindowsPowerShell\v1.0\;C:\Program Files (x86)\Intel\UCRT\;C:\Program Files\Intel\UCRT\;C:\Program Files (x86)\Intel\Intel(R) Management Engine Components\DAL;C:\Program Files\Intel\Intel(R) Management Engine Components\DAL;C:\Program Files (x86)\Intel\Intel(R) Management Engine Components\IPT;C:\Program Files\Intel\Intel(R) Management Engine Components\IPT;C:\Users\Nazarov\AppData\Local\Programs\Git\cmd;C:\Users\Nazarov\.dotnet\tools
USERNAME=nazarov
OS=Windows_NT
PROCESSOR_IDENTIFIER=Intel64 Family 6 Model 94 Stepping 3, GenuineIntel



---------------  S Y S T E M  ---------------

OS: Windows 7 , 64 bit Build 7601 (6.1.7601.24384)

CPU:total 4 (initial active 4) (2 cores per cpu, 2 threads per core) family 6 model 94 stepping 3, cmov, cx8, fxsr, mmx, sse, sse2, sse3, ssse3, sse4.1, sse4.2, popcnt, avx, avx2, aes, clmul, erms, 3dnowpref, lzcnt, ht, tsc, tscinvbit, bmi1, bmi2, adx

Memory: 4k page, physical 8273880k(2244656k free), swap 8271976k(5660k free)

vm_info: Java HotSpot(TM) 64-Bit Server VM (25.191-b12) for windows-amd64 JRE (1.8.0_191-b12), built on Oct  6 2018 09:29:03 by "java_re" with MS VC++ 10.0 (VS2010)

time: Tue Mar 15 16:20:16 2022
elapsed time: 21 seconds (0d 0h 0m 21s)

