#
# There is insufficient memory for the Java Runtime Environment to continue.
# Native memory allocation (malloc) failed to allocate 99024 bytes for Chunk::new
# Possible reasons:
#   The system is out of physical RAM or swap space
#   In 32 bit mode, the process size limit was hit
# Possible solutions:
#   Reduce memory load on the system
#   Increase physical memory or swap space
#   Check if swap backing store is full
#   Use 64 bit Java on a 64 bit OS
#   Decrease Java heap size (-Xmx/-Xms)
#   Decrease number of Java threads
#   Decrease Java thread stack sizes (-Xss)
#   Set larger code cache with -XX:ReservedCodeCacheSize=
# This output file may be truncated or incomplete.
#
#  Out of Memory Error (allocation.cpp:390), pid=7668, tid=0x0000000000001d28
#
# JRE version: Java(TM) SE Runtime Environment (8.0_191-b12) (build 1.8.0_191-b12)
# Java VM: Java HotSpot(TM) 64-Bit Server VM (25.191-b12 mixed mode windows-amd64 compressed oops)
# Failed to write core dump. Minidumps are not enabled by default on client versions of Windows
#

---------------  T H R E A D  ---------------

Current thread (0x000000005769b000):  JavaThread "C2 CompilerThread0" daemon [_thread_in_native, id=7464, stack(0x000000005a020000,0x000000005a120000)]

Stack: [0x000000005a020000,0x000000005a120000]
[error occurred during error reporting (printing stack bounds), id 0xc0000005]

Native frames: (J=compiled Java code, j=interpreted, Vv=VM code, C=native code)


Current CompileTask:
C2:   3656  861 %     4       sun.security.provider.SHA::implCompress @ 12 (491 bytes)


---------------  P R O C E S S  ---------------

Java Threads: ( => current thread )
  0x000000005a74d000 JavaThread "Image Fetcher 0" daemon [_thread_blocked, id=7024, stack(0x000000005c810000,0x000000005c910000)]
  0x00000000022ff800 JavaThread "DestroyJavaVM" [_thread_blocked, id=4932, stack(0x00000000024a0000,0x00000000025a0000)]
  0x000000005a696800 JavaThread "AWT-EventQueue-0" [_thread_blocked, id=1988, stack(0x000000005b500000,0x000000005b600000)]
  0x000000005a694800 JavaThread "AWT-Windows" daemon [_thread_in_native, id=3968, stack(0x000000005b330000,0x000000005b430000)]
  0x000000005a693800 JavaThread "AWT-Shutdown" [_thread_blocked, id=8152, stack(0x000000005b1a0000,0x000000005b2a0000)]
  0x000000005a692800 JavaThread "Java2D Disposer" daemon [_thread_blocked, id=7428, stack(0x000000005afe0000,0x000000005b0e0000)]
  0x0000000059703800 JavaThread "Service Thread" daemon [_thread_blocked, id=4688, stack(0x000000005a2e0000,0x000000005a3e0000)]
  0x0000000059690800 JavaThread "C1 CompilerThread2" daemon [_thread_in_native, id=6508, stack(0x000000005a130000,0x000000005a230000)]
  0x000000005968f800 JavaThread "C2 CompilerThread1" daemon [_thread_in_native, id=6628, stack(0x0000000059b00000,0x0000000059c00000)]
=>0x000000005769b000 JavaThread "C2 CompilerThread0" daemon [_thread_in_native, id=7464, stack(0x000000005a020000,0x000000005a120000)]
  0x0000000059688800 JavaThread "Attach Listener" daemon [_thread_blocked, id=8156, stack(0x0000000059e20000,0x0000000059f20000)]
  0x000000005769a000 JavaThread "Signal Dispatcher" daemon [_thread_blocked, id=4004, stack(0x0000000059c40000,0x0000000059d40000)]
  0x000000005767f000 JavaThread "Finalizer" daemon [_thread_blocked, id=7540, stack(0x0000000059580000,0x0000000059680000)]
  0x0000000057674000 JavaThread "Reference Handler" daemon [_thread_blocked, id=6744, stack(0x0000000059250000,0x0000000059350000)]

Other Threads:
  0x000000005762c800 VMThread [stack: 0x0000000059370000,0x0000000059470000] [id=6804]
  0x000000005972f000 WatcherThread [stack: 0x000000005a430000,0x000000005a530000] [id=6504]

VM state:not at safepoint (normal execution)

VM Mutex/Monitor currently owned by a thread:  ([mutex/lock_event])
[0x00000000022fe0c0] Heap_lock - owner thread: 0x000000005a696800

Heap:
 PSYoungGen      total 38400K, used 16669K [0x00000000d5f00000, 0x00000000d8980000, 0x0000000100000000)
  eden space 33280K, 50% used [0x00000000d5f00000,0x00000000d6f47640,0x00000000d7f80000)
  from space 5120K, 0% used [0x00000000d8480000,0x00000000d8480000,0x00000000d8980000)
  to   space 5120K, 0% used [0x00000000d7f80000,0x00000000d7f80000,0x00000000d8480000)
 ParOldGen       total 87552K, used 0K [0x0000000081c00000, 0x0000000087180000, 0x00000000d5f00000)
  object space 87552K, 0% used [0x0000000081c00000,0x0000000081c00000,0x0000000087180000)
 Metaspace       used 14054K, capacity 14366K, committed 14720K, reserved 1064960K
  class space    used 1724K, capacity 1847K, committed 1920K, reserved 1048576K

Card table byte_map: [0x0000000011cb0000,0x00000000120b0000] byte_map_base: 0x00000000118a2000

Marking Bits: (ParMarkBitMap*) 0x00000000580c3e30
 Begin Bits: [0x0000000012980000, 0x0000000014910000)
 End Bits:   [0x0000000014910000, 0x00000000168a0000)

Polling page: 0x0000000000230000

CodeCache: size=245760Kb used=3258Kb max_used=3258Kb free=242501Kb
 bounds [0x00000000028f0000, 0x0000000002c20000, 0x00000000118f0000]
 total_blobs=1390 nmethods=883 adapters=420
 compilation: enabled

Compilation events (10 events):
Event: 3.652 Thread 0x0000000059690800  876       3       sun.nio.fs.WindowsPath::<init> (10 bytes)
Event: 3.652 Thread 0x0000000059690800 nmethod 876 0x0000000002c19b50 code [0x0000000002c19cc0, 0x0000000002c19f70]
Event: 3.652 Thread 0x0000000059690800  877       3       java.nio.file.Files$AcceptAllFilter::accept (9 bytes)
Event: 3.652 Thread 0x0000000059690800 nmethod 877 0x0000000002c1a0d0 code [0x0000000002c1a240, 0x0000000002c1a4f0]
Event: 3.652 Thread 0x0000000059690800  870       3       sun.nio.fs.WindowsPath::getFileName (87 bytes)
Event: 3.652 Thread 0x0000000059690800 nmethod 870 0x0000000002c1a5d0 code [0x0000000002c1a7a0, 0x0000000002c1b278]
Event: 3.652 Thread 0x0000000059690800  878       3       sun.nio.fs.WindowsDirectoryStream$WindowsDirectoryIterator::next (5 bytes)
Event: 3.652 Thread 0x0000000059690800 nmethod 878 0x0000000002c1b690 code [0x0000000002c1b800, 0x0000000002c1b988]
Event: 3.652 Thread 0x0000000059690800  879  s    3       sun.nio.fs.WindowsDirectoryStream$WindowsDirectoryIterator::next (48 bytes)
Event: 3.653 Thread 0x0000000059690800 nmethod 879 0x0000000002c1ba10 code [0x0000000002c1bba0, 0x0000000002c1c038]

GC Heap History (0 events):
No events

Deoptimization events (9 events):
Event: 0.087 Thread 0x00000000022ff800 Uncommon trap: reason=unstable_if action=reinterpret pc=0x0000000002a108a8 method=java.lang.String.hashCode()I @ 14
Event: 0.173 Thread 0x00000000022ff800 Uncommon trap: reason=unstable_if action=reinterpret pc=0x0000000002a664a4 method=com.sun.org.apache.xerces.internal.impl.XMLEntityScanner.checkBeforeLoad(Lcom/sun/xml/internal/stream/Entity$ScannedEntity;II)I @ 18
Event: 0.302 Thread 0x000000005a696800 Uncommon trap: reason=unstable_if action=reinterpret pc=0x0000000002b28498 method=java.lang.String.startsWith(Ljava/lang/String;I)Z @ 25
Event: 0.304 Thread 0x000000005a696800 Uncommon trap: reason=unstable_if action=reinterpret pc=0x0000000002ae41b4 method=java.lang.AbstractStringBuilder.append(Ljava/lang/String;)Ljava/lang/AbstractStringBuilder; @ 1
Event: 1.752 Thread 0x000000005a696800 Uncommon trap: reason=class_check action=maybe_recompile pc=0x0000000002a0e818 method=java.lang.String.equals(Ljava/lang/Object;)Z @ 8
Event: 1.752 Thread 0x000000005a696800 Uncommon trap: reason=class_check action=maybe_recompile pc=0x0000000002a0e818 method=java.lang.String.equals(Ljava/lang/Object;)Z @ 8
Event: 1.752 Thread 0x000000005a696800 Uncommon trap: reason=class_check action=maybe_recompile pc=0x0000000002a0e818 method=java.lang.String.equals(Ljava/lang/Object;)Z @ 8
Event: 3.424 Thread 0x000000005a696800 Uncommon trap: reason=class_check action=maybe_recompile pc=0x0000000002a0e818 method=java.lang.String.equals(Ljava/lang/Object;)Z @ 8
Event: 3.539 Thread 0x000000005a696800 Uncommon trap: reason=unstable_if action=reinterpret pc=0x0000000002bb664c method=java.lang.String.indexOf([CII[CIII)I @ 3

Classes redefined (0 events):
No events

Internal exceptions (10 events):
Event: 0.098 Thread 0x00000000022ff800 Exception <a 'java/security/PrivilegedActionException'> (0x00000000d608a240) thrown at [C:\re\workspace\8-2-build-windows-amd64-cygwin\jdk8u191\11896\hotspot\src\share\vm\prims\jvm.cpp, line 1435]
Event: 0.098 Thread 0x00000000022ff800 Exception <a 'java/security/PrivilegedActionException'> (0x00000000d608e228) thrown at [C:\re\workspace\8-2-build-windows-amd64-cygwin\jdk8u191\11896\hotspot\src\share\vm\prims\jvm.cpp, line 1435]
Event: 0.098 Thread 0x00000000022ff800 Exception <a 'java/security/PrivilegedActionException'> (0x00000000d608e438) thrown at [C:\re\workspace\8-2-build-windows-amd64-cygwin\jdk8u191\11896\hotspot\src\share\vm\prims\jvm.cpp, line 1435]
Event: 0.191 Thread 0x00000000022ff800 Exception <a 'java/io/FileNotFoundException'> (0x00000000d6423d00) thrown at [C:\re\workspace\8-2-build-windows-amd64-cygwin\jdk8u191\11896\hotspot\src\share\vm\prims\jni.cpp, line 709]
Event: 0.224 Thread 0x00000000022ff800 Exception <a 'java/lang/NoSuchFieldError': method resolution failed> (0x00000000d64f4560) thrown at [C:\re\workspace\8-2-build-windows-amd64-cygwin\jdk8u191\11896\hotspot\src\share\vm\prims\methodHandles.cpp, line 1167]
Event: 0.226 Thread 0x00000000022ff800 Exception <a 'java/lang/NoSuchFieldError': method resolution failed> (0x00000000d65018d0) thrown at [C:\re\workspace\8-2-build-windows-amd64-cygwin\jdk8u191\11896\hotspot\src\share\vm\prims\methodHandles.cpp, line 1167]
Event: 0.280 Thread 0x000000005a696800 Exception <a 'java/io/FileNotFoundException'> (0x00000000d672c4c8) thrown at [C:\re\workspace\8-2-build-windows-amd64-cygwin\jdk8u191\11896\hotspot\src\share\vm\prims\jni.cpp, line 709]
Event: 0.304 Thread 0x000000005a696800 Implicit null exception at 0x0000000002ae3e06 to 0x0000000002ae419d
Event: 3.527 Thread 0x000000005a696800 Exception <a 'java/lang/NoSuchMethodError': java.lang.Object.lambda$comparing$77a9974f$1(Ljava/util/function/Function;Ljava/lang/Object;Ljava/lang/Object;)I> (0x00000000d6cbaac8) thrown at [C:\re\workspace\8-2-build-windows-amd64-cygwin\jdk8u191\11896\hot
Event: 3.529 Thread 0x000000005a696800 Exception <a 'java/lang/NoSuchMethodError': java.lang.Object.lambda$maxBy$1(Ljava/util/Comparator;Ljava/lang/Object;Ljava/lang/Object;)Ljava/lang/Object;> (0x00000000d6cc6b28) thrown at [C:\re\workspace\8-2-build-windows-amd64-cygwin\jdk8u191\11896\hotspo

Events (10 events):
Event: 3.653 loading class org/postgresql/shaded/com/ongres/scram/common/ScramFunctions done
Event: 3.653 loading class javax/crypto/SecretKeyFactory
Event: 3.654 loading class javax/crypto/SecretKeyFactory done
Event: 3.654 loading class sun/security/jca/ProviderList$ServiceList
Event: 3.654 loading class sun/security/jca/ProviderList$ServiceList done
Event: 3.654 loading class sun/security/jca/ProviderList$ServiceList$1
Event: 3.654 loading class sun/security/jca/ProviderList$ServiceList$1 done
Event: 3.654 loading class sun/security/rsa/SunRsaSign
Event: 3.654 loading class sun/security/rsa/SunRsaSign done
Event: 3.654 loading class sun/security/rsa/SunRsaSignEntries


Dynamic libraries:
0x000000013f9e0000 - 0x000000013fa17000 	C:\Program Files\Java\jdk1.8.0_191\jre\bin\java.exe
0x0000000077c40000 - 0x0000000077ddf000 	C:\Windows\SYSTEM32\ntdll.dll
0x0000000077a20000 - 0x0000000077b3f000 	C:\Windows\system32\kernel32.dll
0x000007fefde60000 - 0x000007fefdeca000 	C:\Windows\system32\KERNELBASE.dll
0x000007feffcb0000 - 0x000007feffd8b000 	C:\Windows\system32\ADVAPI32.dll
0x000007feffe60000 - 0x000007feffeff000 	C:\Windows\system32\msvcrt.dll
0x000007feffa40000 - 0x000007feffa5f000 	C:\Windows\SYSTEM32\sechost.dll
0x000007feff8d0000 - 0x000007feff9fc000 	C:\Windows\system32\RPCRT4.dll
0x0000000077b40000 - 0x0000000077c3a000 	C:\Windows\system32\USER32.dll
0x000007feffc40000 - 0x000007feffca7000 	C:\Windows\system32\GDI32.dll
0x000007feffa20000 - 0x000007feffa2e000 	C:\Windows\system32\LPK.dll
0x000007feffd90000 - 0x000007feffe5b000 	C:\Windows\system32\USP10.dll
0x000007fefc580000 - 0x000007fefc774000 	C:\Windows\WinSxS\amd64_microsoft.windows.common-controls_6595b64144ccf1df_6.0.7601.18837_none_fa3b1e3d17594757\COMCTL32.dll
0x000007feffb40000 - 0x000007feffbb1000 	C:\Windows\system32\SHLWAPI.dll
0x000007fefed40000 - 0x000007fefed6e000 	C:\Windows\system32\IMM32.DLL
0x000007feff5d0000 - 0x000007feff6d9000 	C:\Windows\system32\MSCTF.dll
0x00000000586b0000 - 0x0000000058782000 	C:\Program Files\Java\jdk1.8.0_191\jre\bin\msvcr100.dll
0x00000000578a0000 - 0x0000000058144000 	C:\Program Files\Java\jdk1.8.0_191\jre\bin\server\jvm.dll
0x000007fef98b0000 - 0x000007fef98b9000 	C:\Windows\system32\WSOCK32.dll
0x000007fefed70000 - 0x000007fefedbd000 	C:\Windows\system32\WS2_32.dll
0x000007feffa30000 - 0x000007feffa38000 	C:\Windows\system32\NSI.dll
0x000007fefb9b0000 - 0x000007fefb9eb000 	C:\Windows\system32\WINMM.dll
0x000007fefcc40000 - 0x000007fefcc4c000 	C:\Windows\system32\VERSION.dll
0x0000000077de0000 - 0x0000000077de7000 	C:\Windows\system32\PSAPI.DLL
0x000000006e8c0000 - 0x000000006e8cf000 	C:\Program Files\Java\jdk1.8.0_191\jre\bin\verify.dll
0x0000000058f90000 - 0x0000000058fb9000 	C:\Program Files\Java\jdk1.8.0_191\jre\bin\java.dll
0x0000000058e40000 - 0x0000000058e56000 	C:\Program Files\Java\jdk1.8.0_191\jre\bin\zip.dll
0x000007fefdfb0000 - 0x000007fefed3b000 	C:\Windows\system32\SHELL32.dll
0x000007feff3d0000 - 0x000007feff5cc000 	C:\Windows\system32\ole32.dll
0x000007fefdb00000 - 0x000007fefdb0f000 	C:\Windows\system32\profapi.dll
0x000000005ad30000 - 0x000000005aec9000 	C:\Program Files\Java\jdk1.8.0_191\jre\bin\awt.dll
0x000007feffa60000 - 0x000007feffb3a000 	C:\Windows\system32\OLEAUT32.dll
0x000007fefc520000 - 0x000007fefc576000 	C:\Windows\system32\uxtheme.dll
0x000007fefbde0000 - 0x000007fefbdf8000 	C:\Windows\system32\dwmapi.dll
0x000007fefda30000 - 0x000007fefda3f000 	C:\Windows\system32\CRYPTBASE.dll
0x000007feee740000 - 0x000007feee85d000 	C:\Windows\system32\opengl32.dll
0x000007fef73a0000 - 0x000007fef73cd000 	C:\Windows\system32\GLU32.dll
0x000007feee8b0000 - 0x000007feee9a1000 	C:\Windows\system32\DDRAW.dll
0x000007feeec10000 - 0x000007feeec18000 	C:\Windows\system32\DCIMAN32.dll
0x000007fefeef0000 - 0x000007feff0c7000 	C:\Windows\system32\SETUPAPI.dll
0x000007fefdc50000 - 0x000007fefdc86000 	C:\Windows\system32\CFGMGR32.dll
0x000007fefde40000 - 0x000007fefde5a000 	C:\Windows\system32\DEVOBJ.dll
0x0000000001dc0000 - 0x0000000001e07000 	C:\Program Files\Java\jdk1.8.0_191\jre\bin\fontmanager.dll
0x0000000058e20000 - 0x0000000058e3a000 	C:\Program Files\Java\jdk1.8.0_191\jre\bin\net.dll
0x000007fefd310000 - 0x000007fefd365000 	C:\Windows\system32\mswsock.dll
0x000007fefd300000 - 0x000007fefd307000 	C:\Windows\System32\wship6.dll
0x0000000000560000 - 0x0000000000571000 	C:\Program Files\Java\jdk1.8.0_191\jre\bin\nio.dll
0x0000000002400000 - 0x0000000002442000 	C:\Program Files\Java\jdk1.8.0_191\jre\bin\t2k.dll
0x000007fefd370000 - 0x000007fefd388000 	C:\Windows\system32\CRYPTSP.dll
0x000007fefd070000 - 0x000007fefd0b7000 	C:\Windows\system32\rsaenh.dll
0x000007fefce20000 - 0x000007fefce3e000 	C:\Windows\system32\USERENV.dll
0x000007fefb3b0000 - 0x000007fefb3d7000 	C:\Windows\system32\IPHLPAPI.DLL
0x000007fefb3a0000 - 0x000007fefb3ab000 	C:\Windows\system32\WINNSI.DLL
0x000007fefb0c0000 - 0x000007fefb0d1000 	C:\Windows\system32\dhcpcsvc6.DLL
0x000007fefafe0000 - 0x000007fefaff8000 	C:\Windows\system32\dhcpcsvc.DLL

VM Arguments:
jvm_args: -Dfile.encoding=UTF-8 
java_command: Main.Main
java_class_path (initial): C:\Users\Nazarov\Documents\NetBeansProjects\ConfiguratorGrigoriy\lib\activation-1.1.1.jar;C:\Users\Nazarov\Documents\NetBeansProjects\ConfiguratorGrigoriy\lib\commons-codec-1.11.jar;C:\Users\Nazarov\Documents\NetBeansProjects\ConfiguratorGrigoriy\lib\commons-collections4-4.2.jar;C:\Users\Nazarov\Documents\NetBeansProjects\ConfiguratorGrigoriy\lib\junit-4.10.jar;C:\Users\Nazarov\Documents\NetBeansProjects\ConfiguratorGrigoriy\lib\junit-4.12.jar;C:\Users\Nazarov\Documents\NetBeansProjects\ConfiguratorGrigoriy\lib\luaj-jse-3.0.1.jar;C:\Users\Nazarov\Documents\NetBeansProjects\ConfiguratorGrigoriy\lib\luajava-1.1.jar;C:\Users\Nazarov\Documents\NetBeansProjects\ConfiguratorGrigoriy\lib\poi-4.0.1.jar;C:\Users\Nazarov\Documents\NetBeansProjects\ConfiguratorGrigoriy\lib\postgresql-42.2.5.jar;C:\Program Files\NetBeans 8.0\java\modules\ext\AbsoluteLayout.jar;C:\Users\Nazarov\Documents\NetBeansProjects\ConfiguratorGrigoriy\lib\commons-compress-1.18.jar;C:\Users\Nazarov\Documents\NetBeansProjects\ConfiguratorGrigoriy\lib\poi-ooxml-4.0.1.jar;C:\Users\Nazarov\Documents\NetBeansProjects\ConfiguratorGrigoriy\lib\poi-ooxml-schemas-4.0.1.jar;C:\Users\Nazarov\Documents\NetBeansProjects\ConfiguratorGrigoriy\lib\xmlbeans-3.0.2.jar;C:\Users\Nazarov\Documents\NetBeansProjects\ConfiguratorGrigoriy\build\classes
Launcher Type: SUN_STANDARD

Environment Variables:
PATH=C:\Program Files (x86)\Common Files\Oracle\Java\javapath;C:\Program Files (x86)\Intel\iCLS Client\;C:\Program Files\Intel\iCLS Client\;C:\Windows\system32;C:\Windows;C:\Windows\System32\Wbem;C:\Windows\System32\WindowsPowerShell\v1.0\;C:\Program Files (x86)\Intel\UCRT\;C:\Program Files\Intel\UCRT\;C:\Program Files (x86)\Intel\Intel(R) Management Engine Components\DAL;C:\Program Files\Intel\Intel(R) Management Engine Components\DAL;C:\Program Files (x86)\Intel\Intel(R) Management Engine Components\IPT;C:\Program Files\Intel\Intel(R) Management Engine Components\IPT;C:\Program Files\Windows Imaging\;C:\Program Files (x86)\STMicroelectronics\STM32 ST-LINK Utility\ST-LINK Utility;C:\adb;C:\Program Files\dotnet\;C:\Program Files (x86)\Common Files\Oracle\Java\javapath;C:\Program Files (x86)\Intel\iCLS Client\;C:\Program Files\Intel\iCLS Client\;C:\Windows\system32;C:\Windows;C:\Windows\System32\Wbem;C:\Windows\System32\WindowsPowerShell\v1.0\;C:\Program Files (x86)\Intel\UCRT\;C:\Program Files\Intel\UCRT\;C:\Program Files (x86)\Intel\Intel(R) Management Engine Components\DAL;C:\Program Files\Intel\Intel(R) Management Engine Components\DAL;C:\Program Files (x86)\Intel\Intel(R) Management Engine Components\IPT;C:\Program Files\Intel\Intel(R) Management Engine Components\IPT;C:\Users\Nazarov\AppData\Local\Programs\Git\cmd
USERNAME=nazarov
OS=Windows_NT
PROCESSOR_IDENTIFIER=Intel64 Family 6 Model 94 Stepping 3, GenuineIntel



---------------  S Y S T E M  ---------------

OS: Windows 7 , 64 bit Build 7601 (6.1.7601.24384)

CPU:total 4 (initial active 4) (2 cores per cpu, 2 threads per core) family 6 model 94 stepping 3, cmov, cx8, fxsr, mmx, sse, sse2, sse3, ssse3, sse4.1, sse4.2, popcnt, avx, avx2, aes, clmul, erms, 3dnowpref, lzcnt, ht, tsc, tscinvbit, bmi1, bmi2, adx

Memory: 4k page, physical 8273880k(1971236k free), swap 8271976k(5128k free)

vm_info: Java HotSpot(TM) 64-Bit Server VM (25.191-b12) for windows-amd64 JRE (1.8.0_191-b12), built on Oct  6 2018 09:29:03 by "java_re" with MS VC++ 10.0 (VS2010)

time: Wed Aug 04 16:39:37 2021
elapsed time: 3 seconds (0d 0h 0m 3s)

