#
# There is insufficient memory for the Java Runtime Environment to continue.
# Native memory allocation (malloc) failed to allocate 1148656 bytes for Chunk::new
# Possible reasons:
#   The system is out of physical RAM or swap space
#   In 32 bit mode, the process size limit was hit
# Possible solutions:
#   Reduce memory load on the system
#   Increase physical memory or swap space
#   Check if swap backing store is full
#   Use 64 bit Java on a 64 bit OS
#   Decrease Java heap size (-Xmx/-Xms)
#   Decrease number of Java threads
#   Decrease Java thread stack sizes (-Xss)
#   Set larger code cache with -XX:ReservedCodeCacheSize=
# This output file may be truncated or incomplete.
#
#  Out of Memory Error (allocation.cpp:390), pid=8340, tid=0x00000000000027e4
#
# JRE version: Java(TM) SE Runtime Environment (8.0_191-b12) (build 1.8.0_191-b12)
# Java VM: Java HotSpot(TM) 64-Bit Server VM (25.191-b12 mixed mode windows-amd64 compressed oops)
# Failed to write core dump. Minidumps are not enabled by default on client versions of Windows
#

---------------  T H R E A D  ---------------

Current thread (0x0000000018524800):  JavaThread "C2 CompilerThread0" daemon [_thread_in_native, id=10212, stack(0x0000000018e70000,0x0000000018f70000)]

Stack: [0x0000000018e70000,0x0000000018f70000]
[error occurred during error reporting (printing stack bounds), id 0xc0000005]

Native frames: (J=compiled Java code, j=interpreted, Vv=VM code, C=native code)


Current CompileTask:
C2:  10883 2870 %     4       basepostgresluaxls.ReadWriteExel::getDataCell @ 757 (811 bytes)


---------------  P R O C E S S  ---------------

Java Threads: ( => current thread )
  0x0000000019871800 JavaThread "Swing-Shell" daemon [_thread_blocked, id=6668, stack(0x000000001bae0000,0x000000001bbe0000)]
  0x0000000019850800 JavaThread "TimerQueue" daemon [_thread_blocked, id=7420, stack(0x000000001b310000,0x000000001b410000)]
  0x0000000001c3f000 JavaThread "DestroyJavaVM" [_thread_blocked, id=5288, stack(0x0000000001f40000,0x0000000002040000)]
  0x00000000196c8000 JavaThread "AWT-EventQueue-0" [_thread_in_Java, id=5104, stack(0x000000001a900000,0x000000001aa00000)]
  0x000000001964e000 JavaThread "AWT-Windows" daemon [_thread_in_native, id=476, stack(0x000000001a0f0000,0x000000001a1f0000)]
  0x000000001964d000 JavaThread "AWT-Shutdown" [_thread_blocked, id=1400, stack(0x00000000193b0000,0x00000000194b0000)]
  0x000000001964a800 JavaThread "Java2D Disposer" daemon [_thread_blocked, id=6524, stack(0x0000000019ea0000,0x0000000019fa0000)]
  0x00000000185b7800 JavaThread "Service Thread" daemon [_thread_blocked, id=5612, stack(0x0000000019270000,0x0000000019370000)]
  0x000000001852d800 JavaThread "C1 CompilerThread2" daemon [_thread_blocked, id=6860, stack(0x0000000019170000,0x0000000019270000)]
  0x000000001852a000 JavaThread "C2 CompilerThread1" daemon [_thread_blocked, id=11256, stack(0x0000000019020000,0x0000000019120000)]
=>0x0000000018524800 JavaThread "C2 CompilerThread0" daemon [_thread_in_native, id=10212, stack(0x0000000018e70000,0x0000000018f70000)]
  0x0000000016ff9000 JavaThread "Attach Listener" daemon [_thread_blocked, id=9376, stack(0x0000000018ca0000,0x0000000018da0000)]
  0x0000000016ffe800 JavaThread "Signal Dispatcher" daemon [_thread_blocked, id=10984, stack(0x0000000018a30000,0x0000000018b30000)]
  0x0000000016fda800 JavaThread "Finalizer" daemon [_thread_blocked, id=9628, stack(0x0000000018420000,0x0000000018520000)]
  0x0000000016fd3800 JavaThread "Reference Handler" daemon [_thread_blocked, id=4084, stack(0x0000000018240000,0x0000000018340000)]

Other Threads:
  0x0000000016f8b800 VMThread [stack: 0x0000000018090000,0x0000000018190000] [id=9008]
  0x00000000185d4800 WatcherThread [stack: 0x00000000194e0000,0x00000000195e0000] [id=5504]

VM state:not at safepoint (normal execution)

VM Mutex/Monitor currently owned by a thread: None

Heap:
 PSYoungGen      total 343040K, used 165487K [0x00000000d5f00000, 0x00000000ec200000, 0x0000000100000000)
  eden space 324096K, 46% used [0x00000000d5f00000,0x00000000df396340,0x00000000e9b80000)
  from space 18944K, 70% used [0x00000000eae80000,0x00000000ebb85ba8,0x00000000ec100000)
  to   space 19456K, 0% used [0x00000000e9b80000,0x00000000e9b80000,0x00000000eae80000)
 ParOldGen       total 87552K, used 45777K [0x0000000081c00000, 0x0000000087180000, 0x00000000d5f00000)
  object space 87552K, 52% used [0x0000000081c00000,0x00000000848b4570,0x0000000087180000)
 Metaspace       used 19942K, capacity 20356K, committed 20480K, reserved 1067008K
  class space    used 2370K, capacity 2510K, committed 2560K, reserved 1048576K

Card table byte_map: [0x00000000116d0000,0x0000000011ad0000] byte_map_base: 0x00000000112c2000

Marking Bits: (ParMarkBitMap*) 0x0000000055013e30
 Begin Bits: [0x00000000122e0000, 0x0000000014270000)
 End Bits:   [0x0000000014270000, 0x0000000016200000)

Polling page: 0x0000000000120000

CodeCache: size=245760Kb used=9422Kb max_used=10360Kb free=236337Kb
 bounds [0x0000000002310000, 0x0000000002d50000, 0x0000000011310000]
 total_blobs=3129 nmethods=2589 adapters=452
 compilation: enabled

Compilation events (10 events):
Event: 10.596 Thread 0x000000001852d800 2882       3       org.apache.poi.poifs.filesystem.POIFSFileSystem::getBlockStoreBlockSize (5 bytes)
Event: 10.596 Thread 0x000000001852d800 nmethod 2882 0x000000000248fb10 code [0x000000000248fc80, 0x000000000248fef0]
Event: 10.597 Thread 0x000000001852d800 2880       1       org.apache.poi.poifs.filesystem.EntryNode::getProperty (5 bytes)
Event: 10.597 Thread 0x000000001852d800 nmethod 2880 0x00000000024bacd0 code [0x00000000024bae20, 0x00000000024baf30]
Event: 10.597 Thread 0x000000001852d800 2883       1       org.apache.poi.hssf.record.ExternSheetRecord::getSid (3 bytes)
Event: 10.597 Thread 0x000000001852d800 nmethod 2883 0x00000000027317d0 code [0x0000000002731920, 0x0000000002731a30]
Event: 10.624 Thread 0x000000001852d800 2884       3       java.util.ArrayList::clear (39 bytes)
Event: 10.625 Thread 0x000000001852d800 nmethod 2884 0x0000000002421d90 code [0x0000000002421f00, 0x0000000002422270]
Event: 10.837 Thread 0x000000001852a000 2885       4       org.apache.poi.hssf.usermodel.HSSFRow::cellIterator (9 bytes)
Event: 10.839 Thread 0x000000001852a000 nmethod 2885 0x0000000002422bd0 code [0x0000000002422d20, 0x0000000002422e58]

GC Heap History (10 events):
Event: 9.652 GC heap before
{Heap before GC invocations=22 (full 0):
 PSYoungGen      total 272896K, used 260766K [0x00000000d5f00000, 0x00000000e8300000, 0x0000000100000000)
  eden space 249344K, 100% used [0x00000000d5f00000,0x00000000e5280000,0x00000000e5280000)
  from space 23552K, 48% used [0x00000000e5280000,0x00000000e5da7af8,0x00000000e6980000)
  to   space 20992K, 0% used [0x00000000e6980000,0x00000000e6980000,0x00000000e7e00000)
 ParOldGen       total 87552K, used 45753K [0x0000000081c00000, 0x0000000087180000, 0x00000000d5f00000)
  object space 87552K, 52% used [0x0000000081c00000,0x00000000848ae570,0x0000000087180000)
 Metaspace       used 19939K, capacity 20356K, committed 20480K, reserved 1067008K
  class space    used 2370K, capacity 2510K, committed 2560K, reserved 1048576K
Event: 9.655 GC heap after
Heap after GC invocations=22 (full 0):
 PSYoungGen      total 270336K, used 7361K [0x00000000d5f00000, 0x00000000e8300000, 0x0000000100000000)
  eden space 249344K, 0% used [0x00000000d5f00000,0x00000000d5f00000,0x00000000e5280000)
  from space 20992K, 35% used [0x00000000e6980000,0x00000000e70b0430,0x00000000e7e00000)
  to   space 23552K, 0% used [0x00000000e5280000,0x00000000e5280000,0x00000000e6980000)
 ParOldGen       total 87552K, used 45761K [0x0000000081c00000, 0x0000000087180000, 0x00000000d5f00000)
  object space 87552K, 52% used [0x0000000081c00000,0x00000000848b0570,0x0000000087180000)
 Metaspace       used 19939K, capacity 20356K, committed 20480K, reserved 1067008K
  class space    used 2370K, capacity 2510K, committed 2560K, reserved 1048576K
}
Event: 9.936 GC heap before
{Heap before GC invocations=23 (full 0):
 PSYoungGen      total 270336K, used 256705K [0x00000000d5f00000, 0x00000000e8300000, 0x0000000100000000)
  eden space 249344K, 100% used [0x00000000d5f00000,0x00000000e5280000,0x00000000e5280000)
  from space 20992K, 35% used [0x00000000e6980000,0x00000000e70b0430,0x00000000e7e00000)
  to   space 23552K, 0% used [0x00000000e5280000,0x00000000e5280000,0x00000000e6980000)
 ParOldGen       total 87552K, used 45761K [0x0000000081c00000, 0x0000000087180000, 0x00000000d5f00000)
  object space 87552K, 52% used [0x0000000081c00000,0x00000000848b0570,0x0000000087180000)
 Metaspace       used 19940K, capacity 20356K, committed 20480K, reserved 1067008K
  class space    used 2370K, capacity 2510K, committed 2560K, reserved 1048576K
Event: 9.944 GC heap after
Heap after GC invocations=23 (full 0):
 PSYoungGen      total 272896K, used 12502K [0x00000000d5f00000, 0x00000000e8300000, 0x0000000100000000)
  eden space 249344K, 0% used [0x00000000d5f00000,0x00000000d5f00000,0x00000000e5280000)
  from space 23552K, 53% used [0x00000000e5280000,0x00000000e5eb5ba8,0x00000000e6980000)
  to   space 20992K, 0% used [0x00000000e6980000,0x00000000e6980000,0x00000000e7e00000)
 ParOldGen       total 87552K, used 45769K [0x0000000081c00000, 0x0000000087180000, 0x00000000d5f00000)
  object space 87552K, 52% used [0x0000000081c00000,0x00000000848b2570,0x0000000087180000)
 Metaspace       used 19940K, capacity 20356K, committed 20480K, reserved 1067008K
  class space    used 2370K, capacity 2510K, committed 2560K, reserved 1048576K
}
Event: 10.167 GC heap before
{Heap before GC invocations=24 (full 0):
 PSYoungGen      total 272896K, used 261846K [0x00000000d5f00000, 0x00000000e8300000, 0x0000000100000000)
  eden space 249344K, 100% used [0x00000000d5f00000,0x00000000e5280000,0x00000000e5280000)
  from space 23552K, 53% used [0x00000000e5280000,0x00000000e5eb5ba8,0x00000000e6980000)
  to   space 20992K, 0% used [0x00000000e6980000,0x00000000e6980000,0x00000000e7e00000)
 ParOldGen       total 87552K, used 45769K [0x0000000081c00000, 0x0000000087180000, 0x00000000d5f00000)
  object space 87552K, 52% used [0x0000000081c00000,0x00000000848b2570,0x0000000087180000)
 Metaspace       used 19940K, capacity 20356K, committed 20480K, reserved 1067008K
  class space    used 2370K, capacity 2510K, committed 2560K, reserved 1048576K
Event: 10.177 GC heap after
Heap after GC invocations=24 (full 0):
 PSYoungGen      total 270336K, used 11895K [0x00000000d5f00000, 0x00000000e8300000, 0x0000000100000000)
  eden space 249344K, 0% used [0x00000000d5f00000,0x00000000d5f00000,0x00000000e5280000)
  from space 20992K, 56% used [0x00000000e6980000,0x00000000e751dca0,0x00000000e7e00000)
  to   space 23552K, 0% used [0x00000000e5280000,0x00000000e5280000,0x00000000e6980000)
 ParOldGen       total 87552K, used 45769K [0x0000000081c00000, 0x0000000087180000, 0x00000000d5f00000)
  object space 87552K, 52% used [0x0000000081c00000,0x00000000848b2570,0x0000000087180000)
 Metaspace       used 19940K, capacity 20356K, committed 20480K, reserved 1067008K
  class space    used 2370K, capacity 2510K, committed 2560K, reserved 1048576K
}
Event: 10.463 GC heap before
{Heap before GC invocations=25 (full 0):
 PSYoungGen      total 270336K, used 261239K [0x00000000d5f00000, 0x00000000e8300000, 0x0000000100000000)
  eden space 249344K, 100% used [0x00000000d5f00000,0x00000000e5280000,0x00000000e5280000)
  from space 20992K, 56% used [0x00000000e6980000,0x00000000e751dca0,0x00000000e7e00000)
  to   space 23552K, 0% used [0x00000000e5280000,0x00000000e5280000,0x00000000e6980000)
 ParOldGen       total 87552K, used 45769K [0x0000000081c00000, 0x0000000087180000, 0x00000000d5f00000)
  object space 87552K, 52% used [0x0000000081c00000,0x00000000848b2570,0x0000000087180000)
 Metaspace       used 19940K, capacity 20356K, committed 20480K, reserved 1067008K
  class space    used 2370K, capacity 2510K, committed 2560K, reserved 1048576K
Event: 10.467 GC heap after
Heap after GC invocations=25 (full 0):
 PSYoungGen      total 272896K, used 8215K [0x00000000d5f00000, 0x00000000ec100000, 0x0000000100000000)
  eden space 249344K, 0% used [0x00000000d5f00000,0x00000000d5f00000,0x00000000e5280000)
  from space 23552K, 34% used [0x00000000e5280000,0x00000000e5a85fd8,0x00000000e6980000)
  to   space 18944K, 0% used [0x00000000eae80000,0x00000000eae80000,0x00000000ec100000)
 ParOldGen       total 87552K, used 45769K [0x0000000081c00000, 0x0000000087180000, 0x00000000d5f00000)
  object space 87552K, 52% used [0x0000000081c00000,0x00000000848b2570,0x0000000087180000)
 Metaspace       used 19940K, capacity 20356K, committed 20480K, reserved 1067008K
  class space    used 2370K, capacity 2510K, committed 2560K, reserved 1048576K
}
Event: 10.706 GC heap before
{Heap before GC invocations=26 (full 0):
 PSYoungGen      total 272896K, used 257559K [0x00000000d5f00000, 0x00000000ec100000, 0x0000000100000000)
  eden space 249344K, 100% used [0x00000000d5f00000,0x00000000e5280000,0x00000000e5280000)
  from space 23552K, 34% used [0x00000000e5280000,0x00000000e5a85fd8,0x00000000e6980000)
  to   space 18944K, 0% used [0x00000000eae80000,0x00000000eae80000,0x00000000ec100000)
 ParOldGen       total 87552K, used 45769K [0x0000000081c00000, 0x0000000087180000, 0x00000000d5f00000)
  object space 87552K, 52% used [0x0000000081c00000,0x00000000848b2570,0x0000000087180000)
 Metaspace       used 19942K, capacity 20356K, committed 20480K, reserved 1067008K
  class space    used 2370K, capacity 2510K, committed 2560K, reserved 1048576K
Event: 10.728 GC heap after
Heap after GC invocations=26 (full 0):
 PSYoungGen      total 343040K, used 13334K [0x00000000d5f00000, 0x00000000ec200000, 0x0000000100000000)
  eden space 324096K, 0% used [0x00000000d5f00000,0x00000000d5f00000,0x00000000e9b80000)
  from space 18944K, 70% used [0x00000000eae80000,0x00000000ebb85ba8,0x00000000ec100000)
  to   space 19456K, 0% used [0x00000000e9b80000,0x00000000e9b80000,0x00000000eae80000)
 ParOldGen       total 87552K, used 45777K [0x0000000081c00000, 0x0000000087180000, 0x00000000d5f00000)
  object space 87552K, 52% used [0x0000000081c00000,0x00000000848b4570,0x0000000087180000)
 Metaspace       used 19942K, capacity 20356K, committed 20480K, reserved 1067008K
  class space    used 2370K, capacity 2510K, committed 2560K, reserved 1048576K
}

Deoptimization events (10 events):
Event: 6.914 Thread 0x00000000196c8000 Uncommon trap: reason=class_check action=maybe_recompile pc=0x00000000029b9dcc method=java.lang.Character.isWhitespace(I)Z @ 5
Event: 6.914 Thread 0x00000000196c8000 Uncommon trap: reason=class_check action=maybe_recompile pc=0x00000000029d5d44 method=java.lang.Character.isJavaIdentifierPart(I)Z @ 5
Event: 6.914 Thread 0x00000000196c8000 Uncommon trap: reason=class_check action=maybe_recompile pc=0x00000000029b9dcc method=java.lang.Character.isWhitespace(I)Z @ 5
Event: 6.915 Thread 0x00000000196c8000 Uncommon trap: reason=class_check action=maybe_recompile pc=0x00000000029d5d44 method=java.lang.Character.isJavaIdentifierPart(I)Z @ 5
Event: 7.301 Thread 0x00000000196c8000 Uncommon trap: reason=class_check action=maybe_recompile pc=0x0000000002b8b0b8 method=java.lang.Character.isWhitespace(I)Z @ 5
Event: 7.301 Thread 0x00000000196c8000 Uncommon trap: reason=class_check action=maybe_recompile pc=0x00000000029c03cc method=java.lang.Character.isJavaIdentifierStart(I)Z @ 5
Event: 7.301 Thread 0x00000000196c8000 Uncommon trap: reason=class_check action=maybe_recompile pc=0x00000000029d5d44 method=java.lang.Character.isJavaIdentifierPart(I)Z @ 5
Event: 7.390 Thread 0x00000000196c8000 Uncommon trap: reason=class_check action=maybe_recompile pc=0x00000000029c03cc method=java.lang.Character.isJavaIdentifierStart(I)Z @ 5
Event: 7.392 Thread 0x00000000196c8000 Uncommon trap: reason=class_check action=maybe_recompile pc=0x00000000029c03cc method=java.lang.Character.isJavaIdentifierStart(I)Z @ 5
Event: 9.472 Thread 0x00000000196c8000 Uncommon trap: reason=unstable_if action=reinterpret pc=0x0000000002c65f68 method=java.io.PrintStream.write(Ljava/lang/String;)V @ 43

Classes redefined (0 events):
No events

Internal exceptions (10 events):
Event: 0.094 Thread 0x0000000001c3f000 Exception <a 'java/security/PrivilegedActionException'> (0x00000000d60c28b8) thrown at [C:\re\workspace\8-2-build-windows-amd64-cygwin\jdk8u191\11896\hotspot\src\share\vm\prims\jvm.cpp, line 1435]
Event: 0.094 Thread 0x0000000001c3f000 Exception <a 'java/security/PrivilegedActionException'> (0x00000000d60c2ac8) thrown at [C:\re\workspace\8-2-build-windows-amd64-cygwin\jdk8u191\11896\hotspot\src\share\vm\prims\jvm.cpp, line 1435]
Event: 0.097 Thread 0x0000000001c3f000 Exception <a 'java/io/FileNotFoundException'> (0x00000000d60cbb10) thrown at [C:\re\workspace\8-2-build-windows-amd64-cygwin\jdk8u191\11896\hotspot\src\share\vm\prims\jni.cpp, line 709]
Event: 0.118 Thread 0x0000000001c3f000 Exception <a 'java/lang/NoSuchFieldError': method resolution failed> (0x00000000d619c300) thrown at [C:\re\workspace\8-2-build-windows-amd64-cygwin\jdk8u191\11896\hotspot\src\share\vm\prims\methodHandles.cpp, line 1167]
Event: 0.120 Thread 0x0000000001c3f000 Exception <a 'java/lang/NoSuchFieldError': method resolution failed> (0x00000000d61a96d0) thrown at [C:\re\workspace\8-2-build-windows-amd64-cygwin\jdk8u191\11896\hotspot\src\share\vm\prims\methodHandles.cpp, line 1167]
Event: 0.173 Thread 0x0000000001c3f000 Exception <a 'java/io/FileNotFoundException'> (0x00000000d6346718) thrown at [C:\re\workspace\8-2-build-windows-amd64-cygwin\jdk8u191\11896\hotspot\src\share\vm\prims\jni.cpp, line 709]
Event: 0.342 Thread 0x0000000001c3f000 Implicit null exception at 0x0000000002508c97 to 0x0000000002509085
Event: 0.450 Thread 0x0000000001c3f000 Implicit null exception at 0x000000000250ab96 to 0x000000000250af31
Event: 3.472 Thread 0x00000000196c8000 Implicit null exception at 0x00000000027af020 to 0x00000000027af4cd
Event: 3.618 Thread 0x00000000196c8000 Implicit null exception at 0x000000000279183f to 0x0000000002791c61

Events (10 events):
Event: 10.839 Thread 0x000000001852a000 flushing nmethod 0x000000000285ac10
Event: 10.839 Thread 0x000000001852a000 flushing nmethod 0x000000000285b150
Event: 10.839 Thread 0x000000001852a000 flushing nmethod 0x000000000285b950
Event: 10.839 Thread 0x000000001852a000 flushing nmethod 0x000000000285c790
Event: 10.839 Thread 0x000000001852a000 flushing nmethod 0x000000000285f450
Event: 10.839 Thread 0x000000001852a000 flushing nmethod 0x0000000002861ed0
Event: 10.839 Thread 0x000000001852a000 flushing nmethod 0x0000000002866c50
Event: 10.839 Thread 0x000000001852a000 flushing nmethod 0x000000000286a1d0
Event: 10.839 Thread 0x000000001852a000 flushing nmethod 0x0000000002875d10
Event: 10.839 Thread 0x000000001852a000 flushing nmethod 0x000000000287b610


Dynamic libraries:
0x000000013f3f0000 - 0x000000013f427000 	C:\Program Files\Java\jdk1.8.0_191\bin\java.exe
0x0000000077c30000 - 0x0000000077dda000 	C:\Windows\SYSTEM32\ntdll.dll
0x0000000077b10000 - 0x0000000077c2f000 	C:\Windows\system32\kernel32.dll
0x000007fefdbf0000 - 0x000007fefdc5a000 	C:\Windows\system32\KERNELBASE.dll
0x000007fefe080000 - 0x000007fefe15b000 	C:\Windows\system32\ADVAPI32.dll
0x000007fefe7c0000 - 0x000007fefe85f000 	C:\Windows\system32\msvcrt.dll
0x000007feffa90000 - 0x000007feffaaf000 	C:\Windows\SYSTEM32\sechost.dll
0x000007fefe230000 - 0x000007fefe35d000 	C:\Windows\system32\RPCRT4.dll
0x0000000077a10000 - 0x0000000077b0a000 	C:\Windows\system32\USER32.dll
0x000007feffc60000 - 0x000007feffcc7000 	C:\Windows\system32\GDI32.dll
0x000007feffcd0000 - 0x000007feffcde000 	C:\Windows\system32\LPK.dll
0x000007fefe160000 - 0x000007fefe22b000 	C:\Windows\system32\USP10.dll
0x000007fefc5f0000 - 0x000007fefc7e4000 	C:\Windows\WinSxS\amd64_microsoft.windows.common-controls_6595b64144ccf1df_6.0.7601.18837_none_fa3b1e3d17594757\COMCTL32.dll
0x000007fefe730000 - 0x000007fefe7a1000 	C:\Windows\system32\SHLWAPI.dll
0x000007fefe700000 - 0x000007fefe72e000 	C:\Windows\system32\IMM32.DLL
0x000007feffb50000 - 0x000007feffc59000 	C:\Windows\system32\MSCTF.dll
0x000000006b2b0000 - 0x000000006b382000 	C:\Program Files\Java\jdk1.8.0_191\jre\bin\msvcr100.dll
0x00000000547f0000 - 0x0000000055094000 	C:\Program Files\Java\jdk1.8.0_191\jre\bin\server\jvm.dll
0x000007fef9290000 - 0x000007fef9299000 	C:\Windows\system32\WSOCK32.dll
0x000007fefe860000 - 0x000007fefe8ad000 	C:\Windows\system32\WS2_32.dll
0x000007fefe7b0000 - 0x000007fefe7b8000 	C:\Windows\system32\NSI.dll
0x000007fefb690000 - 0x000007fefb6cb000 	C:\Windows\system32\WINMM.dll
0x000007fefcc80000 - 0x000007fefcc8c000 	C:\Windows\system32\VERSION.dll
0x0000000077df0000 - 0x0000000077df7000 	C:\Windows\system32\PSAPI.DLL
0x000000006fbd0000 - 0x000000006fbdf000 	C:\Program Files\Java\jdk1.8.0_191\jre\bin\verify.dll
0x000000006fba0000 - 0x000000006fbc9000 	C:\Program Files\Java\jdk1.8.0_191\jre\bin\java.dll
0x000000006faa0000 - 0x000000006fab6000 	C:\Program Files\Java\jdk1.8.0_191\jre\bin\zip.dll
0x000007fefea40000 - 0x000007feff7cb000 	C:\Windows\system32\SHELL32.dll
0x000007feffd40000 - 0x000007fefff3c000 	C:\Windows\system32\ole32.dll
0x000007fefdb40000 - 0x000007fefdb4f000 	C:\Windows\system32\profapi.dll
0x000000005c720000 - 0x000000005c8b9000 	C:\Program Files\Java\jdk1.8.0_191\jre\bin\awt.dll
0x000007feff7d0000 - 0x000007feff8aa000 	C:\Windows\system32\OLEAUT32.dll
0x000007fefc590000 - 0x000007fefc5e6000 	C:\Windows\system32\uxtheme.dll
0x000007fefbdf0000 - 0x000007fefbe08000 	C:\Windows\system32\dwmapi.dll
0x000007fefda70000 - 0x000007fefda7f000 	C:\Windows\system32\CRYPTBASE.dll
0x000007fefd5e0000 - 0x000007fefd5f8000 	C:\Windows\system32\CRYPTSP.dll
0x000007fefd180000 - 0x000007fefd1c7000 	C:\Windows\system32\rsaenh.dll
0x000007fefce60000 - 0x000007fefce7e000 	C:\Windows\system32\USERENV.dll
0x000000006ede0000 - 0x000000006edfa000 	C:\Program Files\Java\jdk1.8.0_191\jre\bin\net.dll
0x000007fefd450000 - 0x000007fefd4a5000 	C:\Windows\system32\mswsock.dll
0x000007fefd550000 - 0x000007fefd557000 	C:\Windows\System32\wship6.dll
0x000007fefb260000 - 0x000007fefb287000 	C:\Windows\system32\IPHLPAPI.DLL
0x000007fefb250000 - 0x000007fefb25b000 	C:\Windows\system32\WINNSI.DLL
0x000007fefb0d0000 - 0x000007fefb0e1000 	C:\Windows\system32\dhcpcsvc6.DLL
0x000007fefb050000 - 0x000007fefb068000 	C:\Windows\system32\dhcpcsvc.DLL
0x000000006edc0000 - 0x000000006edd1000 	C:\Program Files\Java\jdk1.8.0_191\jre\bin\nio.dll
0x000007feed650000 - 0x000007feed76d000 	C:\Windows\system32\opengl32.dll
0x000007feee0c0000 - 0x000007feee0ed000 	C:\Windows\system32\GLU32.dll
0x000007feedbd0000 - 0x000007feedcc1000 	C:\Windows\system32\DDRAW.dll
0x000007fef3690000 - 0x000007fef3698000 	C:\Windows\system32\DCIMAN32.dll
0x000007feff8b0000 - 0x000007feffa87000 	C:\Windows\system32\SETUPAPI.dll
0x000007fefde90000 - 0x000007fefdec6000 	C:\Windows\system32\CFGMGR32.dll
0x000007fefde70000 - 0x000007fefde8a000 	C:\Windows\system32\DEVOBJ.dll
0x000000006ed70000 - 0x000000006edb7000 	C:\Program Files\Java\jdk1.8.0_191\jre\bin\fontmanager.dll
0x000007fefe5c0000 - 0x000007fefe659000 	C:\Windows\system32\CLBCatQ.DLL
0x000007fefbc80000 - 0x000007fefbde1000 	C:\Windows\system32\WindowsCodecs.dll
0x000007fefda10000 - 0x000007fefda67000 	C:\Windows\system32\apphelp.dll
0x000007fef3900000 - 0x000007fef3b3f000 	C:\Program Files\Microsoft Office 15\root\VFS\ProgramFilesX64\Microsoft Office\Office15\GROOVEEX.DLL
0x00000000614e0000 - 0x0000000061578000 	C:\Program Files\Microsoft Office 15\root\VFS\ProgramFilesX64\Microsoft Office\Office15\MSVCP100.dll
0x0000000069e30000 - 0x0000000069e5b000 	C:\Program Files\Microsoft Office 15\root\VFS\ProgramFilesX64\Microsoft Office\Office15\ATL100.DLL
0x000007fef3e50000 - 0x000007fef416e000 	C:\Windows\system32\msi.dll
0x000007fef04a0000 - 0x000007fef0d25000 	C:\Program Files\Microsoft Office 15\root\VFS\ProgramFilesX64\Microsoft Office\Office15\1049\GrooveIntlResource.dll
0x000007fef3e10000 - 0x000007fef3e45000 	C:\Windows\system32\EhStorShell.dll
0x000007fefc110000 - 0x000007fefc23c000 	C:\Windows\system32\PROPSYS.dll
0x000007fef3d90000 - 0x000007fef3e0e000 	C:\Windows\System32\cscui.dll
0x000007fef6c90000 - 0x000007fef6c9c000 	C:\Windows\System32\CSCDLL.dll
0x000007fef7650000 - 0x000007fef765f000 	C:\Windows\system32\CSCAPI.dll
0x000007fef3820000 - 0x000007fef38a0000 	C:\Windows\system32\ntshrui.dll
0x000007fefd680000 - 0x000007fefd6a3000 	C:\Windows\system32\srvcli.dll
0x000007fefb5d0000 - 0x000007fefb5db000 	C:\Windows\system32\slc.dll
0x000000006ed20000 - 0x000000006ed62000 	C:\Program Files\Java\jdk1.8.0_191\jre\bin\t2k.dll
0x000007fef6bf0000 - 0x000007fef6c90000 	C:\Windows\WinSxS\amd64_microsoft.windows.common-controls_6595b64144ccf1df_5.82.7601.18837_none_a4d981ff711297b6\comctl32.dll
0x000007fefbc40000 - 0x000007fefbc6d000 	C:\Windows\system32\ntmarta.dll
0x000007feffce0000 - 0x000007feffd32000 	C:\Windows\system32\WLDAP32.dll
0x000007fede2c0000 - 0x000007fede45c000 	C:\Windows\system32\NetworkExplorer.dll
0x000007fef3700000 - 0x000007fef3734000 	C:\Windows\System32\shdocvw.dll
0x000007fef8850000 - 0x000007fef8868000 	C:\Windows\system32\MPR.dll
0x000007fef92a0000 - 0x000007fef92aa000 	C:\Windows\System32\drprov.dll
0x000007fefcf70000 - 0x000007fefcfad000 	C:\Windows\System32\WINSTA.dll
0x000007fef7b20000 - 0x000007fef7b42000 	C:\Windows\System32\ntlanman.dll
0x000007fef75e0000 - 0x000007fef75fe000 	C:\Windows\System32\davclnt.dll
0x000007fef75d0000 - 0x000007fef75da000 	C:\Windows\System32\DAVHLPR.dll
0x000007fefb8d0000 - 0x000007fefb8e5000 	C:\Windows\system32\wkscli.dll
0x000007fefd0b0000 - 0x000007fefd0bc000 	C:\Windows\system32\netutils.dll
0x000007fee1010000 - 0x000007fee1281000 	C:\Windows\system32\wpdshext.dll
0x000007fefc370000 - 0x000007fefc587000 	C:\Windows\WinSxS\amd64_microsoft.windows.gdiplus_6595b64144ccf1df_1.1.7601.23807_none_14556b8e8b95d1fc\gdiplus.dll
0x000007fef7850000 - 0x000007fef790d000 	C:\Windows\system32\PortableDeviceApi.dll
0x000007fefded0000 - 0x000007fefdf0b000 	C:\Windows\system32\WINTRUST.dll
0x000007fefdc60000 - 0x000007fefddcd000 	C:\Windows\system32\CRYPT32.dll
0x000007fefdbe0000 - 0x000007fefdbef000 	C:\Windows\system32\MSASN1.dll
0x000007fef60d0000 - 0x000007fef60f7000 	C:\Windows\system32\EhStorAPI.dll
0x000007fef3d70000 - 0x000007fef3d7c000 	C:\Windows\system32\LINKINFO.dll

VM Arguments:
jvm_args: -Dfile.encoding=UTF-8 -Djava.library.path=C:\Users\admin\Downloads\luajava-1.1-win32-lua51 
java_command: basepostgresluaxls.Main
java_class_path (initial): C:\Users\Nazarov\Documents\NetBeansProjects\BasePostgresLuaXLS\lib\poi-bin-4.0.1-20181203\poi-4.0.1\lib\commons-codec-1.11.jar;C:\Users\Nazarov\Documents\NetBeansProjects\BasePostgresLuaXLS\lib\poi-bin-4.0.1-20181203\poi-4.0.1\lib\commons-collections4-4.2.jar;C:\Users\Nazarov\Documents\NetBeansProjects\BasePostgresLuaXLS\lib\luaj-3.0.1 (1)\luaj-3.0.1\lib\luaj-jse-3.0.1.jar;C:\Users\Nazarov\Documents\NetBeansProjects\BasePostgresLuaXLS\lib\postgresql-42.2.5.jar;C:\Users\Nazarov\Documents\NetBeansProjects\BasePostgresLuaXLS\lib\luajava-1.1-win32-lua51\luajava-1.1.jar;C:\Users\Nazarov\Documents\NetBeansProjects\BasePostgresLuaXLS\lib\poi-bin-4.0.1-20181203\poi-4.0.1\poi-4.0.1.jar;C:\Users\Nazarov\Downloads\junit-4.10.jar;C:\Users\Nazarov\Documents\NetBeansProjects\BasePostgresLuaXLS\build\classes
Launcher Type: SUN_STANDARD

Environment Variables:
PATH=C:\Program Files (x86)\Common Files\Oracle\Java\javapath;C:\Program Files (x86)\Intel\iCLS Client\;C:\Program Files\Intel\iCLS Client\;C:\Windows\system32;C:\Windows;C:\Windows\System32\Wbem;C:\Windows\System32\WindowsPowerShell\v1.0\;C:\Program Files (x86)\Intel\UCRT\;C:\Program Files\Intel\UCRT\;C:\Program Files (x86)\Intel\Intel(R) Management Engine Components\DAL;C:\Program Files\Intel\Intel(R) Management Engine Components\DAL;C:\Program Files (x86)\Intel\Intel(R) Management Engine Components\IPT;C:\Program Files\Intel\Intel(R) Management Engine Components\IPT;C:\Program Files\Windows Imaging\;C:\Program Files (x86)\STMicroelectronics\STM32 ST-LINK Utility\ST-LINK Utility;C:\Program Files (x86)\Common Files\Oracle\Java\javapath;C:\Program Files (x86)\Intel\iCLS Client\;C:\Program Files\Intel\iCLS Client\;C:\Windows\system32;C:\Windows;C:\Windows\System32\Wbem;C:\Windows\System32\WindowsPowerShell\v1.0\;C:\Program Files (x86)\Intel\UCRT\;C:\Program Files\Intel\UCRT\;C:\Program Files (x86)\Intel\Intel(R) Management Engine Components\DAL;C:\Program Files\Intel\Intel(R) Management Engine Components\DAL;C:\Program Files (x86)\Intel\Intel(R) Management Engine Components\IPT;C:\Program Files\Intel\Intel(R) Management Engine Components\IPT;C:\Users\Nazarov\AppData\Local\Programs\Git\cmd
USERNAME=nazarov
OS=Windows_NT
PROCESSOR_IDENTIFIER=Intel64 Family 6 Model 94 Stepping 3, GenuineIntel



---------------  S Y S T E M  ---------------

OS: Windows 7 , 64 bit Build 7601 (6.1.7601.23864)

CPU:total 4 (initial active 4) (2 cores per cpu, 2 threads per core) family 6 model 94 stepping 3, cmov, cx8, fxsr, mmx, sse, sse2, sse3, ssse3, sse4.1, sse4.2, popcnt, avx, avx2, aes, clmul, erms, 3dnowpref, lzcnt, ht, tsc, tscinvbit, bmi1, bmi2, adx

Memory: 4k page, physical 8273880k(1486612k free), swap 8272020k(5284k free)

vm_info: Java HotSpot(TM) 64-Bit Server VM (25.191-b12) for windows-amd64 JRE (1.8.0_191-b12), built on Oct  6 2018 09:29:03 by "java_re" with MS VC++ 10.0 (VS2010)

time: Fri Feb 14 15:06:33 2020
elapsed time: 10 seconds (0d 0h 0m 10s)

