#
# There is insufficient memory for the Java Runtime Environment to continue.
# Native memory allocation (malloc) failed to allocate 1704976 bytes for Chunk::new
# Possible reasons:
#   The system is out of physical RAM or swap space
#   In 32 bit mode, the process size limit was hit
# Possible solutions:
#   Reduce memory load on the system
#   Increase physical memory or swap space
#   Check if swap backing store is full
#   Use 64 bit Java on a 64 bit OS
#   Decrease Java heap size (-Xmx/-Xms)
#   Decrease number of Java threads
#   Decrease Java thread stack sizes (-Xss)
#   Set larger code cache with -XX:ReservedCodeCacheSize=
# This output file may be truncated or incomplete.
#
#  Out of Memory Error (allocation.cpp:390), pid=5856, tid=0x00000000000010a4
#
# JRE version: Java(TM) SE Runtime Environment (8.0_191-b12) (build 1.8.0_191-b12)
# Java VM: Java HotSpot(TM) 64-Bit Server VM (25.191-b12 mixed mode windows-amd64 compressed oops)
# Failed to write core dump. Minidumps are not enabled by default on client versions of Windows
#

---------------  T H R E A D  ---------------

Current thread (0x0000000058d86000):  JavaThread "C2 CompilerThread1" daemon [_thread_in_native, id=4260, stack(0x0000000059280000,0x0000000059380000)]

Stack: [0x0000000059280000,0x0000000059380000]
[error occurred during error reporting (printing stack bounds), id 0xc0000005]

Native frames: (J=compiled Java code, j=interpreted, Vv=VM code, C=native code)


Current CompileTask:
C2:  17308 3047   !   4       sun.reflect.GeneratedConstructorAccessor20::newInstance (53 bytes)


---------------  P R O C E S S  ---------------

Java Threads: ( => current thread )
  0x0000000058ef0000 JavaThread "Swing-Shell" daemon [_thread_blocked, id=9760, stack(0x000000005cd90000,0x000000005ce90000)]
  0x0000000059978000 JavaThread "TimerQueue" daemon [_thread_blocked, id=4508, stack(0x000000005c970000,0x000000005ca70000)]
  0x000000000224e800 JavaThread "DestroyJavaVM" [_thread_blocked, id=10168, stack(0x0000000002470000,0x0000000002570000)]
  0x000000005977f000 JavaThread "AWT-EventQueue-0" [_thread_in_Java, id=1180, stack(0x0000000059180000,0x0000000059280000)]
  0x000000005975c800 JavaThread "AWT-Windows" daemon [_thread_in_native, id=908, stack(0x000000005a400000,0x000000005a500000)]
  0x000000005975b800 JavaThread "AWT-Shutdown" [_thread_blocked, id=9988, stack(0x000000005a150000,0x000000005a250000)]
  0x0000000059759000 JavaThread "Java2D Disposer" daemon [_thread_blocked, id=6844, stack(0x0000000059fe0000,0x000000005a0e0000)]
  0x0000000058dde800 JavaThread "Service Thread" daemon [_thread_blocked, id=9704, stack(0x0000000059630000,0x0000000059730000)]
  0x0000000058d87000 JavaThread "C1 CompilerThread2" daemon [_thread_blocked, id=9172, stack(0x0000000059510000,0x0000000059610000)]
=>0x0000000058d86000 JavaThread "C2 CompilerThread1" daemon [_thread_in_native, id=4260, stack(0x0000000059280000,0x0000000059380000)]
  0x0000000058d82800 JavaThread "C2 CompilerThread0" daemon [_thread_in_native, id=5864, stack(0x00000000589b0000,0x0000000058ab0000)]
  0x00000000573dd000 JavaThread "Attach Listener" daemon [_thread_blocked, id=4000, stack(0x0000000058c80000,0x0000000058d80000)]
  0x00000000573d6800 JavaThread "Signal Dispatcher" daemon [_thread_blocked, id=9488, stack(0x0000000058ab0000,0x0000000058bb0000)]
  0x00000000573ba000 JavaThread "Finalizer" daemon [_thread_blocked, id=9296, stack(0x00000000587d0000,0x00000000588d0000)]
  0x00000000573b3000 JavaThread "Reference Handler" daemon [_thread_blocked, id=10056, stack(0x00000000585e0000,0x00000000586e0000)]

Other Threads:
  0x000000005736b800 VMThread [stack: 0x00000000584b0000,0x00000000585b0000] [id=4400]
  0x0000000058df2800 WatcherThread [stack: 0x00000000593b0000,0x00000000594b0000] [id=4076]

VM state:not at safepoint (normal execution)

VM Mutex/Monitor currently owned by a thread: None

Heap:
 PSYoungGen      total 598016K, used 275111K [0x00000000d5f00000, 0x00000000fba80000, 0x0000000100000000)
  eden space 578048K, 45% used [0x00000000d5f00000,0x00000000e61683d8,0x00000000f9380000)
  from space 19968K, 52% used [0x00000000fa700000,0x00000000fb141b00,0x00000000fba80000)
  to   space 19968K, 0% used [0x00000000f9380000,0x00000000f9380000,0x00000000fa700000)
 ParOldGen       total 87552K, used 46773K [0x0000000081c00000, 0x0000000087180000, 0x00000000d5f00000)
  object space 87552K, 53% used [0x0000000081c00000,0x00000000849ad6b8,0x0000000087180000)
 Metaspace       used 19958K, capacity 20324K, committed 20480K, reserved 1067008K
  class space    used 2359K, capacity 2478K, committed 2560K, reserved 1048576K

Card table byte_map: [0x0000000011c00000,0x0000000012000000] byte_map_base: 0x00000000117f2000

Marking Bits: (ParMarkBitMap*) 0x000000005f1d3e30
 Begin Bits: [0x00000000126c0000, 0x0000000014650000)
 End Bits:   [0x0000000014650000, 0x00000000165e0000)

Polling page: 0x0000000001c60000

CodeCache: size=245760Kb used=11011Kb max_used=11026Kb free=234748Kb
 bounds [0x0000000002840000, 0x0000000003320000, 0x0000000011840000]
 total_blobs=3513 nmethods=2973 adapters=452
 compilation: enabled

Compilation events (10 events):
Event: 17.096 Thread 0x0000000058d86000 nmethod 3040 0x00000000032f04d0 code [0x00000000032f0760, 0x00000000032f1fd0]
Event: 17.096 Thread 0x0000000058d82800 nmethod 3042 0x00000000032ac190 code [0x00000000032ac2e0, 0x00000000032ac418]
Event: 17.098 Thread 0x0000000058d86000 3043   !   4       org.postgresql.jdbc.PgStatement::executeInternal (389 bytes)
Event: 17.098 Thread 0x0000000058d82800 3044       4       org.postgresql.jdbc.PgStatement::isOneShotQuery (39 bytes)
Event: 17.099 Thread 0x0000000058d82800 nmethod 3044 0x00000000032d0250 code [0x00000000032d03a0, 0x00000000032d0478]
Event: 17.104 Thread 0x0000000058d82800 3045  s    4       java.util.Vector::removeElementAt (115 bytes)
Event: 17.105 Thread 0x0000000058d82800 nmethod 3045 0x00000000032cdd50 code [0x00000000032cdea0, 0x00000000032ce138]
Event: 17.107 Thread 0x0000000058d86000 nmethod 3043 0x00000000032ee6d0 code [0x00000000032ee8a0, 0x00000000032ef698]
Event: 17.123 Thread 0x0000000058d82800 3046       4       org.apache.poi.hssf.record.SelectionRecord::<init> (81 bytes)
Event: 17.128 Thread 0x0000000058d86000 3047   !   4       sun.reflect.GeneratedConstructorAccessor20::newInstance (53 bytes)

GC Heap History (10 events):
Event: 14.156 GC heap before
{Heap before GC invocations=18 (full 0):
 PSYoungGen      total 433152K, used 420446K [0x00000000d5f00000, 0x00000000f1d80000, 0x0000000100000000)
  eden space 409088K, 100% used [0x00000000d5f00000,0x00000000eee80000,0x00000000eee80000)
  from space 24064K, 47% used [0x00000000eee80000,0x00000000ef997af8,0x00000000f0600000)
  to   space 23552K, 0% used [0x00000000f0680000,0x00000000f0680000,0x00000000f1d80000)
 ParOldGen       total 87552K, used 46725K [0x0000000081c00000, 0x0000000087180000, 0x00000000d5f00000)
  object space 87552K, 53% used [0x0000000081c00000,0x00000000849a16b8,0x0000000087180000)
 Metaspace       used 19941K, capacity 20324K, committed 20480K, reserved 1067008K
  class space    used 2358K, capacity 2478K, committed 2560K, reserved 1048576K
Event: 14.182 GC heap after
Heap after GC invocations=18 (full 0):
 PSYoungGen      total 436224K, used 6066K [0x00000000d5f00000, 0x00000000fb780000, 0x0000000100000000)
  eden space 412672K, 0% used [0x00000000d5f00000,0x00000000d5f00000,0x00000000ef200000)
  from space 23552K, 25% used [0x00000000f0680000,0x00000000f0c6cb90,0x00000000f1d80000)
  to   space 20992K, 0% used [0x00000000ef200000,0x00000000ef200000,0x00000000f0680000)
 ParOldGen       total 87552K, used 46733K [0x0000000081c00000, 0x0000000087180000, 0x00000000d5f00000)
  object space 87552K, 53% used [0x0000000081c00000,0x00000000849a36b8,0x0000000087180000)
 Metaspace       used 19941K, capacity 20324K, committed 20480K, reserved 1067008K
  class space    used 2358K, capacity 2478K, committed 2560K, reserved 1048576K
}
Event: 14.529 GC heap before
{Heap before GC invocations=19 (full 0):
 PSYoungGen      total 436224K, used 418738K [0x00000000d5f00000, 0x00000000fb780000, 0x0000000100000000)
  eden space 412672K, 100% used [0x00000000d5f00000,0x00000000ef200000,0x00000000ef200000)
  from space 23552K, 25% used [0x00000000f0680000,0x00000000f0c6cb90,0x00000000f1d80000)
  to   space 20992K, 0% used [0x00000000ef200000,0x00000000ef200000,0x00000000f0680000)
 ParOldGen       total 87552K, used 46733K [0x0000000081c00000, 0x0000000087180000, 0x00000000d5f00000)
  object space 87552K, 53% used [0x0000000081c00000,0x00000000849a36b8,0x0000000087180000)
 Metaspace       used 19941K, capacity 20324K, committed 20480K, reserved 1067008K
  class space    used 2358K, capacity 2478K, committed 2560K, reserved 1048576K
Event: 14.546 GC heap after
Heap after GC invocations=19 (full 0):
 PSYoungGen      total 433664K, used 11390K [0x00000000d5f00000, 0x00000000fba80000, 0x0000000100000000)
  eden space 412672K, 0% used [0x00000000d5f00000,0x00000000d5f00000,0x00000000ef200000)
  from space 20992K, 54% used [0x00000000ef200000,0x00000000efd1faf8,0x00000000f0680000)
  to   space 19968K, 0% used [0x00000000fa700000,0x00000000fa700000,0x00000000fba80000)
 ParOldGen       total 87552K, used 46741K [0x0000000081c00000, 0x0000000087180000, 0x00000000d5f00000)
  object space 87552K, 53% used [0x0000000081c00000,0x00000000849a56b8,0x0000000087180000)
 Metaspace       used 19941K, capacity 20324K, committed 20480K, reserved 1067008K
  class space    used 2358K, capacity 2478K, committed 2560K, reserved 1048576K
}
Event: 14.934 GC heap before
{Heap before GC invocations=20 (full 0):
 PSYoungGen      total 433664K, used 424062K [0x00000000d5f00000, 0x00000000fba80000, 0x0000000100000000)
  eden space 412672K, 100% used [0x00000000d5f00000,0x00000000ef200000,0x00000000ef200000)
  from space 20992K, 54% used [0x00000000ef200000,0x00000000efd1faf8,0x00000000f0680000)
  to   space 19968K, 0% used [0x00000000fa700000,0x00000000fa700000,0x00000000fba80000)
 ParOldGen       total 87552K, used 46741K [0x0000000081c00000, 0x0000000087180000, 0x00000000d5f00000)
  object space 87552K, 53% used [0x0000000081c00000,0x00000000849a56b8,0x0000000087180000)
 Metaspace       used 19942K, capacity 20324K, committed 20480K, reserved 1067008K
  class space    used 2358K, capacity 2478K, committed 2560K, reserved 1048576K
Event: 14.958 GC heap after
Heap after GC invocations=20 (full 0):
 PSYoungGen      total 598016K, used 12150K [0x00000000d5f00000, 0x00000000fba80000, 0x0000000100000000)
  eden space 578048K, 0% used [0x00000000d5f00000,0x00000000d5f00000,0x00000000f9380000)
  from space 19968K, 60% used [0x00000000fa700000,0x00000000fb2ddba8,0x00000000fba80000)
  to   space 19968K, 0% used [0x00000000f9380000,0x00000000f9380000,0x00000000fa700000)
 ParOldGen       total 87552K, used 46749K [0x0000000081c00000, 0x0000000087180000, 0x00000000d5f00000)
  object space 87552K, 53% used [0x0000000081c00000,0x00000000849a76b8,0x0000000087180000)
 Metaspace       used 19942K, capacity 20324K, committed 20480K, reserved 1067008K
  class space    used 2358K, capacity 2478K, committed 2560K, reserved 1048576K
}
Event: 15.964 GC heap before
{Heap before GC invocations=21 (full 0):
 PSYoungGen      total 598016K, used 587338K [0x00000000d5f00000, 0x00000000fba80000, 0x0000000100000000)
  eden space 578048K, 99% used [0x00000000d5f00000,0x00000000f90b4d50,0x00000000f9380000)
  from space 19968K, 60% used [0x00000000fa700000,0x00000000fb2ddba8,0x00000000fba80000)
  to   space 19968K, 0% used [0x00000000f9380000,0x00000000f9380000,0x00000000fa700000)
 ParOldGen       total 87552K, used 46749K [0x0000000081c00000, 0x0000000087180000, 0x00000000d5f00000)
  object space 87552K, 53% used [0x0000000081c00000,0x00000000849a76b8,0x0000000087180000)
 Metaspace       used 19953K, capacity 20324K, committed 20480K, reserved 1067008K
  class space    used 2359K, capacity 2478K, committed 2560K, reserved 1048576K
Event: 15.966 GC heap after
Heap after GC invocations=21 (full 0):
 PSYoungGen      total 598016K, used 128K [0x00000000d5f00000, 0x00000000fba80000, 0x0000000100000000)
  eden space 578048K, 0% used [0x00000000d5f00000,0x00000000d5f00000,0x00000000f9380000)
  from space 19968K, 0% used [0x00000000f9380000,0x00000000f93a0000,0x00000000fa700000)
  to   space 19968K, 0% used [0x00000000fa700000,0x00000000fa700000,0x00000000fba80000)
 ParOldGen       total 87552K, used 46757K [0x0000000081c00000, 0x0000000087180000, 0x00000000d5f00000)
  object space 87552K, 53% used [0x0000000081c00000,0x00000000849a96b8,0x0000000087180000)
 Metaspace       used 19953K, capacity 20324K, committed 20480K, reserved 1067008K
  class space    used 2359K, capacity 2478K, committed 2560K, reserved 1048576K
}
Event: 17.025 GC heap before
{Heap before GC invocations=22 (full 0):
 PSYoungGen      total 598016K, used 578176K [0x00000000d5f00000, 0x00000000fba80000, 0x0000000100000000)
  eden space 578048K, 100% used [0x00000000d5f00000,0x00000000f9380000,0x00000000f9380000)
  from space 19968K, 0% used [0x00000000f9380000,0x00000000f93a0000,0x00000000fa700000)
  to   space 19968K, 0% used [0x00000000fa700000,0x00000000fa700000,0x00000000fba80000)
 ParOldGen       total 87552K, used 46757K [0x0000000081c00000, 0x0000000087180000, 0x00000000d5f00000)
  object space 87552K, 53% used [0x0000000081c00000,0x00000000849a96b8,0x0000000087180000)
 Metaspace       used 19958K, capacity 20324K, committed 20480K, reserved 1067008K
  class space    used 2359K, capacity 2478K, committed 2560K, reserved 1048576K
Event: 17.031 GC heap after
Heap after GC invocations=22 (full 0):
 PSYoungGen      total 598016K, used 10502K [0x00000000d5f00000, 0x00000000fba80000, 0x0000000100000000)
  eden space 578048K, 0% used [0x00000000d5f00000,0x00000000d5f00000,0x00000000f9380000)
  from space 19968K, 52% used [0x00000000fa700000,0x00000000fb141b00,0x00000000fba80000)
  to   space 19968K, 0% used [0x00000000f9380000,0x00000000f9380000,0x00000000fa700000)
 ParOldGen       total 87552K, used 46773K [0x0000000081c00000, 0x0000000087180000, 0x00000000d5f00000)
  object space 87552K, 53% used [0x0000000081c00000,0x00000000849ad6b8,0x0000000087180000)
 Metaspace       used 19958K, capacity 20324K, committed 20480K, reserved 1067008K
  class space    used 2359K, capacity 2478K, committed 2560K, reserved 1048576K
}

Deoptimization events (10 events):
Event: 11.006 Thread 0x000000005977f000 Uncommon trap: reason=unstable_if action=reinterpret pc=0x0000000002f9c150 method=java.io.BufferedOutputStream.write([BII)V @ 6
Event: 11.355 Thread 0x000000005977f000 Uncommon trap: reason=class_check action=maybe_recompile pc=0x0000000003120c7c method=java.lang.Character.isJavaIdentifierStart(I)Z @ 5
Event: 11.562 Thread 0x000000005977f000 Uncommon trap: reason=class_check action=maybe_recompile pc=0x0000000003120c7c method=java.lang.Character.isJavaIdentifierStart(I)Z @ 5
Event: 11.656 Thread 0x000000005977f000 Uncommon trap: reason=class_check action=maybe_recompile pc=0x0000000003120c7c method=java.lang.Character.isJavaIdentifierStart(I)Z @ 5
Event: 11.659 Thread 0x000000005977f000 Uncommon trap: reason=class_check action=maybe_recompile pc=0x0000000003120c7c method=java.lang.Character.isJavaIdentifierStart(I)Z @ 5
Event: 15.432 Thread 0x000000005977f000 Uncommon trap: reason=unstable_if action=reinterpret pc=0x0000000002ee5be0 method=java.util.regex.Pattern$Single.isSatisfiedBy(I)Z @ 5
Event: 15.432 Thread 0x000000005977f000 Uncommon trap: reason=unstable_if action=reinterpret pc=0x0000000002ecd384 method=java.util.regex.Pattern$Single.isSatisfiedBy(I)Z @ 5
Event: 16.274 Thread 0x000000005977f000 Uncommon trap: reason=unstable_if action=reinterpret pc=0x00000000031838f4 method=org.apache.poi.hssf.usermodel.HSSFCell.getRichStringCellValue()Lorg/apache/poi/hssf/usermodel/HSSFRichTextString; @ 91
Event: 16.274 Thread 0x000000005977f000 Uncommon trap: reason=unstable_if action=reinterpret pc=0x00000000032964c8 method=java.util.regex.Pattern$Start.match(Ljava/util/regex/Matcher;ILjava/lang/CharSequence;)Z @ 10
Event: 16.345 Thread 0x000000005977f000 Uncommon trap: reason=unstable_if action=reinterpret pc=0x00000000032b85c8 method=org.apache.poi.hssf.record.FormulaRecord.getCachedResultType()I @ 4

Classes redefined (0 events):
No events

Internal exceptions (10 events):
Event: 0.425 Thread 0x000000000224e800 Exception <a 'java/io/FileNotFoundException'> (0x00000000d60be900) thrown at [C:\re\workspace\8-2-build-windows-amd64-cygwin\jdk8u191\11896\hotspot\src\share\vm\prims\jni.cpp, line 709]
Event: 0.471 Thread 0x000000000224e800 Exception <a 'java/lang/NoSuchFieldError': method resolution failed> (0x00000000d618f0d0) thrown at [C:\re\workspace\8-2-build-windows-amd64-cygwin\jdk8u191\11896\hotspot\src\share\vm\prims\methodHandles.cpp, line 1167]
Event: 0.474 Thread 0x000000000224e800 Exception <a 'java/lang/NoSuchFieldError': method resolution failed> (0x00000000d619c4c0) thrown at [C:\re\workspace\8-2-build-windows-amd64-cygwin\jdk8u191\11896\hotspot\src\share\vm\prims\methodHandles.cpp, line 1167]
Event: 0.576 Thread 0x000000000224e800 Exception <a 'java/io/FileNotFoundException'> (0x00000000d63376a0) thrown at [C:\re\workspace\8-2-build-windows-amd64-cygwin\jdk8u191\11896\hotspot\src\share\vm\prims\jni.cpp, line 709]
Event: 7.758 Thread 0x00000000573ba000 Exception <a 'java/net/SocketException': Socket closed> (0x00000000d6029e18) thrown at [C:\re\workspace\8-2-build-windows-amd64-cygwin\jdk8u191\11896\hotspot\src\share\vm\prims\jni.cpp, line 735]
Event: 7.759 Thread 0x00000000573ba000 Exception <a 'java/net/SocketException': Socket closed> (0x00000000d602a448) thrown at [C:\re\workspace\8-2-build-windows-amd64-cygwin\jdk8u191\11896\hotspot\src\share\vm\prims\jni.cpp, line 735]
Event: 8.117 Thread 0x000000005977f000 Implicit null exception at 0x0000000002d28710 to 0x0000000002d28bbd
Event: 8.286 Thread 0x000000005977f000 Implicit null exception at 0x0000000002cf562f to 0x0000000002cf5a51
Event: 16.274 Thread 0x000000005977f000 Implicit null exception at 0x00000000031834c4 to 0x00000000031838e5
Event: 16.345 Thread 0x000000005977f000 Implicit null exception at 0x00000000032af140 to 0x00000000032b8571

Events (10 events):
Event: 16.274 Thread 0x000000005977f000 Uncommon trap: trap_request=0xffffff65 fr.pc=0x00000000032964c8
Event: 16.274 Thread 0x000000005977f000 DEOPT PACKING pc=0x00000000032964c8 sp=0x000000005927c570
Event: 16.274 Thread 0x000000005977f000 DEOPT UNPACKING pc=0x000000000288583b sp=0x000000005927c4f0 mode 2
Event: 16.337 Thread 0x000000005977f000 DEOPT PACKING pc=0x00000000031f6b39 sp=0x000000005927c6b0
Event: 16.337 Thread 0x000000005977f000 DEOPT UNPACKING pc=0x0000000002887890 sp=0x000000005927c4f8 mode 0
Event: 16.345 Thread 0x000000005977f000 Uncommon trap: trap_request=0xffffff65 fr.pc=0x00000000032b85c8
Event: 16.346 Thread 0x000000005977f000 DEOPT PACKING pc=0x00000000032b85c8 sp=0x000000005927c6c0
Event: 16.346 Thread 0x000000005977f000 DEOPT UNPACKING pc=0x000000000288583b sp=0x000000005927c6c0 mode 2
Event: 17.025 Executing VM operation: ParallelGCFailedAllocation
Event: 17.031 Executing VM operation: ParallelGCFailedAllocation done


Dynamic libraries:
0x000000013f880000 - 0x000000013f8b7000 	C:\Program Files\Java\jdk1.8.0_191\bin\java.exe
0x0000000077930000 - 0x0000000077ada000 	C:\Windows\SYSTEM32\ntdll.dll
0x0000000077710000 - 0x000000007782f000 	C:\Windows\system32\kernel32.dll
0x000007fefdba0000 - 0x000007fefdc0a000 	C:\Windows\system32\KERNELBASE.dll
0x000007feffa80000 - 0x000007feffb5b000 	C:\Windows\system32\ADVAPI32.dll
0x000007fefdcf0000 - 0x000007fefdd8f000 	C:\Windows\system32\msvcrt.dll
0x000007fefede0000 - 0x000007fefedff000 	C:\Windows\SYSTEM32\sechost.dll
0x000007fefecb0000 - 0x000007fefeddd000 	C:\Windows\system32\RPCRT4.dll
0x0000000077830000 - 0x000000007792a000 	C:\Windows\system32\USER32.dll
0x000007fefee10000 - 0x000007fefee77000 	C:\Windows\system32\GDI32.dll
0x000007fefee00000 - 0x000007fefee0e000 	C:\Windows\system32\LPK.dll
0x000007feff4f0000 - 0x000007feff5bb000 	C:\Windows\system32\USP10.dll
0x000007fefc2f0000 - 0x000007fefc4e4000 	C:\Windows\WinSxS\amd64_microsoft.windows.common-controls_6595b64144ccf1df_6.0.7601.18837_none_fa3b1e3d17594757\COMCTL32.dll
0x000007feff800000 - 0x000007feff871000 	C:\Windows\system32\SHLWAPI.dll
0x000007feff220000 - 0x000007feff24e000 	C:\Windows\system32\IMM32.DLL
0x000007feff3e0000 - 0x000007feff4e9000 	C:\Windows\system32\MSCTF.dll
0x0000000060b20000 - 0x0000000060bf2000 	C:\Program Files\Java\jdk1.8.0_191\jre\bin\msvcr100.dll
0x000000005e9b0000 - 0x000000005f254000 	C:\Program Files\Java\jdk1.8.0_191\jre\bin\server\jvm.dll
0x000007fef90b0000 - 0x000007fef90b9000 	C:\Windows\system32\WSOCK32.dll
0x000007feff310000 - 0x000007feff35d000 	C:\Windows\system32\WS2_32.dll
0x000007feff210000 - 0x000007feff218000 	C:\Windows\system32\NSI.dll
0x000007fefb730000 - 0x000007fefb76b000 	C:\Windows\system32\WINMM.dll
0x000007fefc980000 - 0x000007fefc98c000 	C:\Windows\system32\VERSION.dll
0x0000000077af0000 - 0x0000000077af7000 	C:\Windows\system32\PSAPI.DLL
0x000000006f180000 - 0x000000006f18f000 	C:\Program Files\Java\jdk1.8.0_191\jre\bin\verify.dll
0x000000006edf0000 - 0x000000006ee19000 	C:\Program Files\Java\jdk1.8.0_191\jre\bin\java.dll
0x000000006e310000 - 0x000000006e326000 	C:\Program Files\Java\jdk1.8.0_191\jre\bin\zip.dll
0x000007fefdf20000 - 0x000007fefecab000 	C:\Windows\system32\SHELL32.dll
0x000007feff880000 - 0x000007feffa7c000 	C:\Windows\system32\ole32.dll
0x000007fefd840000 - 0x000007fefd84f000 	C:\Windows\system32\profapi.dll
0x00000000607b0000 - 0x0000000060949000 	C:\Program Files\Java\jdk1.8.0_191\jre\bin\awt.dll
0x000007feffb60000 - 0x000007feffc3a000 	C:\Windows\system32\OLEAUT32.dll
0x000007fefc290000 - 0x000007fefc2e6000 	C:\Windows\system32\uxtheme.dll
0x000007fefbaf0000 - 0x000007fefbb08000 	C:\Windows\system32\dwmapi.dll
0x000007fefd770000 - 0x000007fefd77f000 	C:\Windows\system32\CRYPTBASE.dll
0x0000000060c40000 - 0x0000000060c87000 	C:\Program Files\Java\jdk1.8.0_191\jre\bin\fontmanager.dll
0x000007feee380000 - 0x000007feee49d000 	C:\Windows\system32\opengl32.dll
0x000007feee610000 - 0x000007feee63d000 	C:\Windows\system32\GLU32.dll
0x000007feedf80000 - 0x000007feee071000 	C:\Windows\system32\DDRAW.dll
0x000007feee600000 - 0x000007feee608000 	C:\Windows\system32\DCIMAN32.dll
0x000007feff5c0000 - 0x000007feff797000 	C:\Windows\system32\SETUPAPI.dll
0x000007fefdb60000 - 0x000007fefdb96000 	C:\Windows\system32\CFGMGR32.dll
0x000007fefdb00000 - 0x000007fefdb1a000 	C:\Windows\system32\DEVOBJ.dll
0x000000006e2b0000 - 0x000000006e2ca000 	C:\Program Files\Java\jdk1.8.0_191\jre\bin\net.dll
0x000007fefd0a0000 - 0x000007fefd0f5000 	C:\Windows\system32\mswsock.dll
0x000007fefd090000 - 0x000007fefd097000 	C:\Windows\System32\wship6.dll
0x000000006e290000 - 0x000000006e2a1000 	C:\Program Files\Java\jdk1.8.0_191\jre\bin\nio.dll
0x0000000060760000 - 0x00000000607a2000 	C:\Program Files\Java\jdk1.8.0_191\jre\bin\t2k.dll
0x000007feff250000 - 0x000007feff2e9000 	C:\Windows\system32\CLBCatQ.DLL
0x000007fefb980000 - 0x000007fefbae1000 	C:\Windows\system32\WindowsCodecs.dll
0x000007fefd710000 - 0x000007fefd767000 	C:\Windows\system32\apphelp.dll
0x000007fef4450000 - 0x000007fef468f000 	C:\Program Files\Microsoft Office 15\root\VFS\ProgramFilesX64\Microsoft Office\Office15\GROOVEEX.DLL
0x0000000068580000 - 0x0000000068618000 	C:\Program Files\Microsoft Office 15\root\VFS\ProgramFilesX64\Microsoft Office\Office15\MSVCP100.dll
0x0000000068550000 - 0x000000006857b000 	C:\Program Files\Microsoft Office 15\root\VFS\ProgramFilesX64\Microsoft Office\Office15\ATL100.DLL
0x000007fef3250000 - 0x000007fef356e000 	C:\Windows\system32\msi.dll
0x000007fef5050000 - 0x000007fef58d5000 	C:\Program Files\Microsoft Office 15\root\VFS\ProgramFilesX64\Microsoft Office\Office15\1049\GrooveIntlResource.dll
0x000007fef6ba0000 - 0x000007fef6bd5000 	C:\Windows\system32\EhStorShell.dll
0x000007fefbd10000 - 0x000007fefbe3c000 	C:\Windows\system32\PROPSYS.dll
0x000007fef6ae0000 - 0x000007fef6b5e000 	C:\Windows\System32\cscui.dll
0x000007fef7ee0000 - 0x000007fef7eec000 	C:\Windows\System32\CSCDLL.dll
0x000007fef6f20000 - 0x000007fef6f2f000 	C:\Windows\system32\CSCAPI.dll
0x000007fef6a60000 - 0x000007fef6ae0000 	C:\Windows\system32\ntshrui.dll
0x000007fefd380000 - 0x000007fefd3a3000 	C:\Windows\system32\srvcli.dll
0x000007fefb480000 - 0x000007fefb48b000 	C:\Windows\system32\slc.dll
0x000007fef69a0000 - 0x000007fef6a40000 	C:\Windows\WinSxS\amd64_microsoft.windows.common-controls_6595b64144ccf1df_5.82.7601.18837_none_a4d981ff711297b6\comctl32.dll
0x000007fefaba0000 - 0x000007fefabcd000 	C:\Windows\system32\ntmarta.dll
0x000007feff7a0000 - 0x000007feff7f2000 	C:\Windows\system32\WLDAP32.dll
0x000007feee840000 - 0x000007feee9dc000 	C:\Windows\system32\NetworkExplorer.dll
0x000007fef4c50000 - 0x000007fef4c84000 	C:\Windows\System32\shdocvw.dll
0x000007fef8670000 - 0x000007fef8688000 	C:\Windows\system32\MPR.dll
0x000007fefb420000 - 0x000007fefb42a000 	C:\Windows\System32\drprov.dll
0x000007fefcc30000 - 0x000007fefcc6d000 	C:\Windows\System32\WINSTA.dll
0x000007fefb3f0000 - 0x000007fefb412000 	C:\Windows\System32\ntlanman.dll
0x000007fefb3d0000 - 0x000007fefb3ee000 	C:\Windows\System32\davclnt.dll
0x000007fefb3b0000 - 0x000007fefb3ba000 	C:\Windows\System32\DAVHLPR.dll
0x000007fefb6e0000 - 0x000007fefb6f5000 	C:\Windows\system32\wkscli.dll
0x000007fefcd30000 - 0x000007fefcd3c000 	C:\Windows\system32\netutils.dll
0x000007fed9210000 - 0x000007fed9481000 	C:\Windows\system32\wpdshext.dll
0x000007fefc070000 - 0x000007fefc287000 	C:\Windows\WinSxS\amd64_microsoft.windows.gdiplus_6595b64144ccf1df_1.1.7601.23807_none_14556b8e8b95d1fc\gdiplus.dll
0x000007fef7570000 - 0x000007fef762d000 	C:\Windows\system32\PortableDeviceApi.dll
0x000007fefdc10000 - 0x000007fefdc4b000 	C:\Windows\system32\WINTRUST.dll
0x000007fefd8f0000 - 0x000007fefda5d000 	C:\Windows\system32\CRYPT32.dll
0x000007fefd8e0000 - 0x000007fefd8ef000 	C:\Windows\system32\MSASN1.dll
0x000007fee0ca0000 - 0x000007fee0cc7000 	C:\Windows\system32\EhStorAPI.dll
0x000007fef6b90000 - 0x000007fef6b9c000 	C:\Windows\system32\LINKINFO.dll
0x000007fefd100000 - 0x000007fefd118000 	C:\Windows\system32\CRYPTSP.dll
0x000007fefce00000 - 0x000007fefce47000 	C:\Windows\system32\rsaenh.dll
0x000007fefcb60000 - 0x000007fefcb7e000 	C:\Windows\system32\USERENV.dll
0x000007fefb200000 - 0x000007fefb227000 	C:\Windows\system32\IPHLPAPI.DLL
0x000007fefb180000 - 0x000007fefb18b000 	C:\Windows\system32\WINNSI.DLL
0x000007fefafc0000 - 0x000007fefafd1000 	C:\Windows\system32\dhcpcsvc6.DLL
0x000007fefaf40000 - 0x000007fefaf58000 	C:\Windows\system32\dhcpcsvc.DLL

VM Arguments:
jvm_args: -Dfile.encoding=UTF-8 -Djava.library.path=C:\Users\admin\Downloads\luajava-1.1-win32-lua51 
java_command: basepostgresluaxls.Main
java_class_path (initial): C:\Users\Nazarov\Desktop\Downloads\poi-bin-4.0.1-20181203\poi-4.0.1\lib\commons-codec-1.11.jar;C:\Users\Nazarov\Desktop\Downloads\poi-bin-4.0.1-20181203\poi-4.0.1\lib\commons-collections4-4.2.jar;C:\Users\Nazarov\Desktop\Downloads\luaj-3.0.1 (1)\luaj-3.0.1\lib\luaj-jse-3.0.1.jar;C:\Users\Nazarov\Desktop\Downloads\postgresql-42.2.5.jar;C:\Users\Nazarov\Desktop\Downloads\luajava-1.1-win32-lua51\luajava-1.1.jar;C:\Users\Nazarov\Desktop\Downloads\poi-bin-4.0.1-20181203\poi-4.0.1\poi-4.0.1.jar;C:\Users\Nazarov\Documents\NetBeansProjects\BasePostgresLuaXLS\build\classes
Launcher Type: SUN_STANDARD

Environment Variables:
PATH=C:\Program Files (x86)\Common Files\Oracle\Java\javapath;C:\Program Files (x86)\Intel\iCLS Client\;C:\Program Files\Intel\iCLS Client\;C:\Windows\system32;C:\Windows;C:\Windows\System32\Wbem;C:\Windows\System32\WindowsPowerShell\v1.0\;C:\Program Files (x86)\Intel\UCRT\;C:\Program Files\Intel\UCRT\;C:\Program Files (x86)\Intel\Intel(R) Management Engine Components\DAL;C:\Program Files\Intel\Intel(R) Management Engine Components\DAL;C:\Program Files (x86)\Intel\Intel(R) Management Engine Components\IPT;C:\Program Files\Intel\Intel(R) Management Engine Components\IPT
USERNAME=nazarov
OS=Windows_NT
PROCESSOR_IDENTIFIER=Intel64 Family 6 Model 94 Stepping 3, GenuineIntel



---------------  S Y S T E M  ---------------

OS: Windows 7 , 64 bit Build 7601 (6.1.7601.23864)

CPU:total 4 (initial active 4) (2 cores per cpu, 2 threads per core) family 6 model 94 stepping 3, cmov, cx8, fxsr, mmx, sse, sse2, sse3, ssse3, sse4.1, sse4.2, popcnt, avx, avx2, aes, clmul, erms, 3dnowpref, lzcnt, ht, tsc, tscinvbit, bmi1, bmi2, adx

Memory: 4k page, physical 8273880k(1195704k free), swap 8272020k(6144k free)

vm_info: Java HotSpot(TM) 64-Bit Server VM (25.191-b12) for windows-amd64 JRE (1.8.0_191-b12), built on Oct  6 2018 09:29:03 by "java_re" with MS VC++ 10.0 (VS2010)

time: Fri May 24 11:06:00 2019
elapsed time: 17 seconds (0d 0h 0m 17s)

