#
# There is insufficient memory for the Java Runtime Environment to continue.
# Native memory allocation (malloc) failed to allocate 131088 bytes for Chunk::new
# Possible reasons:
#   The system is out of physical RAM or swap space
#   In 32 bit mode, the process size limit was hit
# Possible solutions:
#   Reduce memory load on the system
#   Increase physical memory or swap space
#   Check if swap backing store is full
#   Use 64 bit Java on a 64 bit OS
#   Decrease Java heap size (-Xmx/-Xms)
#   Decrease number of Java threads
#   Decrease Java thread stack sizes (-Xss)
#   Set larger code cache with -XX:ReservedCodeCacheSize=
# This output file may be truncated or incomplete.
#
#  Out of Memory Error (allocation.cpp:390), pid=9168, tid=0x0000000000001298
#
# JRE version: Java(TM) SE Runtime Environment (8.0_191-b12) (build 1.8.0_191-b12)
# Java VM: Java HotSpot(TM) 64-Bit Server VM (25.191-b12 mixed mode windows-amd64 compressed oops)
# Failed to write core dump. Minidumps are not enabled by default on client versions of Windows
#

---------------  T H R E A D  ---------------

Current thread (0x000000001718c800):  JavaThread "C2 CompilerThread0" daemon [_thread_in_native, id=4760, stack(0x0000000018cd0000,0x0000000018dd0000)]

Stack: [0x0000000018cd0000,0x0000000018dd0000]
[error occurred during error reporting (printing stack bounds), id 0xc0000005]

Native frames: (J=compiled Java code, j=interpreted, Vv=VM code, C=native code)


Current CompileTask:
C2:  56991 3094 %     4       basepostgresluaxls.ReadWriteExel::getDataCell @ 753 (807 bytes)


---------------  P R O C E S S  ---------------

Java Threads: ( => current thread )
  0x0000000019714800 JavaThread "Swing-Shell" daemon [_thread_blocked, id=7196, stack(0x000000001b4b0000,0x000000001b5b0000)]
  0x000000001949a800 JavaThread "TimerQueue" daemon [_thread_blocked, id=6332, stack(0x000000001aec0000,0x000000001afc0000)]
  0x0000000001e5f000 JavaThread "DestroyJavaVM" [_thread_blocked, id=10612, stack(0x00000000020a0000,0x00000000021a0000)]
  0x000000001930a000 JavaThread "AWT-EventQueue-0" [_thread_in_Java, id=11232, stack(0x0000000019fb0000,0x000000001a0b0000)]
  0x000000001928e800 JavaThread "AWT-Windows" daemon [_thread_in_native, id=984, stack(0x0000000019cc0000,0x0000000019dc0000)]
  0x000000001928e000 JavaThread "AWT-Shutdown" [_thread_blocked, id=5652, stack(0x0000000019b50000,0x0000000019c50000)]
  0x000000001928d000 JavaThread "Java2D Disposer" daemon [_thread_blocked, id=4732, stack(0x0000000018ff0000,0x00000000190f0000)]
  0x00000000185b4800 JavaThread "Service Thread" daemon [_thread_blocked, id=8808, stack(0x0000000018df0000,0x0000000018ef0000)]
  0x0000000018528000 JavaThread "C1 CompilerThread2" daemon [_thread_blocked, id=6024, stack(0x0000000018ef0000,0x0000000018ff0000)]
  0x000000001851f000 JavaThread "C2 CompilerThread1" daemon [_thread_blocked, id=7032, stack(0x0000000018b70000,0x0000000018c70000)]
=>0x000000001718c800 JavaThread "C2 CompilerThread0" daemon [_thread_in_native, id=4760, stack(0x0000000018cd0000,0x0000000018dd0000)]
  0x000000001851b800 JavaThread "Attach Listener" daemon [_thread_blocked, id=10532, stack(0x0000000018a70000,0x0000000018b70000)]
  0x0000000017187000 JavaThread "Signal Dispatcher" daemon [_thread_blocked, id=2668, stack(0x0000000018970000,0x0000000018a70000)]
  0x000000001716e000 JavaThread "Finalizer" daemon [_thread_blocked, id=8792, stack(0x0000000018410000,0x0000000018510000)]
  0x0000000017167000 JavaThread "Reference Handler" daemon [_thread_blocked, id=7464, stack(0x0000000018310000,0x0000000018410000)]

Other Threads:
  0x000000001711b800 VMThread [stack: 0x0000000018150000,0x0000000018250000] [id=9080]
  0x00000000185c1000 WatcherThread [stack: 0x0000000019130000,0x0000000019230000] [id=2324]

VM state:not at safepoint (normal execution)

VM Mutex/Monitor currently owned by a thread: None

Heap:
 PSYoungGen      total 261120K, used 68718K [0x00000000d5f00000, 0x00000000eaa80000, 0x0000000100000000)
  eden space 245248K, 21% used [0x00000000d5f00000,0x00000000d93ae188,0x00000000e4e80000)
  from space 15872K, 93% used [0x00000000e5f80000,0x00000000e6ded6a0,0x00000000e6f00000)
  to   space 17408K, 0% used [0x00000000e4e80000,0x00000000e4e80000,0x00000000e5f80000)
 ParOldGen       total 87552K, used 51085K [0x0000000081c00000, 0x0000000087180000, 0x00000000d5f00000)
  object space 87552K, 58% used [0x0000000081c00000,0x0000000084de35d8,0x0000000087180000)
 Metaspace       used 20173K, capacity 20612K, committed 20736K, reserved 1067008K
  class space    used 2376K, capacity 2510K, committed 2560K, reserved 1048576K

Card table byte_map: [0x0000000011830000,0x0000000011c30000] byte_map_base: 0x0000000011422000

Marking Bits: (ParMarkBitMap*) 0x0000000055013e30
 Begin Bits: [0x0000000012470000, 0x0000000014400000)
 End Bits:   [0x0000000014400000, 0x0000000016390000)

Polling page: 0x00000000001a0000

CodeCache: size=245760Kb used=10163Kb max_used=11054Kb free=235596Kb
 bounds [0x0000000002470000, 0x0000000002f70000, 0x0000000011470000]
 total_blobs=3284 nmethods=2744 adapters=452
 compilation: enabled

Compilation events (10 events):
Event: 56.950 Thread 0x0000000018528000 3099       3       org.apache.poi.util.ByteField::writeToBytes (11 bytes)
Event: 56.950 Thread 0x0000000018528000 nmethod 3099 0x0000000002a2a1d0 code [0x0000000002a2a320, 0x0000000002a2a490]
Event: 56.951 Thread 0x0000000018528000 3101       3       org.apache.poi.poifs.filesystem.POIFSStream::<init> (15 bytes)
Event: 56.951 Thread 0x0000000018528000 nmethod 3101 0x0000000002a30190 code [0x0000000002a302e0, 0x0000000002a304b0]
Event: 56.951 Thread 0x0000000018528000 3102       3       org.apache.poi.poifs.filesystem.POIFSFileSystem::getBlockStoreBlockSize (5 bytes)
Event: 56.952 Thread 0x0000000018528000 nmethod 3102 0x00000000026c9310 code [0x00000000026c9480, 0x00000000026c96f0]
Event: 56.952 Thread 0x0000000018528000 3100       1       org.apache.poi.poifs.filesystem.EntryNode::getProperty (5 bytes)
Event: 56.952 Thread 0x0000000018528000 nmethod 3100 0x000000000295f250 code [0x000000000295f3a0, 0x000000000295f4b0]
Event: 56.952 Thread 0x0000000018528000 3103       1       org.apache.poi.hssf.record.ExternSheetRecord::getSid (3 bytes)
Event: 56.952 Thread 0x0000000018528000 nmethod 3103 0x0000000002a5db10 code [0x0000000002a5dc60, 0x0000000002a5dd70]

GC Heap History (10 events):
Event: 51.401 GC heap before
{Heap before GC invocations=22 (full 0):
 PSYoungGen      total 278016K, used 268638K [0x00000000d5f00000, 0x00000000e8500000, 0x0000000100000000)
  eden space 255488K, 100% used [0x00000000d5f00000,0x00000000e5880000,0x00000000e5880000)
  from space 22528K, 58% used [0x00000000e5880000,0x00000000e6557af8,0x00000000e6e80000)
  to   space 22016K, 0% used [0x00000000e6e80000,0x00000000e6e80000,0x00000000e8400000)
 ParOldGen       total 87552K, used 47292K [0x0000000081c00000, 0x0000000087180000, 0x00000000d5f00000)
  object space 87552K, 54% used [0x0000000081c00000,0x0000000084a2f190,0x0000000087180000)
 Metaspace       used 20170K, capacity 20612K, committed 20736K, reserved 1067008K
  class space    used 2376K, capacity 2510K, committed 2560K, reserved 1048576K
Event: 51.407 GC heap after
Heap after GC invocations=22 (full 0):
 PSYoungGen      total 254464K, used 9813K [0x00000000d5f00000, 0x00000000e7880000, 0x0000000100000000)
  eden space 244224K, 0% used [0x00000000d5f00000,0x00000000d5f00000,0x00000000e4d80000)
  from space 10240K, 95% used [0x00000000e6e80000,0x00000000e7815660,0x00000000e7880000)
  to   space 17920K, 0% used [0x00000000e5580000,0x00000000e5580000,0x00000000e6700000)
 ParOldGen       total 87552K, used 47300K [0x0000000081c00000, 0x0000000087180000, 0x00000000d5f00000)
  object space 87552K, 54% used [0x0000000081c00000,0x0000000084a31190,0x0000000087180000)
 Metaspace       used 20170K, capacity 20612K, committed 20736K, reserved 1067008K
  class space    used 2376K, capacity 2510K, committed 2560K, reserved 1048576K
}
Event: 53.333 GC heap before
{Heap before GC invocations=23 (full 0):
 PSYoungGen      total 254464K, used 254037K [0x00000000d5f00000, 0x00000000e7880000, 0x0000000100000000)
  eden space 244224K, 100% used [0x00000000d5f00000,0x00000000e4d80000,0x00000000e4d80000)
  from space 10240K, 95% used [0x00000000e6e80000,0x00000000e7815660,0x00000000e7880000)
  to   space 17920K, 0% used [0x00000000e5580000,0x00000000e5580000,0x00000000e6700000)
 ParOldGen       total 87552K, used 47300K [0x0000000081c00000, 0x0000000087180000, 0x00000000d5f00000)
  object space 87552K, 54% used [0x0000000081c00000,0x0000000084a31190,0x0000000087180000)
 Metaspace       used 20170K, capacity 20612K, committed 20736K, reserved 1067008K
  class space    used 2376K, capacity 2510K, committed 2560K, reserved 1048576K
Event: 53.343 GC heap after
Heap after GC invocations=23 (full 0):
 PSYoungGen      total 244224K, used 10230K [0x00000000d5f00000, 0x00000000e6f00000, 0x0000000100000000)
  eden space 233984K, 0% used [0x00000000d5f00000,0x00000000d5f00000,0x00000000e4380000)
  from space 10240K, 99% used [0x00000000e5580000,0x00000000e5f7d998,0x00000000e5f80000)
  to   space 15872K, 0% used [0x00000000e5f80000,0x00000000e5f80000,0x00000000e6f00000)
 ParOldGen       total 87552K, used 47308K [0x0000000081c00000, 0x0000000087180000, 0x00000000d5f00000)
  object space 87552K, 54% used [0x0000000081c00000,0x0000000084a33190,0x0000000087180000)
 Metaspace       used 20170K, capacity 20612K, committed 20736K, reserved 1067008K
  class space    used 2376K, capacity 2510K, committed 2560K, reserved 1048576K
}
Event: 53.576 GC heap before
{Heap before GC invocations=24 (full 0):
 PSYoungGen      total 244224K, used 244214K [0x00000000d5f00000, 0x00000000e6f00000, 0x0000000100000000)
  eden space 233984K, 100% used [0x00000000d5f00000,0x00000000e4380000,0x00000000e4380000)
  from space 10240K, 99% used [0x00000000e5580000,0x00000000e5f7d998,0x00000000e5f80000)
  to   space 15872K, 0% used [0x00000000e5f80000,0x00000000e5f80000,0x00000000e6f00000)
 ParOldGen       total 87552K, used 47308K [0x0000000081c00000, 0x0000000087180000, 0x00000000d5f00000)
  object space 87552K, 54% used [0x0000000081c00000,0x0000000084a33190,0x0000000087180000)
 Metaspace       used 20170K, capacity 20612K, committed 20736K, reserved 1067008K
  class space    used 2376K, capacity 2510K, committed 2560K, reserved 1048576K
Event: 53.585 GC heap after
Heap after GC invocations=24 (full 0):
 PSYoungGen      total 249856K, used 11422K [0x00000000d5f00000, 0x00000000e6f00000, 0x0000000100000000)
  eden space 233984K, 0% used [0x00000000d5f00000,0x00000000d5f00000,0x00000000e4380000)
  from space 15872K, 71% used [0x00000000e5f80000,0x00000000e6aa7af8,0x00000000e6f00000)
  to   space 10240K, 0% used [0x00000000e5580000,0x00000000e5580000,0x00000000e5f80000)
 ParOldGen       total 87552K, used 47316K [0x0000000081c00000, 0x0000000087180000, 0x00000000d5f00000)
  object space 87552K, 54% used [0x0000000081c00000,0x0000000084a35190,0x0000000087180000)
 Metaspace       used 20170K, capacity 20612K, committed 20736K, reserved 1067008K
  class space    used 2376K, capacity 2510K, committed 2560K, reserved 1048576K
}
Event: 55.364 GC heap before
{Heap before GC invocations=25 (full 0):
 PSYoungGen      total 249856K, used 245406K [0x00000000d5f00000, 0x00000000e6f00000, 0x0000000100000000)
  eden space 233984K, 100% used [0x00000000d5f00000,0x00000000e4380000,0x00000000e4380000)
  from space 15872K, 71% used [0x00000000e5f80000,0x00000000e6aa7af8,0x00000000e6f00000)
  to   space 10240K, 0% used [0x00000000e5580000,0x00000000e5580000,0x00000000e5f80000)
 ParOldGen       total 87552K, used 47316K [0x0000000081c00000, 0x0000000087180000, 0x00000000d5f00000)
  object space 87552K, 54% used [0x0000000081c00000,0x0000000084a35190,0x0000000087180000)
 Metaspace       used 20170K, capacity 20612K, committed 20736K, reserved 1067008K
  class space    used 2376K, capacity 2510K, committed 2560K, reserved 1048576K
Event: 55.375 GC heap after
Heap after GC invocations=25 (full 0):
 PSYoungGen      total 244224K, used 10232K [0x00000000d5f00000, 0x00000000e6f00000, 0x0000000100000000)
  eden space 233984K, 0% used [0x00000000d5f00000,0x00000000d5f00000,0x00000000e4380000)
  from space 10240K, 99% used [0x00000000e5580000,0x00000000e5f7e090,0x00000000e5f80000)
  to   space 15872K, 0% used [0x00000000e5f80000,0x00000000e5f80000,0x00000000e6f00000)
 ParOldGen       total 87552K, used 48451K [0x0000000081c00000, 0x0000000087180000, 0x00000000d5f00000)
  object space 87552K, 55% used [0x0000000081c00000,0x0000000084b50c58,0x0000000087180000)
 Metaspace       used 20170K, capacity 20612K, committed 20736K, reserved 1067008K
  class space    used 2376K, capacity 2510K, committed 2560K, reserved 1048576K
}
Event: 56.913 GC heap before
{Heap before GC invocations=26 (full 0):
 PSYoungGen      total 244224K, used 244216K [0x00000000d5f00000, 0x00000000e6f00000, 0x0000000100000000)
  eden space 233984K, 100% used [0x00000000d5f00000,0x00000000e4380000,0x00000000e4380000)
  from space 10240K, 99% used [0x00000000e5580000,0x00000000e5f7e090,0x00000000e5f80000)
  to   space 15872K, 0% used [0x00000000e5f80000,0x00000000e5f80000,0x00000000e6f00000)
 ParOldGen       total 87552K, used 48451K [0x0000000081c00000, 0x0000000087180000, 0x00000000d5f00000)
  object space 87552K, 55% used [0x0000000081c00000,0x0000000084b50c58,0x0000000087180000)
 Metaspace       used 20170K, capacity 20612K, committed 20736K, reserved 1067008K
  class space    used 2376K, capacity 2510K, committed 2560K, reserved 1048576K
Event: 56.931 GC heap after
Heap after GC invocations=26 (full 0):
 PSYoungGen      total 261120K, used 14773K [0x00000000d5f00000, 0x00000000eaa80000, 0x0000000100000000)
  eden space 245248K, 0% used [0x00000000d5f00000,0x00000000d5f00000,0x00000000e4e80000)
  from space 15872K, 93% used [0x00000000e5f80000,0x00000000e6ded6a0,0x00000000e6f00000)
  to   space 17408K, 0% used [0x00000000e4e80000,0x00000000e4e80000,0x00000000e5f80000)
 ParOldGen       total 87552K, used 51085K [0x0000000081c00000, 0x0000000087180000, 0x00000000d5f00000)
  object space 87552K, 58% used [0x0000000081c00000,0x0000000084de35d8,0x0000000087180000)
 Metaspace       used 20170K, capacity 20612K, committed 20736K, reserved 1067008K
  class space    used 2376K, capacity 2510K, committed 2560K, reserved 1048576K
}

Deoptimization events (10 events):
Event: 27.489 Thread 0x000000001930a000 Uncommon trap: reason=class_check action=maybe_recompile pc=0x0000000002bb070c method=java.lang.Character.isWhitespace(I)Z @ 5
Event: 27.489 Thread 0x000000001930a000 Uncommon trap: reason=class_check action=maybe_recompile pc=0x0000000002bc6484 method=java.lang.Character.isJavaIdentifierPart(I)Z @ 5
Event: 27.489 Thread 0x000000001930a000 Uncommon trap: reason=class_check action=maybe_recompile pc=0x0000000002bb070c method=java.lang.Character.isWhitespace(I)Z @ 5
Event: 27.489 Thread 0x000000001930a000 Uncommon trap: reason=class_check action=maybe_recompile pc=0x0000000002bc6484 method=java.lang.Character.isJavaIdentifierPart(I)Z @ 5
Event: 27.682 Thread 0x000000001930a000 Uncommon trap: reason=class_check action=maybe_recompile pc=0x0000000002da18a4 method=java.lang.Character.isWhitespace(I)Z @ 5
Event: 27.682 Thread 0x000000001930a000 Uncommon trap: reason=class_check action=maybe_recompile pc=0x0000000002bc094c method=java.lang.Character.isJavaIdentifierStart(I)Z @ 5
Event: 27.682 Thread 0x000000001930a000 Uncommon trap: reason=class_check action=maybe_recompile pc=0x0000000002bc6484 method=java.lang.Character.isJavaIdentifierPart(I)Z @ 5
Event: 27.767 Thread 0x000000001930a000 Uncommon trap: reason=class_check action=maybe_recompile pc=0x0000000002bc094c method=java.lang.Character.isJavaIdentifierStart(I)Z @ 5
Event: 27.768 Thread 0x000000001930a000 Uncommon trap: reason=class_check action=maybe_recompile pc=0x0000000002bc094c method=java.lang.Character.isJavaIdentifierStart(I)Z @ 5
Event: 34.661 Thread 0x000000001930a000 Uncommon trap: reason=unstable_if action=reinterpret pc=0x0000000002e975e0 method=basepostgresluaxls.BasePostgresLuaXLS.insertRows(Ljava/lang/String;[Ljava/lang/String;Ljava/util/ArrayList;)V @ 517

Classes redefined (0 events):
No events

Internal exceptions (10 events):
Event: 0.100 Thread 0x0000000001e5f000 Exception <a 'java/security/PrivilegedActionException'> (0x00000000d60c2ad8) thrown at [C:\re\workspace\8-2-build-windows-amd64-cygwin\jdk8u191\11896\hotspot\src\share\vm\prims\jvm.cpp, line 1435]
Event: 0.100 Thread 0x0000000001e5f000 Exception <a 'java/security/PrivilegedActionException'> (0x00000000d60c2ce8) thrown at [C:\re\workspace\8-2-build-windows-amd64-cygwin\jdk8u191\11896\hotspot\src\share\vm\prims\jvm.cpp, line 1435]
Event: 0.103 Thread 0x0000000001e5f000 Exception <a 'java/io/FileNotFoundException'> (0x00000000d60cbd30) thrown at [C:\re\workspace\8-2-build-windows-amd64-cygwin\jdk8u191\11896\hotspot\src\share\vm\prims\jni.cpp, line 709]
Event: 0.128 Thread 0x0000000001e5f000 Exception <a 'java/lang/NoSuchFieldError': method resolution failed> (0x00000000d619c418) thrown at [C:\re\workspace\8-2-build-windows-amd64-cygwin\jdk8u191\11896\hotspot\src\share\vm\prims\methodHandles.cpp, line 1167]
Event: 0.130 Thread 0x0000000001e5f000 Exception <a 'java/lang/NoSuchFieldError': method resolution failed> (0x00000000d61a97e8) thrown at [C:\re\workspace\8-2-build-windows-amd64-cygwin\jdk8u191\11896\hotspot\src\share\vm\prims\methodHandles.cpp, line 1167]
Event: 0.183 Thread 0x0000000001e5f000 Exception <a 'java/io/FileNotFoundException'> (0x00000000d6346818) thrown at [C:\re\workspace\8-2-build-windows-amd64-cygwin\jdk8u191\11896\hotspot\src\share\vm\prims\jni.cpp, line 709]
Event: 0.352 Thread 0x0000000001e5f000 Implicit null exception at 0x000000000266eb97 to 0x000000000266ef85
Event: 0.458 Thread 0x0000000001e5f000 Implicit null exception at 0x0000000002670a96 to 0x0000000002670e31
Event: 15.356 Thread 0x000000001930a000 Implicit null exception at 0x00000000029aaca0 to 0x00000000029ab14d
Event: 15.521 Thread 0x000000001930a000 Implicit null exception at 0x00000000029849bf to 0x0000000002984de1

Events (10 events):
Event: 56.949 Thread 0x0000000018528000 flushing nmethod 0x0000000002b6e410
Event: 56.949 Thread 0x0000000018528000 flushing nmethod 0x0000000002b8cdd0
Event: 56.949 Thread 0x0000000018528000 flushing nmethod 0x0000000002ba1290
Event: 56.949 Thread 0x0000000018528000 flushing nmethod 0x0000000002ba1790
Event: 56.949 Thread 0x0000000018528000 flushing nmethod 0x0000000002ba22d0
Event: 56.949 Thread 0x0000000018528000 flushing nmethod 0x0000000002ba2d50
Event: 56.949 Thread 0x0000000018528000 flushing nmethod 0x0000000002ba3ed0
Event: 56.949 Thread 0x0000000018528000 flushing nmethod 0x0000000002ba4390
Event: 56.949 Thread 0x0000000018528000 flushing nmethod 0x0000000002ba7d50
Event: 56.950 Thread 0x0000000018528000 flushing nmethod 0x0000000002c6d690


Dynamic libraries:
0x000000013f320000 - 0x000000013f357000 	C:\Program Files\Java\jdk1.8.0_191\bin\java.exe
0x0000000077c30000 - 0x0000000077dda000 	C:\Windows\SYSTEM32\ntdll.dll
0x0000000077b10000 - 0x0000000077c2f000 	C:\Windows\system32\kernel32.dll
0x000007fefdbf0000 - 0x000007fefdc5a000 	C:\Windows\system32\KERNELBASE.dll
0x000007fefe080000 - 0x000007fefe15b000 	C:\Windows\system32\ADVAPI32.dll
0x000007fefe7c0000 - 0x000007fefe85f000 	C:\Windows\system32\msvcrt.dll
0x000007feffa90000 - 0x000007feffaaf000 	C:\Windows\SYSTEM32\sechost.dll
0x000007fefe230000 - 0x000007fefe35d000 	C:\Windows\system32\RPCRT4.dll
0x0000000077a10000 - 0x0000000077b0a000 	C:\Windows\system32\USER32.dll
0x000007feffc60000 - 0x000007feffcc7000 	C:\Windows\system32\GDI32.dll
0x000007feffcd0000 - 0x000007feffcde000 	C:\Windows\system32\LPK.dll
0x000007fefe160000 - 0x000007fefe22b000 	C:\Windows\system32\USP10.dll
0x000007fefc5f0000 - 0x000007fefc7e4000 	C:\Windows\WinSxS\amd64_microsoft.windows.common-controls_6595b64144ccf1df_6.0.7601.18837_none_fa3b1e3d17594757\COMCTL32.dll
0x000007fefe730000 - 0x000007fefe7a1000 	C:\Windows\system32\SHLWAPI.dll
0x000007fefe700000 - 0x000007fefe72e000 	C:\Windows\system32\IMM32.DLL
0x000007feffb50000 - 0x000007feffc59000 	C:\Windows\system32\MSCTF.dll
0x000000006b2b0000 - 0x000000006b382000 	C:\Program Files\Java\jdk1.8.0_191\jre\bin\msvcr100.dll
0x00000000547f0000 - 0x0000000055094000 	C:\Program Files\Java\jdk1.8.0_191\jre\bin\server\jvm.dll
0x000007fef9290000 - 0x000007fef9299000 	C:\Windows\system32\WSOCK32.dll
0x000007fefe860000 - 0x000007fefe8ad000 	C:\Windows\system32\WS2_32.dll
0x000007fefe7b0000 - 0x000007fefe7b8000 	C:\Windows\system32\NSI.dll
0x000007fefb690000 - 0x000007fefb6cb000 	C:\Windows\system32\WINMM.dll
0x000007fefcc80000 - 0x000007fefcc8c000 	C:\Windows\system32\VERSION.dll
0x0000000077df0000 - 0x0000000077df7000 	C:\Windows\system32\PSAPI.DLL
0x000000006fbd0000 - 0x000000006fbdf000 	C:\Program Files\Java\jdk1.8.0_191\jre\bin\verify.dll
0x000000006fba0000 - 0x000000006fbc9000 	C:\Program Files\Java\jdk1.8.0_191\jre\bin\java.dll
0x000000006faa0000 - 0x000000006fab6000 	C:\Program Files\Java\jdk1.8.0_191\jre\bin\zip.dll
0x000007fefea40000 - 0x000007feff7cb000 	C:\Windows\system32\SHELL32.dll
0x000007feffd40000 - 0x000007fefff3c000 	C:\Windows\system32\ole32.dll
0x000007fefdb40000 - 0x000007fefdb4f000 	C:\Windows\system32\profapi.dll
0x000000005c720000 - 0x000000005c8b9000 	C:\Program Files\Java\jdk1.8.0_191\jre\bin\awt.dll
0x000007feff7d0000 - 0x000007feff8aa000 	C:\Windows\system32\OLEAUT32.dll
0x000007fefc590000 - 0x000007fefc5e6000 	C:\Windows\system32\uxtheme.dll
0x000007fefbdf0000 - 0x000007fefbe08000 	C:\Windows\system32\dwmapi.dll
0x000007fefda70000 - 0x000007fefda7f000 	C:\Windows\system32\CRYPTBASE.dll
0x000007fefd5e0000 - 0x000007fefd5f8000 	C:\Windows\system32\CRYPTSP.dll
0x000007fefd180000 - 0x000007fefd1c7000 	C:\Windows\system32\rsaenh.dll
0x000007fefce60000 - 0x000007fefce7e000 	C:\Windows\system32\USERENV.dll
0x000000006ede0000 - 0x000000006edfa000 	C:\Program Files\Java\jdk1.8.0_191\jre\bin\net.dll
0x000007fefd450000 - 0x000007fefd4a5000 	C:\Windows\system32\mswsock.dll
0x000007fefd550000 - 0x000007fefd557000 	C:\Windows\System32\wship6.dll
0x000007fefb260000 - 0x000007fefb287000 	C:\Windows\system32\IPHLPAPI.DLL
0x000007fefb250000 - 0x000007fefb25b000 	C:\Windows\system32\WINNSI.DLL
0x000007fefb0d0000 - 0x000007fefb0e1000 	C:\Windows\system32\dhcpcsvc6.DLL
0x000007fefb050000 - 0x000007fefb068000 	C:\Windows\system32\dhcpcsvc.DLL
0x000000006edc0000 - 0x000000006edd1000 	C:\Program Files\Java\jdk1.8.0_191\jre\bin\nio.dll
0x000007feed650000 - 0x000007feed76d000 	C:\Windows\system32\opengl32.dll
0x000007feee0c0000 - 0x000007feee0ed000 	C:\Windows\system32\GLU32.dll
0x000007feedbd0000 - 0x000007feedcc1000 	C:\Windows\system32\DDRAW.dll
0x000007fef3690000 - 0x000007fef3698000 	C:\Windows\system32\DCIMAN32.dll
0x000007feff8b0000 - 0x000007feffa87000 	C:\Windows\system32\SETUPAPI.dll
0x000007fefde90000 - 0x000007fefdec6000 	C:\Windows\system32\CFGMGR32.dll
0x000007fefde70000 - 0x000007fefde8a000 	C:\Windows\system32\DEVOBJ.dll
0x000000006ed70000 - 0x000000006edb7000 	C:\Program Files\Java\jdk1.8.0_191\jre\bin\fontmanager.dll
0x000007fefe5c0000 - 0x000007fefe659000 	C:\Windows\system32\CLBCatQ.DLL
0x000007fefbc80000 - 0x000007fefbde1000 	C:\Windows\system32\WindowsCodecs.dll
0x000007fefda10000 - 0x000007fefda67000 	C:\Windows\system32\apphelp.dll
0x000007fef3900000 - 0x000007fef3b3f000 	C:\Program Files\Microsoft Office 15\root\VFS\ProgramFilesX64\Microsoft Office\Office15\GROOVEEX.DLL
0x00000000614e0000 - 0x0000000061578000 	C:\Program Files\Microsoft Office 15\root\VFS\ProgramFilesX64\Microsoft Office\Office15\MSVCP100.dll
0x0000000069e30000 - 0x0000000069e5b000 	C:\Program Files\Microsoft Office 15\root\VFS\ProgramFilesX64\Microsoft Office\Office15\ATL100.DLL
0x000007fef3e50000 - 0x000007fef416e000 	C:\Windows\system32\msi.dll
0x000007fef04a0000 - 0x000007fef0d25000 	C:\Program Files\Microsoft Office 15\root\VFS\ProgramFilesX64\Microsoft Office\Office15\1049\GrooveIntlResource.dll
0x000007fef3e10000 - 0x000007fef3e45000 	C:\Windows\system32\EhStorShell.dll
0x000007fefc110000 - 0x000007fefc23c000 	C:\Windows\system32\PROPSYS.dll
0x000007fef3d90000 - 0x000007fef3e0e000 	C:\Windows\System32\cscui.dll
0x000007fef6c90000 - 0x000007fef6c9c000 	C:\Windows\System32\CSCDLL.dll
0x000007fef7650000 - 0x000007fef765f000 	C:\Windows\system32\CSCAPI.dll
0x000007fef3820000 - 0x000007fef38a0000 	C:\Windows\system32\ntshrui.dll
0x000007fefd680000 - 0x000007fefd6a3000 	C:\Windows\system32\srvcli.dll
0x000007fefb5d0000 - 0x000007fefb5db000 	C:\Windows\system32\slc.dll
0x000000006ed20000 - 0x000000006ed62000 	C:\Program Files\Java\jdk1.8.0_191\jre\bin\t2k.dll
0x000007fef6bf0000 - 0x000007fef6c90000 	C:\Windows\WinSxS\amd64_microsoft.windows.common-controls_6595b64144ccf1df_5.82.7601.18837_none_a4d981ff711297b6\comctl32.dll
0x000007fefbc40000 - 0x000007fefbc6d000 	C:\Windows\system32\ntmarta.dll
0x000007feffce0000 - 0x000007feffd32000 	C:\Windows\system32\WLDAP32.dll
0x000007fede2c0000 - 0x000007fede45c000 	C:\Windows\system32\NetworkExplorer.dll
0x000007fef3700000 - 0x000007fef3734000 	C:\Windows\System32\shdocvw.dll
0x000007fef8850000 - 0x000007fef8868000 	C:\Windows\system32\MPR.dll
0x000007fef92a0000 - 0x000007fef92aa000 	C:\Windows\System32\drprov.dll
0x000007fefcf70000 - 0x000007fefcfad000 	C:\Windows\System32\WINSTA.dll
0x000007fef7b20000 - 0x000007fef7b42000 	C:\Windows\System32\ntlanman.dll
0x000007fef75e0000 - 0x000007fef75fe000 	C:\Windows\System32\davclnt.dll
0x000007fef75d0000 - 0x000007fef75da000 	C:\Windows\System32\DAVHLPR.dll
0x000007fefb8d0000 - 0x000007fefb8e5000 	C:\Windows\system32\wkscli.dll
0x000007fefd0b0000 - 0x000007fefd0bc000 	C:\Windows\system32\netutils.dll
0x000007fee1010000 - 0x000007fee1281000 	C:\Windows\system32\wpdshext.dll
0x000007fefc370000 - 0x000007fefc587000 	C:\Windows\WinSxS\amd64_microsoft.windows.gdiplus_6595b64144ccf1df_1.1.7601.23807_none_14556b8e8b95d1fc\gdiplus.dll
0x000007fef7850000 - 0x000007fef790d000 	C:\Windows\system32\PortableDeviceApi.dll
0x000007fefded0000 - 0x000007fefdf0b000 	C:\Windows\system32\WINTRUST.dll
0x000007fefdc60000 - 0x000007fefddcd000 	C:\Windows\system32\CRYPT32.dll
0x000007fefdbe0000 - 0x000007fefdbef000 	C:\Windows\system32\MSASN1.dll
0x000007fef8750000 - 0x000007fef8777000 	C:\Windows\system32\EhStorAPI.dll
0x000007fef3d70000 - 0x000007fef3d7c000 	C:\Windows\system32\LINKINFO.dll

VM Arguments:
jvm_args: -Dfile.encoding=UTF-8 -Djava.library.path=C:\Users\admin\Downloads\luajava-1.1-win32-lua51 
java_command: basepostgresluaxls.Main
java_class_path (initial): C:\Users\Nazarov\Documents\NetBeansProjects\BasePostgresLuaXLS\lib\poi-bin-4.0.1-20181203\poi-4.0.1\lib\commons-codec-1.11.jar;C:\Users\Nazarov\Documents\NetBeansProjects\BasePostgresLuaXLS\lib\poi-bin-4.0.1-20181203\poi-4.0.1\lib\commons-collections4-4.2.jar;C:\Users\Nazarov\Documents\NetBeansProjects\BasePostgresLuaXLS\lib\luaj-3.0.1 (1)\luaj-3.0.1\lib\luaj-jse-3.0.1.jar;C:\Users\Nazarov\Documents\NetBeansProjects\BasePostgresLuaXLS\lib\postgresql-42.2.5.jar;C:\Users\Nazarov\Documents\NetBeansProjects\BasePostgresLuaXLS\lib\luajava-1.1-win32-lua51\luajava-1.1.jar;C:\Users\Nazarov\Documents\NetBeansProjects\BasePostgresLuaXLS\lib\poi-bin-4.0.1-20181203\poi-4.0.1\poi-4.0.1.jar;C:\Users\Nazarov\Downloads\junit-4.10.jar;C:\Users\Nazarov\Documents\NetBeansProjects\BasePostgresLuaXLS\build\classes
Launcher Type: SUN_STANDARD

Environment Variables:
PATH=C:\Program Files (x86)\Common Files\Oracle\Java\javapath;C:\Program Files (x86)\Intel\iCLS Client\;C:\Program Files\Intel\iCLS Client\;C:\Windows\system32;C:\Windows;C:\Windows\System32\Wbem;C:\Windows\System32\WindowsPowerShell\v1.0\;C:\Program Files (x86)\Intel\UCRT\;C:\Program Files\Intel\UCRT\;C:\Program Files (x86)\Intel\Intel(R) Management Engine Components\DAL;C:\Program Files\Intel\Intel(R) Management Engine Components\DAL;C:\Program Files (x86)\Intel\Intel(R) Management Engine Components\IPT;C:\Program Files\Intel\Intel(R) Management Engine Components\IPT;C:\Program Files\Windows Imaging\;C:\Program Files (x86)\STMicroelectronics\STM32 ST-LINK Utility\ST-LINK Utility;C:\Program Files (x86)\Common Files\Oracle\Java\javapath;C:\Program Files (x86)\Intel\iCLS Client\;C:\Program Files\Intel\iCLS Client\;C:\Windows\system32;C:\Windows;C:\Windows\System32\Wbem;C:\Windows\System32\WindowsPowerShell\v1.0\;C:\Program Files (x86)\Intel\UCRT\;C:\Program Files\Intel\UCRT\;C:\Program Files (x86)\Intel\Intel(R) Management Engine Components\DAL;C:\Program Files\Intel\Intel(R) Management Engine Components\DAL;C:\Program Files (x86)\Intel\Intel(R) Management Engine Components\IPT;C:\Program Files\Intel\Intel(R) Management Engine Components\IPT;C:\Users\Nazarov\AppData\Local\Programs\Git\cmd
USERNAME=nazarov
OS=Windows_NT
PROCESSOR_IDENTIFIER=Intel64 Family 6 Model 94 Stepping 3, GenuineIntel



---------------  S Y S T E M  ---------------

OS: Windows 7 , 64 bit Build 7601 (6.1.7601.23864)

CPU:total 4 (initial active 4) (2 cores per cpu, 2 threads per core) family 6 model 94 stepping 3, cmov, cx8, fxsr, mmx, sse, sse2, sse3, ssse3, sse4.1, sse4.2, popcnt, avx, avx2, aes, clmul, erms, 3dnowpref, lzcnt, ht, tsc, tscinvbit, bmi1, bmi2, adx

Memory: 4k page, physical 8273880k(1338124k free), swap 8272020k(5144k free)

vm_info: Java HotSpot(TM) 64-Bit Server VM (25.191-b12) for windows-amd64 JRE (1.8.0_191-b12), built on Oct  6 2018 09:29:03 by "java_re" with MS VC++ 10.0 (VS2010)

time: Mon Feb 17 10:19:17 2020
elapsed time: 56 seconds (0d 0h 0m 56s)

