#
# There is insufficient memory for the Java Runtime Environment to continue.
# Native memory allocation (malloc) failed to allocate 288816 bytes for Chunk::new
# Possible reasons:
#   The system is out of physical RAM or swap space
#   In 32 bit mode, the process size limit was hit
# Possible solutions:
#   Reduce memory load on the system
#   Increase physical memory or swap space
#   Check if swap backing store is full
#   Use 64 bit Java on a 64 bit OS
#   Decrease Java heap size (-Xmx/-Xms)
#   Decrease number of Java threads
#   Decrease Java thread stack sizes (-Xss)
#   Set larger code cache with -XX:ReservedCodeCacheSize=
# This output file may be truncated or incomplete.
#
#  Out of Memory Error (allocation.cpp:390), pid=3820, tid=0x0000000000001b38
#
# JRE version: Java(TM) SE Runtime Environment (8.0_191-b12) (build 1.8.0_191-b12)
# Java VM: Java HotSpot(TM) 64-Bit Server VM (25.191-b12 mixed mode windows-amd64 compressed oops)
# Failed to write core dump. Minidumps are not enabled by default on client versions of Windows
#

---------------  T H R E A D  ---------------

Current thread (0x00000000170ba000):  JavaThread "C2 CompilerThread0" daemon [_thread_in_native, id=6968, stack(0x0000000018f00000,0x0000000019000000)]

Stack: [0x0000000018f00000,0x0000000019000000]
[error occurred during error reporting (printing stack bounds), id 0xc0000005]

Native frames: (J=compiled Java code, j=interpreted, Vv=VM code, C=native code)


Current CompileTask:
C2:  37768 3015 %     4       basepostgresluaxls.ReadWriteExel::getDataCell @ 333 (807 bytes)


---------------  P R O C E S S  ---------------

Java Threads: ( => current thread )
  0x00000000188ea000 JavaThread "Swing-Shell" daemon [_thread_blocked, id=10308, stack(0x000000001b6b0000,0x000000001b7b0000)]
  0x00000000197f5000 JavaThread "TimerQueue" daemon [_thread_blocked, id=5644, stack(0x000000001b000000,0x000000001b100000)]
  0x000000000012f000 JavaThread "DestroyJavaVM" [_thread_blocked, id=4596, stack(0x00000000020e0000,0x00000000021e0000)]
  0x0000000019679000 JavaThread "AWT-EventQueue-0" [_thread_in_native, id=6452, stack(0x000000001a740000,0x000000001a840000)]
  0x00000000195df800 JavaThread "AWT-Windows" daemon [_thread_in_native, id=8272, stack(0x000000001a0f0000,0x000000001a1f0000)]
  0x00000000195df000 JavaThread "AWT-Shutdown" [_thread_blocked, id=10476, stack(0x0000000018de0000,0x0000000018ee0000)]
  0x00000000195de000 JavaThread "Java2D Disposer" daemon [_thread_blocked, id=1088, stack(0x0000000019e50000,0x0000000019f50000)]
  0x0000000018610800 JavaThread "Service Thread" daemon [_thread_blocked, id=11200, stack(0x00000000192f0000,0x00000000193f0000)]
  0x000000001856a800 JavaThread "C1 CompilerThread2" daemon [_thread_blocked, id=7452, stack(0x0000000019100000,0x0000000019200000)]
  0x0000000018558800 JavaThread "C2 CompilerThread1" daemon [_thread_blocked, id=10036, stack(0x0000000018980000,0x0000000018a80000)]
=>0x00000000170ba000 JavaThread "C2 CompilerThread0" daemon [_thread_in_native, id=6968, stack(0x0000000018f00000,0x0000000019000000)]
  0x00000000170b9000 JavaThread "Attach Listener" daemon [_thread_blocked, id=2872, stack(0x0000000018cc0000,0x0000000018dc0000)]
  0x0000000018552800 JavaThread "Signal Dispatcher" daemon [_thread_blocked, id=2476, stack(0x0000000018a90000,0x0000000018b90000)]
  0x000000001709a800 JavaThread "Finalizer" daemon [_thread_blocked, id=7348, stack(0x0000000018340000,0x0000000018440000)]
  0x0000000017093800 JavaThread "Reference Handler" daemon [_thread_blocked, id=5724, stack(0x0000000018450000,0x0000000018550000)]

Other Threads:
  0x000000001704b800 VMThread [stack: 0x00000000181b0000,0x00000000182b0000] [id=5300]
  0x0000000018615000 WatcherThread [stack: 0x0000000019470000,0x0000000019570000] [id=5540]

VM state:not at safepoint (normal execution)

VM Mutex/Monitor currently owned by a thread: None

Heap:
 PSYoungGen      total 435712K, used 286984K [0x00000000d5f00000, 0x00000000f2000000, 0x0000000100000000)
  eden space 411648K, 66% used [0x00000000d5f00000,0x00000000e6b7a128,0x00000000ef100000)
  from space 24064K, 50% used [0x00000000f0880000,0x00000000f14481a8,0x00000000f2000000)
  to   space 24064K, 0% used [0x00000000ef100000,0x00000000ef100000,0x00000000f0880000)
 ParOldGen       total 87552K, used 54633K [0x0000000081c00000, 0x0000000087180000, 0x00000000d5f00000)
  object space 87552K, 62% used [0x0000000081c00000,0x000000008515a600,0x0000000087180000)
 Metaspace       used 20125K, capacity 20548K, committed 20736K, reserved 1067008K
  class space    used 2376K, capacity 2510K, committed 2560K, reserved 1048576K

Card table byte_map: [0x0000000011870000,0x0000000011c70000] byte_map_base: 0x0000000011462000

Marking Bits: (ParMarkBitMap*) 0x0000000055013e30
 Begin Bits: [0x00000000123a0000, 0x0000000014330000)
 End Bits:   [0x0000000014330000, 0x00000000162c0000)

Polling page: 0x0000000000110000

CodeCache: size=245760Kb used=10468Kb max_used=10478Kb free=235291Kb
 bounds [0x00000000024b0000, 0x0000000002f10000, 0x00000000114b0000]
 total_blobs=3471 nmethods=2930 adapters=452
 compilation: enabled

Compilation events (10 events):
Event: 37.130 Thread 0x000000001856a800 nmethod 3012 0x00000000025de150 code [0x00000000025de320, 0x00000000025de8e8]
Event: 37.133 Thread 0x000000001856a800 3013   !   3       sun.reflect.GeneratedConstructorAccessor59::newInstance (53 bytes)
Event: 37.134 Thread 0x000000001856a800 nmethod 3013 0x00000000025d6c90 code [0x00000000025d6f40, 0x00000000025d8018]
Event: 37.168 Thread 0x0000000018558800 3014       4       java.lang.ThreadLocal::get (38 bytes)
Event: 37.168 Thread 0x00000000170ba000 3015 %     4       basepostgresluaxls.ReadWriteExel::getDataCell @ 333 (807 bytes)
Event: 37.170 Thread 0x0000000018558800 nmethod 3014 0x00000000025e9550 code [0x00000000025e96a0, 0x00000000025e97f8]
Event: 37.170 Thread 0x0000000018558800 3016       4       java.lang.ThreadLocal$ThreadLocalMap::getEntry (42 bytes)
Event: 37.171 Thread 0x0000000018558800 nmethod 3016 0x00000000026f3f90 code [0x00000000026f40e0, 0x00000000026f41e8]
Event: 37.434 Thread 0x000000001856a800 3017       3       java.awt.event.InvocationEvent::<init> (52 bytes)
Event: 37.435 Thread 0x000000001856a800 nmethod 3017 0x0000000002647f10 code [0x0000000002648080, 0x00000000026482e8]

GC Heap History (10 events):
Event: 13.035 GC heap before
{Heap before GC invocations=12 (full 0):
 PSYoungGen      total 435712K, used 425014K [0x00000000d5f00000, 0x00000000f2000000, 0x0000000100000000)
  eden space 411648K, 100% used [0x00000000d5f00000,0x00000000ef100000,0x00000000ef100000)
  from space 24064K, 55% used [0x00000000ef100000,0x00000000efe0dba8,0x00000000f0880000)
  to   space 24064K, 0% used [0x00000000f0880000,0x00000000f0880000,0x00000000f2000000)
 ParOldGen       total 87552K, used 54489K [0x0000000081c00000, 0x0000000087180000, 0x00000000d5f00000)
  object space 87552K, 62% used [0x0000000081c00000,0x0000000085136600,0x0000000087180000)
 Metaspace       used 20090K, capacity 20548K, committed 20736K, reserved 1067008K
  class space    used 2375K, capacity 2510K, committed 2560K, reserved 1048576K
Event: 13.055 GC heap after
Heap after GC invocations=12 (full 0):
 PSYoungGen      total 435712K, used 19063K [0x00000000d5f00000, 0x00000000f2000000, 0x0000000100000000)
  eden space 411648K, 0% used [0x00000000d5f00000,0x00000000d5f00000,0x00000000ef100000)
  from space 24064K, 79% used [0x00000000f0880000,0x00000000f1b1de08,0x00000000f2000000)
  to   space 24064K, 0% used [0x00000000ef100000,0x00000000ef100000,0x00000000f0880000)
 ParOldGen       total 87552K, used 54593K [0x0000000081c00000, 0x0000000087180000, 0x00000000d5f00000)
  object space 87552K, 62% used [0x0000000081c00000,0x0000000085150600,0x0000000087180000)
 Metaspace       used 20090K, capacity 20548K, committed 20736K, reserved 1067008K
  class space    used 2375K, capacity 2510K, committed 2560K, reserved 1048576K
}
Event: 20.370 GC heap before
{Heap before GC invocations=13 (full 0):
 PSYoungGen      total 435712K, used 430711K [0x00000000d5f00000, 0x00000000f2000000, 0x0000000100000000)
  eden space 411648K, 100% used [0x00000000d5f00000,0x00000000ef100000,0x00000000ef100000)
  from space 24064K, 79% used [0x00000000f0880000,0x00000000f1b1de08,0x00000000f2000000)
  to   space 24064K, 0% used [0x00000000ef100000,0x00000000ef100000,0x00000000f0880000)
 ParOldGen       total 87552K, used 54593K [0x0000000081c00000, 0x0000000087180000, 0x00000000d5f00000)
  object space 87552K, 62% used [0x0000000081c00000,0x0000000085150600,0x0000000087180000)
 Metaspace       used 20109K, capacity 20548K, committed 20736K, reserved 1067008K
  class space    used 2375K, capacity 2510K, committed 2560K, reserved 1048576K
Event: 20.376 GC heap after
Heap after GC invocations=13 (full 0):
 PSYoungGen      total 435712K, used 64K [0x00000000d5f00000, 0x00000000f2000000, 0x0000000100000000)
  eden space 411648K, 0% used [0x00000000d5f00000,0x00000000d5f00000,0x00000000ef100000)
  from space 24064K, 0% used [0x00000000ef100000,0x00000000ef110000,0x00000000f0880000)
  to   space 24064K, 0% used [0x00000000f0880000,0x00000000f0880000,0x00000000f2000000)
 ParOldGen       total 87552K, used 54601K [0x0000000081c00000, 0x0000000087180000, 0x00000000d5f00000)
  object space 87552K, 62% used [0x0000000081c00000,0x0000000085152600,0x0000000087180000)
 Metaspace       used 20109K, capacity 20548K, committed 20736K, reserved 1067008K
  class space    used 2375K, capacity 2510K, committed 2560K, reserved 1048576K
}
Event: 27.082 GC heap before
{Heap before GC invocations=14 (full 0):
 PSYoungGen      total 435712K, used 411712K [0x00000000d5f00000, 0x00000000f2000000, 0x0000000100000000)
  eden space 411648K, 100% used [0x00000000d5f00000,0x00000000ef100000,0x00000000ef100000)
  from space 24064K, 0% used [0x00000000ef100000,0x00000000ef110000,0x00000000f0880000)
  to   space 24064K, 0% used [0x00000000f0880000,0x00000000f0880000,0x00000000f2000000)
 ParOldGen       total 87552K, used 54601K [0x0000000081c00000, 0x0000000087180000, 0x00000000d5f00000)
  object space 87552K, 62% used [0x0000000081c00000,0x0000000085152600,0x0000000087180000)
 Metaspace       used 20112K, capacity 20548K, committed 20736K, reserved 1067008K
  class space    used 2375K, capacity 2510K, committed 2560K, reserved 1048576K
Event: 27.087 GC heap after
Heap after GC invocations=14 (full 0):
 PSYoungGen      total 435712K, used 9491K [0x00000000d5f00000, 0x00000000f2000000, 0x0000000100000000)
  eden space 411648K, 0% used [0x00000000d5f00000,0x00000000d5f00000,0x00000000ef100000)
  from space 24064K, 39% used [0x00000000f0880000,0x00000000f11c4da0,0x00000000f2000000)
  to   space 24064K, 0% used [0x00000000ef100000,0x00000000ef100000,0x00000000f0880000)
 ParOldGen       total 87552K, used 54617K [0x0000000081c00000, 0x0000000087180000, 0x00000000d5f00000)
  object space 87552K, 62% used [0x0000000081c00000,0x0000000085156600,0x0000000087180000)
 Metaspace       used 20112K, capacity 20548K, committed 20736K, reserved 1067008K
  class space    used 2375K, capacity 2510K, committed 2560K, reserved 1048576K
}
Event: 28.555 GC heap before
{Heap before GC invocations=15 (full 0):
 PSYoungGen      total 435712K, used 421139K [0x00000000d5f00000, 0x00000000f2000000, 0x0000000100000000)
  eden space 411648K, 100% used [0x00000000d5f00000,0x00000000ef100000,0x00000000ef100000)
  from space 24064K, 39% used [0x00000000f0880000,0x00000000f11c4da0,0x00000000f2000000)
  to   space 24064K, 0% used [0x00000000ef100000,0x00000000ef100000,0x00000000f0880000)
 ParOldGen       total 87552K, used 54617K [0x0000000081c00000, 0x0000000087180000, 0x00000000d5f00000)
  object space 87552K, 62% used [0x0000000081c00000,0x0000000085156600,0x0000000087180000)
 Metaspace       used 20122K, capacity 20548K, committed 20736K, reserved 1067008K
  class space    used 2375K, capacity 2510K, committed 2560K, reserved 1048576K
Event: 28.567 GC heap after
Heap after GC invocations=15 (full 0):
 PSYoungGen      total 435712K, used 11422K [0x00000000d5f00000, 0x00000000f2000000, 0x0000000100000000)
  eden space 411648K, 0% used [0x00000000d5f00000,0x00000000d5f00000,0x00000000ef100000)
  from space 24064K, 47% used [0x00000000ef100000,0x00000000efc27af8,0x00000000f0880000)
  to   space 24064K, 0% used [0x00000000f0880000,0x00000000f0880000,0x00000000f2000000)
 ParOldGen       total 87552K, used 54625K [0x0000000081c00000, 0x0000000087180000, 0x00000000d5f00000)
  object space 87552K, 62% used [0x0000000081c00000,0x0000000085158600,0x0000000087180000)
 Metaspace       used 20122K, capacity 20548K, committed 20736K, reserved 1067008K
  class space    used 2375K, capacity 2510K, committed 2560K, reserved 1048576K
}
Event: 35.859 GC heap before
{Heap before GC invocations=16 (full 0):
 PSYoungGen      total 435712K, used 423070K [0x00000000d5f00000, 0x00000000f2000000, 0x0000000100000000)
  eden space 411648K, 100% used [0x00000000d5f00000,0x00000000ef100000,0x00000000ef100000)
  from space 24064K, 47% used [0x00000000ef100000,0x00000000efc27af8,0x00000000f0880000)
  to   space 24064K, 0% used [0x00000000f0880000,0x00000000f0880000,0x00000000f2000000)
 ParOldGen       total 87552K, used 54625K [0x0000000081c00000, 0x0000000087180000, 0x00000000d5f00000)
  object space 87552K, 62% used [0x0000000081c00000,0x0000000085158600,0x0000000087180000)
 Metaspace       used 20124K, capacity 20548K, committed 20736K, reserved 1067008K
  class space    used 2376K, capacity 2510K, committed 2560K, reserved 1048576K
Event: 35.867 GC heap after
Heap after GC invocations=16 (full 0):
 PSYoungGen      total 435712K, used 12064K [0x00000000d5f00000, 0x00000000f2000000, 0x0000000100000000)
  eden space 411648K, 0% used [0x00000000d5f00000,0x00000000d5f00000,0x00000000ef100000)
  from space 24064K, 50% used [0x00000000f0880000,0x00000000f14481a8,0x00000000f2000000)
  to   space 24064K, 0% used [0x00000000ef100000,0x00000000ef100000,0x00000000f0880000)
 ParOldGen       total 87552K, used 54633K [0x0000000081c00000, 0x0000000087180000, 0x00000000d5f00000)
  object space 87552K, 62% used [0x0000000081c00000,0x000000008515a600,0x0000000087180000)
 Metaspace       used 20124K, capacity 20548K, committed 20736K, reserved 1067008K
  class space    used 2376K, capacity 2510K, committed 2560K, reserved 1048576K
}

Deoptimization events (10 events):
Event: 20.185 Thread 0x0000000019679000 Uncommon trap: reason=class_check action=maybe_recompile pc=0x0000000002bb488c method=java.lang.Character.isWhitespace(I)Z @ 5
Event: 20.185 Thread 0x0000000019679000 Uncommon trap: reason=class_check action=maybe_recompile pc=0x0000000002bc9cc4 method=java.lang.Character.isJavaIdentifierPart(I)Z @ 5
Event: 20.185 Thread 0x0000000019679000 Uncommon trap: reason=class_check action=maybe_recompile pc=0x0000000002bb488c method=java.lang.Character.isWhitespace(I)Z @ 5
Event: 20.185 Thread 0x0000000019679000 Uncommon trap: reason=class_check action=maybe_recompile pc=0x0000000002bc9cc4 method=java.lang.Character.isJavaIdentifierPart(I)Z @ 5
Event: 20.353 Thread 0x0000000019679000 Uncommon trap: reason=class_check action=maybe_recompile pc=0x0000000002da4b64 method=java.lang.Character.isWhitespace(I)Z @ 5
Event: 20.353 Thread 0x0000000019679000 Uncommon trap: reason=class_check action=maybe_recompile pc=0x0000000002bc658c method=java.lang.Character.isJavaIdentifierStart(I)Z @ 5
Event: 20.353 Thread 0x0000000019679000 Uncommon trap: reason=class_check action=maybe_recompile pc=0x0000000002bc9cc4 method=java.lang.Character.isJavaIdentifierPart(I)Z @ 5
Event: 20.454 Thread 0x0000000019679000 Uncommon trap: reason=class_check action=maybe_recompile pc=0x0000000002bc658c method=java.lang.Character.isJavaIdentifierStart(I)Z @ 5
Event: 20.455 Thread 0x0000000019679000 Uncommon trap: reason=class_check action=maybe_recompile pc=0x0000000002bc658c method=java.lang.Character.isJavaIdentifierStart(I)Z @ 5
Event: 27.191 Thread 0x0000000019679000 Uncommon trap: reason=unstable_if action=reinterpret pc=0x0000000002e98118 method=basepostgresluaxls.BasePostgresLuaXLS.insertRows(Ljava/lang/String;[Ljava/lang/String;Ljava/util/ArrayList;)V @ 517

Classes redefined (0 events):
No events

Internal exceptions (10 events):
Event: 0.093 Thread 0x000000000012f000 Exception <a 'java/security/PrivilegedActionException'> (0x00000000d60c2ad8) thrown at [C:\re\workspace\8-2-build-windows-amd64-cygwin\jdk8u191\11896\hotspot\src\share\vm\prims\jvm.cpp, line 1435]
Event: 0.093 Thread 0x000000000012f000 Exception <a 'java/security/PrivilegedActionException'> (0x00000000d60c2ce8) thrown at [C:\re\workspace\8-2-build-windows-amd64-cygwin\jdk8u191\11896\hotspot\src\share\vm\prims\jvm.cpp, line 1435]
Event: 0.096 Thread 0x000000000012f000 Exception <a 'java/io/FileNotFoundException'> (0x00000000d60cbd30) thrown at [C:\re\workspace\8-2-build-windows-amd64-cygwin\jdk8u191\11896\hotspot\src\share\vm\prims\jni.cpp, line 709]
Event: 0.118 Thread 0x000000000012f000 Exception <a 'java/lang/NoSuchFieldError': method resolution failed> (0x00000000d619c418) thrown at [C:\re\workspace\8-2-build-windows-amd64-cygwin\jdk8u191\11896\hotspot\src\share\vm\prims\methodHandles.cpp, line 1167]
Event: 0.119 Thread 0x000000000012f000 Exception <a 'java/lang/NoSuchFieldError': method resolution failed> (0x00000000d61a97e8) thrown at [C:\re\workspace\8-2-build-windows-amd64-cygwin\jdk8u191\11896\hotspot\src\share\vm\prims\methodHandles.cpp, line 1167]
Event: 0.167 Thread 0x000000000012f000 Exception <a 'java/io/FileNotFoundException'> (0x00000000d6346818) thrown at [C:\re\workspace\8-2-build-windows-amd64-cygwin\jdk8u191\11896\hotspot\src\share\vm\prims\jni.cpp, line 709]
Event: 0.330 Thread 0x000000000012f000 Implicit null exception at 0x000000000269dc16 to 0x000000000269dfb9
Event: 0.436 Thread 0x000000000012f000 Implicit null exception at 0x000000000269ced6 to 0x000000000269d271
Event: 7.637 Thread 0x000000001709a800 Exception <a 'java/net/SocketException': Socket closed> (0x00000000d63206e8) thrown at [C:\re\workspace\8-2-build-windows-amd64-cygwin\jdk8u191\11896\hotspot\src\share\vm\prims\jni.cpp, line 735]
Event: 7.905 Thread 0x0000000019679000 Implicit null exception at 0x000000000298cfff to 0x000000000298d421

Events (10 events):
Event: 35.867 Executing VM operation: RevokeBias
Event: 35.867 Executing VM operation: RevokeBias done
Event: 35.867 Executing VM operation: RevokeBias
Event: 35.867 Executing VM operation: RevokeBias done
Event: 35.867 Executing VM operation: RevokeBias
Event: 35.867 Executing VM operation: RevokeBias done
Event: 35.867 Executing VM operation: RevokeBias
Event: 35.867 Executing VM operation: RevokeBias done
Event: 35.867 Executing VM operation: RevokeBias
Event: 35.867 Executing VM operation: RevokeBias done


Dynamic libraries:
0x000000013faf0000 - 0x000000013fb27000 	C:\Program Files\Java\jdk1.8.0_191\bin\java.exe
0x0000000077c30000 - 0x0000000077dda000 	C:\Windows\SYSTEM32\ntdll.dll
0x0000000077b10000 - 0x0000000077c2f000 	C:\Windows\system32\kernel32.dll
0x000007fefdbf0000 - 0x000007fefdc5a000 	C:\Windows\system32\KERNELBASE.dll
0x000007fefe080000 - 0x000007fefe15b000 	C:\Windows\system32\ADVAPI32.dll
0x000007fefe7c0000 - 0x000007fefe85f000 	C:\Windows\system32\msvcrt.dll
0x000007feffa90000 - 0x000007feffaaf000 	C:\Windows\SYSTEM32\sechost.dll
0x000007fefe230000 - 0x000007fefe35d000 	C:\Windows\system32\RPCRT4.dll
0x0000000077a10000 - 0x0000000077b0a000 	C:\Windows\system32\USER32.dll
0x000007feffc60000 - 0x000007feffcc7000 	C:\Windows\system32\GDI32.dll
0x000007feffcd0000 - 0x000007feffcde000 	C:\Windows\system32\LPK.dll
0x000007fefe160000 - 0x000007fefe22b000 	C:\Windows\system32\USP10.dll
0x000007fefc5f0000 - 0x000007fefc7e4000 	C:\Windows\WinSxS\amd64_microsoft.windows.common-controls_6595b64144ccf1df_6.0.7601.18837_none_fa3b1e3d17594757\COMCTL32.dll
0x000007fefe730000 - 0x000007fefe7a1000 	C:\Windows\system32\SHLWAPI.dll
0x000007fefe700000 - 0x000007fefe72e000 	C:\Windows\system32\IMM32.DLL
0x000007feffb50000 - 0x000007feffc59000 	C:\Windows\system32\MSCTF.dll
0x000000006b2b0000 - 0x000000006b382000 	C:\Program Files\Java\jdk1.8.0_191\jre\bin\msvcr100.dll
0x00000000547f0000 - 0x0000000055094000 	C:\Program Files\Java\jdk1.8.0_191\jre\bin\server\jvm.dll
0x000007fef9290000 - 0x000007fef9299000 	C:\Windows\system32\WSOCK32.dll
0x000007fefe860000 - 0x000007fefe8ad000 	C:\Windows\system32\WS2_32.dll
0x000007fefe7b0000 - 0x000007fefe7b8000 	C:\Windows\system32\NSI.dll
0x000007fefb690000 - 0x000007fefb6cb000 	C:\Windows\system32\WINMM.dll
0x000007fefcc80000 - 0x000007fefcc8c000 	C:\Windows\system32\VERSION.dll
0x0000000077df0000 - 0x0000000077df7000 	C:\Windows\system32\PSAPI.DLL
0x000000006fbd0000 - 0x000000006fbdf000 	C:\Program Files\Java\jdk1.8.0_191\jre\bin\verify.dll
0x000000006fba0000 - 0x000000006fbc9000 	C:\Program Files\Java\jdk1.8.0_191\jre\bin\java.dll
0x000000006faa0000 - 0x000000006fab6000 	C:\Program Files\Java\jdk1.8.0_191\jre\bin\zip.dll
0x000007fefea40000 - 0x000007feff7cb000 	C:\Windows\system32\SHELL32.dll
0x000007feffd40000 - 0x000007fefff3c000 	C:\Windows\system32\ole32.dll
0x000007fefdb40000 - 0x000007fefdb4f000 	C:\Windows\system32\profapi.dll
0x000000005c720000 - 0x000000005c8b9000 	C:\Program Files\Java\jdk1.8.0_191\jre\bin\awt.dll
0x000007feff7d0000 - 0x000007feff8aa000 	C:\Windows\system32\OLEAUT32.dll
0x000007fefc590000 - 0x000007fefc5e6000 	C:\Windows\system32\uxtheme.dll
0x000007fefbdf0000 - 0x000007fefbe08000 	C:\Windows\system32\dwmapi.dll
0x000007fefda70000 - 0x000007fefda7f000 	C:\Windows\system32\CRYPTBASE.dll
0x000007fefd5e0000 - 0x000007fefd5f8000 	C:\Windows\system32\CRYPTSP.dll
0x000007fefd180000 - 0x000007fefd1c7000 	C:\Windows\system32\rsaenh.dll
0x000007fefce60000 - 0x000007fefce7e000 	C:\Windows\system32\USERENV.dll
0x000000006ede0000 - 0x000000006edfa000 	C:\Program Files\Java\jdk1.8.0_191\jre\bin\net.dll
0x000007fefd450000 - 0x000007fefd4a5000 	C:\Windows\system32\mswsock.dll
0x000007fefd550000 - 0x000007fefd557000 	C:\Windows\System32\wship6.dll
0x000007fefb260000 - 0x000007fefb287000 	C:\Windows\system32\IPHLPAPI.DLL
0x000007fefb250000 - 0x000007fefb25b000 	C:\Windows\system32\WINNSI.DLL
0x000007fefb0d0000 - 0x000007fefb0e1000 	C:\Windows\system32\dhcpcsvc6.DLL
0x000007fefb050000 - 0x000007fefb068000 	C:\Windows\system32\dhcpcsvc.DLL
0x000000006edc0000 - 0x000000006edd1000 	C:\Program Files\Java\jdk1.8.0_191\jre\bin\nio.dll
0x000007feed650000 - 0x000007feed76d000 	C:\Windows\system32\opengl32.dll
0x000007feee0c0000 - 0x000007feee0ed000 	C:\Windows\system32\GLU32.dll
0x000007feedbd0000 - 0x000007feedcc1000 	C:\Windows\system32\DDRAW.dll
0x000007fef3690000 - 0x000007fef3698000 	C:\Windows\system32\DCIMAN32.dll
0x000007feff8b0000 - 0x000007feffa87000 	C:\Windows\system32\SETUPAPI.dll
0x000007fefde90000 - 0x000007fefdec6000 	C:\Windows\system32\CFGMGR32.dll
0x000007fefde70000 - 0x000007fefde8a000 	C:\Windows\system32\DEVOBJ.dll
0x000000006ed70000 - 0x000000006edb7000 	C:\Program Files\Java\jdk1.8.0_191\jre\bin\fontmanager.dll
0x000007fefe5c0000 - 0x000007fefe659000 	C:\Windows\system32\CLBCatQ.DLL
0x000007fefbc80000 - 0x000007fefbde1000 	C:\Windows\system32\WindowsCodecs.dll
0x000007fefda10000 - 0x000007fefda67000 	C:\Windows\system32\apphelp.dll
0x000007fef3900000 - 0x000007fef3b3f000 	C:\Program Files\Microsoft Office 15\root\VFS\ProgramFilesX64\Microsoft Office\Office15\GROOVEEX.DLL
0x00000000614e0000 - 0x0000000061578000 	C:\Program Files\Microsoft Office 15\root\VFS\ProgramFilesX64\Microsoft Office\Office15\MSVCP100.dll
0x0000000069e30000 - 0x0000000069e5b000 	C:\Program Files\Microsoft Office 15\root\VFS\ProgramFilesX64\Microsoft Office\Office15\ATL100.DLL
0x000007fef3e50000 - 0x000007fef416e000 	C:\Windows\system32\msi.dll
0x000007fef04a0000 - 0x000007fef0d25000 	C:\Program Files\Microsoft Office 15\root\VFS\ProgramFilesX64\Microsoft Office\Office15\1049\GrooveIntlResource.dll
0x000007fef3e10000 - 0x000007fef3e45000 	C:\Windows\system32\EhStorShell.dll
0x000007fefc110000 - 0x000007fefc23c000 	C:\Windows\system32\PROPSYS.dll
0x000007fef3d90000 - 0x000007fef3e0e000 	C:\Windows\System32\cscui.dll
0x000007fef6c90000 - 0x000007fef6c9c000 	C:\Windows\System32\CSCDLL.dll
0x000007fef7650000 - 0x000007fef765f000 	C:\Windows\system32\CSCAPI.dll
0x000007fef3820000 - 0x000007fef38a0000 	C:\Windows\system32\ntshrui.dll
0x000007fefd680000 - 0x000007fefd6a3000 	C:\Windows\system32\srvcli.dll
0x000007fefb5d0000 - 0x000007fefb5db000 	C:\Windows\system32\slc.dll
0x000000006ed20000 - 0x000000006ed62000 	C:\Program Files\Java\jdk1.8.0_191\jre\bin\t2k.dll
0x000007fef6bf0000 - 0x000007fef6c90000 	C:\Windows\WinSxS\amd64_microsoft.windows.common-controls_6595b64144ccf1df_5.82.7601.18837_none_a4d981ff711297b6\comctl32.dll
0x000007fefbc40000 - 0x000007fefbc6d000 	C:\Windows\system32\ntmarta.dll
0x000007feffce0000 - 0x000007feffd32000 	C:\Windows\system32\WLDAP32.dll
0x000007fede2c0000 - 0x000007fede45c000 	C:\Windows\system32\NetworkExplorer.dll
0x000007fef3700000 - 0x000007fef3734000 	C:\Windows\System32\shdocvw.dll
0x000007fef8850000 - 0x000007fef8868000 	C:\Windows\system32\MPR.dll
0x000007fef92a0000 - 0x000007fef92aa000 	C:\Windows\System32\drprov.dll
0x000007fefcf70000 - 0x000007fefcfad000 	C:\Windows\System32\WINSTA.dll
0x000007fef7b20000 - 0x000007fef7b42000 	C:\Windows\System32\ntlanman.dll
0x000007fef75e0000 - 0x000007fef75fe000 	C:\Windows\System32\davclnt.dll
0x000007fef75d0000 - 0x000007fef75da000 	C:\Windows\System32\DAVHLPR.dll
0x000007fefb8d0000 - 0x000007fefb8e5000 	C:\Windows\system32\wkscli.dll
0x000007fefd0b0000 - 0x000007fefd0bc000 	C:\Windows\system32\netutils.dll
0x000007fee1010000 - 0x000007fee1281000 	C:\Windows\system32\wpdshext.dll
0x000007fefc370000 - 0x000007fefc587000 	C:\Windows\WinSxS\amd64_microsoft.windows.gdiplus_6595b64144ccf1df_1.1.7601.23807_none_14556b8e8b95d1fc\gdiplus.dll
0x000007fef7850000 - 0x000007fef790d000 	C:\Windows\system32\PortableDeviceApi.dll
0x000007fefded0000 - 0x000007fefdf0b000 	C:\Windows\system32\WINTRUST.dll
0x000007fefdc60000 - 0x000007fefddcd000 	C:\Windows\system32\CRYPT32.dll
0x000007fefdbe0000 - 0x000007fefdbef000 	C:\Windows\system32\MSASN1.dll
0x000007fef8700000 - 0x000007fef8727000 	C:\Windows\system32\EhStorAPI.dll
0x000007fef3d70000 - 0x000007fef3d7c000 	C:\Windows\system32\LINKINFO.dll

VM Arguments:
jvm_args: -Dfile.encoding=UTF-8 -Djava.library.path=C:\Users\admin\Downloads\luajava-1.1-win32-lua51 
java_command: basepostgresluaxls.Main
java_class_path (initial): C:\Users\Nazarov\Documents\NetBeansProjects\BasePostgresLuaXLS\lib\poi-bin-4.0.1-20181203\poi-4.0.1\lib\commons-codec-1.11.jar;C:\Users\Nazarov\Documents\NetBeansProjects\BasePostgresLuaXLS\lib\poi-bin-4.0.1-20181203\poi-4.0.1\lib\commons-collections4-4.2.jar;C:\Users\Nazarov\Documents\NetBeansProjects\BasePostgresLuaXLS\lib\luaj-3.0.1 (1)\luaj-3.0.1\lib\luaj-jse-3.0.1.jar;C:\Users\Nazarov\Documents\NetBeansProjects\BasePostgresLuaXLS\lib\postgresql-42.2.5.jar;C:\Users\Nazarov\Documents\NetBeansProjects\BasePostgresLuaXLS\lib\luajava-1.1-win32-lua51\luajava-1.1.jar;C:\Users\Nazarov\Documents\NetBeansProjects\BasePostgresLuaXLS\lib\poi-bin-4.0.1-20181203\poi-4.0.1\poi-4.0.1.jar;C:\Users\Nazarov\Downloads\junit-4.10.jar;C:\Users\Nazarov\Documents\NetBeansProjects\BasePostgresLuaXLS\build\classes
Launcher Type: SUN_STANDARD

Environment Variables:
PATH=C:\Program Files (x86)\Common Files\Oracle\Java\javapath;C:\Program Files (x86)\Intel\iCLS Client\;C:\Program Files\Intel\iCLS Client\;C:\Windows\system32;C:\Windows;C:\Windows\System32\Wbem;C:\Windows\System32\WindowsPowerShell\v1.0\;C:\Program Files (x86)\Intel\UCRT\;C:\Program Files\Intel\UCRT\;C:\Program Files (x86)\Intel\Intel(R) Management Engine Components\DAL;C:\Program Files\Intel\Intel(R) Management Engine Components\DAL;C:\Program Files (x86)\Intel\Intel(R) Management Engine Components\IPT;C:\Program Files\Intel\Intel(R) Management Engine Components\IPT;C:\Program Files\Windows Imaging\;C:\Program Files (x86)\STMicroelectronics\STM32 ST-LINK Utility\ST-LINK Utility;C:\Program Files (x86)\Common Files\Oracle\Java\javapath;C:\Program Files (x86)\Intel\iCLS Client\;C:\Program Files\Intel\iCLS Client\;C:\Windows\system32;C:\Windows;C:\Windows\System32\Wbem;C:\Windows\System32\WindowsPowerShell\v1.0\;C:\Program Files (x86)\Intel\UCRT\;C:\Program Files\Intel\UCRT\;C:\Program Files (x86)\Intel\Intel(R) Management Engine Components\DAL;C:\Program Files\Intel\Intel(R) Management Engine Components\DAL;C:\Program Files (x86)\Intel\Intel(R) Management Engine Components\IPT;C:\Program Files\Intel\Intel(R) Management Engine Components\IPT;C:\Users\Nazarov\AppData\Local\Programs\Git\cmd
USERNAME=nazarov
OS=Windows_NT
PROCESSOR_IDENTIFIER=Intel64 Family 6 Model 94 Stepping 3, GenuineIntel



---------------  S Y S T E M  ---------------

OS: Windows 7 , 64 bit Build 7601 (6.1.7601.23864)

CPU:total 4 (initial active 4) (2 cores per cpu, 2 threads per core) family 6 model 94 stepping 3, cmov, cx8, fxsr, mmx, sse, sse2, sse3, ssse3, sse4.1, sse4.2, popcnt, avx, avx2, aes, clmul, erms, 3dnowpref, lzcnt, ht, tsc, tscinvbit, bmi1, bmi2, adx

Memory: 4k page, physical 8273880k(1315976k free), swap 8272020k(5116k free)

vm_info: Java HotSpot(TM) 64-Bit Server VM (25.191-b12) for windows-amd64 JRE (1.8.0_191-b12), built on Oct  6 2018 09:29:03 by "java_re" with MS VC++ 10.0 (VS2010)

time: Mon Feb 17 10:08:58 2020
elapsed time: 37 seconds (0d 0h 0m 37s)

