#
# There is insufficient memory for the Java Runtime Environment to continue.
# Native memory allocation (malloc) failed to allocate 300016 bytes for Chunk::new
# Possible reasons:
#   The system is out of physical RAM or swap space
#   In 32 bit mode, the process size limit was hit
# Possible solutions:
#   Reduce memory load on the system
#   Increase physical memory or swap space
#   Check if swap backing store is full
#   Use 64 bit Java on a 64 bit OS
#   Decrease Java heap size (-Xmx/-Xms)
#   Decrease number of Java threads
#   Decrease Java thread stack sizes (-Xss)
#   Set larger code cache with -XX:ReservedCodeCacheSize=
# This output file may be truncated or incomplete.
#
#  Out of Memory Error (allocation.cpp:390), pid=8952, tid=0x0000000000002c14
#
# JRE version: Java(TM) SE Runtime Environment (8.0_191-b12) (build 1.8.0_191-b12)
# Java VM: Java HotSpot(TM) 64-Bit Server VM (25.191-b12 mixed mode windows-amd64 compressed oops)
# Failed to write core dump. Minidumps are not enabled by default on client versions of Windows
#

---------------  T H R E A D  ---------------

Current thread (0x0000000018a60000):  JavaThread "C2 CompilerThread0" daemon [_thread_in_native, id=11284, stack(0x0000000019500000,0x0000000019600000)]

Stack: [0x0000000019500000,0x0000000019600000]
[error occurred during error reporting (printing stack bounds), id 0xc0000005]

Native frames: (J=compiled Java code, j=interpreted, Vv=VM code, C=native code)


Current CompileTask:
C2:  34833 3641   !   4       sun.awt.PostEventQueue::flush (168 bytes)


---------------  P R O C E S S  ---------------

Java Threads: ( => current thread )
  0x000000001c773800 JavaThread "Генерация HMI" [_thread_blocked, id=4732, stack(0x0000000020090000,0x0000000020190000)]
  0x000000001c7af000 JavaThread "TimerQueue" daemon [_thread_blocked, id=3432, stack(0x000000001b5b0000,0x000000001b6b0000)]
  0x0000000019f7f000 JavaThread "org.netbeans.modules.debugger.jpda.visual AWT Access Loop" daemon [_thread_blocked, id=2612, stack(0x000000001ab70000,0x000000001ac70000)]
  0x00000000022a8000 JavaThread "DestroyJavaVM" [_thread_blocked, id=4964, stack(0x0000000002530000,0x0000000002630000)]
  0x0000000019f74800 JavaThread "AWT-EventQueue-0" [_thread_blocked, id=5488, stack(0x000000001a9c0000,0x000000001aac0000)]
  0x0000000019fba800 JavaThread "AWT-Windows" daemon [_thread_in_native, id=4048, stack(0x00000000192d0000,0x00000000193d0000)]
  0x0000000019fba000 JavaThread "AWT-Shutdown" [_thread_blocked, id=3004, stack(0x000000001a600000,0x000000001a700000)]
  0x0000000019fb8000 JavaThread "Java2D Disposer" daemon [_thread_blocked, id=4820, stack(0x0000000019840000,0x0000000019940000)]
  0x0000000018add800 JavaThread "Service Thread" daemon [_thread_blocked, id=2600, stack(0x0000000019b40000,0x0000000019c40000)]
  0x0000000018aae000 JavaThread "C1 CompilerThread2" daemon [_thread_blocked, id=4316, stack(0x0000000019970000,0x0000000019a70000)]
  0x0000000018aaa000 JavaThread "C2 CompilerThread1" daemon [_thread_in_native, id=12004, stack(0x0000000019700000,0x0000000019800000)]
=>0x0000000018a60000 JavaThread "C2 CompilerThread0" daemon [_thread_in_native, id=11284, stack(0x0000000019500000,0x0000000019600000)]
  0x0000000018a49000 JavaThread "JDWP Command Reader" daemon [_thread_in_native, id=2360, stack(0x0000000018e40000,0x0000000018f40000)]
  0x0000000018a48000 JavaThread "JDWP Event Helper Thread" daemon [_thread_blocked, id=3616, stack(0x0000000019400000,0x0000000019500000)]
  0x0000000018a42800 JavaThread "JDWP Transport Listener: dt_shmem" daemon [_thread_blocked, id=7448, stack(0x00000000191c0000,0x00000000192c0000)]
  0x0000000018a39800 JavaThread "Attach Listener" daemon [_thread_blocked, id=4076, stack(0x0000000018fc0000,0x00000000190c0000)]
  0x0000000017615000 JavaThread "Signal Dispatcher" daemon [_thread_blocked, id=5652, stack(0x0000000018760000,0x0000000018860000)]
  0x00000000175fb800 JavaThread "Finalizer" daemon [_thread_blocked, id=728, stack(0x0000000018930000,0x0000000018a30000)]
  0x00000000175f4800 JavaThread "Reference Handler" daemon [_thread_blocked, id=11840, stack(0x0000000018550000,0x0000000018650000)]

Other Threads:
  0x00000000175ad000 VMThread [stack: 0x0000000018660000,0x0000000018760000] [id=3024]
  0x0000000018afa000 WatcherThread [stack: 0x0000000019c90000,0x0000000019d90000] [id=3668]

VM state:not at safepoint (normal execution)

VM Mutex/Monitor currently owned by a thread: None

Heap:
 PSYoungGen      total 416768K, used 20772K [0x00000000d5f00000, 0x00000000f9c80000, 0x0000000100000000)
  eden space 377856K, 5% used [0x00000000d5f00000,0x00000000d72fe800,0x00000000ed000000)
  from space 38912K, 0% used [0x00000000ed000000,0x00000000ed04ab10,0x00000000ef600000)
  to   space 37888K, 0% used [0x00000000f7780000,0x00000000f7780000,0x00000000f9c80000)
 ParOldGen       total 175616K, used 84277K [0x0000000081c00000, 0x000000008c780000, 0x00000000d5f00000)
  object space 175616K, 47% used [0x0000000081c00000,0x0000000086e4d570,0x000000008c780000)
 Metaspace       used 23137K, capacity 23626K, committed 23936K, reserved 1071104K
  class space    used 2737K, capacity 2898K, committed 2944K, reserved 1048576K

Card table byte_map: [0x0000000011cc0000,0x00000000120c0000] byte_map_base: 0x00000000118b2000

Marking Bits: (ParMarkBitMap*) 0x0000000055e93e30
 Begin Bits: [0x0000000012900000, 0x0000000014890000)
 End Bits:   [0x0000000014890000, 0x0000000016820000)

Polling page: 0x00000000001c0000

CodeCache: size=245760Kb used=10796Kb max_used=10968Kb free=234963Kb
 bounds [0x0000000002900000, 0x00000000033d0000, 0x0000000011900000]
 total_blobs=3682 nmethods=3122 adapters=479
 compilation: enabled

Compilation events (10 events):
Event: 34.767 Thread 0x0000000018aae000 3640       1       com.sun.org.apache.xml.internal.serializer.CharInfo::isTextASCIIClean (7 bytes)
Event: 34.767 Thread 0x0000000018aae000 nmethod 3640 0x0000000002bd7390 code [0x0000000002bd74e0, 0x0000000002bd7610]
Event: 34.770 Thread 0x0000000018a60000 nmethod 3634 0x0000000002e44150 code [0x0000000002e44320, 0x0000000002e44d68]
Event: 34.770 Thread 0x0000000018a60000 3636       4       XMLTools.XMLSAX::insertChildNode (71 bytes)
Event: 34.778 Thread 0x0000000018a60000 nmethod 3636 0x00000000033be2d0 code [0x00000000033be480, 0x00000000033bed08]
Event: 34.778 Thread 0x0000000018a60000 3641   !   4       sun.awt.PostEventQueue::flush (168 bytes)
Event: 34.802 Thread 0x0000000018aae000 3642       3       com.sun.org.apache.xerces.internal.dom.DeferredDocumentImpl::getNodeObject (510 bytes)
Event: 34.805 Thread 0x0000000018aae000 nmethod 3642 0x0000000002a94c50 code [0x0000000002a95160, 0x0000000002a983e8]
Event: 34.805 Thread 0x0000000018aae000 3650       1       com.sun.org.apache.xerces.internal.dom.CDATASectionImpl::getNodeType (2 bytes)
Event: 34.805 Thread 0x0000000018aae000 nmethod 3650 0x0000000003087b50 code [0x0000000003087ca0, 0x0000000003087db0]

GC Heap History (10 events):
Event: 34.246 GC heap before
{Heap before GC invocations=14 (full 2):
 PSYoungGen      total 204800K, used 196064K [0x00000000d5f00000, 0x00000000e9b80000, 0x0000000100000000)
  eden space 196096K, 99% used [0x00000000d5f00000,0x00000000e1e78000,0x00000000e1e80000)
  from space 8704K, 0% used [0x00000000e1e80000,0x00000000e1e80000,0x00000000e2700000)
  to   space 9216K, 0% used [0x00000000e9280000,0x00000000e9280000,0x00000000e9b80000)
 ParOldGen       total 100352K, used 42480K [0x0000000081c00000, 0x0000000087e00000, 0x00000000d5f00000)
  object space 100352K, 42% used [0x0000000081c00000,0x000000008457c388,0x0000000087e00000)
 Metaspace       used 23090K, capacity 23594K, committed 23936K, reserved 1071104K
  class space    used 2733K, capacity 2866K, committed 2944K, reserved 1048576K
Event: 34.305 GC heap after
Heap after GC invocations=14 (full 2):
 PSYoungGen      total 284160K, used 9193K [0x00000000d5f00000, 0x00000000ed680000, 0x0000000100000000)
  eden space 274944K, 0% used [0x00000000d5f00000,0x00000000d5f00000,0x00000000e6b80000)
  from space 9216K, 99% used [0x00000000e9280000,0x00000000e9b7a418,0x00000000e9b80000)
  to   space 39936K, 0% used [0x00000000e6b80000,0x00000000e6b80000,0x00000000e9280000)
 ParOldGen       total 122880K, used 121910K [0x0000000081c00000, 0x0000000089400000, 0x00000000d5f00000)
  object space 122880K, 99% used [0x0000000081c00000,0x000000008930da28,0x0000000089400000)
 Metaspace       used 23090K, capacity 23594K, committed 23936K, reserved 1071104K
  class space    used 2733K, capacity 2866K, committed 2944K, reserved 1048576K
}
Event: 34.305 GC heap before
{Heap before GC invocations=15 (full 3):
 PSYoungGen      total 284160K, used 9193K [0x00000000d5f00000, 0x00000000ed680000, 0x0000000100000000)
  eden space 274944K, 0% used [0x00000000d5f00000,0x00000000d5f00000,0x00000000e6b80000)
  from space 9216K, 99% used [0x00000000e9280000,0x00000000e9b7a418,0x00000000e9b80000)
  to   space 39936K, 0% used [0x00000000e6b80000,0x00000000e6b80000,0x00000000e9280000)
 ParOldGen       total 122880K, used 121910K [0x0000000081c00000, 0x0000000089400000, 0x00000000d5f00000)
  object space 122880K, 99% used [0x0000000081c00000,0x000000008930da28,0x0000000089400000)
 Metaspace       used 23090K, capacity 23594K, committed 23936K, reserved 1071104K
  class space    used 2733K, capacity 2866K, committed 2944K, reserved 1048576K
Event: 34.486 GC heap after
Heap after GC invocations=15 (full 3):
 PSYoungGen      total 284160K, used 0K [0x00000000d5f00000, 0x00000000ed680000, 0x0000000100000000)
  eden space 274944K, 0% used [0x00000000d5f00000,0x00000000d5f00000,0x00000000e6b80000)
  from space 9216K, 0% used [0x00000000e9280000,0x00000000e9280000,0x00000000e9b80000)
  to   space 39936K, 0% used [0x00000000e6b80000,0x00000000e6b80000,0x00000000e9280000)
 ParOldGen       total 175616K, used 83739K [0x0000000081c00000, 0x000000008c780000, 0x00000000d5f00000)
  object space 175616K, 47% used [0x0000000081c00000,0x0000000086dc6d28,0x000000008c780000)
 Metaspace       used 23090K, capacity 23594K, committed 23936K, reserved 1071104K
  class space    used 2733K, capacity 2866K, committed 2944K, reserved 1048576K
}
Event: 34.571 GC heap before
{Heap before GC invocations=16 (full 3):
 PSYoungGen      total 284160K, used 274944K [0x00000000d5f00000, 0x00000000ed680000, 0x0000000100000000)
  eden space 274944K, 100% used [0x00000000d5f00000,0x00000000e6b80000,0x00000000e6b80000)
  from space 9216K, 0% used [0x00000000e9280000,0x00000000e9280000,0x00000000e9b80000)
  to   space 39936K, 0% used [0x00000000e6b80000,0x00000000e6b80000,0x00000000e9280000)
 ParOldGen       total 175616K, used 83739K [0x0000000081c00000, 0x000000008c780000, 0x00000000d5f00000)
  object space 175616K, 47% used [0x0000000081c00000,0x0000000086dc6d28,0x000000008c780000)
 Metaspace       used 23104K, capacity 23594K, committed 23936K, reserved 1071104K
  class space    used 2733K, capacity 2866K, committed 2944K, reserved 1048576K
Event: 34.573 GC heap after
Heap after GC invocations=16 (full 3):
 PSYoungGen      total 314880K, used 658K [0x00000000d5f00000, 0x00000000f1c80000, 0x0000000100000000)
  eden space 274944K, 0% used [0x00000000d5f00000,0x00000000d5f00000,0x00000000e6b80000)
  from space 39936K, 1% used [0x00000000e6b80000,0x00000000e6c24828,0x00000000e9280000)
  to   space 39424K, 0% used [0x00000000ef600000,0x00000000ef600000,0x00000000f1c80000)
 ParOldGen       total 175616K, used 83747K [0x0000000081c00000, 0x000000008c780000, 0x00000000d5f00000)
  object space 175616K, 47% used [0x0000000081c00000,0x0000000086dc8d28,0x000000008c780000)
 Metaspace       used 23104K, capacity 23594K, committed 23936K, reserved 1071104K
  class space    used 2733K, capacity 2866K, committed 2944K, reserved 1048576K
}
Event: 34.636 GC heap before
{Heap before GC invocations=17 (full 3):
 PSYoungGen      total 314880K, used 275573K [0x00000000d5f00000, 0x00000000f1c80000, 0x0000000100000000)
  eden space 274944K, 99% used [0x00000000d5f00000,0x00000000e6b78c68,0x00000000e6b80000)
  from space 39936K, 1% used [0x00000000e6b80000,0x00000000e6c24828,0x00000000e9280000)
  to   space 39424K, 0% used [0x00000000ef600000,0x00000000ef600000,0x00000000f1c80000)
 ParOldGen       total 175616K, used 83747K [0x0000000081c00000, 0x000000008c780000, 0x00000000d5f00000)
  object space 175616K, 47% used [0x0000000081c00000,0x0000000086dc8d28,0x000000008c780000)
 Metaspace       used 23104K, capacity 23594K, committed 23936K, reserved 1071104K
  class space    used 2733K, capacity 2866K, committed 2944K, reserved 1048576K
Event: 34.637 GC heap after
Heap after GC invocations=17 (full 3):
 PSYoungGen      total 416768K, used 244K [0x00000000d5f00000, 0x00000000f1c00000, 0x0000000100000000)
  eden space 377856K, 0% used [0x00000000d5f00000,0x00000000d5f00000,0x00000000ed000000)
  from space 38912K, 0% used [0x00000000ef600000,0x00000000ef63d300,0x00000000f1c00000)
  to   space 38912K, 0% used [0x00000000ed000000,0x00000000ed000000,0x00000000ef600000)
 ParOldGen       total 175616K, used 84277K [0x0000000081c00000, 0x000000008c780000, 0x00000000d5f00000)
  object space 175616K, 47% used [0x0000000081c00000,0x0000000086e4d570,0x000000008c780000)
 Metaspace       used 23104K, capacity 23594K, committed 23936K, reserved 1071104K
  class space    used 2733K, capacity 2866K, committed 2944K, reserved 1048576K
}
Event: 34.779 GC heap before
{Heap before GC invocations=18 (full 3):
 PSYoungGen      total 416768K, used 378100K [0x00000000d5f00000, 0x00000000f1c00000, 0x0000000100000000)
  eden space 377856K, 100% used [0x00000000d5f00000,0x00000000ed000000,0x00000000ed000000)
  from space 38912K, 0% used [0x00000000ef600000,0x00000000ef63d300,0x00000000f1c00000)
  to   space 38912K, 0% used [0x00000000ed000000,0x00000000ed000000,0x00000000ef600000)
 ParOldGen       total 175616K, used 84277K [0x0000000081c00000, 0x000000008c780000, 0x00000000d5f00000)
  object space 175616K, 47% used [0x0000000081c00000,0x0000000086e4d570,0x000000008c780000)
 Metaspace       used 23130K, capacity 23594K, committed 23936K, reserved 1071104K
  class space    used 2733K, capacity 2866K, committed 2944K, reserved 1048576K
Event: 34.781 GC heap after
Heap after GC invocations=18 (full 3):
 PSYoungGen      total 416768K, used 298K [0x00000000d5f00000, 0x00000000f9c80000, 0x0000000100000000)
  eden space 377856K, 0% used [0x00000000d5f00000,0x00000000d5f00000,0x00000000ed000000)
  from space 38912K, 0% used [0x00000000ed000000,0x00000000ed04ab10,0x00000000ef600000)
  to   space 37888K, 0% used [0x00000000f7780000,0x00000000f7780000,0x00000000f9c80000)
 ParOldGen       total 175616K, used 84277K [0x0000000081c00000, 0x000000008c780000, 0x00000000d5f00000)
  object space 175616K, 47% used [0x0000000081c00000,0x0000000086e4d570,0x000000008c780000)
 Metaspace       used 23130K, capacity 23594K, committed 23936K, reserved 1071104K
  class space    used 2733K, capacity 2866K, committed 2944K, reserved 1048576K
}

Deoptimization events (10 events):
Event: 28.965 Thread 0x000000001c773800 Uncommon trap: reason=unstable_if action=reinterpret pc=0x000000000334a37c method=com.sun.org.apache.xerces.internal.impl.XMLDocumentFragmentScannerImpl.scanDocument(Z)Z @ 315
Event: 29.051 Thread 0x000000001c773800 Uncommon trap: reason=unstable_if action=reinterpret pc=0x0000000002f320dc method=com.sun.org.apache.xerces.internal.dom.ElementImpl.getAttributes()Lorg/w3c/dom/NamedNodeMap; @ 4
Event: 34.221 Thread 0x000000001c773800 Uncommon trap: reason=unstable_if action=reinterpret pc=0x0000000002f4936c method=com.sun.org.apache.xml.internal.serializer.EncodingInfo$EncodingImpl.isInEncoding(C)Z @ 10
Event: 34.221 Thread 0x000000001c773800 Uncommon trap: reason=unstable_if action=reinterpret pc=0x0000000002e8b2f8 method=com.sun.org.apache.xml.internal.serializer.EncodingInfo$EncodingImpl.isInEncoding(C)Z @ 10
Event: 34.800 Thread 0x000000001c773800 Uncommon trap: reason=unstable_if action=reinterpret pc=0x00000000033501d0 method=com.sun.org.apache.xerces.internal.dom.DeferredDocumentImpl.getNodeObject(I)Lcom/sun/org/apache/xerces/internal/dom/DeferredNode; @ 39
Event: 34.802 Thread 0x000000001c773800 Uncommon trap: reason=bimorphic action=maybe_recompile pc=0x000000000309d538 method=XMLTools.XMLSAX.findNodeAtribute(Lorg/w3c/dom/Node;[Ljava/lang/String;)Lorg/w3c/dom/Node; @ 23
Event: 34.802 Thread 0x000000001c773800 Uncommon trap: reason=bimorphic action=maybe_recompile pc=0x000000000309d538 method=XMLTools.XMLSAX.findNodeAtribute(Lorg/w3c/dom/Node;[Ljava/lang/String;)Lorg/w3c/dom/Node; @ 23
Event: 34.802 Thread 0x000000001c773800 Uncommon trap: reason=bimorphic action=maybe_recompile pc=0x000000000309d538 method=XMLTools.XMLSAX.findNodeAtribute(Lorg/w3c/dom/Node;[Ljava/lang/String;)Lorg/w3c/dom/Node; @ 23
Event: 34.802 Thread 0x000000001c773800 Uncommon trap: reason=bimorphic action=maybe_recompile pc=0x000000000309d240 method=XMLTools.XMLSAX.findNodeAtribute(Lorg/w3c/dom/Node;[Ljava/lang/String;)Lorg/w3c/dom/Node; @ 23
Event: 34.802 Thread 0x000000001c773800 Uncommon trap: reason=bimorphic action=maybe_recompile pc=0x000000000309d65c method=XMLTools.XMLSAX.findNodeAtribute(Lorg/w3c/dom/Node;[Ljava/lang/String;)Lorg/w3c/dom/Node; @ 246

Classes redefined (0 events):
No events

Internal exceptions (10 events):
Event: 0.593 Thread 0x0000000019f74800 Exception <a 'java/io/FileNotFoundException'> (0x00000000d66c71f0) thrown at [C:\re\workspace\8-2-build-windows-amd64-cygwin\jdk8u191\11896\hotspot\src\share\vm\prims\jni.cpp, line 709]
Event: 0.735 Thread 0x0000000019f74800 Exception <a 'java/lang/NoSuchMethodError': java.lang.Object.lambda$comparing$77a9974f$1(Ljava/util/function/Function;Ljava/lang/Object;Ljava/lang/Object;)I> (0x00000000d6bb57a0) thrown at [C:\re\workspace\8-2-build-windows-amd64-cygwin\jdk8u191\11896\hot
Event: 0.736 Thread 0x0000000019f74800 Exception <a 'java/lang/NoSuchMethodError': java.lang.Object.lambda$maxBy$1(Ljava/util/Comparator;Ljava/lang/Object;Ljava/lang/Object;)Ljava/lang/Object;> (0x00000000d6bc1800) thrown at [C:\re\workspace\8-2-build-windows-amd64-cygwin\jdk8u191\11896\hotspo
Event: 11.437 Thread 0x00000000175fb800 Exception <a 'java/net/SocketException': Socket closed> (0x00000000d603f350) thrown at [C:\re\workspace\8-2-build-windows-amd64-cygwin\jdk8u191\11896\hotspot\src\share\vm\prims\jni.cpp, line 735]
Event: 14.337 Thread 0x000000001cc81800 Exception <a 'java/io/FileNotFoundException'> (0x00000000d6f39a28) thrown at [C:\re\workspace\8-2-build-windows-amd64-cygwin\jdk8u191\11896\hotspot\src\share\vm\prims\jni.cpp, line 709]
Event: 22.612 Thread 0x000000001c773800 Exception <a 'java/io/FileNotFoundException'> (0x00000000db498b70) thrown at [C:\re\workspace\8-2-build-windows-amd64-cygwin\jdk8u191\11896\hotspot\src\share\vm\prims\jni.cpp, line 709]
Event: 22.762 Thread 0x000000001c773800 Exception <a 'java/io/FileNotFoundException'> (0x00000000dcde2b78) thrown at [C:\re\workspace\8-2-build-windows-amd64-cygwin\jdk8u191\11896\hotspot\src\share\vm\prims\jni.cpp, line 709]
Event: 22.814 Thread 0x000000001c773800 Exception <a 'java/io/FileNotFoundException'> (0x00000000d72f2938) thrown at [C:\re\workspace\8-2-build-windows-amd64-cygwin\jdk8u191\11896\hotspot\src\share\vm\prims\jni.cpp, line 709]
Event: 22.849 Thread 0x000000001c773800 Exception <a 'java/io/FileNotFoundException'> (0x00000000d90521e0) thrown at [C:\re\workspace\8-2-build-windows-amd64-cygwin\jdk8u191\11896\hotspot\src\share\vm\prims\jni.cpp, line 709]
Event: 22.875 Thread 0x000000001c773800 Exception <a 'java/io/FileNotFoundException'> (0x00000000dacd81f8) thrown at [C:\re\workspace\8-2-build-windows-amd64-cygwin\jdk8u191\11896\hotspot\src\share\vm\prims\jni.cpp, line 709]

Events (10 events):
Event: 34.802 Thread 0x000000001c773800 DEOPT UNPACKING pc=0x000000000294583b sp=0x000000002018e7d8 mode 2
Event: 34.802 Thread 0x000000001c773800 Uncommon trap: trap_request=0xffffffc6 fr.pc=0x000000000309d538
Event: 34.802 Thread 0x000000001c773800 DEOPT PACKING pc=0x000000000309d538 sp=0x000000002018e8a0
Event: 34.802 Thread 0x000000001c773800 DEOPT UNPACKING pc=0x000000000294583b sp=0x000000002018e7d8 mode 2
Event: 34.802 Thread 0x000000001c773800 Uncommon trap: trap_request=0xffffffc6 fr.pc=0x000000000309d240
Event: 34.802 Thread 0x000000001c773800 DEOPT PACKING pc=0x000000000309d240 sp=0x000000002018e8a0
Event: 34.802 Thread 0x000000001c773800 DEOPT UNPACKING pc=0x000000000294583b sp=0x000000002018e8a0 mode 2
Event: 34.802 Thread 0x000000001c773800 Uncommon trap: trap_request=0xffffffc6 fr.pc=0x000000000309d65c
Event: 34.802 Thread 0x000000001c773800 DEOPT PACKING pc=0x000000000309d65c sp=0x000000002018e9a0
Event: 34.802 Thread 0x000000001c773800 DEOPT UNPACKING pc=0x000000000294583b sp=0x000000002018e8d8 mode 2


Dynamic libraries:
0x000000013f820000 - 0x000000013f857000 	C:\Program Files\Java\jdk1.8.0_191\jre\bin\java.exe
0x0000000077210000 - 0x00000000773af000 	C:\Windows\SYSTEM32\ntdll.dll
0x0000000076ff0000 - 0x000000007710f000 	C:\Windows\system32\kernel32.dll
0x000007fefd430000 - 0x000007fefd49a000 	C:\Windows\system32\KERNELBASE.dll
0x000007feff070000 - 0x000007feff14b000 	C:\Windows\system32\ADVAPI32.dll
0x000007fefd4e0000 - 0x000007fefd57f000 	C:\Windows\system32\msvcrt.dll
0x000007fefe040000 - 0x000007fefe05f000 	C:\Windows\SYSTEM32\sechost.dll
0x000007fefdb30000 - 0x000007fefdc5c000 	C:\Windows\system32\RPCRT4.dll
0x0000000077110000 - 0x000000007720a000 	C:\Windows\system32\USER32.dll
0x000007fefedf0000 - 0x000007fefee57000 	C:\Windows\system32\GDI32.dll
0x000007fefd580000 - 0x000007fefd58e000 	C:\Windows\system32\LPK.dll
0x000007fefd880000 - 0x000007fefd94b000 	C:\Windows\system32\USP10.dll
0x000007fefbb20000 - 0x000007fefbd14000 	C:\Windows\WinSxS\amd64_microsoft.windows.common-controls_6595b64144ccf1df_6.0.7601.18837_none_fa3b1e3d17594757\COMCTL32.dll
0x000007fefeff0000 - 0x000007feff061000 	C:\Windows\system32\SHLWAPI.dll
0x000007feff150000 - 0x000007feff17e000 	C:\Windows\system32\IMM32.DLL
0x000007fefeee0000 - 0x000007fefefe9000 	C:\Windows\system32\MSCTF.dll
0x0000000056f60000 - 0x0000000057032000 	C:\Program Files\Java\jdk1.8.0_191\jre\bin\msvcr100.dll
0x0000000055670000 - 0x0000000055f14000 	C:\Program Files\Java\jdk1.8.0_191\jre\bin\server\jvm.dll
0x000007fef8ee0000 - 0x000007fef8ee9000 	C:\Windows\system32\WSOCK32.dll
0x000007fefdc60000 - 0x000007fefdcad000 	C:\Windows\system32\WS2_32.dll
0x000007fefd610000 - 0x000007fefd618000 	C:\Windows\system32\NSI.dll
0x000007fefafb0000 - 0x000007fefafeb000 	C:\Windows\system32\WINMM.dll
0x000007fefc210000 - 0x000007fefc21c000 	C:\Windows\system32\VERSION.dll
0x00000000773c0000 - 0x00000000773c7000 	C:\Windows\system32\PSAPI.DLL
0x000000006a850000 - 0x000000006a85f000 	C:\Program Files\Java\jdk1.8.0_191\jre\bin\verify.dll
0x000000005c570000 - 0x000000005c599000 	C:\Program Files\Java\jdk1.8.0_191\jre\bin\java.dll
0x0000000057f90000 - 0x0000000057fc5000 	C:\Program Files\Java\jdk1.8.0_191\jre\bin\jdwp.dll
0x000000005c190000 - 0x000000005c198000 	C:\Program Files\Java\jdk1.8.0_191\jre\bin\npt.dll
0x000000006a5c0000 - 0x000000006a5d6000 	C:\Program Files\Java\jdk1.8.0_191\jre\bin\zip.dll
0x000007fefe060000 - 0x000007fefedeb000 	C:\Windows\system32\SHELL32.dll
0x000007fefdcb0000 - 0x000007fefdeac000 	C:\Windows\system32\ole32.dll
0x000007fefd0d0000 - 0x000007fefd0df000 	C:\Windows\system32\profapi.dll
0x000000006a580000 - 0x000000006a58b000 	C:\Program Files\Java\jdk1.8.0_191\jre\bin\dt_shmem.dll
0x0000000056780000 - 0x0000000056919000 	C:\Program Files\Java\jdk1.8.0_191\jre\bin\awt.dll
0x000007feff180000 - 0x000007feff25a000 	C:\Windows\system32\OLEAUT32.dll
0x000007fefbac0000 - 0x000007fefbb16000 	C:\Windows\system32\uxtheme.dll
0x000007fefb350000 - 0x000007fefb368000 	C:\Windows\system32\dwmapi.dll
0x000007fefd000000 - 0x000007fefd00f000 	C:\Windows\system32\CRYPTBASE.dll
0x000007feee4c0000 - 0x000007feee5dd000 	C:\Windows\system32\opengl32.dll
0x000007feee910000 - 0x000007feee93d000 	C:\Windows\system32\GLU32.dll
0x000007feee3c0000 - 0x000007feee4b1000 	C:\Windows\system32\DDRAW.dll
0x000007feee900000 - 0x000007feee908000 	C:\Windows\system32\DCIMAN32.dll
0x000007fefd950000 - 0x000007fefdb27000 	C:\Windows\system32\SETUPAPI.dll
0x000007fefd2f0000 - 0x000007fefd326000 	C:\Windows\system32\CFGMGR32.dll
0x000007fefd330000 - 0x000007fefd34a000 	C:\Windows\system32\DEVOBJ.dll
0x000000005c230000 - 0x000000005c24a000 	C:\Program Files\Java\jdk1.8.0_191\jre\bin\net.dll
0x000007fefc8e0000 - 0x000007fefc935000 	C:\Windows\system32\mswsock.dll
0x000007fefc8d0000 - 0x000007fefc8d7000 	C:\Windows\System32\wship6.dll
0x000007fefcac0000 - 0x000007fefcad8000 	C:\Windows\system32\CRYPTSP.dll
0x000007fefc600000 - 0x000007fefc647000 	C:\Windows\system32\rsaenh.dll
0x000007fefc3f0000 - 0x000007fefc40e000 	C:\Windows\system32\USERENV.dll
0x000007fefa950000 - 0x000007fefa977000 	C:\Windows\system32\IPHLPAPI.DLL
0x000007fefa920000 - 0x000007fefa92b000 	C:\Windows\system32\WINNSI.DLL
0x000007fefa560000 - 0x000007fefa571000 	C:\Windows\system32\dhcpcsvc6.DLL
0x000007fefa4e0000 - 0x000007fefa4f8000 	C:\Windows\system32\dhcpcsvc.DLL
0x000000005c210000 - 0x000000005c221000 	C:\Program Files\Java\jdk1.8.0_191\jre\bin\nio.dll
0x0000000058270000 - 0x0000000058294000 	C:\Program Files\Java\jdk1.8.0_191\jre\bin\sunec.dll
0x0000000057fd0000 - 0x0000000058017000 	C:\Program Files\Java\jdk1.8.0_191\jre\bin\fontmanager.dll
0x0000000058020000 - 0x0000000058062000 	C:\Program Files\Java\jdk1.8.0_191\jre\bin\t2k.dll
0x000007feff430000 - 0x000007feff4c9000 	C:\Windows\system32\CLBCatQ.DLL
0x000007fefb1e0000 - 0x000007fefb341000 	C:\Windows\system32\WindowsCodecs.dll
0x000007fefcfa0000 - 0x000007fefcff7000 	C:\Windows\system32\apphelp.dll
0x000007fef3af0000 - 0x000007fef3d04000 	C:\PROGRA~1\MICROS~2\Office16\GROOVEEX.DLL
0x000007fef9860000 - 0x000007fef9879000 	C:\Windows\system32\VCRUNTIME140.dll
0x000007fef9850000 - 0x000007fef9854000 	C:\Windows\system32\api-ms-win-crt-runtime-l1-1-0.dll
0x000007fedfe50000 - 0x000007fedff46000 	C:\Program Files\Java\jdk1.8.0_191\jre\bin\ucrtbase.DLL
0x000007fef9980000 - 0x000007fef9983000 	C:\Program Files\Java\jdk1.8.0_191\jre\bin\api-ms-win-core-timezone-l1-1-0.dll
0x000007fef9910000 - 0x000007fef9913000 	C:\Program Files\Java\jdk1.8.0_191\jre\bin\api-ms-win-core-file-l2-1-0.dll
0x000007fef9900000 - 0x000007fef9903000 	C:\Program Files\Java\jdk1.8.0_191\jre\bin\api-ms-win-core-localization-l1-2-0.dll
0x000007fef7fc0000 - 0x000007fef7fc3000 	C:\Program Files\Java\jdk1.8.0_191\jre\bin\api-ms-win-core-synch-l1-2-0.dll
0x000007fef7fb0000 - 0x000007fef7fb3000 	C:\Program Files\Java\jdk1.8.0_191\jre\bin\api-ms-win-core-processthreads-l1-1-1.dll
0x000007fef7f00000 - 0x000007fef7f03000 	C:\Program Files\Java\jdk1.8.0_191\jre\bin\api-ms-win-core-file-l1-2-0.dll
0x000007fef96e0000 - 0x000007fef96e3000 	C:\Windows\system32\api-ms-win-crt-heap-l1-1-0.dll
0x000007fef96d0000 - 0x000007fef96d4000 	C:\Windows\system32\api-ms-win-crt-string-l1-1-0.dll
0x000007fef96c0000 - 0x000007fef96c4000 	C:\Windows\system32\api-ms-win-crt-stdio-l1-1-0.dll
0x000007fef96b0000 - 0x000007fef96b4000 	C:\Windows\system32\api-ms-win-crt-convert-l1-1-0.dll
0x000007fef95b0000 - 0x000007fef9642000 	C:\Windows\system32\MSVCP140.dll
0x000007fef95a0000 - 0x000007fef95ac000 	C:\Windows\system32\VCRUNTIME140_1.dll
0x000007fef9590000 - 0x000007fef9593000 	C:\Windows\system32\api-ms-win-crt-locale-l1-1-0.dll
0x000007fef9660000 - 0x000007fef9663000 	C:\Windows\system32\api-ms-win-crt-filesystem-l1-1-0.dll
0x000007fef9690000 - 0x000007fef9693000 	C:\Windows\system32\api-ms-win-crt-time-l1-1-0.dll
0x000007fef96a0000 - 0x000007fef96a3000 	C:\Windows\system32\api-ms-win-crt-environment-l1-1-0.dll
0x000007fef9670000 - 0x000007fef9675000 	C:\Windows\system32\api-ms-win-crt-math-l1-1-0.dll
0x000007fef9680000 - 0x000007fef9683000 	C:\Windows\system32\api-ms-win-crt-utility-l1-1-0.dll
0x000007fef28f0000 - 0x000007fef2c0e000 	C:\Windows\system32\msi.dll
0x000007fef0ae0000 - 0x000007fef1366000 	C:\PROGRA~1\MICROS~2\Office16\1049\GrooveIntlResource.dll
0x000007fef4100000 - 0x000007fef4135000 	C:\Windows\system32\EhStorShell.dll
0x000007fefb670000 - 0x000007fefb79c000 	C:\Windows\system32\PROPSYS.dll
0x000007fef4080000 - 0x000007fef40fe000 	C:\Windows\System32\cscui.dll
0x000007fef4070000 - 0x000007fef407c000 	C:\Windows\System32\CSCDLL.dll
0x000007fef6600000 - 0x000007fef660f000 	C:\Windows\system32\CSCAPI.dll
0x000007fef3ff0000 - 0x000007fef4070000 	C:\Windows\system32\ntshrui.dll
0x000007fefcc10000 - 0x000007fefcc33000 	C:\Windows\system32\srvcli.dll
0x000007fefacb0000 - 0x000007fefacbb000 	C:\Windows\system32\slc.dll
0x000000005c1a0000 - 0x000000005c1ca000 	C:\Program Files\Java\jdk1.8.0_191\jre\bin\dcpr.dll

VM Arguments:
jvm_args: -Xdebug -Xrunjdwp:transport=dt_shmem,address=javadebug -Dfile.encoding=UTF-8 
java_command: Main.Main
java_class_path (initial): C:\Users\Nazarov\Documents\NetBeansProjects\ConfiguratorGrigoriy\lib\activation-1.1.1.jar;C:\Users\Nazarov\Documents\NetBeansProjects\ConfiguratorGrigoriy\lib\commons-codec-1.11.jar;C:\Users\Nazarov\Documents\NetBeansProjects\ConfiguratorGrigoriy\lib\commons-collections4-4.2.jar;C:\Users\Nazarov\Documents\NetBeansProjects\ConfiguratorGrigoriy\lib\junit-4.10.jar;C:\Users\Nazarov\Documents\NetBeansProjects\ConfiguratorGrigoriy\lib\junit-4.12.jar;C:\Users\Nazarov\Documents\NetBeansProjects\ConfiguratorGrigoriy\lib\luaj-jse-3.0.1.jar;C:\Users\Nazarov\Documents\NetBeansProjects\ConfiguratorGrigoriy\lib\luajava-1.1.jar;C:\Users\Nazarov\Documents\NetBeansProjects\ConfiguratorGrigoriy\lib\poi-4.0.1.jar;C:\Users\Nazarov\Documents\NetBeansProjects\ConfiguratorGrigoriy\lib\postgresql-42.2.5.jar;C:\Program Files\NetBeans 8.0\java\modules\ext\AbsoluteLayout.jar;C:\Users\Nazarov\Documents\NetBeansProjects\ConfiguratorGrigoriy\lib\commons-compress-1.18.jar;C:\Users\Nazarov\Documents\NetBeansProjects\ConfiguratorGrigoriy\lib\poi-ooxml-4.0.1.jar;C:\Users\Nazarov\Documents\NetBeansProjects\ConfiguratorGrigoriy\lib\poi-ooxml-schemas-4.0.1.jar;C:\Users\Nazarov\Documents\NetBeansProjects\ConfiguratorGrigoriy\lib\xmlbeans-3.0.2.jar;C:\Users\Nazarov\Documents\NetBeansProjects\ConfiguratorGrigoriy\build\classes
Launcher Type: SUN_STANDARD

Environment Variables:
PATH=C:\Program Files (x86)\Common Files\Oracle\Java\javapath;C:\Program Files (x86)\Intel\iCLS Client\;C:\Program Files\Intel\iCLS Client\;C:\Windows\system32;C:\Windows;C:\Windows\System32\Wbem;C:\Windows\System32\WindowsPowerShell\v1.0\;C:\Program Files (x86)\Intel\UCRT\;C:\Program Files\Intel\UCRT\;C:\Program Files (x86)\Intel\Intel(R) Management Engine Components\DAL;C:\Program Files\Intel\Intel(R) Management Engine Components\DAL;C:\Program Files (x86)\Intel\Intel(R) Management Engine Components\IPT;C:\Program Files\Intel\Intel(R) Management Engine Components\IPT;C:\Program Files\Windows Imaging\;C:\Program Files (x86)\STMicroelectronics\STM32 ST-LINK Utility\ST-LINK Utility;C:\adb;C:\Program Files\dotnet\;C:\Program Files (x86)\Common Files\Oracle\Java\javapath;C:\Program Files (x86)\Intel\iCLS Client\;C:\Program Files\Intel\iCLS Client\;C:\Windows\system32;C:\Windows;C:\Windows\System32\Wbem;C:\Windows\System32\WindowsPowerShell\v1.0\;C:\Program Files (x86)\Intel\UCRT\;C:\Program Files\Intel\UCRT\;C:\Program Files (x86)\Intel\Intel(R) Management Engine Components\DAL;C:\Program Files\Intel\Intel(R) Management Engine Components\DAL;C:\Program Files (x86)\Intel\Intel(R) Management Engine Components\IPT;C:\Program Files\Intel\Intel(R) Management Engine Components\IPT;C:\Users\Nazarov\AppData\Local\Programs\Git\cmd
USERNAME=nazarov
OS=Windows_NT
PROCESSOR_IDENTIFIER=Intel64 Family 6 Model 94 Stepping 3, GenuineIntel



---------------  S Y S T E M  ---------------

OS: Windows 7 , 64 bit Build 7601 (6.1.7601.24384)

CPU:total 4 (initial active 4) (2 cores per cpu, 2 threads per core) family 6 model 94 stepping 3, cmov, cx8, fxsr, mmx, sse, sse2, sse3, ssse3, sse4.1, sse4.2, popcnt, avx, avx2, aes, clmul, erms, 3dnowpref, lzcnt, ht, tsc, tscinvbit, bmi1, bmi2, adx

Memory: 4k page, physical 8273880k(334420k free), swap 8271976k(6400k free)

vm_info: Java HotSpot(TM) 64-Bit Server VM (25.191-b12) for windows-amd64 JRE (1.8.0_191-b12), built on Oct  6 2018 09:29:03 by "java_re" with MS VC++ 10.0 (VS2010)

time: Wed Apr 14 12:55:38 2021
elapsed time: 34 seconds (0d 0h 0m 34s)

