#
# There is insufficient memory for the Java Runtime Environment to continue.
# Native memory allocation (malloc) failed to allocate 1213536 bytes for Chunk::new
# Possible reasons:
#   The system is out of physical RAM or swap space
#   In 32 bit mode, the process size limit was hit
# Possible solutions:
#   Reduce memory load on the system
#   Increase physical memory or swap space
#   Check if swap backing store is full
#   Use 64 bit Java on a 64 bit OS
#   Decrease Java heap size (-Xmx/-Xms)
#   Decrease number of Java threads
#   Decrease Java thread stack sizes (-Xss)
#   Set larger code cache with -XX:ReservedCodeCacheSize=
# This output file may be truncated or incomplete.
#
#  Out of Memory Error (allocation.cpp:390), pid=4936, tid=0x00000000000018cc
#
# JRE version: Java(TM) SE Runtime Environment (8.0_191-b12) (build 1.8.0_191-b12)
# Java VM: Java HotSpot(TM) 64-Bit Server VM (25.191-b12 mixed mode windows-amd64 compressed oops)
# Failed to write core dump. Minidumps are not enabled by default on client versions of Windows
#

---------------  T H R E A D  ---------------

Current thread (0x000000005973f800):  JavaThread "C2 CompilerThread1" daemon [_thread_in_native, id=6348, stack(0x0000000059b90000,0x0000000059c90000)]

Stack: [0x0000000059b90000,0x0000000059c90000]
[error occurred during error reporting (printing stack bounds), id 0xc0000005]

Native frames: (J=compiled Java code, j=interpreted, Vv=VM code, C=native code)


Current CompileTask:
C2:  10966 2260   !   4       org.postgresql.core.v3.QueryExecutorImpl::processResults (2096 bytes)


---------------  P R O C E S S  ---------------

Java Threads: ( => current thread )
  0x000000005aa64000 JavaThread "TimerQueue" daemon [_thread_blocked, id=4432, stack(0x000000005bfa0000,0x000000005c0a0000)]
  0x00000000024af800 JavaThread "DestroyJavaVM" [_thread_blocked, id=7980, stack(0x0000000002730000,0x0000000002830000)]
  0x0000000059b01000 JavaThread "AWT-EventQueue-0" [_thread_in_native, id=2112, stack(0x000000005b530000,0x000000005b630000)]
  0x0000000059afc800 JavaThread "AWT-Windows" daemon [_thread_in_native, id=4308, stack(0x000000005b1d0000,0x000000005b2d0000)]
  0x0000000059afc000 JavaThread "AWT-Shutdown" [_thread_blocked, id=5472, stack(0x000000005b040000,0x000000005b140000)]
  0x0000000059af6800 JavaThread "Java2D Disposer" daemon [_thread_blocked, id=7748, stack(0x000000005aeb0000,0x000000005afb0000)]
  0x00000000597a2000 JavaThread "Service Thread" daemon [_thread_blocked, id=5220, stack(0x000000005a150000,0x000000005a250000)]
  0x0000000059748800 JavaThread "C1 CompilerThread2" daemon [_thread_blocked, id=7876, stack(0x0000000059f30000,0x000000005a030000)]
=>0x000000005973f800 JavaThread "C2 CompilerThread1" daemon [_thread_in_native, id=6348, stack(0x0000000059b90000,0x0000000059c90000)]
  0x000000005973b000 JavaThread "C2 CompilerThread0" daemon [_thread_blocked, id=6848, stack(0x0000000059dd0000,0x0000000059ed0000)]
  0x0000000059739000 JavaThread "Attach Listener" daemon [_thread_blocked, id=7040, stack(0x00000000593e0000,0x00000000594e0000)]
  0x0000000059738800 JavaThread "Signal Dispatcher" daemon [_thread_blocked, id=6404, stack(0x0000000059ca0000,0x0000000059da0000)]
  0x000000005832e800 JavaThread "Finalizer" daemon [_thread_blocked, id=5984, stack(0x0000000059630000,0x0000000059730000)]
  0x0000000058327800 JavaThread "Reference Handler" daemon [_thread_blocked, id=6900, stack(0x0000000059520000,0x0000000059620000)]

Other Threads:
  0x00000000582e0000 VMThread [stack: 0x00000000592c0000,0x00000000593c0000] [id=3956]
  0x00000000597c0000 WatcherThread [stack: 0x000000005a2a0000,0x000000005a3a0000] [id=1472]

VM state:not at safepoint (normal execution)

VM Mutex/Monitor currently owned by a thread: None

Heap:
 PSYoungGen      total 38400K, used 26336K [0x00000000d5f00000, 0x00000000d8980000, 0x0000000100000000)
  eden space 33280K, 63% used [0x00000000d5f00000,0x00000000d73bc490,0x00000000d7f80000)
  from space 5120K, 99% used [0x00000000d7f80000,0x00000000d847bc38,0x00000000d8480000)
  to   space 5120K, 0% used [0x00000000d8480000,0x00000000d8480000,0x00000000d8980000)
 ParOldGen       total 87552K, used 1650K [0x0000000081c00000, 0x0000000087180000, 0x00000000d5f00000)
  object space 87552K, 1% used [0x0000000081c00000,0x0000000081d9cb70,0x0000000087180000)
 Metaspace       used 20711K, capacity 21078K, committed 21296K, reserved 1069056K
  class space    used 2502K, capacity 2638K, committed 2688K, reserved 1048576K

Card table byte_map: [0x0000000011ec0000,0x00000000122c0000] byte_map_base: 0x0000000011ab2000

Marking Bits: (ParMarkBitMap*) 0x00000000580c3e30
 Begin Bits: [0x0000000012c40000, 0x0000000014bd0000)
 End Bits:   [0x0000000014bd0000, 0x0000000016b60000)

Polling page: 0x0000000000230000

CodeCache: size=245760Kb used=7456Kb max_used=7467Kb free=238303Kb
 bounds [0x0000000002b00000, 0x0000000003260000, 0x0000000011b00000]
 total_blobs=2819 nmethods=2261 adapters=469
 compilation: enabled

Compilation events (10 events):
Event: 10.560 Thread 0x000000005973b000 2258       4       java.util.regex.Pattern::newSlice (181 bytes)
Event: 10.564 Thread 0x000000005973b000 nmethod 2258 0x0000000003236a50 code [0x0000000003236be0, 0x0000000003237108]
Event: 10.593 Thread 0x000000005973f800 nmethod 2256 0x000000000324cd90 code [0x000000000324d280, 0x0000000003250c00]
Event: 10.632 Thread 0x000000005973b000 2259       4       java.util.regex.Pattern::atom (379 bytes)
Event: 10.642 Thread 0x000000005973b000 nmethod 2259 0x0000000003237850 code [0x0000000003237cc0, 0x0000000003238708]
Event: 10.815 Thread 0x000000005973f800 2260   !   4       org.postgresql.core.v3.QueryExecutorImpl::processResults (2096 bytes)
Event: 10.891 Thread 0x0000000059748800 2261       3       java.util.regex.Pattern$Curly::match0 (174 bytes)
Event: 10.892 Thread 0x0000000059748800 nmethod 2261 0x0000000003239610 code [0x0000000003239800, 0x000000000323a218]
Event: 10.964 Thread 0x000000005973b000 2262       4       org.postgresql.core.VisibleBufferedInputStream::skip (58 bytes)
Event: 10.964 Thread 0x000000005973b000 nmethod 2262 0x000000000321db10 code [0x000000000321dc40, 0x000000000321dcd8]

GC Heap History (2 events):
Event: 3.484 GC heap before
{Heap before GC invocations=1 (full 0):
 PSYoungGen      total 38400K, used 33280K [0x00000000d5f00000, 0x00000000d8980000, 0x0000000100000000)
  eden space 33280K, 100% used [0x00000000d5f00000,0x00000000d7f80000,0x00000000d7f80000)
  from space 5120K, 0% used [0x00000000d8480000,0x00000000d8480000,0x00000000d8980000)
  to   space 5120K, 0% used [0x00000000d7f80000,0x00000000d7f80000,0x00000000d8480000)
 ParOldGen       total 87552K, used 0K [0x0000000081c00000, 0x0000000087180000, 0x00000000d5f00000)
  object space 87552K, 0% used [0x0000000081c00000,0x0000000081c00000,0x0000000087180000)
 Metaspace       used 18534K, capacity 18880K, committed 19072K, reserved 1067008K
  class space    used 2254K, capacity 2379K, committed 2432K, reserved 1048576K
Event: 3.491 GC heap after
Heap after GC invocations=1 (full 0):
 PSYoungGen      total 38400K, used 5103K [0x00000000d5f00000, 0x00000000d8980000, 0x0000000100000000)
  eden space 33280K, 0% used [0x00000000d5f00000,0x00000000d5f00000,0x00000000d7f80000)
  from space 5120K, 99% used [0x00000000d7f80000,0x00000000d847bc38,0x00000000d8480000)
  to   space 5120K, 0% used [0x00000000d8480000,0x00000000d8480000,0x00000000d8980000)
 ParOldGen       total 87552K, used 1650K [0x0000000081c00000, 0x0000000087180000, 0x00000000d5f00000)
  object space 87552K, 1% used [0x0000000081c00000,0x0000000081d9cb70,0x0000000087180000)
 Metaspace       used 18534K, capacity 18880K, committed 19072K, reserved 1067008K
  class space    used 2254K, capacity 2379K, committed 2432K, reserved 1048576K
}

Deoptimization events (10 events):
Event: 4.425 Thread 0x0000000059b01000 Uncommon trap: reason=unstable_if action=reinterpret pc=0x000000000308c278 method=org.postgresql.core.Parser.parseJdbcSql(Ljava/lang/String;ZZZZ[Ljava/lang/String;)Ljava/util/List; @ 1099
Event: 4.432 Thread 0x0000000059b01000 Uncommon trap: reason=unstable_if action=reinterpret pc=0x000000000306938c method=org.postgresql.core.Parser.parseSql([CILjava/lang/StringBuilder;ZZ)I @ 184
Event: 9.994 Thread 0x0000000059b01000 Uncommon trap: reason=unstable_if action=reinterpret pc=0x00000000030961a8 method=java.lang.Integer.parseInt(Ljava/lang/String;I)I @ 122
Event: 9.999 Thread 0x0000000059b01000 Uncommon trap: reason=class_check action=maybe_recompile pc=0x0000000002f64690 method=sun.security.provider.DigestBase.engineDigest([BII)I @ 97
Event: 9.999 Thread 0x0000000059b01000 Uncommon trap: reason=class_check action=maybe_recompile pc=0x0000000002f64690 method=sun.security.provider.DigestBase.engineDigest([BII)I @ 97
Event: 9.999 Thread 0x0000000059b01000 Uncommon trap: reason=class_check action=maybe_recompile pc=0x0000000002f64690 method=sun.security.provider.DigestBase.engineDigest([BII)I @ 97
Event: 9.999 Thread 0x0000000059b01000 Uncommon trap: reason=class_check action=maybe_recompile pc=0x0000000002f64690 method=sun.security.provider.DigestBase.engineDigest([BII)I @ 97
Event: 10.010 Thread 0x0000000059b01000 Uncommon trap: reason=unstable_if action=reinterpret pc=0x0000000002e53be0 method=java.lang.CharacterDataLatin1.digit(II)I @ 60
Event: 10.012 Thread 0x0000000059b01000 Uncommon trap: reason=unstable_if action=reinterpret pc=0x0000000002fbc50c method=java.util.logging.Logger.isLoggable(Ljava/util/logging/Level;)Z @ 8
Event: 10.034 Thread 0x0000000059b01000 Uncommon trap: reason=unstable_if action=reinterpret pc=0x0000000003072cb8 method=org.postgresql.core.Parser.parseJdbcSql(Ljava/lang/String;ZZZZ[Ljava/lang/String;)Ljava/util/List; @ 1099

Classes redefined (0 events):
No events

Internal exceptions (10 events):
Event: 0.085 Thread 0x00000000024af800 Exception <a 'java/security/PrivilegedActionException'> (0x00000000d608a240) thrown at [C:\re\workspace\8-2-build-windows-amd64-cygwin\jdk8u191\11896\hotspot\src\share\vm\prims\jvm.cpp, line 1435]
Event: 0.085 Thread 0x00000000024af800 Exception <a 'java/security/PrivilegedActionException'> (0x00000000d608e228) thrown at [C:\re\workspace\8-2-build-windows-amd64-cygwin\jdk8u191\11896\hotspot\src\share\vm\prims\jvm.cpp, line 1435]
Event: 0.085 Thread 0x00000000024af800 Exception <a 'java/security/PrivilegedActionException'> (0x00000000d608e438) thrown at [C:\re\workspace\8-2-build-windows-amd64-cygwin\jdk8u191\11896\hotspot\src\share\vm\prims\jvm.cpp, line 1435]
Event: 0.182 Thread 0x00000000024af800 Exception <a 'java/io/FileNotFoundException'> (0x00000000d6423d40) thrown at [C:\re\workspace\8-2-build-windows-amd64-cygwin\jdk8u191\11896\hotspot\src\share\vm\prims\jni.cpp, line 709]
Event: 0.215 Thread 0x00000000024af800 Exception <a 'java/lang/NoSuchFieldError': method resolution failed> (0x00000000d64f4540) thrown at [C:\re\workspace\8-2-build-windows-amd64-cygwin\jdk8u191\11896\hotspot\src\share\vm\prims\methodHandles.cpp, line 1167]
Event: 0.217 Thread 0x00000000024af800 Exception <a 'java/lang/NoSuchFieldError': method resolution failed> (0x00000000d65018b0) thrown at [C:\re\workspace\8-2-build-windows-amd64-cygwin\jdk8u191\11896\hotspot\src\share\vm\prims\methodHandles.cpp, line 1167]
Event: 0.275 Thread 0x0000000059b01000 Exception <a 'java/io/FileNotFoundException'> (0x00000000d672c530) thrown at [C:\re\workspace\8-2-build-windows-amd64-cygwin\jdk8u191\11896\hotspot\src\share\vm\prims\jni.cpp, line 709]
Event: 0.300 Thread 0x0000000059b01000 Implicit null exception at 0x0000000002cf3646 to 0x0000000002cf39dd
Event: 2.760 Thread 0x0000000059b01000 Exception <a 'java/lang/NoSuchMethodError': java.lang.Object.lambda$comparing$77a9974f$1(Ljava/util/function/Function;Ljava/lang/Object;Ljava/lang/Object;)I> (0x00000000d6cbb540) thrown at [C:\re\workspace\8-2-build-windows-amd64-cygwin\jdk8u191\11896\hot
Event: 2.762 Thread 0x0000000059b01000 Exception <a 'java/lang/NoSuchMethodError': java.lang.Object.lambda$maxBy$1(Ljava/util/Comparator;Ljava/lang/Object;Ljava/lang/Object;)Ljava/lang/Object;> (0x00000000d6cc75a0) thrown at [C:\re\workspace\8-2-build-windows-amd64-cygwin\jdk8u191\11896\hotspo

Events (10 events):
Event: 10.303 Thread 0x0000000059b01000 DEOPT PACKING pc=0x000000000323283a sp=0x000000005b62c540
Event: 10.303 Thread 0x0000000059b01000 DEOPT UNPACKING pc=0x0000000002b47890 sp=0x000000005b62c360 mode 0
Event: 10.356 Thread 0x0000000059b01000 DEOPT PACKING pc=0x000000000323283a sp=0x000000005b62c540
Event: 10.356 Thread 0x0000000059b01000 DEOPT UNPACKING pc=0x0000000002b47890 sp=0x000000005b62c360 mode 0
Event: 10.480 Thread 0x0000000059b01000 DEOPT PACKING pc=0x000000000322a4f8 sp=0x000000005b62c500
Event: 10.480 Thread 0x0000000059b01000 DEOPT UNPACKING pc=0x0000000002b47890 sp=0x000000005b62c420 mode 0
Event: 10.529 Thread 0x0000000059b01000 DEOPT PACKING pc=0x000000000322a4f8 sp=0x000000005b62c500
Event: 10.529 Thread 0x0000000059b01000 DEOPT UNPACKING pc=0x0000000002b47890 sp=0x000000005b62c420 mode 0
Event: 10.585 Thread 0x0000000059b01000 DEOPT PACKING pc=0x000000000322a4f8 sp=0x000000005b62c500
Event: 10.585 Thread 0x0000000059b01000 DEOPT UNPACKING pc=0x0000000002b47890 sp=0x000000005b62c420 mode 0


Dynamic libraries:
0x000000013f420000 - 0x000000013f457000 	C:\Program Files\Java\jdk1.8.0_191\jre\bin\java.exe
0x0000000077c40000 - 0x0000000077ddf000 	C:\Windows\SYSTEM32\ntdll.dll
0x0000000077a20000 - 0x0000000077b3f000 	C:\Windows\system32\kernel32.dll
0x000007fefde60000 - 0x000007fefdeca000 	C:\Windows\system32\KERNELBASE.dll
0x000007feffcb0000 - 0x000007feffd8b000 	C:\Windows\system32\ADVAPI32.dll
0x000007feffe60000 - 0x000007feffeff000 	C:\Windows\system32\msvcrt.dll
0x000007feffa40000 - 0x000007feffa5f000 	C:\Windows\SYSTEM32\sechost.dll
0x000007feff8d0000 - 0x000007feff9fc000 	C:\Windows\system32\RPCRT4.dll
0x0000000077b40000 - 0x0000000077c3a000 	C:\Windows\system32\USER32.dll
0x000007feffc40000 - 0x000007feffca7000 	C:\Windows\system32\GDI32.dll
0x000007feffa20000 - 0x000007feffa2e000 	C:\Windows\system32\LPK.dll
0x000007feffd90000 - 0x000007feffe5b000 	C:\Windows\system32\USP10.dll
0x000007fefc580000 - 0x000007fefc774000 	C:\Windows\WinSxS\amd64_microsoft.windows.common-controls_6595b64144ccf1df_6.0.7601.18837_none_fa3b1e3d17594757\COMCTL32.dll
0x000007feffb40000 - 0x000007feffbb1000 	C:\Windows\system32\SHLWAPI.dll
0x000007fefed40000 - 0x000007fefed6e000 	C:\Windows\system32\IMM32.DLL
0x000007feff5d0000 - 0x000007feff6d9000 	C:\Windows\system32\MSCTF.dll
0x00000000586b0000 - 0x0000000058782000 	C:\Program Files\Java\jdk1.8.0_191\jre\bin\msvcr100.dll
0x00000000578a0000 - 0x0000000058144000 	C:\Program Files\Java\jdk1.8.0_191\jre\bin\server\jvm.dll
0x000007fef98b0000 - 0x000007fef98b9000 	C:\Windows\system32\WSOCK32.dll
0x000007fefed70000 - 0x000007fefedbd000 	C:\Windows\system32\WS2_32.dll
0x000007feffa30000 - 0x000007feffa38000 	C:\Windows\system32\NSI.dll
0x000007fefb9b0000 - 0x000007fefb9eb000 	C:\Windows\system32\WINMM.dll
0x000007fefcc40000 - 0x000007fefcc4c000 	C:\Windows\system32\VERSION.dll
0x0000000077de0000 - 0x0000000077de7000 	C:\Windows\system32\PSAPI.DLL
0x000000006e8c0000 - 0x000000006e8cf000 	C:\Program Files\Java\jdk1.8.0_191\jre\bin\verify.dll
0x0000000058f90000 - 0x0000000058fb9000 	C:\Program Files\Java\jdk1.8.0_191\jre\bin\java.dll
0x0000000058e40000 - 0x0000000058e56000 	C:\Program Files\Java\jdk1.8.0_191\jre\bin\zip.dll
0x000007fefdfb0000 - 0x000007fefed3b000 	C:\Windows\system32\SHELL32.dll
0x000007feff3d0000 - 0x000007feff5cc000 	C:\Windows\system32\ole32.dll
0x000007fefdb00000 - 0x000007fefdb0f000 	C:\Windows\system32\profapi.dll
0x000000005aba0000 - 0x000000005ad39000 	C:\Program Files\Java\jdk1.8.0_191\jre\bin\awt.dll
0x000007feffa60000 - 0x000007feffb3a000 	C:\Windows\system32\OLEAUT32.dll
0x000007fefc520000 - 0x000007fefc576000 	C:\Windows\system32\uxtheme.dll
0x000007fefbde0000 - 0x000007fefbdf8000 	C:\Windows\system32\dwmapi.dll
0x000007fefda30000 - 0x000007fefda3f000 	C:\Windows\system32\CRYPTBASE.dll
0x000007feee740000 - 0x000007feee85d000 	C:\Windows\system32\opengl32.dll
0x000007fef73a0000 - 0x000007fef73cd000 	C:\Windows\system32\GLU32.dll
0x000007feee8b0000 - 0x000007feee9a1000 	C:\Windows\system32\DDRAW.dll
0x000007feeec10000 - 0x000007feeec18000 	C:\Windows\system32\DCIMAN32.dll
0x000007fefeef0000 - 0x000007feff0c7000 	C:\Windows\system32\SETUPAPI.dll
0x000007fefdc50000 - 0x000007fefdc86000 	C:\Windows\system32\CFGMGR32.dll
0x000007fefde40000 - 0x000007fefde5a000 	C:\Windows\system32\DEVOBJ.dll
0x00000000024b0000 - 0x00000000024f7000 	C:\Program Files\Java\jdk1.8.0_191\jre\bin\fontmanager.dll
0x0000000058e20000 - 0x0000000058e3a000 	C:\Program Files\Java\jdk1.8.0_191\jre\bin\net.dll
0x000007fefd310000 - 0x000007fefd365000 	C:\Windows\system32\mswsock.dll
0x000007fefd300000 - 0x000007fefd307000 	C:\Windows\System32\wship6.dll
0x0000000001db0000 - 0x0000000001dc1000 	C:\Program Files\Java\jdk1.8.0_191\jre\bin\nio.dll
0x0000000002500000 - 0x0000000002542000 	C:\Program Files\Java\jdk1.8.0_191\jre\bin\t2k.dll
0x000007fefd370000 - 0x000007fefd388000 	C:\Windows\system32\CRYPTSP.dll
0x000007fefd070000 - 0x000007fefd0b7000 	C:\Windows\system32\rsaenh.dll
0x000007fefce20000 - 0x000007fefce3e000 	C:\Windows\system32\USERENV.dll
0x000007fefb3b0000 - 0x000007fefb3d7000 	C:\Windows\system32\IPHLPAPI.DLL
0x000007fefb3a0000 - 0x000007fefb3ab000 	C:\Windows\system32\WINNSI.DLL
0x000007fefb0c0000 - 0x000007fefb0d1000 	C:\Windows\system32\dhcpcsvc6.DLL
0x000007fefafe0000 - 0x000007fefaff8000 	C:\Windows\system32\dhcpcsvc.DLL
0x0000000002550000 - 0x0000000002574000 	C:\Program Files\Java\jdk1.8.0_191\jre\bin\sunec.dll
0x000007fefdf10000 - 0x000007fefdfa9000 	C:\Windows\system32\CLBCatQ.DLL
0x000007fefbb70000 - 0x000007fefbcd1000 	C:\Windows\system32\WindowsCodecs.dll
0x000007fefd9d0000 - 0x000007fefda27000 	C:\Windows\system32\apphelp.dll
0x000007fef46b0000 - 0x000007fef48c4000 	C:\PROGRA~1\MICROS~2\Office16\GROOVEEX.DLL
0x000007fefa1f0000 - 0x000007fefa209000 	C:\Windows\system32\VCRUNTIME140.dll
0x000007fefa4c0000 - 0x000007fefa4c4000 	C:\Windows\system32\api-ms-win-crt-runtime-l1-1-0.dll
0x000007fedeff0000 - 0x000007fedf0e6000 	C:\Program Files\Java\jdk1.8.0_191\jre\bin\ucrtbase.DLL
0x000007fef8740000 - 0x000007fef8743000 	C:\Program Files\Java\jdk1.8.0_191\jre\bin\api-ms-win-core-timezone-l1-1-0.dll
0x000007fef8730000 - 0x000007fef8733000 	C:\Program Files\Java\jdk1.8.0_191\jre\bin\api-ms-win-core-file-l2-1-0.dll
0x000007fef8610000 - 0x000007fef8613000 	C:\Program Files\Java\jdk1.8.0_191\jre\bin\api-ms-win-core-localization-l1-2-0.dll
0x000007fef8380000 - 0x000007fef8383000 	C:\Program Files\Java\jdk1.8.0_191\jre\bin\api-ms-win-core-synch-l1-2-0.dll
0x000007fef79f0000 - 0x000007fef79f3000 	C:\Program Files\Java\jdk1.8.0_191\jre\bin\api-ms-win-core-processthreads-l1-1-1.dll
0x000007fef71c0000 - 0x000007fef71c3000 	C:\Program Files\Java\jdk1.8.0_191\jre\bin\api-ms-win-core-file-l1-2-0.dll
0x000007fefa080000 - 0x000007fefa083000 	C:\Windows\system32\api-ms-win-crt-heap-l1-1-0.dll
0x000007fefa070000 - 0x000007fefa074000 	C:\Windows\system32\api-ms-win-crt-string-l1-1-0.dll
0x000007fefa060000 - 0x000007fefa064000 	C:\Windows\system32\api-ms-win-crt-stdio-l1-1-0.dll
0x000007fefa050000 - 0x000007fefa054000 	C:\Windows\system32\api-ms-win-crt-convert-l1-1-0.dll
0x000007fef9f50000 - 0x000007fef9fe2000 	C:\Windows\system32\MSVCP140.dll
0x000007fef9f40000 - 0x000007fef9f4c000 	C:\Windows\system32\VCRUNTIME140_1.dll
0x000007fef9f30000 - 0x000007fef9f33000 	C:\Windows\system32\api-ms-win-crt-locale-l1-1-0.dll
0x000007fefa000000 - 0x000007fefa003000 	C:\Windows\system32\api-ms-win-crt-filesystem-l1-1-0.dll
0x000007fefa030000 - 0x000007fefa033000 	C:\Windows\system32\api-ms-win-crt-time-l1-1-0.dll
0x000007fefa040000 - 0x000007fefa043000 	C:\Windows\system32\api-ms-win-crt-environment-l1-1-0.dll
0x000007fefa010000 - 0x000007fefa015000 	C:\Windows\system32\api-ms-win-crt-math-l1-1-0.dll
0x000007fefa020000 - 0x000007fefa023000 	C:\Windows\system32\api-ms-win-crt-utility-l1-1-0.dll
0x000007fef4390000 - 0x000007fef46ae000 	C:\Windows\system32\msi.dll
0x000007fef2a60000 - 0x000007fef32e6000 	C:\PROGRA~1\MICROS~2\Office16\1049\GrooveIntlResource.dll
0x000007fef5e30000 - 0x000007fef5e65000 	C:\Windows\system32\EhStorShell.dll
0x000007fefc0a0000 - 0x000007fefc1cc000 	C:\Windows\system32\PROPSYS.dll
0x000007fef5db0000 - 0x000007fef5e2e000 	C:\Windows\System32\cscui.dll
0x000007fef5da0000 - 0x000007fef5dac000 	C:\Windows\System32\CSCDLL.dll
0x000007fef73d0000 - 0x000007fef73df000 	C:\Windows\system32\CSCAPI.dll
0x000007fef4bc0000 - 0x000007fef4c40000 	C:\Windows\system32\ntshrui.dll
0x000007fefd5d0000 - 0x000007fefd5f3000 	C:\Windows\system32\srvcli.dll
0x000007fefb700000 - 0x000007fefb70b000 	C:\Windows\system32\slc.dll

VM Arguments:
jvm_args: -Dfile.encoding=UTF-8 
java_command: Main.Main
java_class_path (initial): C:\Users\Nazarov\Documents\NetBeansProjects\ConfiguratorGrigoriy\lib\activation-1.1.1.jar;C:\Users\Nazarov\Documents\NetBeansProjects\ConfiguratorGrigoriy\lib\commons-codec-1.11.jar;C:\Users\Nazarov\Documents\NetBeansProjects\ConfiguratorGrigoriy\lib\commons-collections4-4.2.jar;C:\Users\Nazarov\Documents\NetBeansProjects\ConfiguratorGrigoriy\lib\junit-4.10.jar;C:\Users\Nazarov\Documents\NetBeansProjects\ConfiguratorGrigoriy\lib\junit-4.12.jar;C:\Users\Nazarov\Documents\NetBeansProjects\ConfiguratorGrigoriy\lib\luaj-jse-3.0.1.jar;C:\Users\Nazarov\Documents\NetBeansProjects\ConfiguratorGrigoriy\lib\luajava-1.1.jar;C:\Users\Nazarov\Documents\NetBeansProjects\ConfiguratorGrigoriy\lib\poi-4.0.1.jar;C:\Users\Nazarov\Documents\NetBeansProjects\ConfiguratorGrigoriy\lib\postgresql-42.2.5.jar;C:\Program Files\NetBeans 8.0\java\modules\ext\AbsoluteLayout.jar;C:\Users\Nazarov\Documents\NetBeansProjects\ConfiguratorGrigoriy\lib\commons-compress-1.18.jar;C:\Users\Nazarov\Documents\NetBeansProjects\ConfiguratorGrigoriy\lib\poi-ooxml-4.0.1.jar;C:\Users\Nazarov\Documents\NetBeansProjects\ConfiguratorGrigoriy\lib\poi-ooxml-schemas-4.0.1.jar;C:\Users\Nazarov\Documents\NetBeansProjects\ConfiguratorGrigoriy\lib\xmlbeans-3.0.2.jar;C:\Users\Nazarov\Documents\NetBeansProjects\ConfiguratorGrigoriy\build\classes
Launcher Type: SUN_STANDARD

Environment Variables:
PATH=C:\Program Files (x86)\Common Files\Oracle\Java\javapath;C:\Program Files (x86)\Intel\iCLS Client\;C:\Program Files\Intel\iCLS Client\;C:\Windows\system32;C:\Windows;C:\Windows\System32\Wbem;C:\Windows\System32\WindowsPowerShell\v1.0\;C:\Program Files (x86)\Intel\UCRT\;C:\Program Files\Intel\UCRT\;C:\Program Files (x86)\Intel\Intel(R) Management Engine Components\DAL;C:\Program Files\Intel\Intel(R) Management Engine Components\DAL;C:\Program Files (x86)\Intel\Intel(R) Management Engine Components\IPT;C:\Program Files\Intel\Intel(R) Management Engine Components\IPT;C:\Program Files\Windows Imaging\;C:\Program Files (x86)\STMicroelectronics\STM32 ST-LINK Utility\ST-LINK Utility;C:\adb;C:\Program Files\dotnet\;C:\Program Files (x86)\Common Files\Oracle\Java\javapath;C:\Program Files (x86)\Intel\iCLS Client\;C:\Program Files\Intel\iCLS Client\;C:\Windows\system32;C:\Windows;C:\Windows\System32\Wbem;C:\Windows\System32\WindowsPowerShell\v1.0\;C:\Program Files (x86)\Intel\UCRT\;C:\Program Files\Intel\UCRT\;C:\Program Files (x86)\Intel\Intel(R) Management Engine Components\DAL;C:\Program Files\Intel\Intel(R) Management Engine Components\DAL;C:\Program Files (x86)\Intel\Intel(R) Management Engine Components\IPT;C:\Program Files\Intel\Intel(R) Management Engine Components\IPT;C:\Users\Nazarov\AppData\Local\Programs\Git\cmd
USERNAME=nazarov
OS=Windows_NT
PROCESSOR_IDENTIFIER=Intel64 Family 6 Model 94 Stepping 3, GenuineIntel



---------------  S Y S T E M  ---------------

OS: Windows 7 , 64 bit Build 7601 (6.1.7601.24384)

CPU:total 4 (initial active 4) (2 cores per cpu, 2 threads per core) family 6 model 94 stepping 3, cmov, cx8, fxsr, mmx, sse, sse2, sse3, ssse3, sse4.1, sse4.2, popcnt, avx, avx2, aes, clmul, erms, 3dnowpref, lzcnt, ht, tsc, tscinvbit, bmi1, bmi2, adx

Memory: 4k page, physical 8273880k(1945628k free), swap 8271976k(6184k free)

vm_info: Java HotSpot(TM) 64-Bit Server VM (25.191-b12) for windows-amd64 JRE (1.8.0_191-b12), built on Oct  6 2018 09:29:03 by "java_re" with MS VC++ 10.0 (VS2010)

time: Wed Aug 04 16:39:56 2021
elapsed time: 10 seconds (0d 0h 0m 10s)

