#
# There is insufficient memory for the Java Runtime Environment to continue.
# Native memory allocation (malloc) failed to allocate 171696 bytes for Chunk::new
# Possible reasons:
#   The system is out of physical RAM or swap space
#   In 32 bit mode, the process size limit was hit
# Possible solutions:
#   Reduce memory load on the system
#   Increase physical memory or swap space
#   Check if swap backing store is full
#   Use 64 bit Java on a 64 bit OS
#   Decrease Java heap size (-Xmx/-Xms)
#   Decrease number of Java threads
#   Decrease Java thread stack sizes (-Xss)
#   Set larger code cache with -XX:ReservedCodeCacheSize=
# This output file may be truncated or incomplete.
#
#  Out of Memory Error (allocation.cpp:390), pid=2448, tid=0x0000000000001ba8
#
# JRE version: Java(TM) SE Runtime Environment (8.0_191-b12) (build 1.8.0_191-b12)
# Java VM: Java HotSpot(TM) 64-Bit Server VM (25.191-b12 mixed mode windows-amd64 compressed oops)
# Failed to write core dump. Minidumps are not enabled by default on client versions of Windows
#

---------------  T H R E A D  ---------------

Current thread (0x0000000058518800):  JavaThread "C2 CompilerThread1" daemon [_thread_in_native, id=7080, stack(0x0000000058f90000,0x0000000059090000)]

Stack: [0x0000000058f90000,0x0000000059090000]
[error occurred during error reporting (printing stack bounds), id 0xc0000005]

Native frames: (J=compiled Java code, j=interpreted, Vv=VM code, C=native code)


Current CompileTask:
C2:    308   94   !   4       java.io.BufferedReader::readLine (304 bytes)


---------------  P R O C E S S  ---------------

Java Threads: ( => current thread )
  0x0000000058594800 JavaThread "Service Thread" daemon [_thread_blocked, id=8664, stack(0x0000000059580000,0x0000000059680000)]
  0x000000005851e000 JavaThread "C1 CompilerThread2" daemon [_thread_in_vm, id=6356, stack(0x0000000059450000,0x0000000059550000)]
=>0x0000000058518800 JavaThread "C2 CompilerThread1" daemon [_thread_in_native, id=7080, stack(0x0000000058f90000,0x0000000059090000)]
  0x0000000058514000 JavaThread "C2 CompilerThread0" daemon [_thread_blocked, id=4980, stack(0x0000000059250000,0x0000000059350000)]
  0x0000000058509000 JavaThread "JDWP Command Reader" daemon [_thread_in_native, id=6240, stack(0x00000000590a0000,0x00000000591a0000)]
  0x0000000058507800 JavaThread "JDWP Event Helper Thread" daemon [_thread_blocked, id=3328, stack(0x0000000058e80000,0x0000000058f80000)]
  0x000000005723e800 JavaThread "JDWP Transport Listener: dt_shmem" daemon [_thread_blocked, id=4788, stack(0x0000000058ca0000,0x0000000058da0000)]
  0x00000000584f9800 JavaThread "Attach Listener" daemon [_thread_blocked, id=9292, stack(0x0000000058a40000,0x0000000058b40000)]
  0x0000000057235000 JavaThread "Signal Dispatcher" daemon [_thread_blocked, id=7412, stack(0x00000000588f0000,0x00000000589f0000)]
  0x000000005721b800 JavaThread "Finalizer" daemon [_thread_blocked, id=6244, stack(0x00000000583f0000,0x00000000584f0000)]
  0x0000000057214000 JavaThread "Reference Handler" daemon [_thread_blocked, id=9664, stack(0x0000000058280000,0x0000000058380000)]
  0x0000000001d38000 JavaThread "main" [_thread_blocked, id=8780, stack(0x00000000020d0000,0x00000000021d0000)]

Other Threads:
  0x00000000571cc800 VMThread [stack: 0x0000000058030000,0x0000000058130000] [id=8376]
  0x00000000585ba800 WatcherThread [stack: 0x0000000059740000,0x0000000059840000] [id=9232]

VM state:not at safepoint (normal execution)

VM Mutex/Monitor currently owned by a thread: None

Heap:
 PSYoungGen      total 38400K, used 4691K [0x00000000d5f00000, 0x00000000d8980000, 0x0000000100000000)
  eden space 33280K, 14% used [0x00000000d5f00000,0x00000000d6394da8,0x00000000d7f80000)
  from space 5120K, 0% used [0x00000000d8480000,0x00000000d8480000,0x00000000d8980000)
  to   space 5120K, 0% used [0x00000000d7f80000,0x00000000d7f80000,0x00000000d8480000)
 ParOldGen       total 87552K, used 0K [0x0000000081c00000, 0x0000000087180000, 0x00000000d5f00000)
  object space 87552K, 0% used [0x0000000081c00000,0x0000000081c00000,0x0000000087180000)
 Metaspace       used 4345K, capacity 4656K, committed 4864K, reserved 1056768K
  class space    used 462K, capacity 492K, committed 512K, reserved 1048576K

Card table byte_map: [0x0000000011860000,0x0000000011c60000] byte_map_base: 0x0000000011452000

Marking Bits: (ParMarkBitMap*) 0x000000005c503e30
 Begin Bits: [0x0000000012520000, 0x00000000144b0000)
 End Bits:   [0x00000000144b0000, 0x0000000016440000)

Polling page: 0x00000000000a0000

CodeCache: size=245760Kb used=1426Kb max_used=1426Kb free=244333Kb
 bounds [0x00000000024a0000, 0x0000000002710000, 0x00000000114a0000]
 total_blobs=373 nmethods=128 adapters=166
 compilation: enabled

Compilation events (10 events):
Event: 0.306 Thread 0x000000005851e000 nmethod 121 0x00000000025fd590 code [0x00000000025fd760, 0x00000000025fde68]
Event: 0.306 Thread 0x000000005851e000  125       3       com.sun.org.apache.xerces.internal.utils.XMLLimitAnalyzer::getTotalValue (7 bytes)
Event: 0.306 Thread 0x000000005851e000 nmethod 125 0x00000000025fe210 code [0x00000000025fe360, 0x00000000025fe4d0]
Event: 0.306 Thread 0x000000005851e000  123       3       com.sun.org.apache.xerces.internal.impl.XMLEntityScanner::scanChar (236 bytes)
Event: 0.307 Thread 0x000000005851e000 nmethod 123 0x00000000025fe5d0 code [0x00000000025fe780, 0x00000000025fee38]
Event: 0.307 Thread 0x000000005851e000  124       3       com.sun.org.apache.xerces.internal.impl.XMLDocumentFragmentScannerImpl::setScannerState (6 bytes)
Event: 0.307 Thread 0x000000005851e000 nmethod 124 0x00000000025ff190 code [0x00000000025ff2e0, 0x00000000025ff430]
Event: 0.307 Thread 0x000000005851e000  126       3       com.sun.org.apache.xerces.internal.dom.DeferredDocumentImpl::createNode (46 bytes)
Event: 0.307 Thread 0x000000005851e000 nmethod 126 0x00000000025ff490 code [0x00000000025ff600, 0x00000000025ff818]
Event: 0.307 Thread 0x000000005851e000  127       3       com.sun.org.apache.xerces.internal.dom.DeferredDocumentImpl::ensureCapacity (358 bytes)

GC Heap History (0 events):
No events

Deoptimization events (0 events):
No events

Classes redefined (0 events):
No events

Internal exceptions (7 events):
Event: 0.036 Thread 0x0000000001d38000 Exception <a 'java/lang/NoSuchMethodError': Method sun.misc.Unsafe.defineClass(Ljava/lang/String;[BII)Ljava/lang/Class; name or signature does not match> (0x00000000d5f07cb0) thrown at [C:\re\workspace\8-2-build-windows-amd64-cygwin\jdk8u191\11896\hotspot
Event: 0.036 Thread 0x0000000001d38000 Exception <a 'java/lang/NoSuchMethodError': Method sun.misc.Unsafe.prefetchRead(Ljava/lang/Object;J)V name or signature does not match> (0x00000000d5f07f98) thrown at [C:\re\workspace\8-2-build-windows-amd64-cygwin\jdk8u191\11896\hotspot\src\share\vm\prim
Event: 0.234 Thread 0x0000000001d38000 Exception <a 'java/io/FileNotFoundException'> (0x00000000d5f62e78) thrown at [C:\re\workspace\8-2-build-windows-amd64-cygwin\jdk8u191\11896\hotspot\src\share\vm\prims\jni.cpp, line 709]
Event: 0.252 Thread 0x0000000001d38000 Exception <a 'java/security/PrivilegedActionException'> (0x00000000d610dc98) thrown at [C:\re\workspace\8-2-build-windows-amd64-cygwin\jdk8u191\11896\hotspot\src\share\vm\prims\jvm.cpp, line 1435]
Event: 0.252 Thread 0x0000000001d38000 Exception <a 'java/security/PrivilegedActionException'> (0x00000000d610dea8) thrown at [C:\re\workspace\8-2-build-windows-amd64-cygwin\jdk8u191\11896\hotspot\src\share\vm\prims\jvm.cpp, line 1435]
Event: 0.253 Thread 0x0000000001d38000 Exception <a 'java/security/PrivilegedActionException'> (0x00000000d6111db8) thrown at [C:\re\workspace\8-2-build-windows-amd64-cygwin\jdk8u191\11896\hotspot\src\share\vm\prims\jvm.cpp, line 1435]
Event: 0.253 Thread 0x0000000001d38000 Exception <a 'java/security/PrivilegedActionException'> (0x00000000d6111fc8) thrown at [C:\re\workspace\8-2-build-windows-amd64-cygwin\jdk8u191\11896\hotspot\src\share\vm\prims\jvm.cpp, line 1435]

Events (10 events):
Event: 0.279 loading class java/util/regex/Pattern$CharProperty done
Event: 0.279 loading class java/util/regex/Pattern$Dot done
Event: 0.279 loading class java/util/regex/Pattern$Curly
Event: 0.279 loading class java/util/regex/Pattern$Curly done
Event: 0.279 loading class java/util/regex/Pattern$Dollar
Event: 0.279 loading class java/util/regex/Pattern$Dollar done
Event: 0.279 loading class java/util/regex/Matcher
Event: 0.279 loading class java/util/regex/MatchResult
Event: 0.279 loading class java/util/regex/MatchResult done
Event: 0.279 loading class java/util/regex/Matcher done


Dynamic libraries:
0x000000013fc50000 - 0x000000013fc87000 	C:\Program Files\Java\jdk1.8.0_191\jre\bin\java.exe
0x00000000770f0000 - 0x000000007729a000 	C:\Windows\SYSTEM32\ntdll.dll
0x0000000076fd0000 - 0x00000000770ef000 	C:\Windows\system32\kernel32.dll
0x000007fefd2c0000 - 0x000007fefd32a000 	C:\Windows\system32\KERNELBASE.dll
0x000007fefe140000 - 0x000007fefe21b000 	C:\Windows\system32\ADVAPI32.dll
0x000007fefd980000 - 0x000007fefda1f000 	C:\Windows\system32\msvcrt.dll
0x000007fefd5e0000 - 0x000007fefd5ff000 	C:\Windows\SYSTEM32\sechost.dll
0x000007feff2a0000 - 0x000007feff3cd000 	C:\Windows\system32\RPCRT4.dll
0x0000000076ed0000 - 0x0000000076fca000 	C:\Windows\system32\USER32.dll
0x000007fefd600000 - 0x000007fefd667000 	C:\Windows\system32\GDI32.dll
0x000007feff3f0000 - 0x000007feff3fe000 	C:\Windows\system32\LPK.dll
0x000007feff180000 - 0x000007feff24b000 	C:\Windows\system32\USP10.dll
0x000007fefba50000 - 0x000007fefbc44000 	C:\Windows\WinSxS\amd64_microsoft.windows.common-controls_6595b64144ccf1df_6.0.7601.18837_none_fa3b1e3d17594757\COMCTL32.dll
0x000007fefda20000 - 0x000007fefda91000 	C:\Windows\system32\SHLWAPI.dll
0x000007fefefb0000 - 0x000007fefefde000 	C:\Windows\system32\IMM32.DLL
0x000007fefd870000 - 0x000007fefd979000 	C:\Windows\system32\MSCTF.dll
0x000000006e660000 - 0x000000006e732000 	C:\Program Files\Java\jdk1.8.0_191\jre\bin\msvcr100.dll
0x000000005bce0000 - 0x000000005c584000 	C:\Program Files\Java\jdk1.8.0_191\jre\bin\server\jvm.dll
0x000007fef8f00000 - 0x000007fef8f09000 	C:\Windows\system32\WSOCK32.dll
0x000007feff250000 - 0x000007feff29d000 	C:\Windows\system32\WS2_32.dll
0x000007fefefe0000 - 0x000007fefefe8000 	C:\Windows\system32\NSI.dll
0x000007fefaec0000 - 0x000007fefaefb000 	C:\Windows\system32\WINMM.dll
0x000007fefc140000 - 0x000007fefc14c000 	C:\Windows\system32\VERSION.dll
0x00000000772b0000 - 0x00000000772b7000 	C:\Windows\system32\PSAPI.DLL
0x0000000072360000 - 0x000000007236f000 	C:\Program Files\Java\jdk1.8.0_191\jre\bin\verify.dll
0x000000006f640000 - 0x000000006f669000 	C:\Program Files\Java\jdk1.8.0_191\jre\bin\java.dll
0x00000000726d0000 - 0x0000000072705000 	C:\Program Files\Java\jdk1.8.0_191\jre\bin\jdwp.dll
0x00000000726c0000 - 0x00000000726c8000 	C:\Program Files\Java\jdk1.8.0_191\jre\bin\npt.dll
0x000000006f700000 - 0x000000006f716000 	C:\Program Files\Java\jdk1.8.0_191\jre\bin\zip.dll
0x000007fefe220000 - 0x000007fefefab000 	C:\Windows\system32\SHELL32.dll
0x000007fefd670000 - 0x000007fefd86c000 	C:\Windows\system32\ole32.dll
0x000007fefd000000 - 0x000007fefd00f000 	C:\Windows\system32\profapi.dll
0x0000000072710000 - 0x000000007271b000 	C:\Program Files\Java\jdk1.8.0_191\jre\bin\dt_shmem.dll

VM Arguments:
jvm_args: -Xdebug -Xrunjdwp:transport=dt_shmem,address=javadebug -Dfile.encoding=UTF-8 
java_command: Main.Main
java_class_path (initial): C:\Users\Nazarov\Documents\NetBeansProjects\ConfiguratorGrigoriy\lib\activation-1.1.1.jar;C:\Users\Nazarov\Documents\NetBeansProjects\ConfiguratorGrigoriy\lib\commons-codec-1.11.jar;C:\Users\Nazarov\Documents\NetBeansProjects\ConfiguratorGrigoriy\lib\commons-collections4-4.2.jar;C:\Users\Nazarov\Documents\NetBeansProjects\ConfiguratorGrigoriy\lib\junit-4.10.jar;C:\Users\Nazarov\Documents\NetBeansProjects\ConfiguratorGrigoriy\lib\junit-4.12.jar;C:\Users\Nazarov\Documents\NetBeansProjects\ConfiguratorGrigoriy\lib\luaj-jse-3.0.1.jar;C:\Users\Nazarov\Documents\NetBeansProjects\ConfiguratorGrigoriy\lib\luajava-1.1.jar;C:\Users\Nazarov\Documents\NetBeansProjects\ConfiguratorGrigoriy\lib\poi-4.0.1.jar;C:\Users\Nazarov\Documents\NetBeansProjects\ConfiguratorGrigoriy\lib\postgresql-42.2.5.jar;C:\Program Files\NetBeans 8.0\java\modules\ext\AbsoluteLayout.jar;C:\Users\Nazarov\Documents\NetBeansProjects\ConfiguratorGrigoriy\build\classes
Launcher Type: SUN_STANDARD

Environment Variables:
PATH=C:\Program Files (x86)\Common Files\Oracle\Java\javapath;C:\Program Files (x86)\Intel\iCLS Client\;C:\Program Files\Intel\iCLS Client\;C:\Windows\system32;C:\Windows;C:\Windows\System32\Wbem;C:\Windows\System32\WindowsPowerShell\v1.0\;C:\Program Files (x86)\Intel\UCRT\;C:\Program Files\Intel\UCRT\;C:\Program Files (x86)\Intel\Intel(R) Management Engine Components\DAL;C:\Program Files\Intel\Intel(R) Management Engine Components\DAL;C:\Program Files (x86)\Intel\Intel(R) Management Engine Components\IPT;C:\Program Files\Intel\Intel(R) Management Engine Components\IPT;C:\Program Files\Windows Imaging\;C:\Program Files (x86)\STMicroelectronics\STM32 ST-LINK Utility\ST-LINK Utility;C:\adb;C:\Program Files (x86)\Common Files\Oracle\Java\javapath;C:\Program Files (x86)\Intel\iCLS Client\;C:\Program Files\Intel\iCLS Client\;C:\Windows\system32;C:\Windows;C:\Windows\System32\Wbem;C:\Windows\System32\WindowsPowerShell\v1.0\;C:\Program Files (x86)\Intel\UCRT\;C:\Program Files\Intel\UCRT\;C:\Program Files (x86)\Intel\Intel(R) Management Engine Components\DAL;C:\Program Files\Intel\Intel(R) Management Engine Components\DAL;C:\Program Files (x86)\Intel\Intel(R) Management Engine Components\IPT;C:\Program Files\Intel\Intel(R) Management Engine Components\IPT;C:\Users\Nazarov\AppData\Local\Programs\Git\cmd
USERNAME=nazarov
OS=Windows_NT
PROCESSOR_IDENTIFIER=Intel64 Family 6 Model 94 Stepping 3, GenuineIntel



---------------  S Y S T E M  ---------------

OS: Windows 7 , 64 bit Build 7601 (6.1.7601.23864)

CPU:total 4 (initial active 4) (2 cores per cpu, 2 threads per core) family 6 model 94 stepping 3, cmov, cx8, fxsr, mmx, sse, sse2, sse3, ssse3, sse4.1, sse4.2, popcnt, avx, avx2, aes, clmul, erms, 3dnowpref, lzcnt, ht, tsc, tscinvbit, bmi1, bmi2, adx

Memory: 4k page, physical 8273880k(872536k free), swap 8272020k(5216k free)

vm_info: Java HotSpot(TM) 64-Bit Server VM (25.191-b12) for windows-amd64 JRE (1.8.0_191-b12), built on Oct  6 2018 09:29:03 by "java_re" with MS VC++ 10.0 (VS2010)

time: Wed Aug 05 16:24:42 2020
elapsed time: 0 seconds (0d 0h 0m 0s)

